Reading C:/App/ModelSim/tcl/vsim/pref.tcl

# 10.6e

# vsim -c -t 1ps -do "run -all; quit -f" work.its_tb 
# Start time: 15:19:16 on Jun 03,2026
# ** Note: (vsim-3812) Design is being optimized...
# ** Warning: ../tb/its_tb.v(82): (vopt-13286) Force of a variable select having non-constant indices may produce unexpected results.
# ** Warning: ../tb/its_tb.v(78): (vopt-13286) Force of a variable select having non-constant indices may produce unexpected results.
# //  ModelSim SE-64 10.6e Jun 23 2018
# //
# //  Copyright 1991-2018 Mentor Graphics Corporation
# //  All Rights Reserved.
# //
# //  ModelSim SE-64 and its associated documentation contain trade
# //  secrets and commercial or financial information that are the property of
# //  Mentor Graphics Corporation and are privileged, confidential,
# //  and exempt from disclosure under the Freedom of Information Act,
# //  5 U.S.C. Section 552. Furthermore, this information
# //  is prohibited from disclosure under the Trade Secrets Act,
# //  18 U.S.C. Section 1905.
# //
# Loading work.its_tb(fast)
# run -all
# 
# === Test 1: DCT2 4x4 DC Input ===
# 
# === Test 2: DCT2 4x4 Multi Input ===
# 
# === Test 3: DCT8 4x4 ===
# 
# === Test 4: DST7 4x4 ===
# 
# === Test 5: DCT2 8x8 ===
# 
# === Test 6: DCT2 4x4 LFNST idx=1 ===
# 
# === Test 7: DCT8 8x8 ===
# 
# === Test 8: DST7 8x8 ===
# 
# === Test 9: Mixed DCT8+DST7 4x4 ===
# 
# === Test 10: DCT2 4x4 LFNST idx=2 ===
# 
# === Test 11: DCT2 16x16 ===
# 
# === Test 12: DCT2 32x32 ===
# 
# === Test 13: DCT2 64x64 ===
#   [500000] top_st=5 row_engine_st=0 col_engine_st=2
# 
# === Test 14: DCT8 16x16 ===
# 
# === Test 15: DST7 16x16 ===
# 
# === Test 16: DCT2 4x8 ===
# 
# === Test 17: DCT2 8x4 ===
# 
# === Test 18: DCT2 16x32 ===
# 
# === Test 19: DCT2 32x16 ===
# 
# === Test 20: DCT8 4x8 ===
# 
# === Test 21: DST7 8x4 ===
# 
# === Test 22: DCT2 16x16 LFNST idx=1 (nZS=16) ===
# 
# === Test 23: DCT2 8x16 LFNST idx=2 (nZS=16) ===
# 
# ========================================
# Test Summary: 1921 passed, 0 failed
# ========================================
# ALL TESTS PASSED!
# ** Note: $finish    : ../tb/its_tb.v(690)
#    Time: 1772419 ns  Iteration: 1  Instance: /its_tb
# End time: 15:19:18 on Jun 03,2026, Elapsed time: 0:00:02
# Errors: 0, Warnings: 2
