Copyright 1986-2022 Xilinx, Inc. All Rights Reserved. Copyright 2022-2024 Advanced Micro Devices, Inc. All Rights Reserved.
--------------------------------------------------------------------------------------------------------------------------------------------------
| Tool Version      : Vivado v.2024.1 (win64) Build 5076996 Wed May 22 18:37:14 MDT 2024
| Date              : Wed Jun 17 21:28:33 2026
| Host              : lab running 64-bit major release  (build 9200)
| Command           : report_timing -setup -nworst 20 -file D:/WorkSpace/its_vvc/synth/core_500_timing_setup_paths_usp.rpt
| Design            : its_core_500
| Device            : xcku5p-ffvb676
| Speed File        : -2  PRODUCTION 1.29 05-01-2022
| Design State      : Routed
| Temperature Grade : E
--------------------------------------------------------------------------------------------------------------------------------------------------

Timing Report

Slack (MET) :             0.030ns  (required time - arrival time)
  Source:                 u_lfnst_rom/coeff_reg_1/CLKARDCLK
                            (rising edge-triggered cell RAMB36E2 clocked by clk_core  {rise@0.000ns fall@1.000ns period=2.000ns})
  Destination:            u_lfnst/coeff_buf_reg_192_255_7_13/RAMA/I
                            (rising edge-triggered cell RAMD64E clocked by clk_core  {rise@0.000ns fall@1.000ns period=2.000ns})
  Path Group:             clk_core
  Path Type:              Setup (Max at Slow Process Corner)
  Requirement:            2.000ns  (clk_core rise@2.000ns - clk_core rise@0.000ns)
  Data Path Delay:        1.846ns  (logic 0.960ns (52.015%)  route 0.886ns (47.985%))
  Logic Levels:           0  
  Clock Path Skew:        -0.033ns (DCD - SCD + CPR)
    Destination Clock Delay (DCD):    0.043ns = ( 2.043 - 2.000 ) 
    Source Clock Delay      (SCD):    0.076ns
    Clock Pessimism Removal (CPR):    0.000ns
  Clock Uncertainty:      0.035ns  ((TSJ^2 + TIJ^2)^1/2 + DJ) / 2 + PE
    Total System Jitter     (TSJ):    0.071ns
    Total Input Jitter      (TIJ):    0.000ns
    Discrete Jitter          (DJ):    0.000ns
    Phase Error              (PE):    0.000ns

    Location             Delay type                Incr(ns)  Path(ns)    Netlist Resource(s)
  -------------------------------------------------------------------    -------------------
                         (clock clk_core rise edge)
                                                      0.000     0.000 r  
                                                      0.000     0.000 r  clk_core (IN)
                         net (fo=3825, unset)         0.076     0.076    u_lfnst_rom/clk_core
    RAMB36_X5Y17         RAMB36E2                                     r  u_lfnst_rom/coeff_reg_1/CLKARDCLK
  -------------------------------------------------------------------    -------------------
    RAMB36_X5Y17         RAMB36E2 (Prop_RAMB36E2_RAMB36_CLKARDCLK_DOUTADOUT[3])
                                                      0.960     1.036 r  u_lfnst_rom/coeff_reg_1/DOUTADOUT[3]
                         net (fo=108, routed)         0.886     1.922    u_lfnst/coeff_buf_reg_192_255_7_13/DIA
    SLICE_X53Y91         RAMD64E                                      r  u_lfnst/coeff_buf_reg_192_255_7_13/RAMA/I
  -------------------------------------------------------------------    -------------------

                         (clock clk_core rise edge)
                                                      2.000     2.000 r  
                                                      0.000     2.000 r  clk_core (IN)
                         net (fo=3825, unset)         0.043     2.043    u_lfnst/coeff_buf_reg_192_255_7_13/WCLK
    SLICE_X53Y91         RAMD64E                                      r  u_lfnst/coeff_buf_reg_192_255_7_13/RAMA/CLK
                         clock pessimism              0.000     2.043    
                         clock uncertainty           -0.035     2.008    
    SLICE_X53Y91         RAMD64E (Setup_A6LUT_SLICEM_CLK_I)
                                                     -0.056     1.952    u_lfnst/coeff_buf_reg_192_255_7_13/RAMA
  -------------------------------------------------------------------
                         required time                          1.952    
                         arrival time                          -1.922    
  -------------------------------------------------------------------
                         slack                                  0.030    

Slack (MET) :             0.030ns  (required time - arrival time)
  Source:                 u_lfnst_rom/coeff_reg_1/CLKARDCLK
                            (rising edge-triggered cell RAMB36E2 clocked by clk_core  {rise@0.000ns fall@1.000ns period=2.000ns})
  Destination:            u_lfnst/coeff_buf_reg_192_255_7_13/RAMA/I
                            (rising edge-triggered cell RAMD64E clocked by clk_core  {rise@0.000ns fall@1.000ns period=2.000ns})
  Path Group:             clk_core
  Path Type:              Setup (Max at Slow Process Corner)
  Requirement:            2.000ns  (clk_core rise@2.000ns - clk_core rise@0.000ns)
  Data Path Delay:        1.846ns  (logic 0.960ns (52.015%)  route 0.886ns (47.985%))
  Logic Levels:           0  
  Clock Path Skew:        -0.033ns (DCD - SCD + CPR)
    Destination Clock Delay (DCD):    0.043ns = ( 2.043 - 2.000 ) 
    Source Clock Delay      (SCD):    0.076ns
    Clock Pessimism Removal (CPR):    0.000ns
  Clock Uncertainty:      0.035ns  ((TSJ^2 + TIJ^2)^1/2 + DJ) / 2 + PE
    Total System Jitter     (TSJ):    0.071ns
    Total Input Jitter      (TIJ):    0.000ns
    Discrete Jitter          (DJ):    0.000ns
    Phase Error              (PE):    0.000ns

    Location             Delay type                Incr(ns)  Path(ns)    Netlist Resource(s)
  -------------------------------------------------------------------    -------------------
                         (clock clk_core rise edge)
                                                      0.000     0.000 r  
                                                      0.000     0.000 r  clk_core (IN)
                         net (fo=3825, unset)         0.076     0.076    u_lfnst_rom/clk_core
    RAMB36_X5Y17         RAMB36E2                                     r  u_lfnst_rom/coeff_reg_1/CLKARDCLK
  -------------------------------------------------------------------    -------------------
    RAMB36_X5Y17         RAMB36E2 (Prop_RAMB36E2_RAMB36_CLKARDCLK_DOUTADOUT[3])
                                                      0.960     1.036 f  u_lfnst_rom/coeff_reg_1/DOUTADOUT[3]
                         net (fo=108, routed)         0.886     1.922    u_lfnst/coeff_buf_reg_192_255_7_13/DIA
    SLICE_X53Y91         RAMD64E                                      f  u_lfnst/coeff_buf_reg_192_255_7_13/RAMA/I
  -------------------------------------------------------------------    -------------------

                         (clock clk_core rise edge)
                                                      2.000     2.000 r  
                                                      0.000     2.000 r  clk_core (IN)
                         net (fo=3825, unset)         0.043     2.043    u_lfnst/coeff_buf_reg_192_255_7_13/WCLK
    SLICE_X53Y91         RAMD64E                                      r  u_lfnst/coeff_buf_reg_192_255_7_13/RAMA/CLK
                         clock pessimism              0.000     2.043    
                         clock uncertainty           -0.035     2.008    
    SLICE_X53Y91         RAMD64E (Setup_A6LUT_SLICEM_CLK_I)
                                                     -0.056     1.952    u_lfnst/coeff_buf_reg_192_255_7_13/RAMA
  -------------------------------------------------------------------
                         required time                          1.952    
                         arrival time                          -1.922    
  -------------------------------------------------------------------
                         slack                                  0.030    

Slack (MET) :             0.064ns  (required time - arrival time)
  Source:                 u_row_rom/coeff_reg_1/CLKBWRCLK
                            (rising edge-triggered cell RAMB36E2 clocked by clk_core  {rise@0.000ns fall@1.000ns period=2.000ns})
  Destination:            u_col_engine/coeff_buf_reg_r2_192_255_7_13/RAMC/I
                            (rising edge-triggered cell RAMD64E clocked by clk_core  {rise@0.000ns fall@1.000ns period=2.000ns})
  Path Group:             clk_core
  Path Type:              Setup (Max at Slow Process Corner)
  Requirement:            2.000ns  (clk_core rise@2.000ns - clk_core rise@0.000ns)
  Data Path Delay:        1.811ns  (logic 0.947ns (52.280%)  route 0.864ns (47.720%))
  Logic Levels:           0  
  Clock Path Skew:        -0.033ns (DCD - SCD + CPR)
    Destination Clock Delay (DCD):    0.043ns = ( 2.043 - 2.000 ) 
    Source Clock Delay      (SCD):    0.076ns
    Clock Pessimism Removal (CPR):    0.000ns
  Clock Uncertainty:      0.035ns  ((TSJ^2 + TIJ^2)^1/2 + DJ) / 2 + PE
    Total System Jitter     (TSJ):    0.071ns
    Total Input Jitter      (TIJ):    0.000ns
    Discrete Jitter          (DJ):    0.000ns
    Phase Error              (PE):    0.000ns

    Location             Delay type                Incr(ns)  Path(ns)    Netlist Resource(s)
  -------------------------------------------------------------------    -------------------
                         (clock clk_core rise edge)
                                                      0.000     0.000 r  
                                                      0.000     0.000 r  clk_core (IN)
                         net (fo=3825, unset)         0.076     0.076    u_row_rom/clk_core
    RAMB36_X4Y17         RAMB36E2                                     r  u_row_rom/coeff_reg_1/CLKBWRCLK
  -------------------------------------------------------------------    -------------------
    RAMB36_X4Y17         RAMB36E2 (Prop_RAMB36E2_RAMB36_CLKBWRCLK_DOUTBDOUT[3])
                                                      0.947     1.023 r  u_row_rom/coeff_reg_1/DOUTBDOUT[3]
                         net (fo=117, routed)         0.864     1.887    u_col_engine/coeff_buf_reg_r2_192_255_7_13/DIC
    SLICE_X50Y71         RAMD64E                                      r  u_col_engine/coeff_buf_reg_r2_192_255_7_13/RAMC/I
  -------------------------------------------------------------------    -------------------

                         (clock clk_core rise edge)
                                                      2.000     2.000 r  
                                                      0.000     2.000 r  clk_core (IN)
                         net (fo=3825, unset)         0.043     2.043    u_col_engine/coeff_buf_reg_r2_192_255_7_13/WCLK
    SLICE_X50Y71         RAMD64E                                      r  u_col_engine/coeff_buf_reg_r2_192_255_7_13/RAMC/CLK
                         clock pessimism              0.000     2.043    
                         clock uncertainty           -0.035     2.008    
    SLICE_X50Y71         RAMD64E (Setup_C6LUT_SLICEM_CLK_I)
                                                     -0.056     1.952    u_col_engine/coeff_buf_reg_r2_192_255_7_13/RAMC
  -------------------------------------------------------------------
                         required time                          1.952    
                         arrival time                          -1.887    
  -------------------------------------------------------------------
                         slack                                  0.064    

Slack (MET) :             0.064ns  (required time - arrival time)
  Source:                 u_row_rom/coeff_reg_1/CLKBWRCLK
                            (rising edge-triggered cell RAMB36E2 clocked by clk_core  {rise@0.000ns fall@1.000ns period=2.000ns})
  Destination:            u_col_engine/coeff_buf_reg_r2_192_255_7_13/RAMC/I
                            (rising edge-triggered cell RAMD64E clocked by clk_core  {rise@0.000ns fall@1.000ns period=2.000ns})
  Path Group:             clk_core
  Path Type:              Setup (Max at Slow Process Corner)
  Requirement:            2.000ns  (clk_core rise@2.000ns - clk_core rise@0.000ns)
  Data Path Delay:        1.811ns  (logic 0.947ns (52.280%)  route 0.864ns (47.720%))
  Logic Levels:           0  
  Clock Path Skew:        -0.033ns (DCD - SCD + CPR)
    Destination Clock Delay (DCD):    0.043ns = ( 2.043 - 2.000 ) 
    Source Clock Delay      (SCD):    0.076ns
    Clock Pessimism Removal (CPR):    0.000ns
  Clock Uncertainty:      0.035ns  ((TSJ^2 + TIJ^2)^1/2 + DJ) / 2 + PE
    Total System Jitter     (TSJ):    0.071ns
    Total Input Jitter      (TIJ):    0.000ns
    Discrete Jitter          (DJ):    0.000ns
    Phase Error              (PE):    0.000ns

    Location             Delay type                Incr(ns)  Path(ns)    Netlist Resource(s)
  -------------------------------------------------------------------    -------------------
                         (clock clk_core rise edge)
                                                      0.000     0.000 r  
                                                      0.000     0.000 r  clk_core (IN)
                         net (fo=3825, unset)         0.076     0.076    u_row_rom/clk_core
    RAMB36_X4Y17         RAMB36E2                                     r  u_row_rom/coeff_reg_1/CLKBWRCLK
  -------------------------------------------------------------------    -------------------
    RAMB36_X4Y17         RAMB36E2 (Prop_RAMB36E2_RAMB36_CLKBWRCLK_DOUTBDOUT[3])
                                                      0.947     1.023 f  u_row_rom/coeff_reg_1/DOUTBDOUT[3]
                         net (fo=117, routed)         0.864     1.887    u_col_engine/coeff_buf_reg_r2_192_255_7_13/DIC
    SLICE_X50Y71         RAMD64E                                      f  u_col_engine/coeff_buf_reg_r2_192_255_7_13/RAMC/I
  -------------------------------------------------------------------    -------------------

                         (clock clk_core rise edge)
                                                      2.000     2.000 r  
                                                      0.000     2.000 r  clk_core (IN)
                         net (fo=3825, unset)         0.043     2.043    u_col_engine/coeff_buf_reg_r2_192_255_7_13/WCLK
    SLICE_X50Y71         RAMD64E                                      r  u_col_engine/coeff_buf_reg_r2_192_255_7_13/RAMC/CLK
                         clock pessimism              0.000     2.043    
                         clock uncertainty           -0.035     2.008    
    SLICE_X50Y71         RAMD64E (Setup_C6LUT_SLICEM_CLK_I)
                                                     -0.056     1.952    u_col_engine/coeff_buf_reg_r2_192_255_7_13/RAMC
  -------------------------------------------------------------------
                         required time                          1.952    
                         arrival time                          -1.887    
  -------------------------------------------------------------------
                         slack                                  0.064    

Slack (MET) :             0.076ns  (required time - arrival time)
  Source:                 u_lfnst_rom/coeff_reg_1/CLKARDCLK
                            (rising edge-triggered cell RAMB36E2 clocked by clk_core  {rise@0.000ns fall@1.000ns period=2.000ns})
  Destination:            u_lfnst/coeff_buf_reg_192_255_7_13/RAMD/I
                            (rising edge-triggered cell RAMD64E clocked by clk_core  {rise@0.000ns fall@1.000ns period=2.000ns})
  Path Group:             clk_core
  Path Type:              Setup (Max at Slow Process Corner)
  Requirement:            2.000ns  (clk_core rise@2.000ns - clk_core rise@0.000ns)
  Data Path Delay:        1.797ns  (logic 0.960ns (53.411%)  route 0.837ns (46.589%))
  Logic Levels:           0  
  Clock Path Skew:        -0.033ns (DCD - SCD + CPR)
    Destination Clock Delay (DCD):    0.043ns = ( 2.043 - 2.000 ) 
    Source Clock Delay      (SCD):    0.076ns
    Clock Pessimism Removal (CPR):    0.000ns
  Clock Uncertainty:      0.035ns  ((TSJ^2 + TIJ^2)^1/2 + DJ) / 2 + PE
    Total System Jitter     (TSJ):    0.071ns
    Total Input Jitter      (TIJ):    0.000ns
    Discrete Jitter          (DJ):    0.000ns
    Phase Error              (PE):    0.000ns

    Location             Delay type                Incr(ns)  Path(ns)    Netlist Resource(s)
  -------------------------------------------------------------------    -------------------
                         (clock clk_core rise edge)
                                                      0.000     0.000 r  
                                                      0.000     0.000 r  clk_core (IN)
                         net (fo=3825, unset)         0.076     0.076    u_lfnst_rom/clk_core
    RAMB36_X5Y17         RAMB36E2                                     r  u_lfnst_rom/coeff_reg_1/CLKARDCLK
  -------------------------------------------------------------------    -------------------
    RAMB36_X5Y17         RAMB36E2 (Prop_RAMB36E2_RAMB36_CLKARDCLK_DOUTADOUT[3])
                                                      0.960     1.036 r  u_lfnst_rom/coeff_reg_1/DOUTADOUT[3]
                         net (fo=108, routed)         0.837     1.873    u_lfnst/coeff_buf_reg_192_255_7_13/DID
    SLICE_X53Y91         RAMD64E                                      r  u_lfnst/coeff_buf_reg_192_255_7_13/RAMD/I
  -------------------------------------------------------------------    -------------------

                         (clock clk_core rise edge)
                                                      2.000     2.000 r  
                                                      0.000     2.000 r  clk_core (IN)
                         net (fo=3825, unset)         0.043     2.043    u_lfnst/coeff_buf_reg_192_255_7_13/WCLK
    SLICE_X53Y91         RAMD64E                                      r  u_lfnst/coeff_buf_reg_192_255_7_13/RAMD/CLK
                         clock pessimism              0.000     2.043    
                         clock uncertainty           -0.035     2.008    
    SLICE_X53Y91         RAMD64E (Setup_D6LUT_SLICEM_CLK_I)
                                                     -0.058     1.950    u_lfnst/coeff_buf_reg_192_255_7_13/RAMD
  -------------------------------------------------------------------
                         required time                          1.950    
                         arrival time                          -1.873    
  -------------------------------------------------------------------
                         slack                                  0.076    

Slack (MET) :             0.076ns  (required time - arrival time)
  Source:                 u_lfnst_rom/coeff_reg_1/CLKARDCLK
                            (rising edge-triggered cell RAMB36E2 clocked by clk_core  {rise@0.000ns fall@1.000ns period=2.000ns})
  Destination:            u_lfnst/coeff_buf_reg_192_255_7_13/RAMD/I
                            (rising edge-triggered cell RAMD64E clocked by clk_core  {rise@0.000ns fall@1.000ns period=2.000ns})
  Path Group:             clk_core
  Path Type:              Setup (Max at Slow Process Corner)
  Requirement:            2.000ns  (clk_core rise@2.000ns - clk_core rise@0.000ns)
  Data Path Delay:        1.797ns  (logic 0.960ns (53.411%)  route 0.837ns (46.589%))
  Logic Levels:           0  
  Clock Path Skew:        -0.033ns (DCD - SCD + CPR)
    Destination Clock Delay (DCD):    0.043ns = ( 2.043 - 2.000 ) 
    Source Clock Delay      (SCD):    0.076ns
    Clock Pessimism Removal (CPR):    0.000ns
  Clock Uncertainty:      0.035ns  ((TSJ^2 + TIJ^2)^1/2 + DJ) / 2 + PE
    Total System Jitter     (TSJ):    0.071ns
    Total Input Jitter      (TIJ):    0.000ns
    Discrete Jitter          (DJ):    0.000ns
    Phase Error              (PE):    0.000ns

    Location             Delay type                Incr(ns)  Path(ns)    Netlist Resource(s)
  -------------------------------------------------------------------    -------------------
                         (clock clk_core rise edge)
                                                      0.000     0.000 r  
                                                      0.000     0.000 r  clk_core (IN)
                         net (fo=3825, unset)         0.076     0.076    u_lfnst_rom/clk_core
    RAMB36_X5Y17         RAMB36E2                                     r  u_lfnst_rom/coeff_reg_1/CLKARDCLK
  -------------------------------------------------------------------    -------------------
    RAMB36_X5Y17         RAMB36E2 (Prop_RAMB36E2_RAMB36_CLKARDCLK_DOUTADOUT[3])
                                                      0.960     1.036 f  u_lfnst_rom/coeff_reg_1/DOUTADOUT[3]
                         net (fo=108, routed)         0.837     1.873    u_lfnst/coeff_buf_reg_192_255_7_13/DID
    SLICE_X53Y91         RAMD64E                                      f  u_lfnst/coeff_buf_reg_192_255_7_13/RAMD/I
  -------------------------------------------------------------------    -------------------

                         (clock clk_core rise edge)
                                                      2.000     2.000 r  
                                                      0.000     2.000 r  clk_core (IN)
                         net (fo=3825, unset)         0.043     2.043    u_lfnst/coeff_buf_reg_192_255_7_13/WCLK
    SLICE_X53Y91         RAMD64E                                      r  u_lfnst/coeff_buf_reg_192_255_7_13/RAMD/CLK
                         clock pessimism              0.000     2.043    
                         clock uncertainty           -0.035     2.008    
    SLICE_X53Y91         RAMD64E (Setup_D6LUT_SLICEM_CLK_I)
                                                     -0.058     1.950    u_lfnst/coeff_buf_reg_192_255_7_13/RAMD
  -------------------------------------------------------------------
                         required time                          1.950    
                         arrival time                          -1.873    
  -------------------------------------------------------------------
                         slack                                  0.076    

Slack (MET) :             0.078ns  (required time - arrival time)
  Source:                 u_lfnst_rom/coeff_reg_1/CLKARDCLK
                            (rising edge-triggered cell RAMB36E2 clocked by clk_core  {rise@0.000ns fall@1.000ns period=2.000ns})
  Destination:            u_lfnst/coeff_buf_reg_192_255_7_13/RAMC/I
                            (rising edge-triggered cell RAMD64E clocked by clk_core  {rise@0.000ns fall@1.000ns period=2.000ns})
  Path Group:             clk_core
  Path Type:              Setup (Max at Slow Process Corner)
  Requirement:            2.000ns  (clk_core rise@2.000ns - clk_core rise@0.000ns)
  Data Path Delay:        1.798ns  (logic 0.960ns (53.404%)  route 0.838ns (46.596%))
  Logic Levels:           0  
  Clock Path Skew:        -0.033ns (DCD - SCD + CPR)
    Destination Clock Delay (DCD):    0.043ns = ( 2.043 - 2.000 ) 
    Source Clock Delay      (SCD):    0.076ns
    Clock Pessimism Removal (CPR):    0.000ns
  Clock Uncertainty:      0.035ns  ((TSJ^2 + TIJ^2)^1/2 + DJ) / 2 + PE
    Total System Jitter     (TSJ):    0.071ns
    Total Input Jitter      (TIJ):    0.000ns
    Discrete Jitter          (DJ):    0.000ns
    Phase Error              (PE):    0.000ns

    Location             Delay type                Incr(ns)  Path(ns)    Netlist Resource(s)
  -------------------------------------------------------------------    -------------------
                         (clock clk_core rise edge)
                                                      0.000     0.000 r  
                                                      0.000     0.000 r  clk_core (IN)
                         net (fo=3825, unset)         0.076     0.076    u_lfnst_rom/clk_core
    RAMB36_X5Y17         RAMB36E2                                     r  u_lfnst_rom/coeff_reg_1/CLKARDCLK
  -------------------------------------------------------------------    -------------------
    RAMB36_X5Y17         RAMB36E2 (Prop_RAMB36E2_RAMB36_CLKARDCLK_DOUTADOUT[3])
                                                      0.960     1.036 r  u_lfnst_rom/coeff_reg_1/DOUTADOUT[3]
                         net (fo=108, routed)         0.838     1.874    u_lfnst/coeff_buf_reg_192_255_7_13/DIC
    SLICE_X53Y91         RAMD64E                                      r  u_lfnst/coeff_buf_reg_192_255_7_13/RAMC/I
  -------------------------------------------------------------------    -------------------

                         (clock clk_core rise edge)
                                                      2.000     2.000 r  
                                                      0.000     2.000 r  clk_core (IN)
                         net (fo=3825, unset)         0.043     2.043    u_lfnst/coeff_buf_reg_192_255_7_13/WCLK
    SLICE_X53Y91         RAMD64E                                      r  u_lfnst/coeff_buf_reg_192_255_7_13/RAMC/CLK
                         clock pessimism              0.000     2.043    
                         clock uncertainty           -0.035     2.008    
    SLICE_X53Y91         RAMD64E (Setup_C6LUT_SLICEM_CLK_I)
                                                     -0.056     1.952    u_lfnst/coeff_buf_reg_192_255_7_13/RAMC
  -------------------------------------------------------------------
                         required time                          1.952    
                         arrival time                          -1.874    
  -------------------------------------------------------------------
                         slack                                  0.078    

Slack (MET) :             0.078ns  (required time - arrival time)
  Source:                 u_lfnst_rom/coeff_reg_1/CLKARDCLK
                            (rising edge-triggered cell RAMB36E2 clocked by clk_core  {rise@0.000ns fall@1.000ns period=2.000ns})
  Destination:            u_lfnst/coeff_buf_reg_192_255_7_13/RAMC/I
                            (rising edge-triggered cell RAMD64E clocked by clk_core  {rise@0.000ns fall@1.000ns period=2.000ns})
  Path Group:             clk_core
  Path Type:              Setup (Max at Slow Process Corner)
  Requirement:            2.000ns  (clk_core rise@2.000ns - clk_core rise@0.000ns)
  Data Path Delay:        1.798ns  (logic 0.960ns (53.404%)  route 0.838ns (46.596%))
  Logic Levels:           0  
  Clock Path Skew:        -0.033ns (DCD - SCD + CPR)
    Destination Clock Delay (DCD):    0.043ns = ( 2.043 - 2.000 ) 
    Source Clock Delay      (SCD):    0.076ns
    Clock Pessimism Removal (CPR):    0.000ns
  Clock Uncertainty:      0.035ns  ((TSJ^2 + TIJ^2)^1/2 + DJ) / 2 + PE
    Total System Jitter     (TSJ):    0.071ns
    Total Input Jitter      (TIJ):    0.000ns
    Discrete Jitter          (DJ):    0.000ns
    Phase Error              (PE):    0.000ns

    Location             Delay type                Incr(ns)  Path(ns)    Netlist Resource(s)
  -------------------------------------------------------------------    -------------------
                         (clock clk_core rise edge)
                                                      0.000     0.000 r  
                                                      0.000     0.000 r  clk_core (IN)
                         net (fo=3825, unset)         0.076     0.076    u_lfnst_rom/clk_core
    RAMB36_X5Y17         RAMB36E2                                     r  u_lfnst_rom/coeff_reg_1/CLKARDCLK
  -------------------------------------------------------------------    -------------------
    RAMB36_X5Y17         RAMB36E2 (Prop_RAMB36E2_RAMB36_CLKARDCLK_DOUTADOUT[3])
                                                      0.960     1.036 f  u_lfnst_rom/coeff_reg_1/DOUTADOUT[3]
                         net (fo=108, routed)         0.838     1.874    u_lfnst/coeff_buf_reg_192_255_7_13/DIC
    SLICE_X53Y91         RAMD64E                                      f  u_lfnst/coeff_buf_reg_192_255_7_13/RAMC/I
  -------------------------------------------------------------------    -------------------

                         (clock clk_core rise edge)
                                                      2.000     2.000 r  
                                                      0.000     2.000 r  clk_core (IN)
                         net (fo=3825, unset)         0.043     2.043    u_lfnst/coeff_buf_reg_192_255_7_13/WCLK
    SLICE_X53Y91         RAMD64E                                      r  u_lfnst/coeff_buf_reg_192_255_7_13/RAMC/CLK
                         clock pessimism              0.000     2.043    
                         clock uncertainty           -0.035     2.008    
    SLICE_X53Y91         RAMD64E (Setup_C6LUT_SLICEM_CLK_I)
                                                     -0.056     1.952    u_lfnst/coeff_buf_reg_192_255_7_13/RAMC
  -------------------------------------------------------------------
                         required time                          1.952    
                         arrival time                          -1.874    
  -------------------------------------------------------------------
                         slack                                  0.078    

Slack (MET) :             0.081ns  (required time - arrival time)
  Source:                 u_lfnst_rom/coeff_reg_1/CLKARDCLK
                            (rising edge-triggered cell RAMB36E2 clocked by clk_core  {rise@0.000ns fall@1.000ns period=2.000ns})
  Destination:            u_lfnst/coeff_buf_reg_192_255_7_13/RAMB/I
                            (rising edge-triggered cell RAMD64E clocked by clk_core  {rise@0.000ns fall@1.000ns period=2.000ns})
  Path Group:             clk_core
  Path Type:              Setup (Max at Slow Process Corner)
  Requirement:            2.000ns  (clk_core rise@2.000ns - clk_core rise@0.000ns)
  Data Path Delay:        1.795ns  (logic 0.960ns (53.493%)  route 0.835ns (46.507%))
  Logic Levels:           0  
  Clock Path Skew:        -0.033ns (DCD - SCD + CPR)
    Destination Clock Delay (DCD):    0.043ns = ( 2.043 - 2.000 ) 
    Source Clock Delay      (SCD):    0.076ns
    Clock Pessimism Removal (CPR):    0.000ns
  Clock Uncertainty:      0.035ns  ((TSJ^2 + TIJ^2)^1/2 + DJ) / 2 + PE
    Total System Jitter     (TSJ):    0.071ns
    Total Input Jitter      (TIJ):    0.000ns
    Discrete Jitter          (DJ):    0.000ns
    Phase Error              (PE):    0.000ns

    Location             Delay type                Incr(ns)  Path(ns)    Netlist Resource(s)
  -------------------------------------------------------------------    -------------------
                         (clock clk_core rise edge)
                                                      0.000     0.000 r  
                                                      0.000     0.000 r  clk_core (IN)
                         net (fo=3825, unset)         0.076     0.076    u_lfnst_rom/clk_core
    RAMB36_X5Y17         RAMB36E2                                     r  u_lfnst_rom/coeff_reg_1/CLKARDCLK
  -------------------------------------------------------------------    -------------------
    RAMB36_X5Y17         RAMB36E2 (Prop_RAMB36E2_RAMB36_CLKARDCLK_DOUTADOUT[3])
                                                      0.960     1.036 r  u_lfnst_rom/coeff_reg_1/DOUTADOUT[3]
                         net (fo=108, routed)         0.835     1.871    u_lfnst/coeff_buf_reg_192_255_7_13/DIB
    SLICE_X53Y91         RAMD64E                                      r  u_lfnst/coeff_buf_reg_192_255_7_13/RAMB/I
  -------------------------------------------------------------------    -------------------

                         (clock clk_core rise edge)
                                                      2.000     2.000 r  
                                                      0.000     2.000 r  clk_core (IN)
                         net (fo=3825, unset)         0.043     2.043    u_lfnst/coeff_buf_reg_192_255_7_13/WCLK
    SLICE_X53Y91         RAMD64E                                      r  u_lfnst/coeff_buf_reg_192_255_7_13/RAMB/CLK
                         clock pessimism              0.000     2.043    
                         clock uncertainty           -0.035     2.008    
    SLICE_X53Y91         RAMD64E (Setup_B6LUT_SLICEM_CLK_I)
                                                     -0.056     1.952    u_lfnst/coeff_buf_reg_192_255_7_13/RAMB
  -------------------------------------------------------------------
                         required time                          1.952    
                         arrival time                          -1.871    
  -------------------------------------------------------------------
                         slack                                  0.081    

Slack (MET) :             0.081ns  (required time - arrival time)
  Source:                 u_lfnst_rom/coeff_reg_1/CLKARDCLK
                            (rising edge-triggered cell RAMB36E2 clocked by clk_core  {rise@0.000ns fall@1.000ns period=2.000ns})
  Destination:            u_lfnst/coeff_buf_reg_192_255_7_13/RAMB/I
                            (rising edge-triggered cell RAMD64E clocked by clk_core  {rise@0.000ns fall@1.000ns period=2.000ns})
  Path Group:             clk_core
  Path Type:              Setup (Max at Slow Process Corner)
  Requirement:            2.000ns  (clk_core rise@2.000ns - clk_core rise@0.000ns)
  Data Path Delay:        1.795ns  (logic 0.960ns (53.493%)  route 0.835ns (46.507%))
  Logic Levels:           0  
  Clock Path Skew:        -0.033ns (DCD - SCD + CPR)
    Destination Clock Delay (DCD):    0.043ns = ( 2.043 - 2.000 ) 
    Source Clock Delay      (SCD):    0.076ns
    Clock Pessimism Removal (CPR):    0.000ns
  Clock Uncertainty:      0.035ns  ((TSJ^2 + TIJ^2)^1/2 + DJ) / 2 + PE
    Total System Jitter     (TSJ):    0.071ns
    Total Input Jitter      (TIJ):    0.000ns
    Discrete Jitter          (DJ):    0.000ns
    Phase Error              (PE):    0.000ns

    Location             Delay type                Incr(ns)  Path(ns)    Netlist Resource(s)
  -------------------------------------------------------------------    -------------------
                         (clock clk_core rise edge)
                                                      0.000     0.000 r  
                                                      0.000     0.000 r  clk_core (IN)
                         net (fo=3825, unset)         0.076     0.076    u_lfnst_rom/clk_core
    RAMB36_X5Y17         RAMB36E2                                     r  u_lfnst_rom/coeff_reg_1/CLKARDCLK
  -------------------------------------------------------------------    -------------------
    RAMB36_X5Y17         RAMB36E2 (Prop_RAMB36E2_RAMB36_CLKARDCLK_DOUTADOUT[3])
                                                      0.960     1.036 f  u_lfnst_rom/coeff_reg_1/DOUTADOUT[3]
                         net (fo=108, routed)         0.835     1.871    u_lfnst/coeff_buf_reg_192_255_7_13/DIB
    SLICE_X53Y91         RAMD64E                                      f  u_lfnst/coeff_buf_reg_192_255_7_13/RAMB/I
  -------------------------------------------------------------------    -------------------

                         (clock clk_core rise edge)
                                                      2.000     2.000 r  
                                                      0.000     2.000 r  clk_core (IN)
                         net (fo=3825, unset)         0.043     2.043    u_lfnst/coeff_buf_reg_192_255_7_13/WCLK
    SLICE_X53Y91         RAMD64E                                      r  u_lfnst/coeff_buf_reg_192_255_7_13/RAMB/CLK
                         clock pessimism              0.000     2.043    
                         clock uncertainty           -0.035     2.008    
    SLICE_X53Y91         RAMD64E (Setup_B6LUT_SLICEM_CLK_I)
                                                     -0.056     1.952    u_lfnst/coeff_buf_reg_192_255_7_13/RAMB
  -------------------------------------------------------------------
                         required time                          1.952    
                         arrival time                          -1.871    
  -------------------------------------------------------------------
                         slack                                  0.081    

Slack (MET) :             0.087ns  (required time - arrival time)
  Source:                 u_row_rom/coeff_reg_1/CLKBWRCLK
                            (rising edge-triggered cell RAMB36E2 clocked by clk_core  {rise@0.000ns fall@1.000ns period=2.000ns})
  Destination:            u_col_engine/coeff_buf_reg_r4_192_255_7_13/RAMB/I
                            (rising edge-triggered cell RAMD64E clocked by clk_core  {rise@0.000ns fall@1.000ns period=2.000ns})
  Path Group:             clk_core
  Path Type:              Setup (Max at Slow Process Corner)
  Requirement:            2.000ns  (clk_core rise@2.000ns - clk_core rise@0.000ns)
  Data Path Delay:        1.788ns  (logic 0.947ns (52.956%)  route 0.841ns (47.044%))
  Logic Levels:           0  
  Clock Path Skew:        -0.033ns (DCD - SCD + CPR)
    Destination Clock Delay (DCD):    0.043ns = ( 2.043 - 2.000 ) 
    Source Clock Delay      (SCD):    0.076ns
    Clock Pessimism Removal (CPR):    0.000ns
  Clock Uncertainty:      0.035ns  ((TSJ^2 + TIJ^2)^1/2 + DJ) / 2 + PE
    Total System Jitter     (TSJ):    0.071ns
    Total Input Jitter      (TIJ):    0.000ns
    Discrete Jitter          (DJ):    0.000ns
    Phase Error              (PE):    0.000ns

    Location             Delay type                Incr(ns)  Path(ns)    Netlist Resource(s)
  -------------------------------------------------------------------    -------------------
                         (clock clk_core rise edge)
                                                      0.000     0.000 r  
                                                      0.000     0.000 r  clk_core (IN)
                         net (fo=3825, unset)         0.076     0.076    u_row_rom/clk_core
    RAMB36_X4Y17         RAMB36E2                                     r  u_row_rom/coeff_reg_1/CLKBWRCLK
  -------------------------------------------------------------------    -------------------
    RAMB36_X4Y17         RAMB36E2 (Prop_RAMB36E2_RAMB36_CLKBWRCLK_DOUTBDOUT[3])
                                                      0.947     1.023 r  u_row_rom/coeff_reg_1/DOUTBDOUT[3]
                         net (fo=117, routed)         0.841     1.864    u_col_engine/coeff_buf_reg_r4_192_255_7_13/DIB
    SLICE_X53Y78         RAMD64E                                      r  u_col_engine/coeff_buf_reg_r4_192_255_7_13/RAMB/I
  -------------------------------------------------------------------    -------------------

                         (clock clk_core rise edge)
                                                      2.000     2.000 r  
                                                      0.000     2.000 r  clk_core (IN)
                         net (fo=3825, unset)         0.043     2.043    u_col_engine/coeff_buf_reg_r4_192_255_7_13/WCLK
    SLICE_X53Y78         RAMD64E                                      r  u_col_engine/coeff_buf_reg_r4_192_255_7_13/RAMB/CLK
                         clock pessimism              0.000     2.043    
                         clock uncertainty           -0.035     2.008    
    SLICE_X53Y78         RAMD64E (Setup_B6LUT_SLICEM_CLK_I)
                                                     -0.056     1.952    u_col_engine/coeff_buf_reg_r4_192_255_7_13/RAMB
  -------------------------------------------------------------------
                         required time                          1.952    
                         arrival time                          -1.864    
  -------------------------------------------------------------------
                         slack                                  0.087    

Slack (MET) :             0.087ns  (required time - arrival time)
  Source:                 u_row_rom/coeff_reg_1/CLKBWRCLK
                            (rising edge-triggered cell RAMB36E2 clocked by clk_core  {rise@0.000ns fall@1.000ns period=2.000ns})
  Destination:            u_col_engine/coeff_buf_reg_r4_192_255_7_13/RAMB/I
                            (rising edge-triggered cell RAMD64E clocked by clk_core  {rise@0.000ns fall@1.000ns period=2.000ns})
  Path Group:             clk_core
  Path Type:              Setup (Max at Slow Process Corner)
  Requirement:            2.000ns  (clk_core rise@2.000ns - clk_core rise@0.000ns)
  Data Path Delay:        1.788ns  (logic 0.947ns (52.956%)  route 0.841ns (47.044%))
  Logic Levels:           0  
  Clock Path Skew:        -0.033ns (DCD - SCD + CPR)
    Destination Clock Delay (DCD):    0.043ns = ( 2.043 - 2.000 ) 
    Source Clock Delay      (SCD):    0.076ns
    Clock Pessimism Removal (CPR):    0.000ns
  Clock Uncertainty:      0.035ns  ((TSJ^2 + TIJ^2)^1/2 + DJ) / 2 + PE
    Total System Jitter     (TSJ):    0.071ns
    Total Input Jitter      (TIJ):    0.000ns
    Discrete Jitter          (DJ):    0.000ns
    Phase Error              (PE):    0.000ns

    Location             Delay type                Incr(ns)  Path(ns)    Netlist Resource(s)
  -------------------------------------------------------------------    -------------------
                         (clock clk_core rise edge)
                                                      0.000     0.000 r  
                                                      0.000     0.000 r  clk_core (IN)
                         net (fo=3825, unset)         0.076     0.076    u_row_rom/clk_core
    RAMB36_X4Y17         RAMB36E2                                     r  u_row_rom/coeff_reg_1/CLKBWRCLK
  -------------------------------------------------------------------    -------------------
    RAMB36_X4Y17         RAMB36E2 (Prop_RAMB36E2_RAMB36_CLKBWRCLK_DOUTBDOUT[3])
                                                      0.947     1.023 f  u_row_rom/coeff_reg_1/DOUTBDOUT[3]
                         net (fo=117, routed)         0.841     1.864    u_col_engine/coeff_buf_reg_r4_192_255_7_13/DIB
    SLICE_X53Y78         RAMD64E                                      f  u_col_engine/coeff_buf_reg_r4_192_255_7_13/RAMB/I
  -------------------------------------------------------------------    -------------------

                         (clock clk_core rise edge)
                                                      2.000     2.000 r  
                                                      0.000     2.000 r  clk_core (IN)
                         net (fo=3825, unset)         0.043     2.043    u_col_engine/coeff_buf_reg_r4_192_255_7_13/WCLK
    SLICE_X53Y78         RAMD64E                                      r  u_col_engine/coeff_buf_reg_r4_192_255_7_13/RAMB/CLK
                         clock pessimism              0.000     2.043    
                         clock uncertainty           -0.035     2.008    
    SLICE_X53Y78         RAMD64E (Setup_B6LUT_SLICEM_CLK_I)
                                                     -0.056     1.952    u_col_engine/coeff_buf_reg_r4_192_255_7_13/RAMB
  -------------------------------------------------------------------
                         required time                          1.952    
                         arrival time                          -1.864    
  -------------------------------------------------------------------
                         slack                                  0.087    

Slack (MET) :             0.095ns  (required time - arrival time)
  Source:                 u_row_engine/mac_coeff_p0_reg[1][15]/C
                            (rising edge-triggered cell FDCE clocked by clk_core  {rise@0.000ns fall@1.000ns period=2.000ns})
  Destination:            u_row_engine/u_mac1/product0/DSP_OUTPUT_INST/ALU_OUT[16]
                            (rising edge-triggered cell DSP_OUTPUT clocked by clk_core  {rise@0.000ns fall@1.000ns period=2.000ns})
  Path Group:             clk_core
  Path Type:              Setup (Max at Slow Process Corner)
  Requirement:            2.000ns  (clk_core rise@2.000ns - clk_core rise@0.000ns)
  Data Path Delay:        1.898ns  (logic 1.528ns (80.503%)  route 0.370ns (19.497%))
  Logic Levels:           5  (DSP_A_B_DATA=1 DSP_ALU=1 DSP_M_DATA=1 DSP_MULTIPLIER=1 DSP_PREADD_DATA=1)
  Clock Path Skew:        0.013ns (DCD - SCD + CPR)
    Destination Clock Delay (DCD):    0.043ns = ( 2.043 - 2.000 ) 
    Source Clock Delay      (SCD):    0.030ns
    Clock Pessimism Removal (CPR):    0.000ns
  Clock Uncertainty:      0.035ns  ((TSJ^2 + TIJ^2)^1/2 + DJ) / 2 + PE
    Total System Jitter     (TSJ):    0.071ns
    Total Input Jitter      (TIJ):    0.000ns
    Discrete Jitter          (DJ):    0.000ns
    Phase Error              (PE):    0.000ns

    Location             Delay type                Incr(ns)  Path(ns)    Netlist Resource(s)
  -------------------------------------------------------------------    -------------------
                         (clock clk_core rise edge)
                                                      0.000     0.000 r  
                                                      0.000     0.000 r  clk_core (IN)
                         net (fo=3825, unset)         0.030     0.030    u_row_engine/clk_core
    SLICE_X50Y114        FDCE                                         r  u_row_engine/mac_coeff_p0_reg[1][15]/C
  -------------------------------------------------------------------    -------------------
    SLICE_X50Y114        FDCE (Prop_CFF_SLICEM_C_Q)
                                                      0.078     0.108 f  u_row_engine/mac_coeff_p0_reg[1][15]/Q
                         net (fo=3, routed)           0.370     0.478    u_row_engine/u_mac1/product0/B[17]
    DSP48E2_X7Y45        DSP_A_B_DATA (Prop_DSP_A_B_DATA_DSP48E2_B[17]_B2_DATA[17])
                                                      0.151     0.629 r  u_row_engine/u_mac1/product0/DSP_A_B_DATA_INST/B2_DATA[17]
                         net (fo=1, routed)           0.000     0.629    u_row_engine/u_mac1/product0/DSP_A_B_DATA.B2_DATA<17>
    DSP48E2_X7Y45        DSP_PREADD_DATA (Prop_DSP_PREADD_DATA_DSP48E2_B2_DATA[17]_B2B1[17])
                                                      0.073     0.702 r  u_row_engine/u_mac1/product0/DSP_PREADD_DATA_INST/B2B1[17]
                         net (fo=1, routed)           0.000     0.702    u_row_engine/u_mac1/product0/DSP_PREADD_DATA.B2B1<17>
    DSP48E2_X7Y45        DSP_MULTIPLIER (Prop_DSP_MULTIPLIER_DSP48E2_B2B1[17]_V[16])
                                                      0.609     1.311 f  u_row_engine/u_mac1/product0/DSP_MULTIPLIER_INST/V[16]
                         net (fo=1, routed)           0.000     1.311    u_row_engine/u_mac1/product0/DSP_MULTIPLIER.V<16>
    DSP48E2_X7Y45        DSP_M_DATA (Prop_DSP_M_DATA_DSP48E2_V[16]_V_DATA[16])
                                                      0.046     1.357 r  u_row_engine/u_mac1/product0/DSP_M_DATA_INST/V_DATA[16]
                         net (fo=1, routed)           0.000     1.357    u_row_engine/u_mac1/product0/DSP_M_DATA.V_DATA<16>
    DSP48E2_X7Y45        DSP_ALU (Prop_DSP_ALU_DSP48E2_V_DATA[16]_ALU_OUT[16])
                                                      0.571     1.928 r  u_row_engine/u_mac1/product0/DSP_ALU_INST/ALU_OUT[16]
                         net (fo=1, routed)           0.000     1.928    u_row_engine/u_mac1/product0/DSP_ALU.ALU_OUT<16>
    DSP48E2_X7Y45        DSP_OUTPUT                                   r  u_row_engine/u_mac1/product0/DSP_OUTPUT_INST/ALU_OUT[16]
  -------------------------------------------------------------------    -------------------

                         (clock clk_core rise edge)
                                                      2.000     2.000 r  
                                                      0.000     2.000 r  clk_core (IN)
                         net (fo=3825, unset)         0.043     2.043    u_row_engine/u_mac1/product0/CLK
    DSP48E2_X7Y45        DSP_OUTPUT                                   r  u_row_engine/u_mac1/product0/DSP_OUTPUT_INST/CLK
                         clock pessimism              0.000     2.043    
                         clock uncertainty           -0.035     2.008    
    DSP48E2_X7Y45        DSP_OUTPUT (Setup_DSP_OUTPUT_DSP48E2_CLK_ALU_OUT[16])
                                                      0.015     2.023    u_row_engine/u_mac1/product0/DSP_OUTPUT_INST
  -------------------------------------------------------------------
                         required time                          2.023    
                         arrival time                          -1.928    
  -------------------------------------------------------------------
                         slack                                  0.095    

Slack (MET) :             0.095ns  (required time - arrival time)
  Source:                 u_row_engine/mac_coeff_p0_reg[1][15]/C
                            (rising edge-triggered cell FDCE clocked by clk_core  {rise@0.000ns fall@1.000ns period=2.000ns})
  Destination:            u_row_engine/u_mac1/product0/DSP_OUTPUT_INST/ALU_OUT[16]
                            (rising edge-triggered cell DSP_OUTPUT clocked by clk_core  {rise@0.000ns fall@1.000ns period=2.000ns})
  Path Group:             clk_core
  Path Type:              Setup (Max at Slow Process Corner)
  Requirement:            2.000ns  (clk_core rise@2.000ns - clk_core rise@0.000ns)
  Data Path Delay:        1.898ns  (logic 1.528ns (80.503%)  route 0.370ns (19.497%))
  Logic Levels:           5  (DSP_A_B_DATA=1 DSP_ALU=1 DSP_M_DATA=1 DSP_MULTIPLIER=1 DSP_PREADD_DATA=1)
  Clock Path Skew:        0.013ns (DCD - SCD + CPR)
    Destination Clock Delay (DCD):    0.043ns = ( 2.043 - 2.000 ) 
    Source Clock Delay      (SCD):    0.030ns
    Clock Pessimism Removal (CPR):    0.000ns
  Clock Uncertainty:      0.035ns  ((TSJ^2 + TIJ^2)^1/2 + DJ) / 2 + PE
    Total System Jitter     (TSJ):    0.071ns
    Total Input Jitter      (TIJ):    0.000ns
    Discrete Jitter          (DJ):    0.000ns
    Phase Error              (PE):    0.000ns

    Location             Delay type                Incr(ns)  Path(ns)    Netlist Resource(s)
  -------------------------------------------------------------------    -------------------
                         (clock clk_core rise edge)
                                                      0.000     0.000 r  
                                                      0.000     0.000 r  clk_core (IN)
                         net (fo=3825, unset)         0.030     0.030    u_row_engine/clk_core
    SLICE_X50Y114        FDCE                                         r  u_row_engine/mac_coeff_p0_reg[1][15]/C
  -------------------------------------------------------------------    -------------------
    SLICE_X50Y114        FDCE (Prop_CFF_SLICEM_C_Q)
                                                      0.078     0.108 r  u_row_engine/mac_coeff_p0_reg[1][15]/Q
                         net (fo=3, routed)           0.370     0.478    u_row_engine/u_mac1/product0/B[17]
    DSP48E2_X7Y45        DSP_A_B_DATA (Prop_DSP_A_B_DATA_DSP48E2_B[17]_B2_DATA[17])
                                                      0.151     0.629 f  u_row_engine/u_mac1/product0/DSP_A_B_DATA_INST/B2_DATA[17]
                         net (fo=1, routed)           0.000     0.629    u_row_engine/u_mac1/product0/DSP_A_B_DATA.B2_DATA<17>
    DSP48E2_X7Y45        DSP_PREADD_DATA (Prop_DSP_PREADD_DATA_DSP48E2_B2_DATA[17]_B2B1[17])
                                                      0.073     0.702 f  u_row_engine/u_mac1/product0/DSP_PREADD_DATA_INST/B2B1[17]
                         net (fo=1, routed)           0.000     0.702    u_row_engine/u_mac1/product0/DSP_PREADD_DATA.B2B1<17>
    DSP48E2_X7Y45        DSP_MULTIPLIER (Prop_DSP_MULTIPLIER_DSP48E2_B2B1[17]_V[16])
                                                      0.609     1.311 f  u_row_engine/u_mac1/product0/DSP_MULTIPLIER_INST/V[16]
                         net (fo=1, routed)           0.000     1.311    u_row_engine/u_mac1/product0/DSP_MULTIPLIER.V<16>
    DSP48E2_X7Y45        DSP_M_DATA (Prop_DSP_M_DATA_DSP48E2_V[16]_V_DATA[16])
                                                      0.046     1.357 r  u_row_engine/u_mac1/product0/DSP_M_DATA_INST/V_DATA[16]
                         net (fo=1, routed)           0.000     1.357    u_row_engine/u_mac1/product0/DSP_M_DATA.V_DATA<16>
    DSP48E2_X7Y45        DSP_ALU (Prop_DSP_ALU_DSP48E2_V_DATA[16]_ALU_OUT[16])
                                                      0.571     1.928 r  u_row_engine/u_mac1/product0/DSP_ALU_INST/ALU_OUT[16]
                         net (fo=1, routed)           0.000     1.928    u_row_engine/u_mac1/product0/DSP_ALU.ALU_OUT<16>
    DSP48E2_X7Y45        DSP_OUTPUT                                   r  u_row_engine/u_mac1/product0/DSP_OUTPUT_INST/ALU_OUT[16]
  -------------------------------------------------------------------    -------------------

                         (clock clk_core rise edge)
                                                      2.000     2.000 r  
                                                      0.000     2.000 r  clk_core (IN)
                         net (fo=3825, unset)         0.043     2.043    u_row_engine/u_mac1/product0/CLK
    DSP48E2_X7Y45        DSP_OUTPUT                                   r  u_row_engine/u_mac1/product0/DSP_OUTPUT_INST/CLK
                         clock pessimism              0.000     2.043    
                         clock uncertainty           -0.035     2.008    
    DSP48E2_X7Y45        DSP_OUTPUT (Setup_DSP_OUTPUT_DSP48E2_CLK_ALU_OUT[16])
                                                      0.015     2.023    u_row_engine/u_mac1/product0/DSP_OUTPUT_INST
  -------------------------------------------------------------------
                         required time                          2.023    
                         arrival time                          -1.928    
  -------------------------------------------------------------------
                         slack                                  0.095    

Slack (MET) :             0.095ns  (required time - arrival time)
  Source:                 u_row_engine/mac_coeff_p0_reg[1][15]/C
                            (rising edge-triggered cell FDCE clocked by clk_core  {rise@0.000ns fall@1.000ns period=2.000ns})
  Destination:            u_row_engine/u_mac1/product0/DSP_OUTPUT_INST/ALU_OUT[16]
                            (rising edge-triggered cell DSP_OUTPUT clocked by clk_core  {rise@0.000ns fall@1.000ns period=2.000ns})
  Path Group:             clk_core
  Path Type:              Setup (Max at Slow Process Corner)
  Requirement:            2.000ns  (clk_core rise@2.000ns - clk_core rise@0.000ns)
  Data Path Delay:        1.898ns  (logic 1.528ns (80.503%)  route 0.370ns (19.497%))
  Logic Levels:           5  (DSP_A_B_DATA=1 DSP_ALU=1 DSP_M_DATA=1 DSP_MULTIPLIER=1 DSP_PREADD_DATA=1)
  Clock Path Skew:        0.013ns (DCD - SCD + CPR)
    Destination Clock Delay (DCD):    0.043ns = ( 2.043 - 2.000 ) 
    Source Clock Delay      (SCD):    0.030ns
    Clock Pessimism Removal (CPR):    0.000ns
  Clock Uncertainty:      0.035ns  ((TSJ^2 + TIJ^2)^1/2 + DJ) / 2 + PE
    Total System Jitter     (TSJ):    0.071ns
    Total Input Jitter      (TIJ):    0.000ns
    Discrete Jitter          (DJ):    0.000ns
    Phase Error              (PE):    0.000ns

    Location             Delay type                Incr(ns)  Path(ns)    Netlist Resource(s)
  -------------------------------------------------------------------    -------------------
                         (clock clk_core rise edge)
                                                      0.000     0.000 r  
                                                      0.000     0.000 r  clk_core (IN)
                         net (fo=3825, unset)         0.030     0.030    u_row_engine/clk_core
    SLICE_X50Y114        FDCE                                         r  u_row_engine/mac_coeff_p0_reg[1][15]/C
  -------------------------------------------------------------------    -------------------
    SLICE_X50Y114        FDCE (Prop_CFF_SLICEM_C_Q)
                                                      0.078     0.108 f  u_row_engine/mac_coeff_p0_reg[1][15]/Q
                         net (fo=3, routed)           0.370     0.478    u_row_engine/u_mac1/product0/B[17]
    DSP48E2_X7Y45        DSP_A_B_DATA (Prop_DSP_A_B_DATA_DSP48E2_B[17]_B2_DATA[17])
                                                      0.151     0.629 r  u_row_engine/u_mac1/product0/DSP_A_B_DATA_INST/B2_DATA[17]
                         net (fo=1, routed)           0.000     0.629    u_row_engine/u_mac1/product0/DSP_A_B_DATA.B2_DATA<17>
    DSP48E2_X7Y45        DSP_PREADD_DATA (Prop_DSP_PREADD_DATA_DSP48E2_B2_DATA[17]_B2B1[17])
                                                      0.073     0.702 r  u_row_engine/u_mac1/product0/DSP_PREADD_DATA_INST/B2B1[17]
                         net (fo=1, routed)           0.000     0.702    u_row_engine/u_mac1/product0/DSP_PREADD_DATA.B2B1<17>
    DSP48E2_X7Y45        DSP_MULTIPLIER (Prop_DSP_MULTIPLIER_DSP48E2_B2B1[17]_V[16])
                                                      0.609     1.311 r  u_row_engine/u_mac1/product0/DSP_MULTIPLIER_INST/V[16]
                         net (fo=1, routed)           0.000     1.311    u_row_engine/u_mac1/product0/DSP_MULTIPLIER.V<16>
    DSP48E2_X7Y45        DSP_M_DATA (Prop_DSP_M_DATA_DSP48E2_V[16]_V_DATA[16])
                                                      0.046     1.357 f  u_row_engine/u_mac1/product0/DSP_M_DATA_INST/V_DATA[16]
                         net (fo=1, routed)           0.000     1.357    u_row_engine/u_mac1/product0/DSP_M_DATA.V_DATA<16>
    DSP48E2_X7Y45        DSP_ALU (Prop_DSP_ALU_DSP48E2_V_DATA[16]_ALU_OUT[16])
                                                      0.571     1.928 r  u_row_engine/u_mac1/product0/DSP_ALU_INST/ALU_OUT[16]
                         net (fo=1, routed)           0.000     1.928    u_row_engine/u_mac1/product0/DSP_ALU.ALU_OUT<16>
    DSP48E2_X7Y45        DSP_OUTPUT                                   r  u_row_engine/u_mac1/product0/DSP_OUTPUT_INST/ALU_OUT[16]
  -------------------------------------------------------------------    -------------------

                         (clock clk_core rise edge)
                                                      2.000     2.000 r  
                                                      0.000     2.000 r  clk_core (IN)
                         net (fo=3825, unset)         0.043     2.043    u_row_engine/u_mac1/product0/CLK
    DSP48E2_X7Y45        DSP_OUTPUT                                   r  u_row_engine/u_mac1/product0/DSP_OUTPUT_INST/CLK
                         clock pessimism              0.000     2.043    
                         clock uncertainty           -0.035     2.008    
    DSP48E2_X7Y45        DSP_OUTPUT (Setup_DSP_OUTPUT_DSP48E2_CLK_ALU_OUT[16])
                                                      0.015     2.023    u_row_engine/u_mac1/product0/DSP_OUTPUT_INST
  -------------------------------------------------------------------
                         required time                          2.023    
                         arrival time                          -1.928    
  -------------------------------------------------------------------
                         slack                                  0.095    

Slack (MET) :             0.095ns  (required time - arrival time)
  Source:                 u_row_engine/mac_coeff_p0_reg[1][15]/C
                            (rising edge-triggered cell FDCE clocked by clk_core  {rise@0.000ns fall@1.000ns period=2.000ns})
  Destination:            u_row_engine/u_mac1/product0/DSP_OUTPUT_INST/ALU_OUT[16]
                            (rising edge-triggered cell DSP_OUTPUT clocked by clk_core  {rise@0.000ns fall@1.000ns period=2.000ns})
  Path Group:             clk_core
  Path Type:              Setup (Max at Slow Process Corner)
  Requirement:            2.000ns  (clk_core rise@2.000ns - clk_core rise@0.000ns)
  Data Path Delay:        1.898ns  (logic 1.528ns (80.503%)  route 0.370ns (19.497%))
  Logic Levels:           5  (DSP_A_B_DATA=1 DSP_ALU=1 DSP_M_DATA=1 DSP_MULTIPLIER=1 DSP_PREADD_DATA=1)
  Clock Path Skew:        0.013ns (DCD - SCD + CPR)
    Destination Clock Delay (DCD):    0.043ns = ( 2.043 - 2.000 ) 
    Source Clock Delay      (SCD):    0.030ns
    Clock Pessimism Removal (CPR):    0.000ns
  Clock Uncertainty:      0.035ns  ((TSJ^2 + TIJ^2)^1/2 + DJ) / 2 + PE
    Total System Jitter     (TSJ):    0.071ns
    Total Input Jitter      (TIJ):    0.000ns
    Discrete Jitter          (DJ):    0.000ns
    Phase Error              (PE):    0.000ns

    Location             Delay type                Incr(ns)  Path(ns)    Netlist Resource(s)
  -------------------------------------------------------------------    -------------------
                         (clock clk_core rise edge)
                                                      0.000     0.000 r  
                                                      0.000     0.000 r  clk_core (IN)
                         net (fo=3825, unset)         0.030     0.030    u_row_engine/clk_core
    SLICE_X50Y114        FDCE                                         r  u_row_engine/mac_coeff_p0_reg[1][15]/C
  -------------------------------------------------------------------    -------------------
    SLICE_X50Y114        FDCE (Prop_CFF_SLICEM_C_Q)
                                                      0.078     0.108 r  u_row_engine/mac_coeff_p0_reg[1][15]/Q
                         net (fo=3, routed)           0.370     0.478    u_row_engine/u_mac1/product0/B[17]
    DSP48E2_X7Y45        DSP_A_B_DATA (Prop_DSP_A_B_DATA_DSP48E2_B[17]_B2_DATA[17])
                                                      0.151     0.629 f  u_row_engine/u_mac1/product0/DSP_A_B_DATA_INST/B2_DATA[17]
                         net (fo=1, routed)           0.000     0.629    u_row_engine/u_mac1/product0/DSP_A_B_DATA.B2_DATA<17>
    DSP48E2_X7Y45        DSP_PREADD_DATA (Prop_DSP_PREADD_DATA_DSP48E2_B2_DATA[17]_B2B1[17])
                                                      0.073     0.702 f  u_row_engine/u_mac1/product0/DSP_PREADD_DATA_INST/B2B1[17]
                         net (fo=1, routed)           0.000     0.702    u_row_engine/u_mac1/product0/DSP_PREADD_DATA.B2B1<17>
    DSP48E2_X7Y45        DSP_MULTIPLIER (Prop_DSP_MULTIPLIER_DSP48E2_B2B1[17]_V[16])
                                                      0.609     1.311 r  u_row_engine/u_mac1/product0/DSP_MULTIPLIER_INST/V[16]
                         net (fo=1, routed)           0.000     1.311    u_row_engine/u_mac1/product0/DSP_MULTIPLIER.V<16>
    DSP48E2_X7Y45        DSP_M_DATA (Prop_DSP_M_DATA_DSP48E2_V[16]_V_DATA[16])
                                                      0.046     1.357 f  u_row_engine/u_mac1/product0/DSP_M_DATA_INST/V_DATA[16]
                         net (fo=1, routed)           0.000     1.357    u_row_engine/u_mac1/product0/DSP_M_DATA.V_DATA<16>
    DSP48E2_X7Y45        DSP_ALU (Prop_DSP_ALU_DSP48E2_V_DATA[16]_ALU_OUT[16])
                                                      0.571     1.928 r  u_row_engine/u_mac1/product0/DSP_ALU_INST/ALU_OUT[16]
                         net (fo=1, routed)           0.000     1.928    u_row_engine/u_mac1/product0/DSP_ALU.ALU_OUT<16>
    DSP48E2_X7Y45        DSP_OUTPUT                                   r  u_row_engine/u_mac1/product0/DSP_OUTPUT_INST/ALU_OUT[16]
  -------------------------------------------------------------------    -------------------

                         (clock clk_core rise edge)
                                                      2.000     2.000 r  
                                                      0.000     2.000 r  clk_core (IN)
                         net (fo=3825, unset)         0.043     2.043    u_row_engine/u_mac1/product0/CLK
    DSP48E2_X7Y45        DSP_OUTPUT                                   r  u_row_engine/u_mac1/product0/DSP_OUTPUT_INST/CLK
                         clock pessimism              0.000     2.043    
                         clock uncertainty           -0.035     2.008    
    DSP48E2_X7Y45        DSP_OUTPUT (Setup_DSP_OUTPUT_DSP48E2_CLK_ALU_OUT[16])
                                                      0.015     2.023    u_row_engine/u_mac1/product0/DSP_OUTPUT_INST
  -------------------------------------------------------------------
                         required time                          2.023    
                         arrival time                          -1.928    
  -------------------------------------------------------------------
                         slack                                  0.095    

Slack (MET) :             0.095ns  (required time - arrival time)
  Source:                 u_row_engine/mac_coeff_p0_reg[1][15]/C
                            (rising edge-triggered cell FDCE clocked by clk_core  {rise@0.000ns fall@1.000ns period=2.000ns})
  Destination:            u_row_engine/u_mac1/product0/DSP_OUTPUT_INST/ALU_OUT[16]
                            (rising edge-triggered cell DSP_OUTPUT clocked by clk_core  {rise@0.000ns fall@1.000ns period=2.000ns})
  Path Group:             clk_core
  Path Type:              Setup (Max at Slow Process Corner)
  Requirement:            2.000ns  (clk_core rise@2.000ns - clk_core rise@0.000ns)
  Data Path Delay:        1.898ns  (logic 1.528ns (80.503%)  route 0.370ns (19.497%))
  Logic Levels:           5  (DSP_A_B_DATA=1 DSP_ALU=1 DSP_M_DATA=1 DSP_MULTIPLIER=1 DSP_PREADD_DATA=1)
  Clock Path Skew:        0.013ns (DCD - SCD + CPR)
    Destination Clock Delay (DCD):    0.043ns = ( 2.043 - 2.000 ) 
    Source Clock Delay      (SCD):    0.030ns
    Clock Pessimism Removal (CPR):    0.000ns
  Clock Uncertainty:      0.035ns  ((TSJ^2 + TIJ^2)^1/2 + DJ) / 2 + PE
    Total System Jitter     (TSJ):    0.071ns
    Total Input Jitter      (TIJ):    0.000ns
    Discrete Jitter          (DJ):    0.000ns
    Phase Error              (PE):    0.000ns

    Location             Delay type                Incr(ns)  Path(ns)    Netlist Resource(s)
  -------------------------------------------------------------------    -------------------
                         (clock clk_core rise edge)
                                                      0.000     0.000 r  
                                                      0.000     0.000 r  clk_core (IN)
                         net (fo=3825, unset)         0.030     0.030    u_row_engine/clk_core
    SLICE_X50Y114        FDCE                                         r  u_row_engine/mac_coeff_p0_reg[1][15]/C
  -------------------------------------------------------------------    -------------------
    SLICE_X50Y114        FDCE (Prop_CFF_SLICEM_C_Q)
                                                      0.078     0.108 f  u_row_engine/mac_coeff_p0_reg[1][15]/Q
                         net (fo=3, routed)           0.370     0.478    u_row_engine/u_mac1/product0/B[17]
    DSP48E2_X7Y45        DSP_A_B_DATA (Prop_DSP_A_B_DATA_DSP48E2_B[17]_B2_DATA[17])
                                                      0.151     0.629 r  u_row_engine/u_mac1/product0/DSP_A_B_DATA_INST/B2_DATA[17]
                         net (fo=1, routed)           0.000     0.629    u_row_engine/u_mac1/product0/DSP_A_B_DATA.B2_DATA<17>
    DSP48E2_X7Y45        DSP_PREADD_DATA (Prop_DSP_PREADD_DATA_DSP48E2_B2_DATA[17]_B2B1[17])
                                                      0.073     0.702 r  u_row_engine/u_mac1/product0/DSP_PREADD_DATA_INST/B2B1[17]
                         net (fo=1, routed)           0.000     0.702    u_row_engine/u_mac1/product0/DSP_PREADD_DATA.B2B1<17>
    DSP48E2_X7Y45        DSP_MULTIPLIER (Prop_DSP_MULTIPLIER_DSP48E2_B2B1[17]_V[16])
                                                      0.609     1.311 f  u_row_engine/u_mac1/product0/DSP_MULTIPLIER_INST/V[16]
                         net (fo=1, routed)           0.000     1.311    u_row_engine/u_mac1/product0/DSP_MULTIPLIER.V<16>
    DSP48E2_X7Y45        DSP_M_DATA (Prop_DSP_M_DATA_DSP48E2_V[16]_V_DATA[16])
                                                      0.046     1.357 r  u_row_engine/u_mac1/product0/DSP_M_DATA_INST/V_DATA[16]
                         net (fo=1, routed)           0.000     1.357    u_row_engine/u_mac1/product0/DSP_M_DATA.V_DATA<16>
    DSP48E2_X7Y45        DSP_ALU (Prop_DSP_ALU_DSP48E2_V_DATA[16]_ALU_OUT[16])
                                                      0.571     1.928 f  u_row_engine/u_mac1/product0/DSP_ALU_INST/ALU_OUT[16]
                         net (fo=1, routed)           0.000     1.928    u_row_engine/u_mac1/product0/DSP_ALU.ALU_OUT<16>
    DSP48E2_X7Y45        DSP_OUTPUT                                   f  u_row_engine/u_mac1/product0/DSP_OUTPUT_INST/ALU_OUT[16]
  -------------------------------------------------------------------    -------------------

                         (clock clk_core rise edge)
                                                      2.000     2.000 r  
                                                      0.000     2.000 r  clk_core (IN)
                         net (fo=3825, unset)         0.043     2.043    u_row_engine/u_mac1/product0/CLK
    DSP48E2_X7Y45        DSP_OUTPUT                                   r  u_row_engine/u_mac1/product0/DSP_OUTPUT_INST/CLK
                         clock pessimism              0.000     2.043    
                         clock uncertainty           -0.035     2.008    
    DSP48E2_X7Y45        DSP_OUTPUT (Setup_DSP_OUTPUT_DSP48E2_CLK_ALU_OUT[16])
                                                      0.015     2.023    u_row_engine/u_mac1/product0/DSP_OUTPUT_INST
  -------------------------------------------------------------------
                         required time                          2.023    
                         arrival time                          -1.928    
  -------------------------------------------------------------------
                         slack                                  0.095    

Slack (MET) :             0.095ns  (required time - arrival time)
  Source:                 u_row_engine/mac_coeff_p0_reg[1][15]/C
                            (rising edge-triggered cell FDCE clocked by clk_core  {rise@0.000ns fall@1.000ns period=2.000ns})
  Destination:            u_row_engine/u_mac1/product0/DSP_OUTPUT_INST/ALU_OUT[16]
                            (rising edge-triggered cell DSP_OUTPUT clocked by clk_core  {rise@0.000ns fall@1.000ns period=2.000ns})
  Path Group:             clk_core
  Path Type:              Setup (Max at Slow Process Corner)
  Requirement:            2.000ns  (clk_core rise@2.000ns - clk_core rise@0.000ns)
  Data Path Delay:        1.898ns  (logic 1.528ns (80.503%)  route 0.370ns (19.497%))
  Logic Levels:           5  (DSP_A_B_DATA=1 DSP_ALU=1 DSP_M_DATA=1 DSP_MULTIPLIER=1 DSP_PREADD_DATA=1)
  Clock Path Skew:        0.013ns (DCD - SCD + CPR)
    Destination Clock Delay (DCD):    0.043ns = ( 2.043 - 2.000 ) 
    Source Clock Delay      (SCD):    0.030ns
    Clock Pessimism Removal (CPR):    0.000ns
  Clock Uncertainty:      0.035ns  ((TSJ^2 + TIJ^2)^1/2 + DJ) / 2 + PE
    Total System Jitter     (TSJ):    0.071ns
    Total Input Jitter      (TIJ):    0.000ns
    Discrete Jitter          (DJ):    0.000ns
    Phase Error              (PE):    0.000ns

    Location             Delay type                Incr(ns)  Path(ns)    Netlist Resource(s)
  -------------------------------------------------------------------    -------------------
                         (clock clk_core rise edge)
                                                      0.000     0.000 r  
                                                      0.000     0.000 r  clk_core (IN)
                         net (fo=3825, unset)         0.030     0.030    u_row_engine/clk_core
    SLICE_X50Y114        FDCE                                         r  u_row_engine/mac_coeff_p0_reg[1][15]/C
  -------------------------------------------------------------------    -------------------
    SLICE_X50Y114        FDCE (Prop_CFF_SLICEM_C_Q)
                                                      0.078     0.108 r  u_row_engine/mac_coeff_p0_reg[1][15]/Q
                         net (fo=3, routed)           0.370     0.478    u_row_engine/u_mac1/product0/B[17]
    DSP48E2_X7Y45        DSP_A_B_DATA (Prop_DSP_A_B_DATA_DSP48E2_B[17]_B2_DATA[17])
                                                      0.151     0.629 f  u_row_engine/u_mac1/product0/DSP_A_B_DATA_INST/B2_DATA[17]
                         net (fo=1, routed)           0.000     0.629    u_row_engine/u_mac1/product0/DSP_A_B_DATA.B2_DATA<17>
    DSP48E2_X7Y45        DSP_PREADD_DATA (Prop_DSP_PREADD_DATA_DSP48E2_B2_DATA[17]_B2B1[17])
                                                      0.073     0.702 f  u_row_engine/u_mac1/product0/DSP_PREADD_DATA_INST/B2B1[17]
                         net (fo=1, routed)           0.000     0.702    u_row_engine/u_mac1/product0/DSP_PREADD_DATA.B2B1<17>
    DSP48E2_X7Y45        DSP_MULTIPLIER (Prop_DSP_MULTIPLIER_DSP48E2_B2B1[17]_V[16])
                                                      0.609     1.311 f  u_row_engine/u_mac1/product0/DSP_MULTIPLIER_INST/V[16]
                         net (fo=1, routed)           0.000     1.311    u_row_engine/u_mac1/product0/DSP_MULTIPLIER.V<16>
    DSP48E2_X7Y45        DSP_M_DATA (Prop_DSP_M_DATA_DSP48E2_V[16]_V_DATA[16])
                                                      0.046     1.357 r  u_row_engine/u_mac1/product0/DSP_M_DATA_INST/V_DATA[16]
                         net (fo=1, routed)           0.000     1.357    u_row_engine/u_mac1/product0/DSP_M_DATA.V_DATA<16>
    DSP48E2_X7Y45        DSP_ALU (Prop_DSP_ALU_DSP48E2_V_DATA[16]_ALU_OUT[16])
                                                      0.571     1.928 f  u_row_engine/u_mac1/product0/DSP_ALU_INST/ALU_OUT[16]
                         net (fo=1, routed)           0.000     1.928    u_row_engine/u_mac1/product0/DSP_ALU.ALU_OUT<16>
    DSP48E2_X7Y45        DSP_OUTPUT                                   f  u_row_engine/u_mac1/product0/DSP_OUTPUT_INST/ALU_OUT[16]
  -------------------------------------------------------------------    -------------------

                         (clock clk_core rise edge)
                                                      2.000     2.000 r  
                                                      0.000     2.000 r  clk_core (IN)
                         net (fo=3825, unset)         0.043     2.043    u_row_engine/u_mac1/product0/CLK
    DSP48E2_X7Y45        DSP_OUTPUT                                   r  u_row_engine/u_mac1/product0/DSP_OUTPUT_INST/CLK
                         clock pessimism              0.000     2.043    
                         clock uncertainty           -0.035     2.008    
    DSP48E2_X7Y45        DSP_OUTPUT (Setup_DSP_OUTPUT_DSP48E2_CLK_ALU_OUT[16])
                                                      0.015     2.023    u_row_engine/u_mac1/product0/DSP_OUTPUT_INST
  -------------------------------------------------------------------
                         required time                          2.023    
                         arrival time                          -1.928    
  -------------------------------------------------------------------
                         slack                                  0.095    

Slack (MET) :             0.095ns  (required time - arrival time)
  Source:                 u_row_engine/mac_coeff_p0_reg[1][15]/C
                            (rising edge-triggered cell FDCE clocked by clk_core  {rise@0.000ns fall@1.000ns period=2.000ns})
  Destination:            u_row_engine/u_mac1/product0/DSP_OUTPUT_INST/ALU_OUT[16]
                            (rising edge-triggered cell DSP_OUTPUT clocked by clk_core  {rise@0.000ns fall@1.000ns period=2.000ns})
  Path Group:             clk_core
  Path Type:              Setup (Max at Slow Process Corner)
  Requirement:            2.000ns  (clk_core rise@2.000ns - clk_core rise@0.000ns)
  Data Path Delay:        1.898ns  (logic 1.528ns (80.503%)  route 0.370ns (19.497%))
  Logic Levels:           5  (DSP_A_B_DATA=1 DSP_ALU=1 DSP_M_DATA=1 DSP_MULTIPLIER=1 DSP_PREADD_DATA=1)
  Clock Path Skew:        0.013ns (DCD - SCD + CPR)
    Destination Clock Delay (DCD):    0.043ns = ( 2.043 - 2.000 ) 
    Source Clock Delay      (SCD):    0.030ns
    Clock Pessimism Removal (CPR):    0.000ns
  Clock Uncertainty:      0.035ns  ((TSJ^2 + TIJ^2)^1/2 + DJ) / 2 + PE
    Total System Jitter     (TSJ):    0.071ns
    Total Input Jitter      (TIJ):    0.000ns
    Discrete Jitter          (DJ):    0.000ns
    Phase Error              (PE):    0.000ns

    Location             Delay type                Incr(ns)  Path(ns)    Netlist Resource(s)
  -------------------------------------------------------------------    -------------------
                         (clock clk_core rise edge)
                                                      0.000     0.000 r  
                                                      0.000     0.000 r  clk_core (IN)
                         net (fo=3825, unset)         0.030     0.030    u_row_engine/clk_core
    SLICE_X50Y114        FDCE                                         r  u_row_engine/mac_coeff_p0_reg[1][15]/C
  -------------------------------------------------------------------    -------------------
    SLICE_X50Y114        FDCE (Prop_CFF_SLICEM_C_Q)
                                                      0.078     0.108 f  u_row_engine/mac_coeff_p0_reg[1][15]/Q
                         net (fo=3, routed)           0.370     0.478    u_row_engine/u_mac1/product0/B[17]
    DSP48E2_X7Y45        DSP_A_B_DATA (Prop_DSP_A_B_DATA_DSP48E2_B[17]_B2_DATA[17])
                                                      0.151     0.629 r  u_row_engine/u_mac1/product0/DSP_A_B_DATA_INST/B2_DATA[17]
                         net (fo=1, routed)           0.000     0.629    u_row_engine/u_mac1/product0/DSP_A_B_DATA.B2_DATA<17>
    DSP48E2_X7Y45        DSP_PREADD_DATA (Prop_DSP_PREADD_DATA_DSP48E2_B2_DATA[17]_B2B1[17])
                                                      0.073     0.702 r  u_row_engine/u_mac1/product0/DSP_PREADD_DATA_INST/B2B1[17]
                         net (fo=1, routed)           0.000     0.702    u_row_engine/u_mac1/product0/DSP_PREADD_DATA.B2B1<17>
    DSP48E2_X7Y45        DSP_MULTIPLIER (Prop_DSP_MULTIPLIER_DSP48E2_B2B1[17]_V[16])
                                                      0.609     1.311 r  u_row_engine/u_mac1/product0/DSP_MULTIPLIER_INST/V[16]
                         net (fo=1, routed)           0.000     1.311    u_row_engine/u_mac1/product0/DSP_MULTIPLIER.V<16>
    DSP48E2_X7Y45        DSP_M_DATA (Prop_DSP_M_DATA_DSP48E2_V[16]_V_DATA[16])
                                                      0.046     1.357 f  u_row_engine/u_mac1/product0/DSP_M_DATA_INST/V_DATA[16]
                         net (fo=1, routed)           0.000     1.357    u_row_engine/u_mac1/product0/DSP_M_DATA.V_DATA<16>
    DSP48E2_X7Y45        DSP_ALU (Prop_DSP_ALU_DSP48E2_V_DATA[16]_ALU_OUT[16])
                                                      0.571     1.928 f  u_row_engine/u_mac1/product0/DSP_ALU_INST/ALU_OUT[16]
                         net (fo=1, routed)           0.000     1.928    u_row_engine/u_mac1/product0/DSP_ALU.ALU_OUT<16>
    DSP48E2_X7Y45        DSP_OUTPUT                                   f  u_row_engine/u_mac1/product0/DSP_OUTPUT_INST/ALU_OUT[16]
  -------------------------------------------------------------------    -------------------

                         (clock clk_core rise edge)
                                                      2.000     2.000 r  
                                                      0.000     2.000 r  clk_core (IN)
                         net (fo=3825, unset)         0.043     2.043    u_row_engine/u_mac1/product0/CLK
    DSP48E2_X7Y45        DSP_OUTPUT                                   r  u_row_engine/u_mac1/product0/DSP_OUTPUT_INST/CLK
                         clock pessimism              0.000     2.043    
                         clock uncertainty           -0.035     2.008    
    DSP48E2_X7Y45        DSP_OUTPUT (Setup_DSP_OUTPUT_DSP48E2_CLK_ALU_OUT[16])
                                                      0.015     2.023    u_row_engine/u_mac1/product0/DSP_OUTPUT_INST
  -------------------------------------------------------------------
                         required time                          2.023    
                         arrival time                          -1.928    
  -------------------------------------------------------------------
                         slack                                  0.095    

Slack (MET) :             0.095ns  (required time - arrival time)
  Source:                 u_row_engine/mac_coeff_p0_reg[1][15]/C
                            (rising edge-triggered cell FDCE clocked by clk_core  {rise@0.000ns fall@1.000ns period=2.000ns})
  Destination:            u_row_engine/u_mac1/product0/DSP_OUTPUT_INST/ALU_OUT[16]
                            (rising edge-triggered cell DSP_OUTPUT clocked by clk_core  {rise@0.000ns fall@1.000ns period=2.000ns})
  Path Group:             clk_core
  Path Type:              Setup (Max at Slow Process Corner)
  Requirement:            2.000ns  (clk_core rise@2.000ns - clk_core rise@0.000ns)
  Data Path Delay:        1.898ns  (logic 1.528ns (80.503%)  route 0.370ns (19.497%))
  Logic Levels:           5  (DSP_A_B_DATA=1 DSP_ALU=1 DSP_M_DATA=1 DSP_MULTIPLIER=1 DSP_PREADD_DATA=1)
  Clock Path Skew:        0.013ns (DCD - SCD + CPR)
    Destination Clock Delay (DCD):    0.043ns = ( 2.043 - 2.000 ) 
    Source Clock Delay      (SCD):    0.030ns
    Clock Pessimism Removal (CPR):    0.000ns
  Clock Uncertainty:      0.035ns  ((TSJ^2 + TIJ^2)^1/2 + DJ) / 2 + PE
    Total System Jitter     (TSJ):    0.071ns
    Total Input Jitter      (TIJ):    0.000ns
    Discrete Jitter          (DJ):    0.000ns
    Phase Error              (PE):    0.000ns

    Location             Delay type                Incr(ns)  Path(ns)    Netlist Resource(s)
  -------------------------------------------------------------------    -------------------
                         (clock clk_core rise edge)
                                                      0.000     0.000 r  
                                                      0.000     0.000 r  clk_core (IN)
                         net (fo=3825, unset)         0.030     0.030    u_row_engine/clk_core
    SLICE_X50Y114        FDCE                                         r  u_row_engine/mac_coeff_p0_reg[1][15]/C
  -------------------------------------------------------------------    -------------------
    SLICE_X50Y114        FDCE (Prop_CFF_SLICEM_C_Q)
                                                      0.078     0.108 r  u_row_engine/mac_coeff_p0_reg[1][15]/Q
                         net (fo=3, routed)           0.370     0.478    u_row_engine/u_mac1/product0/B[17]
    DSP48E2_X7Y45        DSP_A_B_DATA (Prop_DSP_A_B_DATA_DSP48E2_B[17]_B2_DATA[17])
                                                      0.151     0.629 f  u_row_engine/u_mac1/product0/DSP_A_B_DATA_INST/B2_DATA[17]
                         net (fo=1, routed)           0.000     0.629    u_row_engine/u_mac1/product0/DSP_A_B_DATA.B2_DATA<17>
    DSP48E2_X7Y45        DSP_PREADD_DATA (Prop_DSP_PREADD_DATA_DSP48E2_B2_DATA[17]_B2B1[17])
                                                      0.073     0.702 f  u_row_engine/u_mac1/product0/DSP_PREADD_DATA_INST/B2B1[17]
                         net (fo=1, routed)           0.000     0.702    u_row_engine/u_mac1/product0/DSP_PREADD_DATA.B2B1<17>
    DSP48E2_X7Y45        DSP_MULTIPLIER (Prop_DSP_MULTIPLIER_DSP48E2_B2B1[17]_V[16])
                                                      0.609     1.311 r  u_row_engine/u_mac1/product0/DSP_MULTIPLIER_INST/V[16]
                         net (fo=1, routed)           0.000     1.311    u_row_engine/u_mac1/product0/DSP_MULTIPLIER.V<16>
    DSP48E2_X7Y45        DSP_M_DATA (Prop_DSP_M_DATA_DSP48E2_V[16]_V_DATA[16])
                                                      0.046     1.357 f  u_row_engine/u_mac1/product0/DSP_M_DATA_INST/V_DATA[16]
                         net (fo=1, routed)           0.000     1.357    u_row_engine/u_mac1/product0/DSP_M_DATA.V_DATA<16>
    DSP48E2_X7Y45        DSP_ALU (Prop_DSP_ALU_DSP48E2_V_DATA[16]_ALU_OUT[16])
                                                      0.571     1.928 f  u_row_engine/u_mac1/product0/DSP_ALU_INST/ALU_OUT[16]
                         net (fo=1, routed)           0.000     1.928    u_row_engine/u_mac1/product0/DSP_ALU.ALU_OUT<16>
    DSP48E2_X7Y45        DSP_OUTPUT                                   f  u_row_engine/u_mac1/product0/DSP_OUTPUT_INST/ALU_OUT[16]
  -------------------------------------------------------------------    -------------------

                         (clock clk_core rise edge)
                                                      2.000     2.000 r  
                                                      0.000     2.000 r  clk_core (IN)
                         net (fo=3825, unset)         0.043     2.043    u_row_engine/u_mac1/product0/CLK
    DSP48E2_X7Y45        DSP_OUTPUT                                   r  u_row_engine/u_mac1/product0/DSP_OUTPUT_INST/CLK
                         clock pessimism              0.000     2.043    
                         clock uncertainty           -0.035     2.008    
    DSP48E2_X7Y45        DSP_OUTPUT (Setup_DSP_OUTPUT_DSP48E2_CLK_ALU_OUT[16])
                                                      0.015     2.023    u_row_engine/u_mac1/product0/DSP_OUTPUT_INST
  -------------------------------------------------------------------
                         required time                          2.023    
                         arrival time                          -1.928    
  -------------------------------------------------------------------
                         slack                                  0.095    




