Copyright 1986-2022 Xilinx, Inc. All Rights Reserved. Copyright 2022-2024 Advanced Micro Devices, Inc. All Rights Reserved.
---------------------------------------------------------------------------------------------------------------------------------------------
| Tool Version : Vivado v.2024.1 (win64) Build 5076996 Wed May 22 18:37:14 MDT 2024
| Date         : Wed Jun 10 00:48:16 2026
| Host         : lab running 64-bit major release  (build 9200)
| Command      : report_timing -setup -nworst 20 -file D:/WorkSpace/its_vvc/synth/core_500_timing_setup_paths.rpt
| Design       : its_core_500
| Device       : 7a200t-fbg484
| Speed File   : -3  PRODUCTION 1.23 2018-06-13
| Design State : Routed
---------------------------------------------------------------------------------------------------------------------------------------------

Timing Report

Slack (VIOLATED) :        -5.378ns  (required time - arrival time)
  Source:                 tu_width_reg[1]_replica_7/C
                            (rising edge-triggered cell FDCE clocked by clk_core  {rise@0.000ns fall@1.000ns period=2.000ns})
  Destination:            u_row_engine/u_mac3/product0/B[4]
                            (rising edge-triggered cell DSP48E1 clocked by clk_core  {rise@0.000ns fall@1.000ns period=2.000ns})
  Path Group:             clk_core
  Path Type:              Setup (Max at Slow Process Corner)
  Requirement:            2.000ns  (clk_core rise@2.000ns - clk_core rise@0.000ns)
  Data Path Delay:        4.699ns  (logic 1.443ns (30.707%)  route 3.256ns (69.293%))
  Logic Levels:           6  (CARRY4=1 LUT2=1 LUT3=1 LUT6=2 RAMD64E=1)
  Clock Path Skew:        -0.035ns (DCD - SCD + CPR)
    Destination Clock Delay (DCD):    0.669ns = ( 2.669 - 2.000 ) 
    Source Clock Delay      (SCD):    0.704ns
    Clock Pessimism Removal (CPR):    0.000ns
  Clock Uncertainty:      0.035ns  ((TSJ^2 + TIJ^2)^1/2 + DJ) / 2 + PE
    Total System Jitter     (TSJ):    0.071ns
    Total Input Jitter      (TIJ):    0.000ns
    Discrete Jitter          (DJ):    0.000ns
    Phase Error              (PE):    0.000ns

    Location             Delay type                Incr(ns)  Path(ns)    Netlist Resource(s)
  -------------------------------------------------------------------    -------------------
                         (clock clk_core rise edge)
                                                      0.000     0.000 r  
                                                      0.000     0.000 r  clk_core (IN)
                         net (fo=6971, unset)         0.704     0.704    clk_core
    SLICE_X48Y84         FDCE                                         r  tu_width_reg[1]_replica_7/C
  -------------------------------------------------------------------    -------------------
    SLICE_X48Y84         FDCE (Prop_fdce_C_Q)         0.393     1.097 f  tu_width_reg[1]_replica_7/Q
                         net (fo=2, routed)           0.185     1.282    u_row_rom/tu_width[1]_repN_7_alias
    SLICE_X49Y84         LUT2 (Prop_lut2_I0_O)        0.097     1.379 f  u_row_rom/coeff_reg_0_i_72/O
                         net (fo=2, routed)           0.278     1.657    u_row_engine/u_mac1/coeff_reg_0_i_29
    SLICE_X49Y83         LUT6 (Prop_lut6_I0_O)        0.097     1.754 r  u_row_engine/u_mac1/coeff_buf_reg_0_127_0_0_i_15/O
                         net (fo=46, routed)          0.785     2.539    u_row_engine/u_mac3/size_shift[1]
    SLICE_X41Y80         LUT3 (Prop_lut3_I0_O)        0.097     2.636 r  u_row_engine/u_mac3/coeff_buf_reg_r4_0_63_0_2_i_9/O
                         net (fo=1, routed)           0.000     2.636    u_row_engine/u_mac3/coeff_buf_reg_r4_0_63_0_2_i_9_n_0
    SLICE_X41Y80         CARRY4 (Prop_carry4_S[1]_O[2])
                                                      0.432     3.068 r  u_row_engine/u_mac3/coeff_buf_reg_r4_0_63_0_2_i_2/O[2]
                         net (fo=64, routed)          0.968     4.036    u_row_engine/coeff_buf_reg_r4_0_63_3_5/ADDRB2
    SLICE_X40Y74         RAMD64E (Prop_ramd64e_RADR2_O)
                                                      0.230     4.266 r  u_row_engine/coeff_buf_reg_r4_0_63_3_5/RAMB/O
                         net (fo=1, routed)           0.486     4.753    u_row_engine/u_mac3/product0_19
    SLICE_X41Y75         LUT6 (Prop_lut6_I5_O)        0.097     4.850 r  u_row_engine/u_mac3/product0_i_12__1/O
                         net (fo=1, routed)           0.554     5.403    u_row_engine/u_mac3/mac_coeff[3]_68[4]
    DSP48_X2Y30          DSP48E1                                      r  u_row_engine/u_mac3/product0/B[4]
  -------------------------------------------------------------------    -------------------

                         (clock clk_core rise edge)
                                                      2.000     2.000 r  
                                                      0.000     2.000 r  clk_core (IN)
                         net (fo=6971, unset)         0.669     2.669    u_row_engine/u_mac3/clk_core
    DSP48_X2Y30          DSP48E1                                      r  u_row_engine/u_mac3/product0/CLK
                         clock pessimism              0.000     2.669    
                         clock uncertainty           -0.035     2.633    
    DSP48_X2Y30          DSP48E1 (Setup_dsp48e1_CLK_B[4])
                                                     -2.608     0.025    u_row_engine/u_mac3/product0
  -------------------------------------------------------------------
                         required time                          0.025    
                         arrival time                          -5.403    
  -------------------------------------------------------------------
                         slack                                 -5.378    

Slack (VIOLATED) :        -5.378ns  (required time - arrival time)
  Source:                 tu_width_reg[1]_replica_7/C
                            (rising edge-triggered cell FDCE clocked by clk_core  {rise@0.000ns fall@1.000ns period=2.000ns})
  Destination:            u_row_engine/u_mac3/product0/B[4]
                            (rising edge-triggered cell DSP48E1 clocked by clk_core  {rise@0.000ns fall@1.000ns period=2.000ns})
  Path Group:             clk_core
  Path Type:              Setup (Max at Slow Process Corner)
  Requirement:            2.000ns  (clk_core rise@2.000ns - clk_core rise@0.000ns)
  Data Path Delay:        4.699ns  (logic 1.443ns (30.707%)  route 3.256ns (69.293%))
  Logic Levels:           6  (CARRY4=1 LUT2=1 LUT3=1 LUT6=2 RAMD64E=1)
  Clock Path Skew:        -0.035ns (DCD - SCD + CPR)
    Destination Clock Delay (DCD):    0.669ns = ( 2.669 - 2.000 ) 
    Source Clock Delay      (SCD):    0.704ns
    Clock Pessimism Removal (CPR):    0.000ns
  Clock Uncertainty:      0.035ns  ((TSJ^2 + TIJ^2)^1/2 + DJ) / 2 + PE
    Total System Jitter     (TSJ):    0.071ns
    Total Input Jitter      (TIJ):    0.000ns
    Discrete Jitter          (DJ):    0.000ns
    Phase Error              (PE):    0.000ns

    Location             Delay type                Incr(ns)  Path(ns)    Netlist Resource(s)
  -------------------------------------------------------------------    -------------------
                         (clock clk_core rise edge)
                                                      0.000     0.000 r  
                                                      0.000     0.000 r  clk_core (IN)
                         net (fo=6971, unset)         0.704     0.704    clk_core
    SLICE_X48Y84         FDCE                                         r  tu_width_reg[1]_replica_7/C
  -------------------------------------------------------------------    -------------------
    SLICE_X48Y84         FDCE (Prop_fdce_C_Q)         0.393     1.097 r  tu_width_reg[1]_replica_7/Q
                         net (fo=2, routed)           0.185     1.282    u_row_rom/tu_width[1]_repN_7_alias
    SLICE_X49Y84         LUT2 (Prop_lut2_I0_O)        0.097     1.379 r  u_row_rom/coeff_reg_0_i_72/O
                         net (fo=2, routed)           0.278     1.657    u_row_engine/u_mac1/coeff_reg_0_i_29
    SLICE_X49Y83         LUT6 (Prop_lut6_I0_O)        0.097     1.754 f  u_row_engine/u_mac1/coeff_buf_reg_0_127_0_0_i_15/O
                         net (fo=46, routed)          0.785     2.539    u_row_engine/u_mac3/size_shift[1]
    SLICE_X41Y80         LUT3 (Prop_lut3_I0_O)        0.097     2.636 r  u_row_engine/u_mac3/coeff_buf_reg_r4_0_63_0_2_i_9/O
                         net (fo=1, routed)           0.000     2.636    u_row_engine/u_mac3/coeff_buf_reg_r4_0_63_0_2_i_9_n_0
    SLICE_X41Y80         CARRY4 (Prop_carry4_S[1]_O[2])
                                                      0.432     3.068 r  u_row_engine/u_mac3/coeff_buf_reg_r4_0_63_0_2_i_2/O[2]
                         net (fo=64, routed)          0.968     4.036    u_row_engine/coeff_buf_reg_r4_0_63_3_5/ADDRB2
    SLICE_X40Y74         RAMD64E (Prop_ramd64e_RADR2_O)
                                                      0.230     4.266 r  u_row_engine/coeff_buf_reg_r4_0_63_3_5/RAMB/O
                         net (fo=1, routed)           0.486     4.753    u_row_engine/u_mac3/product0_19
    SLICE_X41Y75         LUT6 (Prop_lut6_I5_O)        0.097     4.850 r  u_row_engine/u_mac3/product0_i_12__1/O
                         net (fo=1, routed)           0.554     5.403    u_row_engine/u_mac3/mac_coeff[3]_68[4]
    DSP48_X2Y30          DSP48E1                                      r  u_row_engine/u_mac3/product0/B[4]
  -------------------------------------------------------------------    -------------------

                         (clock clk_core rise edge)
                                                      2.000     2.000 r  
                                                      0.000     2.000 r  clk_core (IN)
                         net (fo=6971, unset)         0.669     2.669    u_row_engine/u_mac3/clk_core
    DSP48_X2Y30          DSP48E1                                      r  u_row_engine/u_mac3/product0/CLK
                         clock pessimism              0.000     2.669    
                         clock uncertainty           -0.035     2.633    
    DSP48_X2Y30          DSP48E1 (Setup_dsp48e1_CLK_B[4])
                                                     -2.608     0.025    u_row_engine/u_mac3/product0
  -------------------------------------------------------------------
                         required time                          0.025    
                         arrival time                          -5.403    
  -------------------------------------------------------------------
                         slack                                 -5.378    

Slack (VIOLATED) :        -5.378ns  (required time - arrival time)
  Source:                 tu_width_reg[1]_replica_7/C
                            (rising edge-triggered cell FDCE clocked by clk_core  {rise@0.000ns fall@1.000ns period=2.000ns})
  Destination:            u_row_engine/u_mac3/product0/B[4]
                            (rising edge-triggered cell DSP48E1 clocked by clk_core  {rise@0.000ns fall@1.000ns period=2.000ns})
  Path Group:             clk_core
  Path Type:              Setup (Max at Slow Process Corner)
  Requirement:            2.000ns  (clk_core rise@2.000ns - clk_core rise@0.000ns)
  Data Path Delay:        4.699ns  (logic 1.443ns (30.707%)  route 3.256ns (69.293%))
  Logic Levels:           6  (CARRY4=1 LUT2=1 LUT3=1 LUT6=2 RAMD64E=1)
  Clock Path Skew:        -0.035ns (DCD - SCD + CPR)
    Destination Clock Delay (DCD):    0.669ns = ( 2.669 - 2.000 ) 
    Source Clock Delay      (SCD):    0.704ns
    Clock Pessimism Removal (CPR):    0.000ns
  Clock Uncertainty:      0.035ns  ((TSJ^2 + TIJ^2)^1/2 + DJ) / 2 + PE
    Total System Jitter     (TSJ):    0.071ns
    Total Input Jitter      (TIJ):    0.000ns
    Discrete Jitter          (DJ):    0.000ns
    Phase Error              (PE):    0.000ns

    Location             Delay type                Incr(ns)  Path(ns)    Netlist Resource(s)
  -------------------------------------------------------------------    -------------------
                         (clock clk_core rise edge)
                                                      0.000     0.000 r  
                                                      0.000     0.000 r  clk_core (IN)
                         net (fo=6971, unset)         0.704     0.704    clk_core
    SLICE_X48Y84         FDCE                                         r  tu_width_reg[1]_replica_7/C
  -------------------------------------------------------------------    -------------------
    SLICE_X48Y84         FDCE (Prop_fdce_C_Q)         0.393     1.097 f  tu_width_reg[1]_replica_7/Q
                         net (fo=2, routed)           0.185     1.282    u_row_rom/tu_width[1]_repN_7_alias
    SLICE_X49Y84         LUT2 (Prop_lut2_I0_O)        0.097     1.379 f  u_row_rom/coeff_reg_0_i_72/O
                         net (fo=2, routed)           0.278     1.657    u_row_engine/u_mac1/coeff_reg_0_i_29
    SLICE_X49Y83         LUT6 (Prop_lut6_I0_O)        0.097     1.754 r  u_row_engine/u_mac1/coeff_buf_reg_0_127_0_0_i_15/O
                         net (fo=46, routed)          0.785     2.539    u_row_engine/u_mac3/size_shift[1]
    SLICE_X41Y80         LUT3 (Prop_lut3_I0_O)        0.097     2.636 f  u_row_engine/u_mac3/coeff_buf_reg_r4_0_63_0_2_i_9/O
                         net (fo=1, routed)           0.000     2.636    u_row_engine/u_mac3/coeff_buf_reg_r4_0_63_0_2_i_9_n_0
    SLICE_X41Y80         CARRY4 (Prop_carry4_S[1]_O[2])
                                                      0.432     3.068 r  u_row_engine/u_mac3/coeff_buf_reg_r4_0_63_0_2_i_2/O[2]
                         net (fo=64, routed)          0.968     4.036    u_row_engine/coeff_buf_reg_r4_0_63_3_5/ADDRB2
    SLICE_X40Y74         RAMD64E (Prop_ramd64e_RADR2_O)
                                                      0.230     4.266 r  u_row_engine/coeff_buf_reg_r4_0_63_3_5/RAMB/O
                         net (fo=1, routed)           0.486     4.753    u_row_engine/u_mac3/product0_19
    SLICE_X41Y75         LUT6 (Prop_lut6_I5_O)        0.097     4.850 r  u_row_engine/u_mac3/product0_i_12__1/O
                         net (fo=1, routed)           0.554     5.403    u_row_engine/u_mac3/mac_coeff[3]_68[4]
    DSP48_X2Y30          DSP48E1                                      r  u_row_engine/u_mac3/product0/B[4]
  -------------------------------------------------------------------    -------------------

                         (clock clk_core rise edge)
                                                      2.000     2.000 r  
                                                      0.000     2.000 r  clk_core (IN)
                         net (fo=6971, unset)         0.669     2.669    u_row_engine/u_mac3/clk_core
    DSP48_X2Y30          DSP48E1                                      r  u_row_engine/u_mac3/product0/CLK
                         clock pessimism              0.000     2.669    
                         clock uncertainty           -0.035     2.633    
    DSP48_X2Y30          DSP48E1 (Setup_dsp48e1_CLK_B[4])
                                                     -2.608     0.025    u_row_engine/u_mac3/product0
  -------------------------------------------------------------------
                         required time                          0.025    
                         arrival time                          -5.403    
  -------------------------------------------------------------------
                         slack                                 -5.378    

Slack (VIOLATED) :        -5.378ns  (required time - arrival time)
  Source:                 tu_width_reg[1]_replica_7/C
                            (rising edge-triggered cell FDCE clocked by clk_core  {rise@0.000ns fall@1.000ns period=2.000ns})
  Destination:            u_row_engine/u_mac3/product0/B[4]
                            (rising edge-triggered cell DSP48E1 clocked by clk_core  {rise@0.000ns fall@1.000ns period=2.000ns})
  Path Group:             clk_core
  Path Type:              Setup (Max at Slow Process Corner)
  Requirement:            2.000ns  (clk_core rise@2.000ns - clk_core rise@0.000ns)
  Data Path Delay:        4.699ns  (logic 1.443ns (30.707%)  route 3.256ns (69.293%))
  Logic Levels:           6  (CARRY4=1 LUT2=1 LUT3=1 LUT6=2 RAMD64E=1)
  Clock Path Skew:        -0.035ns (DCD - SCD + CPR)
    Destination Clock Delay (DCD):    0.669ns = ( 2.669 - 2.000 ) 
    Source Clock Delay      (SCD):    0.704ns
    Clock Pessimism Removal (CPR):    0.000ns
  Clock Uncertainty:      0.035ns  ((TSJ^2 + TIJ^2)^1/2 + DJ) / 2 + PE
    Total System Jitter     (TSJ):    0.071ns
    Total Input Jitter      (TIJ):    0.000ns
    Discrete Jitter          (DJ):    0.000ns
    Phase Error              (PE):    0.000ns

    Location             Delay type                Incr(ns)  Path(ns)    Netlist Resource(s)
  -------------------------------------------------------------------    -------------------
                         (clock clk_core rise edge)
                                                      0.000     0.000 r  
                                                      0.000     0.000 r  clk_core (IN)
                         net (fo=6971, unset)         0.704     0.704    clk_core
    SLICE_X48Y84         FDCE                                         r  tu_width_reg[1]_replica_7/C
  -------------------------------------------------------------------    -------------------
    SLICE_X48Y84         FDCE (Prop_fdce_C_Q)         0.393     1.097 r  tu_width_reg[1]_replica_7/Q
                         net (fo=2, routed)           0.185     1.282    u_row_rom/tu_width[1]_repN_7_alias
    SLICE_X49Y84         LUT2 (Prop_lut2_I0_O)        0.097     1.379 r  u_row_rom/coeff_reg_0_i_72/O
                         net (fo=2, routed)           0.278     1.657    u_row_engine/u_mac1/coeff_reg_0_i_29
    SLICE_X49Y83         LUT6 (Prop_lut6_I0_O)        0.097     1.754 f  u_row_engine/u_mac1/coeff_buf_reg_0_127_0_0_i_15/O
                         net (fo=46, routed)          0.785     2.539    u_row_engine/u_mac3/size_shift[1]
    SLICE_X41Y80         LUT3 (Prop_lut3_I0_O)        0.097     2.636 f  u_row_engine/u_mac3/coeff_buf_reg_r4_0_63_0_2_i_9/O
                         net (fo=1, routed)           0.000     2.636    u_row_engine/u_mac3/coeff_buf_reg_r4_0_63_0_2_i_9_n_0
    SLICE_X41Y80         CARRY4 (Prop_carry4_S[1]_O[2])
                                                      0.432     3.068 r  u_row_engine/u_mac3/coeff_buf_reg_r4_0_63_0_2_i_2/O[2]
                         net (fo=64, routed)          0.968     4.036    u_row_engine/coeff_buf_reg_r4_0_63_3_5/ADDRB2
    SLICE_X40Y74         RAMD64E (Prop_ramd64e_RADR2_O)
                                                      0.230     4.266 r  u_row_engine/coeff_buf_reg_r4_0_63_3_5/RAMB/O
                         net (fo=1, routed)           0.486     4.753    u_row_engine/u_mac3/product0_19
    SLICE_X41Y75         LUT6 (Prop_lut6_I5_O)        0.097     4.850 r  u_row_engine/u_mac3/product0_i_12__1/O
                         net (fo=1, routed)           0.554     5.403    u_row_engine/u_mac3/mac_coeff[3]_68[4]
    DSP48_X2Y30          DSP48E1                                      r  u_row_engine/u_mac3/product0/B[4]
  -------------------------------------------------------------------    -------------------

                         (clock clk_core rise edge)
                                                      2.000     2.000 r  
                                                      0.000     2.000 r  clk_core (IN)
                         net (fo=6971, unset)         0.669     2.669    u_row_engine/u_mac3/clk_core
    DSP48_X2Y30          DSP48E1                                      r  u_row_engine/u_mac3/product0/CLK
                         clock pessimism              0.000     2.669    
                         clock uncertainty           -0.035     2.633    
    DSP48_X2Y30          DSP48E1 (Setup_dsp48e1_CLK_B[4])
                                                     -2.608     0.025    u_row_engine/u_mac3/product0
  -------------------------------------------------------------------
                         required time                          0.025    
                         arrival time                          -5.403    
  -------------------------------------------------------------------
                         slack                                 -5.378    

Slack (VIOLATED) :        -5.378ns  (required time - arrival time)
  Source:                 tu_width_reg[1]_replica_7/C
                            (rising edge-triggered cell FDCE clocked by clk_core  {rise@0.000ns fall@1.000ns period=2.000ns})
  Destination:            u_row_engine/u_mac3/product0/B[4]
                            (rising edge-triggered cell DSP48E1 clocked by clk_core  {rise@0.000ns fall@1.000ns period=2.000ns})
  Path Group:             clk_core
  Path Type:              Setup (Max at Slow Process Corner)
  Requirement:            2.000ns  (clk_core rise@2.000ns - clk_core rise@0.000ns)
  Data Path Delay:        4.699ns  (logic 1.443ns (30.707%)  route 3.256ns (69.293%))
  Logic Levels:           6  (CARRY4=1 LUT2=1 LUT3=1 LUT6=2 RAMD64E=1)
  Clock Path Skew:        -0.035ns (DCD - SCD + CPR)
    Destination Clock Delay (DCD):    0.669ns = ( 2.669 - 2.000 ) 
    Source Clock Delay      (SCD):    0.704ns
    Clock Pessimism Removal (CPR):    0.000ns
  Clock Uncertainty:      0.035ns  ((TSJ^2 + TIJ^2)^1/2 + DJ) / 2 + PE
    Total System Jitter     (TSJ):    0.071ns
    Total Input Jitter      (TIJ):    0.000ns
    Discrete Jitter          (DJ):    0.000ns
    Phase Error              (PE):    0.000ns

    Location             Delay type                Incr(ns)  Path(ns)    Netlist Resource(s)
  -------------------------------------------------------------------    -------------------
                         (clock clk_core rise edge)
                                                      0.000     0.000 r  
                                                      0.000     0.000 r  clk_core (IN)
                         net (fo=6971, unset)         0.704     0.704    clk_core
    SLICE_X48Y84         FDCE                                         r  tu_width_reg[1]_replica_7/C
  -------------------------------------------------------------------    -------------------
    SLICE_X48Y84         FDCE (Prop_fdce_C_Q)         0.393     1.097 f  tu_width_reg[1]_replica_7/Q
                         net (fo=2, routed)           0.185     1.282    u_row_rom/tu_width[1]_repN_7_alias
    SLICE_X49Y84         LUT2 (Prop_lut2_I0_O)        0.097     1.379 f  u_row_rom/coeff_reg_0_i_72/O
                         net (fo=2, routed)           0.278     1.657    u_row_engine/u_mac1/coeff_reg_0_i_29
    SLICE_X49Y83         LUT6 (Prop_lut6_I0_O)        0.097     1.754 r  u_row_engine/u_mac1/coeff_buf_reg_0_127_0_0_i_15/O
                         net (fo=46, routed)          0.785     2.539    u_row_engine/u_mac3/size_shift[1]
    SLICE_X41Y80         LUT3 (Prop_lut3_I0_O)        0.097     2.636 r  u_row_engine/u_mac3/coeff_buf_reg_r4_0_63_0_2_i_9/O
                         net (fo=1, routed)           0.000     2.636    u_row_engine/u_mac3/coeff_buf_reg_r4_0_63_0_2_i_9_n_0
    SLICE_X41Y80         CARRY4 (Prop_carry4_S[1]_O[2])
                                                      0.432     3.068 f  u_row_engine/u_mac3/coeff_buf_reg_r4_0_63_0_2_i_2/O[2]
                         net (fo=64, routed)          0.968     4.036    u_row_engine/coeff_buf_reg_r4_0_63_3_5/ADDRB2
    SLICE_X40Y74         RAMD64E (Prop_ramd64e_RADR2_O)
                                                      0.230     4.266 r  u_row_engine/coeff_buf_reg_r4_0_63_3_5/RAMB/O
                         net (fo=1, routed)           0.486     4.753    u_row_engine/u_mac3/product0_19
    SLICE_X41Y75         LUT6 (Prop_lut6_I5_O)        0.097     4.850 r  u_row_engine/u_mac3/product0_i_12__1/O
                         net (fo=1, routed)           0.554     5.403    u_row_engine/u_mac3/mac_coeff[3]_68[4]
    DSP48_X2Y30          DSP48E1                                      r  u_row_engine/u_mac3/product0/B[4]
  -------------------------------------------------------------------    -------------------

                         (clock clk_core rise edge)
                                                      2.000     2.000 r  
                                                      0.000     2.000 r  clk_core (IN)
                         net (fo=6971, unset)         0.669     2.669    u_row_engine/u_mac3/clk_core
    DSP48_X2Y30          DSP48E1                                      r  u_row_engine/u_mac3/product0/CLK
                         clock pessimism              0.000     2.669    
                         clock uncertainty           -0.035     2.633    
    DSP48_X2Y30          DSP48E1 (Setup_dsp48e1_CLK_B[4])
                                                     -2.608     0.025    u_row_engine/u_mac3/product0
  -------------------------------------------------------------------
                         required time                          0.025    
                         arrival time                          -5.403    
  -------------------------------------------------------------------
                         slack                                 -5.378    

Slack (VIOLATED) :        -5.378ns  (required time - arrival time)
  Source:                 tu_width_reg[1]_replica_7/C
                            (rising edge-triggered cell FDCE clocked by clk_core  {rise@0.000ns fall@1.000ns period=2.000ns})
  Destination:            u_row_engine/u_mac3/product0/B[4]
                            (rising edge-triggered cell DSP48E1 clocked by clk_core  {rise@0.000ns fall@1.000ns period=2.000ns})
  Path Group:             clk_core
  Path Type:              Setup (Max at Slow Process Corner)
  Requirement:            2.000ns  (clk_core rise@2.000ns - clk_core rise@0.000ns)
  Data Path Delay:        4.699ns  (logic 1.443ns (30.707%)  route 3.256ns (69.293%))
  Logic Levels:           6  (CARRY4=1 LUT2=1 LUT3=1 LUT6=2 RAMD64E=1)
  Clock Path Skew:        -0.035ns (DCD - SCD + CPR)
    Destination Clock Delay (DCD):    0.669ns = ( 2.669 - 2.000 ) 
    Source Clock Delay      (SCD):    0.704ns
    Clock Pessimism Removal (CPR):    0.000ns
  Clock Uncertainty:      0.035ns  ((TSJ^2 + TIJ^2)^1/2 + DJ) / 2 + PE
    Total System Jitter     (TSJ):    0.071ns
    Total Input Jitter      (TIJ):    0.000ns
    Discrete Jitter          (DJ):    0.000ns
    Phase Error              (PE):    0.000ns

    Location             Delay type                Incr(ns)  Path(ns)    Netlist Resource(s)
  -------------------------------------------------------------------    -------------------
                         (clock clk_core rise edge)
                                                      0.000     0.000 r  
                                                      0.000     0.000 r  clk_core (IN)
                         net (fo=6971, unset)         0.704     0.704    clk_core
    SLICE_X48Y84         FDCE                                         r  tu_width_reg[1]_replica_7/C
  -------------------------------------------------------------------    -------------------
    SLICE_X48Y84         FDCE (Prop_fdce_C_Q)         0.393     1.097 r  tu_width_reg[1]_replica_7/Q
                         net (fo=2, routed)           0.185     1.282    u_row_rom/tu_width[1]_repN_7_alias
    SLICE_X49Y84         LUT2 (Prop_lut2_I0_O)        0.097     1.379 r  u_row_rom/coeff_reg_0_i_72/O
                         net (fo=2, routed)           0.278     1.657    u_row_engine/u_mac1/coeff_reg_0_i_29
    SLICE_X49Y83         LUT6 (Prop_lut6_I0_O)        0.097     1.754 f  u_row_engine/u_mac1/coeff_buf_reg_0_127_0_0_i_15/O
                         net (fo=46, routed)          0.785     2.539    u_row_engine/u_mac3/size_shift[1]
    SLICE_X41Y80         LUT3 (Prop_lut3_I0_O)        0.097     2.636 r  u_row_engine/u_mac3/coeff_buf_reg_r4_0_63_0_2_i_9/O
                         net (fo=1, routed)           0.000     2.636    u_row_engine/u_mac3/coeff_buf_reg_r4_0_63_0_2_i_9_n_0
    SLICE_X41Y80         CARRY4 (Prop_carry4_S[1]_O[2])
                                                      0.432     3.068 f  u_row_engine/u_mac3/coeff_buf_reg_r4_0_63_0_2_i_2/O[2]
                         net (fo=64, routed)          0.968     4.036    u_row_engine/coeff_buf_reg_r4_0_63_3_5/ADDRB2
    SLICE_X40Y74         RAMD64E (Prop_ramd64e_RADR2_O)
                                                      0.230     4.266 r  u_row_engine/coeff_buf_reg_r4_0_63_3_5/RAMB/O
                         net (fo=1, routed)           0.486     4.753    u_row_engine/u_mac3/product0_19
    SLICE_X41Y75         LUT6 (Prop_lut6_I5_O)        0.097     4.850 r  u_row_engine/u_mac3/product0_i_12__1/O
                         net (fo=1, routed)           0.554     5.403    u_row_engine/u_mac3/mac_coeff[3]_68[4]
    DSP48_X2Y30          DSP48E1                                      r  u_row_engine/u_mac3/product0/B[4]
  -------------------------------------------------------------------    -------------------

                         (clock clk_core rise edge)
                                                      2.000     2.000 r  
                                                      0.000     2.000 r  clk_core (IN)
                         net (fo=6971, unset)         0.669     2.669    u_row_engine/u_mac3/clk_core
    DSP48_X2Y30          DSP48E1                                      r  u_row_engine/u_mac3/product0/CLK
                         clock pessimism              0.000     2.669    
                         clock uncertainty           -0.035     2.633    
    DSP48_X2Y30          DSP48E1 (Setup_dsp48e1_CLK_B[4])
                                                     -2.608     0.025    u_row_engine/u_mac3/product0
  -------------------------------------------------------------------
                         required time                          0.025    
                         arrival time                          -5.403    
  -------------------------------------------------------------------
                         slack                                 -5.378    

Slack (VIOLATED) :        -5.378ns  (required time - arrival time)
  Source:                 tu_width_reg[1]_replica_7/C
                            (rising edge-triggered cell FDCE clocked by clk_core  {rise@0.000ns fall@1.000ns period=2.000ns})
  Destination:            u_row_engine/u_mac3/product0/B[4]
                            (rising edge-triggered cell DSP48E1 clocked by clk_core  {rise@0.000ns fall@1.000ns period=2.000ns})
  Path Group:             clk_core
  Path Type:              Setup (Max at Slow Process Corner)
  Requirement:            2.000ns  (clk_core rise@2.000ns - clk_core rise@0.000ns)
  Data Path Delay:        4.699ns  (logic 1.443ns (30.707%)  route 3.256ns (69.293%))
  Logic Levels:           6  (CARRY4=1 LUT2=1 LUT3=1 LUT6=2 RAMD64E=1)
  Clock Path Skew:        -0.035ns (DCD - SCD + CPR)
    Destination Clock Delay (DCD):    0.669ns = ( 2.669 - 2.000 ) 
    Source Clock Delay      (SCD):    0.704ns
    Clock Pessimism Removal (CPR):    0.000ns
  Clock Uncertainty:      0.035ns  ((TSJ^2 + TIJ^2)^1/2 + DJ) / 2 + PE
    Total System Jitter     (TSJ):    0.071ns
    Total Input Jitter      (TIJ):    0.000ns
    Discrete Jitter          (DJ):    0.000ns
    Phase Error              (PE):    0.000ns

    Location             Delay type                Incr(ns)  Path(ns)    Netlist Resource(s)
  -------------------------------------------------------------------    -------------------
                         (clock clk_core rise edge)
                                                      0.000     0.000 r  
                                                      0.000     0.000 r  clk_core (IN)
                         net (fo=6971, unset)         0.704     0.704    clk_core
    SLICE_X48Y84         FDCE                                         r  tu_width_reg[1]_replica_7/C
  -------------------------------------------------------------------    -------------------
    SLICE_X48Y84         FDCE (Prop_fdce_C_Q)         0.393     1.097 f  tu_width_reg[1]_replica_7/Q
                         net (fo=2, routed)           0.185     1.282    u_row_rom/tu_width[1]_repN_7_alias
    SLICE_X49Y84         LUT2 (Prop_lut2_I0_O)        0.097     1.379 f  u_row_rom/coeff_reg_0_i_72/O
                         net (fo=2, routed)           0.278     1.657    u_row_engine/u_mac1/coeff_reg_0_i_29
    SLICE_X49Y83         LUT6 (Prop_lut6_I0_O)        0.097     1.754 r  u_row_engine/u_mac1/coeff_buf_reg_0_127_0_0_i_15/O
                         net (fo=46, routed)          0.785     2.539    u_row_engine/u_mac3/size_shift[1]
    SLICE_X41Y80         LUT3 (Prop_lut3_I0_O)        0.097     2.636 f  u_row_engine/u_mac3/coeff_buf_reg_r4_0_63_0_2_i_9/O
                         net (fo=1, routed)           0.000     2.636    u_row_engine/u_mac3/coeff_buf_reg_r4_0_63_0_2_i_9_n_0
    SLICE_X41Y80         CARRY4 (Prop_carry4_S[1]_O[2])
                                                      0.432     3.068 f  u_row_engine/u_mac3/coeff_buf_reg_r4_0_63_0_2_i_2/O[2]
                         net (fo=64, routed)          0.968     4.036    u_row_engine/coeff_buf_reg_r4_0_63_3_5/ADDRB2
    SLICE_X40Y74         RAMD64E (Prop_ramd64e_RADR2_O)
                                                      0.230     4.266 r  u_row_engine/coeff_buf_reg_r4_0_63_3_5/RAMB/O
                         net (fo=1, routed)           0.486     4.753    u_row_engine/u_mac3/product0_19
    SLICE_X41Y75         LUT6 (Prop_lut6_I5_O)        0.097     4.850 r  u_row_engine/u_mac3/product0_i_12__1/O
                         net (fo=1, routed)           0.554     5.403    u_row_engine/u_mac3/mac_coeff[3]_68[4]
    DSP48_X2Y30          DSP48E1                                      r  u_row_engine/u_mac3/product0/B[4]
  -------------------------------------------------------------------    -------------------

                         (clock clk_core rise edge)
                                                      2.000     2.000 r  
                                                      0.000     2.000 r  clk_core (IN)
                         net (fo=6971, unset)         0.669     2.669    u_row_engine/u_mac3/clk_core
    DSP48_X2Y30          DSP48E1                                      r  u_row_engine/u_mac3/product0/CLK
                         clock pessimism              0.000     2.669    
                         clock uncertainty           -0.035     2.633    
    DSP48_X2Y30          DSP48E1 (Setup_dsp48e1_CLK_B[4])
                                                     -2.608     0.025    u_row_engine/u_mac3/product0
  -------------------------------------------------------------------
                         required time                          0.025    
                         arrival time                          -5.403    
  -------------------------------------------------------------------
                         slack                                 -5.378    

Slack (VIOLATED) :        -5.378ns  (required time - arrival time)
  Source:                 tu_width_reg[1]_replica_7/C
                            (rising edge-triggered cell FDCE clocked by clk_core  {rise@0.000ns fall@1.000ns period=2.000ns})
  Destination:            u_row_engine/u_mac3/product0/B[4]
                            (rising edge-triggered cell DSP48E1 clocked by clk_core  {rise@0.000ns fall@1.000ns period=2.000ns})
  Path Group:             clk_core
  Path Type:              Setup (Max at Slow Process Corner)
  Requirement:            2.000ns  (clk_core rise@2.000ns - clk_core rise@0.000ns)
  Data Path Delay:        4.699ns  (logic 1.443ns (30.707%)  route 3.256ns (69.293%))
  Logic Levels:           6  (CARRY4=1 LUT2=1 LUT3=1 LUT6=2 RAMD64E=1)
  Clock Path Skew:        -0.035ns (DCD - SCD + CPR)
    Destination Clock Delay (DCD):    0.669ns = ( 2.669 - 2.000 ) 
    Source Clock Delay      (SCD):    0.704ns
    Clock Pessimism Removal (CPR):    0.000ns
  Clock Uncertainty:      0.035ns  ((TSJ^2 + TIJ^2)^1/2 + DJ) / 2 + PE
    Total System Jitter     (TSJ):    0.071ns
    Total Input Jitter      (TIJ):    0.000ns
    Discrete Jitter          (DJ):    0.000ns
    Phase Error              (PE):    0.000ns

    Location             Delay type                Incr(ns)  Path(ns)    Netlist Resource(s)
  -------------------------------------------------------------------    -------------------
                         (clock clk_core rise edge)
                                                      0.000     0.000 r  
                                                      0.000     0.000 r  clk_core (IN)
                         net (fo=6971, unset)         0.704     0.704    clk_core
    SLICE_X48Y84         FDCE                                         r  tu_width_reg[1]_replica_7/C
  -------------------------------------------------------------------    -------------------
    SLICE_X48Y84         FDCE (Prop_fdce_C_Q)         0.393     1.097 r  tu_width_reg[1]_replica_7/Q
                         net (fo=2, routed)           0.185     1.282    u_row_rom/tu_width[1]_repN_7_alias
    SLICE_X49Y84         LUT2 (Prop_lut2_I0_O)        0.097     1.379 r  u_row_rom/coeff_reg_0_i_72/O
                         net (fo=2, routed)           0.278     1.657    u_row_engine/u_mac1/coeff_reg_0_i_29
    SLICE_X49Y83         LUT6 (Prop_lut6_I0_O)        0.097     1.754 f  u_row_engine/u_mac1/coeff_buf_reg_0_127_0_0_i_15/O
                         net (fo=46, routed)          0.785     2.539    u_row_engine/u_mac3/size_shift[1]
    SLICE_X41Y80         LUT3 (Prop_lut3_I0_O)        0.097     2.636 f  u_row_engine/u_mac3/coeff_buf_reg_r4_0_63_0_2_i_9/O
                         net (fo=1, routed)           0.000     2.636    u_row_engine/u_mac3/coeff_buf_reg_r4_0_63_0_2_i_9_n_0
    SLICE_X41Y80         CARRY4 (Prop_carry4_S[1]_O[2])
                                                      0.432     3.068 f  u_row_engine/u_mac3/coeff_buf_reg_r4_0_63_0_2_i_2/O[2]
                         net (fo=64, routed)          0.968     4.036    u_row_engine/coeff_buf_reg_r4_0_63_3_5/ADDRB2
    SLICE_X40Y74         RAMD64E (Prop_ramd64e_RADR2_O)
                                                      0.230     4.266 r  u_row_engine/coeff_buf_reg_r4_0_63_3_5/RAMB/O
                         net (fo=1, routed)           0.486     4.753    u_row_engine/u_mac3/product0_19
    SLICE_X41Y75         LUT6 (Prop_lut6_I5_O)        0.097     4.850 r  u_row_engine/u_mac3/product0_i_12__1/O
                         net (fo=1, routed)           0.554     5.403    u_row_engine/u_mac3/mac_coeff[3]_68[4]
    DSP48_X2Y30          DSP48E1                                      r  u_row_engine/u_mac3/product0/B[4]
  -------------------------------------------------------------------    -------------------

                         (clock clk_core rise edge)
                                                      2.000     2.000 r  
                                                      0.000     2.000 r  clk_core (IN)
                         net (fo=6971, unset)         0.669     2.669    u_row_engine/u_mac3/clk_core
    DSP48_X2Y30          DSP48E1                                      r  u_row_engine/u_mac3/product0/CLK
                         clock pessimism              0.000     2.669    
                         clock uncertainty           -0.035     2.633    
    DSP48_X2Y30          DSP48E1 (Setup_dsp48e1_CLK_B[4])
                                                     -2.608     0.025    u_row_engine/u_mac3/product0
  -------------------------------------------------------------------
                         required time                          0.025    
                         arrival time                          -5.403    
  -------------------------------------------------------------------
                         slack                                 -5.378    

Slack (VIOLATED) :        -5.378ns  (required time - arrival time)
  Source:                 tu_width_reg[1]_replica_7/C
                            (rising edge-triggered cell FDCE clocked by clk_core  {rise@0.000ns fall@1.000ns period=2.000ns})
  Destination:            u_row_engine/u_mac3/product0/B[4]
                            (rising edge-triggered cell DSP48E1 clocked by clk_core  {rise@0.000ns fall@1.000ns period=2.000ns})
  Path Group:             clk_core
  Path Type:              Setup (Max at Slow Process Corner)
  Requirement:            2.000ns  (clk_core rise@2.000ns - clk_core rise@0.000ns)
  Data Path Delay:        4.699ns  (logic 1.443ns (30.707%)  route 3.256ns (69.293%))
  Logic Levels:           6  (CARRY4=1 LUT2=1 LUT3=1 LUT6=2 RAMD64E=1)
  Clock Path Skew:        -0.035ns (DCD - SCD + CPR)
    Destination Clock Delay (DCD):    0.669ns = ( 2.669 - 2.000 ) 
    Source Clock Delay      (SCD):    0.704ns
    Clock Pessimism Removal (CPR):    0.000ns
  Clock Uncertainty:      0.035ns  ((TSJ^2 + TIJ^2)^1/2 + DJ) / 2 + PE
    Total System Jitter     (TSJ):    0.071ns
    Total Input Jitter      (TIJ):    0.000ns
    Discrete Jitter          (DJ):    0.000ns
    Phase Error              (PE):    0.000ns

    Location             Delay type                Incr(ns)  Path(ns)    Netlist Resource(s)
  -------------------------------------------------------------------    -------------------
                         (clock clk_core rise edge)
                                                      0.000     0.000 r  
                                                      0.000     0.000 r  clk_core (IN)
                         net (fo=6971, unset)         0.704     0.704    clk_core
    SLICE_X48Y84         FDCE                                         r  tu_width_reg[1]_replica_7/C
  -------------------------------------------------------------------    -------------------
    SLICE_X48Y84         FDCE (Prop_fdce_C_Q)         0.393     1.097 f  tu_width_reg[1]_replica_7/Q
                         net (fo=2, routed)           0.185     1.282    u_row_rom/tu_width[1]_repN_7_alias
    SLICE_X49Y84         LUT2 (Prop_lut2_I0_O)        0.097     1.379 f  u_row_rom/coeff_reg_0_i_72/O
                         net (fo=2, routed)           0.278     1.657    u_row_engine/u_mac1/coeff_reg_0_i_29
    SLICE_X49Y83         LUT6 (Prop_lut6_I0_O)        0.097     1.754 r  u_row_engine/u_mac1/coeff_buf_reg_0_127_0_0_i_15/O
                         net (fo=46, routed)          0.785     2.539    u_row_engine/u_mac3/size_shift[1]
    SLICE_X41Y80         LUT3 (Prop_lut3_I0_O)        0.097     2.636 r  u_row_engine/u_mac3/coeff_buf_reg_r4_0_63_0_2_i_9/O
                         net (fo=1, routed)           0.000     2.636    u_row_engine/u_mac3/coeff_buf_reg_r4_0_63_0_2_i_9_n_0
    SLICE_X41Y80         CARRY4 (Prop_carry4_S[1]_O[2])
                                                      0.432     3.068 r  u_row_engine/u_mac3/coeff_buf_reg_r4_0_63_0_2_i_2/O[2]
                         net (fo=64, routed)          0.968     4.036    u_row_engine/coeff_buf_reg_r4_0_63_3_5/ADDRB2
    SLICE_X40Y74         RAMD64E (Prop_ramd64e_RADR2_O)
                                                      0.230     4.266 f  u_row_engine/coeff_buf_reg_r4_0_63_3_5/RAMB/O
                         net (fo=1, routed)           0.486     4.753    u_row_engine/u_mac3/product0_19
    SLICE_X41Y75         LUT6 (Prop_lut6_I5_O)        0.097     4.850 f  u_row_engine/u_mac3/product0_i_12__1/O
                         net (fo=1, routed)           0.554     5.403    u_row_engine/u_mac3/mac_coeff[3]_68[4]
    DSP48_X2Y30          DSP48E1                                      f  u_row_engine/u_mac3/product0/B[4]
  -------------------------------------------------------------------    -------------------

                         (clock clk_core rise edge)
                                                      2.000     2.000 r  
                                                      0.000     2.000 r  clk_core (IN)
                         net (fo=6971, unset)         0.669     2.669    u_row_engine/u_mac3/clk_core
    DSP48_X2Y30          DSP48E1                                      r  u_row_engine/u_mac3/product0/CLK
                         clock pessimism              0.000     2.669    
                         clock uncertainty           -0.035     2.633    
    DSP48_X2Y30          DSP48E1 (Setup_dsp48e1_CLK_B[4])
                                                     -2.608     0.025    u_row_engine/u_mac3/product0
  -------------------------------------------------------------------
                         required time                          0.025    
                         arrival time                          -5.403    
  -------------------------------------------------------------------
                         slack                                 -5.378    

Slack (VIOLATED) :        -5.378ns  (required time - arrival time)
  Source:                 tu_width_reg[1]_replica_7/C
                            (rising edge-triggered cell FDCE clocked by clk_core  {rise@0.000ns fall@1.000ns period=2.000ns})
  Destination:            u_row_engine/u_mac3/product0/B[4]
                            (rising edge-triggered cell DSP48E1 clocked by clk_core  {rise@0.000ns fall@1.000ns period=2.000ns})
  Path Group:             clk_core
  Path Type:              Setup (Max at Slow Process Corner)
  Requirement:            2.000ns  (clk_core rise@2.000ns - clk_core rise@0.000ns)
  Data Path Delay:        4.699ns  (logic 1.443ns (30.707%)  route 3.256ns (69.293%))
  Logic Levels:           6  (CARRY4=1 LUT2=1 LUT3=1 LUT6=2 RAMD64E=1)
  Clock Path Skew:        -0.035ns (DCD - SCD + CPR)
    Destination Clock Delay (DCD):    0.669ns = ( 2.669 - 2.000 ) 
    Source Clock Delay      (SCD):    0.704ns
    Clock Pessimism Removal (CPR):    0.000ns
  Clock Uncertainty:      0.035ns  ((TSJ^2 + TIJ^2)^1/2 + DJ) / 2 + PE
    Total System Jitter     (TSJ):    0.071ns
    Total Input Jitter      (TIJ):    0.000ns
    Discrete Jitter          (DJ):    0.000ns
    Phase Error              (PE):    0.000ns

    Location             Delay type                Incr(ns)  Path(ns)    Netlist Resource(s)
  -------------------------------------------------------------------    -------------------
                         (clock clk_core rise edge)
                                                      0.000     0.000 r  
                                                      0.000     0.000 r  clk_core (IN)
                         net (fo=6971, unset)         0.704     0.704    clk_core
    SLICE_X48Y84         FDCE                                         r  tu_width_reg[1]_replica_7/C
  -------------------------------------------------------------------    -------------------
    SLICE_X48Y84         FDCE (Prop_fdce_C_Q)         0.393     1.097 r  tu_width_reg[1]_replica_7/Q
                         net (fo=2, routed)           0.185     1.282    u_row_rom/tu_width[1]_repN_7_alias
    SLICE_X49Y84         LUT2 (Prop_lut2_I0_O)        0.097     1.379 r  u_row_rom/coeff_reg_0_i_72/O
                         net (fo=2, routed)           0.278     1.657    u_row_engine/u_mac1/coeff_reg_0_i_29
    SLICE_X49Y83         LUT6 (Prop_lut6_I0_O)        0.097     1.754 f  u_row_engine/u_mac1/coeff_buf_reg_0_127_0_0_i_15/O
                         net (fo=46, routed)          0.785     2.539    u_row_engine/u_mac3/size_shift[1]
    SLICE_X41Y80         LUT3 (Prop_lut3_I0_O)        0.097     2.636 r  u_row_engine/u_mac3/coeff_buf_reg_r4_0_63_0_2_i_9/O
                         net (fo=1, routed)           0.000     2.636    u_row_engine/u_mac3/coeff_buf_reg_r4_0_63_0_2_i_9_n_0
    SLICE_X41Y80         CARRY4 (Prop_carry4_S[1]_O[2])
                                                      0.432     3.068 r  u_row_engine/u_mac3/coeff_buf_reg_r4_0_63_0_2_i_2/O[2]
                         net (fo=64, routed)          0.968     4.036    u_row_engine/coeff_buf_reg_r4_0_63_3_5/ADDRB2
    SLICE_X40Y74         RAMD64E (Prop_ramd64e_RADR2_O)
                                                      0.230     4.266 f  u_row_engine/coeff_buf_reg_r4_0_63_3_5/RAMB/O
                         net (fo=1, routed)           0.486     4.753    u_row_engine/u_mac3/product0_19
    SLICE_X41Y75         LUT6 (Prop_lut6_I5_O)        0.097     4.850 f  u_row_engine/u_mac3/product0_i_12__1/O
                         net (fo=1, routed)           0.554     5.403    u_row_engine/u_mac3/mac_coeff[3]_68[4]
    DSP48_X2Y30          DSP48E1                                      f  u_row_engine/u_mac3/product0/B[4]
  -------------------------------------------------------------------    -------------------

                         (clock clk_core rise edge)
                                                      2.000     2.000 r  
                                                      0.000     2.000 r  clk_core (IN)
                         net (fo=6971, unset)         0.669     2.669    u_row_engine/u_mac3/clk_core
    DSP48_X2Y30          DSP48E1                                      r  u_row_engine/u_mac3/product0/CLK
                         clock pessimism              0.000     2.669    
                         clock uncertainty           -0.035     2.633    
    DSP48_X2Y30          DSP48E1 (Setup_dsp48e1_CLK_B[4])
                                                     -2.608     0.025    u_row_engine/u_mac3/product0
  -------------------------------------------------------------------
                         required time                          0.025    
                         arrival time                          -5.403    
  -------------------------------------------------------------------
                         slack                                 -5.378    

Slack (VIOLATED) :        -5.378ns  (required time - arrival time)
  Source:                 tu_width_reg[1]_replica_7/C
                            (rising edge-triggered cell FDCE clocked by clk_core  {rise@0.000ns fall@1.000ns period=2.000ns})
  Destination:            u_row_engine/u_mac3/product0/B[4]
                            (rising edge-triggered cell DSP48E1 clocked by clk_core  {rise@0.000ns fall@1.000ns period=2.000ns})
  Path Group:             clk_core
  Path Type:              Setup (Max at Slow Process Corner)
  Requirement:            2.000ns  (clk_core rise@2.000ns - clk_core rise@0.000ns)
  Data Path Delay:        4.699ns  (logic 1.443ns (30.707%)  route 3.256ns (69.293%))
  Logic Levels:           6  (CARRY4=1 LUT2=1 LUT3=1 LUT6=2 RAMD64E=1)
  Clock Path Skew:        -0.035ns (DCD - SCD + CPR)
    Destination Clock Delay (DCD):    0.669ns = ( 2.669 - 2.000 ) 
    Source Clock Delay      (SCD):    0.704ns
    Clock Pessimism Removal (CPR):    0.000ns
  Clock Uncertainty:      0.035ns  ((TSJ^2 + TIJ^2)^1/2 + DJ) / 2 + PE
    Total System Jitter     (TSJ):    0.071ns
    Total Input Jitter      (TIJ):    0.000ns
    Discrete Jitter          (DJ):    0.000ns
    Phase Error              (PE):    0.000ns

    Location             Delay type                Incr(ns)  Path(ns)    Netlist Resource(s)
  -------------------------------------------------------------------    -------------------
                         (clock clk_core rise edge)
                                                      0.000     0.000 r  
                                                      0.000     0.000 r  clk_core (IN)
                         net (fo=6971, unset)         0.704     0.704    clk_core
    SLICE_X48Y84         FDCE                                         r  tu_width_reg[1]_replica_7/C
  -------------------------------------------------------------------    -------------------
    SLICE_X48Y84         FDCE (Prop_fdce_C_Q)         0.393     1.097 f  tu_width_reg[1]_replica_7/Q
                         net (fo=2, routed)           0.185     1.282    u_row_rom/tu_width[1]_repN_7_alias
    SLICE_X49Y84         LUT2 (Prop_lut2_I0_O)        0.097     1.379 f  u_row_rom/coeff_reg_0_i_72/O
                         net (fo=2, routed)           0.278     1.657    u_row_engine/u_mac1/coeff_reg_0_i_29
    SLICE_X49Y83         LUT6 (Prop_lut6_I0_O)        0.097     1.754 r  u_row_engine/u_mac1/coeff_buf_reg_0_127_0_0_i_15/O
                         net (fo=46, routed)          0.785     2.539    u_row_engine/u_mac3/size_shift[1]
    SLICE_X41Y80         LUT3 (Prop_lut3_I0_O)        0.097     2.636 f  u_row_engine/u_mac3/coeff_buf_reg_r4_0_63_0_2_i_9/O
                         net (fo=1, routed)           0.000     2.636    u_row_engine/u_mac3/coeff_buf_reg_r4_0_63_0_2_i_9_n_0
    SLICE_X41Y80         CARRY4 (Prop_carry4_S[1]_O[2])
                                                      0.432     3.068 r  u_row_engine/u_mac3/coeff_buf_reg_r4_0_63_0_2_i_2/O[2]
                         net (fo=64, routed)          0.968     4.036    u_row_engine/coeff_buf_reg_r4_0_63_3_5/ADDRB2
    SLICE_X40Y74         RAMD64E (Prop_ramd64e_RADR2_O)
                                                      0.230     4.266 f  u_row_engine/coeff_buf_reg_r4_0_63_3_5/RAMB/O
                         net (fo=1, routed)           0.486     4.753    u_row_engine/u_mac3/product0_19
    SLICE_X41Y75         LUT6 (Prop_lut6_I5_O)        0.097     4.850 f  u_row_engine/u_mac3/product0_i_12__1/O
                         net (fo=1, routed)           0.554     5.403    u_row_engine/u_mac3/mac_coeff[3]_68[4]
    DSP48_X2Y30          DSP48E1                                      f  u_row_engine/u_mac3/product0/B[4]
  -------------------------------------------------------------------    -------------------

                         (clock clk_core rise edge)
                                                      2.000     2.000 r  
                                                      0.000     2.000 r  clk_core (IN)
                         net (fo=6971, unset)         0.669     2.669    u_row_engine/u_mac3/clk_core
    DSP48_X2Y30          DSP48E1                                      r  u_row_engine/u_mac3/product0/CLK
                         clock pessimism              0.000     2.669    
                         clock uncertainty           -0.035     2.633    
    DSP48_X2Y30          DSP48E1 (Setup_dsp48e1_CLK_B[4])
                                                     -2.608     0.025    u_row_engine/u_mac3/product0
  -------------------------------------------------------------------
                         required time                          0.025    
                         arrival time                          -5.403    
  -------------------------------------------------------------------
                         slack                                 -5.378    

Slack (VIOLATED) :        -5.378ns  (required time - arrival time)
  Source:                 tu_width_reg[1]_replica_7/C
                            (rising edge-triggered cell FDCE clocked by clk_core  {rise@0.000ns fall@1.000ns period=2.000ns})
  Destination:            u_row_engine/u_mac3/product0/B[4]
                            (rising edge-triggered cell DSP48E1 clocked by clk_core  {rise@0.000ns fall@1.000ns period=2.000ns})
  Path Group:             clk_core
  Path Type:              Setup (Max at Slow Process Corner)
  Requirement:            2.000ns  (clk_core rise@2.000ns - clk_core rise@0.000ns)
  Data Path Delay:        4.699ns  (logic 1.443ns (30.707%)  route 3.256ns (69.293%))
  Logic Levels:           6  (CARRY4=1 LUT2=1 LUT3=1 LUT6=2 RAMD64E=1)
  Clock Path Skew:        -0.035ns (DCD - SCD + CPR)
    Destination Clock Delay (DCD):    0.669ns = ( 2.669 - 2.000 ) 
    Source Clock Delay      (SCD):    0.704ns
    Clock Pessimism Removal (CPR):    0.000ns
  Clock Uncertainty:      0.035ns  ((TSJ^2 + TIJ^2)^1/2 + DJ) / 2 + PE
    Total System Jitter     (TSJ):    0.071ns
    Total Input Jitter      (TIJ):    0.000ns
    Discrete Jitter          (DJ):    0.000ns
    Phase Error              (PE):    0.000ns

    Location             Delay type                Incr(ns)  Path(ns)    Netlist Resource(s)
  -------------------------------------------------------------------    -------------------
                         (clock clk_core rise edge)
                                                      0.000     0.000 r  
                                                      0.000     0.000 r  clk_core (IN)
                         net (fo=6971, unset)         0.704     0.704    clk_core
    SLICE_X48Y84         FDCE                                         r  tu_width_reg[1]_replica_7/C
  -------------------------------------------------------------------    -------------------
    SLICE_X48Y84         FDCE (Prop_fdce_C_Q)         0.393     1.097 r  tu_width_reg[1]_replica_7/Q
                         net (fo=2, routed)           0.185     1.282    u_row_rom/tu_width[1]_repN_7_alias
    SLICE_X49Y84         LUT2 (Prop_lut2_I0_O)        0.097     1.379 r  u_row_rom/coeff_reg_0_i_72/O
                         net (fo=2, routed)           0.278     1.657    u_row_engine/u_mac1/coeff_reg_0_i_29
    SLICE_X49Y83         LUT6 (Prop_lut6_I0_O)        0.097     1.754 f  u_row_engine/u_mac1/coeff_buf_reg_0_127_0_0_i_15/O
                         net (fo=46, routed)          0.785     2.539    u_row_engine/u_mac3/size_shift[1]
    SLICE_X41Y80         LUT3 (Prop_lut3_I0_O)        0.097     2.636 f  u_row_engine/u_mac3/coeff_buf_reg_r4_0_63_0_2_i_9/O
                         net (fo=1, routed)           0.000     2.636    u_row_engine/u_mac3/coeff_buf_reg_r4_0_63_0_2_i_9_n_0
    SLICE_X41Y80         CARRY4 (Prop_carry4_S[1]_O[2])
                                                      0.432     3.068 r  u_row_engine/u_mac3/coeff_buf_reg_r4_0_63_0_2_i_2/O[2]
                         net (fo=64, routed)          0.968     4.036    u_row_engine/coeff_buf_reg_r4_0_63_3_5/ADDRB2
    SLICE_X40Y74         RAMD64E (Prop_ramd64e_RADR2_O)
                                                      0.230     4.266 f  u_row_engine/coeff_buf_reg_r4_0_63_3_5/RAMB/O
                         net (fo=1, routed)           0.486     4.753    u_row_engine/u_mac3/product0_19
    SLICE_X41Y75         LUT6 (Prop_lut6_I5_O)        0.097     4.850 f  u_row_engine/u_mac3/product0_i_12__1/O
                         net (fo=1, routed)           0.554     5.403    u_row_engine/u_mac3/mac_coeff[3]_68[4]
    DSP48_X2Y30          DSP48E1                                      f  u_row_engine/u_mac3/product0/B[4]
  -------------------------------------------------------------------    -------------------

                         (clock clk_core rise edge)
                                                      2.000     2.000 r  
                                                      0.000     2.000 r  clk_core (IN)
                         net (fo=6971, unset)         0.669     2.669    u_row_engine/u_mac3/clk_core
    DSP48_X2Y30          DSP48E1                                      r  u_row_engine/u_mac3/product0/CLK
                         clock pessimism              0.000     2.669    
                         clock uncertainty           -0.035     2.633    
    DSP48_X2Y30          DSP48E1 (Setup_dsp48e1_CLK_B[4])
                                                     -2.608     0.025    u_row_engine/u_mac3/product0
  -------------------------------------------------------------------
                         required time                          0.025    
                         arrival time                          -5.403    
  -------------------------------------------------------------------
                         slack                                 -5.378    

Slack (VIOLATED) :        -5.378ns  (required time - arrival time)
  Source:                 tu_width_reg[1]_replica_7/C
                            (rising edge-triggered cell FDCE clocked by clk_core  {rise@0.000ns fall@1.000ns period=2.000ns})
  Destination:            u_row_engine/u_mac3/product0/B[4]
                            (rising edge-triggered cell DSP48E1 clocked by clk_core  {rise@0.000ns fall@1.000ns period=2.000ns})
  Path Group:             clk_core
  Path Type:              Setup (Max at Slow Process Corner)
  Requirement:            2.000ns  (clk_core rise@2.000ns - clk_core rise@0.000ns)
  Data Path Delay:        4.699ns  (logic 1.443ns (30.707%)  route 3.256ns (69.293%))
  Logic Levels:           6  (CARRY4=1 LUT2=1 LUT3=1 LUT6=2 RAMD64E=1)
  Clock Path Skew:        -0.035ns (DCD - SCD + CPR)
    Destination Clock Delay (DCD):    0.669ns = ( 2.669 - 2.000 ) 
    Source Clock Delay      (SCD):    0.704ns
    Clock Pessimism Removal (CPR):    0.000ns
  Clock Uncertainty:      0.035ns  ((TSJ^2 + TIJ^2)^1/2 + DJ) / 2 + PE
    Total System Jitter     (TSJ):    0.071ns
    Total Input Jitter      (TIJ):    0.000ns
    Discrete Jitter          (DJ):    0.000ns
    Phase Error              (PE):    0.000ns

    Location             Delay type                Incr(ns)  Path(ns)    Netlist Resource(s)
  -------------------------------------------------------------------    -------------------
                         (clock clk_core rise edge)
                                                      0.000     0.000 r  
                                                      0.000     0.000 r  clk_core (IN)
                         net (fo=6971, unset)         0.704     0.704    clk_core
    SLICE_X48Y84         FDCE                                         r  tu_width_reg[1]_replica_7/C
  -------------------------------------------------------------------    -------------------
    SLICE_X48Y84         FDCE (Prop_fdce_C_Q)         0.393     1.097 f  tu_width_reg[1]_replica_7/Q
                         net (fo=2, routed)           0.185     1.282    u_row_rom/tu_width[1]_repN_7_alias
    SLICE_X49Y84         LUT2 (Prop_lut2_I0_O)        0.097     1.379 f  u_row_rom/coeff_reg_0_i_72/O
                         net (fo=2, routed)           0.278     1.657    u_row_engine/u_mac1/coeff_reg_0_i_29
    SLICE_X49Y83         LUT6 (Prop_lut6_I0_O)        0.097     1.754 r  u_row_engine/u_mac1/coeff_buf_reg_0_127_0_0_i_15/O
                         net (fo=46, routed)          0.785     2.539    u_row_engine/u_mac3/size_shift[1]
    SLICE_X41Y80         LUT3 (Prop_lut3_I0_O)        0.097     2.636 r  u_row_engine/u_mac3/coeff_buf_reg_r4_0_63_0_2_i_9/O
                         net (fo=1, routed)           0.000     2.636    u_row_engine/u_mac3/coeff_buf_reg_r4_0_63_0_2_i_9_n_0
    SLICE_X41Y80         CARRY4 (Prop_carry4_S[1]_O[2])
                                                      0.432     3.068 f  u_row_engine/u_mac3/coeff_buf_reg_r4_0_63_0_2_i_2/O[2]
                         net (fo=64, routed)          0.968     4.036    u_row_engine/coeff_buf_reg_r4_0_63_3_5/ADDRB2
    SLICE_X40Y74         RAMD64E (Prop_ramd64e_RADR2_O)
                                                      0.230     4.266 f  u_row_engine/coeff_buf_reg_r4_0_63_3_5/RAMB/O
                         net (fo=1, routed)           0.486     4.753    u_row_engine/u_mac3/product0_19
    SLICE_X41Y75         LUT6 (Prop_lut6_I5_O)        0.097     4.850 f  u_row_engine/u_mac3/product0_i_12__1/O
                         net (fo=1, routed)           0.554     5.403    u_row_engine/u_mac3/mac_coeff[3]_68[4]
    DSP48_X2Y30          DSP48E1                                      f  u_row_engine/u_mac3/product0/B[4]
  -------------------------------------------------------------------    -------------------

                         (clock clk_core rise edge)
                                                      2.000     2.000 r  
                                                      0.000     2.000 r  clk_core (IN)
                         net (fo=6971, unset)         0.669     2.669    u_row_engine/u_mac3/clk_core
    DSP48_X2Y30          DSP48E1                                      r  u_row_engine/u_mac3/product0/CLK
                         clock pessimism              0.000     2.669    
                         clock uncertainty           -0.035     2.633    
    DSP48_X2Y30          DSP48E1 (Setup_dsp48e1_CLK_B[4])
                                                     -2.608     0.025    u_row_engine/u_mac3/product0
  -------------------------------------------------------------------
                         required time                          0.025    
                         arrival time                          -5.403    
  -------------------------------------------------------------------
                         slack                                 -5.378    

Slack (VIOLATED) :        -5.378ns  (required time - arrival time)
  Source:                 tu_width_reg[1]_replica_7/C
                            (rising edge-triggered cell FDCE clocked by clk_core  {rise@0.000ns fall@1.000ns period=2.000ns})
  Destination:            u_row_engine/u_mac3/product0/B[4]
                            (rising edge-triggered cell DSP48E1 clocked by clk_core  {rise@0.000ns fall@1.000ns period=2.000ns})
  Path Group:             clk_core
  Path Type:              Setup (Max at Slow Process Corner)
  Requirement:            2.000ns  (clk_core rise@2.000ns - clk_core rise@0.000ns)
  Data Path Delay:        4.699ns  (logic 1.443ns (30.707%)  route 3.256ns (69.293%))
  Logic Levels:           6  (CARRY4=1 LUT2=1 LUT3=1 LUT6=2 RAMD64E=1)
  Clock Path Skew:        -0.035ns (DCD - SCD + CPR)
    Destination Clock Delay (DCD):    0.669ns = ( 2.669 - 2.000 ) 
    Source Clock Delay      (SCD):    0.704ns
    Clock Pessimism Removal (CPR):    0.000ns
  Clock Uncertainty:      0.035ns  ((TSJ^2 + TIJ^2)^1/2 + DJ) / 2 + PE
    Total System Jitter     (TSJ):    0.071ns
    Total Input Jitter      (TIJ):    0.000ns
    Discrete Jitter          (DJ):    0.000ns
    Phase Error              (PE):    0.000ns

    Location             Delay type                Incr(ns)  Path(ns)    Netlist Resource(s)
  -------------------------------------------------------------------    -------------------
                         (clock clk_core rise edge)
                                                      0.000     0.000 r  
                                                      0.000     0.000 r  clk_core (IN)
                         net (fo=6971, unset)         0.704     0.704    clk_core
    SLICE_X48Y84         FDCE                                         r  tu_width_reg[1]_replica_7/C
  -------------------------------------------------------------------    -------------------
    SLICE_X48Y84         FDCE (Prop_fdce_C_Q)         0.393     1.097 r  tu_width_reg[1]_replica_7/Q
                         net (fo=2, routed)           0.185     1.282    u_row_rom/tu_width[1]_repN_7_alias
    SLICE_X49Y84         LUT2 (Prop_lut2_I0_O)        0.097     1.379 r  u_row_rom/coeff_reg_0_i_72/O
                         net (fo=2, routed)           0.278     1.657    u_row_engine/u_mac1/coeff_reg_0_i_29
    SLICE_X49Y83         LUT6 (Prop_lut6_I0_O)        0.097     1.754 f  u_row_engine/u_mac1/coeff_buf_reg_0_127_0_0_i_15/O
                         net (fo=46, routed)          0.785     2.539    u_row_engine/u_mac3/size_shift[1]
    SLICE_X41Y80         LUT3 (Prop_lut3_I0_O)        0.097     2.636 r  u_row_engine/u_mac3/coeff_buf_reg_r4_0_63_0_2_i_9/O
                         net (fo=1, routed)           0.000     2.636    u_row_engine/u_mac3/coeff_buf_reg_r4_0_63_0_2_i_9_n_0
    SLICE_X41Y80         CARRY4 (Prop_carry4_S[1]_O[2])
                                                      0.432     3.068 f  u_row_engine/u_mac3/coeff_buf_reg_r4_0_63_0_2_i_2/O[2]
                         net (fo=64, routed)          0.968     4.036    u_row_engine/coeff_buf_reg_r4_0_63_3_5/ADDRB2
    SLICE_X40Y74         RAMD64E (Prop_ramd64e_RADR2_O)
                                                      0.230     4.266 f  u_row_engine/coeff_buf_reg_r4_0_63_3_5/RAMB/O
                         net (fo=1, routed)           0.486     4.753    u_row_engine/u_mac3/product0_19
    SLICE_X41Y75         LUT6 (Prop_lut6_I5_O)        0.097     4.850 f  u_row_engine/u_mac3/product0_i_12__1/O
                         net (fo=1, routed)           0.554     5.403    u_row_engine/u_mac3/mac_coeff[3]_68[4]
    DSP48_X2Y30          DSP48E1                                      f  u_row_engine/u_mac3/product0/B[4]
  -------------------------------------------------------------------    -------------------

                         (clock clk_core rise edge)
                                                      2.000     2.000 r  
                                                      0.000     2.000 r  clk_core (IN)
                         net (fo=6971, unset)         0.669     2.669    u_row_engine/u_mac3/clk_core
    DSP48_X2Y30          DSP48E1                                      r  u_row_engine/u_mac3/product0/CLK
                         clock pessimism              0.000     2.669    
                         clock uncertainty           -0.035     2.633    
    DSP48_X2Y30          DSP48E1 (Setup_dsp48e1_CLK_B[4])
                                                     -2.608     0.025    u_row_engine/u_mac3/product0
  -------------------------------------------------------------------
                         required time                          0.025    
                         arrival time                          -5.403    
  -------------------------------------------------------------------
                         slack                                 -5.378    

Slack (VIOLATED) :        -5.378ns  (required time - arrival time)
  Source:                 tu_width_reg[1]_replica_7/C
                            (rising edge-triggered cell FDCE clocked by clk_core  {rise@0.000ns fall@1.000ns period=2.000ns})
  Destination:            u_row_engine/u_mac3/product0/B[4]
                            (rising edge-triggered cell DSP48E1 clocked by clk_core  {rise@0.000ns fall@1.000ns period=2.000ns})
  Path Group:             clk_core
  Path Type:              Setup (Max at Slow Process Corner)
  Requirement:            2.000ns  (clk_core rise@2.000ns - clk_core rise@0.000ns)
  Data Path Delay:        4.699ns  (logic 1.443ns (30.707%)  route 3.256ns (69.293%))
  Logic Levels:           6  (CARRY4=1 LUT2=1 LUT3=1 LUT6=2 RAMD64E=1)
  Clock Path Skew:        -0.035ns (DCD - SCD + CPR)
    Destination Clock Delay (DCD):    0.669ns = ( 2.669 - 2.000 ) 
    Source Clock Delay      (SCD):    0.704ns
    Clock Pessimism Removal (CPR):    0.000ns
  Clock Uncertainty:      0.035ns  ((TSJ^2 + TIJ^2)^1/2 + DJ) / 2 + PE
    Total System Jitter     (TSJ):    0.071ns
    Total Input Jitter      (TIJ):    0.000ns
    Discrete Jitter          (DJ):    0.000ns
    Phase Error              (PE):    0.000ns

    Location             Delay type                Incr(ns)  Path(ns)    Netlist Resource(s)
  -------------------------------------------------------------------    -------------------
                         (clock clk_core rise edge)
                                                      0.000     0.000 r  
                                                      0.000     0.000 r  clk_core (IN)
                         net (fo=6971, unset)         0.704     0.704    clk_core
    SLICE_X48Y84         FDCE                                         r  tu_width_reg[1]_replica_7/C
  -------------------------------------------------------------------    -------------------
    SLICE_X48Y84         FDCE (Prop_fdce_C_Q)         0.393     1.097 f  tu_width_reg[1]_replica_7/Q
                         net (fo=2, routed)           0.185     1.282    u_row_rom/tu_width[1]_repN_7_alias
    SLICE_X49Y84         LUT2 (Prop_lut2_I0_O)        0.097     1.379 f  u_row_rom/coeff_reg_0_i_72/O
                         net (fo=2, routed)           0.278     1.657    u_row_engine/u_mac1/coeff_reg_0_i_29
    SLICE_X49Y83         LUT6 (Prop_lut6_I0_O)        0.097     1.754 r  u_row_engine/u_mac1/coeff_buf_reg_0_127_0_0_i_15/O
                         net (fo=46, routed)          0.785     2.539    u_row_engine/u_mac3/size_shift[1]
    SLICE_X41Y80         LUT3 (Prop_lut3_I0_O)        0.097     2.636 f  u_row_engine/u_mac3/coeff_buf_reg_r4_0_63_0_2_i_9/O
                         net (fo=1, routed)           0.000     2.636    u_row_engine/u_mac3/coeff_buf_reg_r4_0_63_0_2_i_9_n_0
    SLICE_X41Y80         CARRY4 (Prop_carry4_S[1]_O[2])
                                                      0.432     3.068 f  u_row_engine/u_mac3/coeff_buf_reg_r4_0_63_0_2_i_2/O[2]
                         net (fo=64, routed)          0.968     4.036    u_row_engine/coeff_buf_reg_r4_0_63_3_5/ADDRB2
    SLICE_X40Y74         RAMD64E (Prop_ramd64e_RADR2_O)
                                                      0.230     4.266 f  u_row_engine/coeff_buf_reg_r4_0_63_3_5/RAMB/O
                         net (fo=1, routed)           0.486     4.753    u_row_engine/u_mac3/product0_19
    SLICE_X41Y75         LUT6 (Prop_lut6_I5_O)        0.097     4.850 f  u_row_engine/u_mac3/product0_i_12__1/O
                         net (fo=1, routed)           0.554     5.403    u_row_engine/u_mac3/mac_coeff[3]_68[4]
    DSP48_X2Y30          DSP48E1                                      f  u_row_engine/u_mac3/product0/B[4]
  -------------------------------------------------------------------    -------------------

                         (clock clk_core rise edge)
                                                      2.000     2.000 r  
                                                      0.000     2.000 r  clk_core (IN)
                         net (fo=6971, unset)         0.669     2.669    u_row_engine/u_mac3/clk_core
    DSP48_X2Y30          DSP48E1                                      r  u_row_engine/u_mac3/product0/CLK
                         clock pessimism              0.000     2.669    
                         clock uncertainty           -0.035     2.633    
    DSP48_X2Y30          DSP48E1 (Setup_dsp48e1_CLK_B[4])
                                                     -2.608     0.025    u_row_engine/u_mac3/product0
  -------------------------------------------------------------------
                         required time                          0.025    
                         arrival time                          -5.403    
  -------------------------------------------------------------------
                         slack                                 -5.378    

Slack (VIOLATED) :        -5.378ns  (required time - arrival time)
  Source:                 tu_width_reg[1]_replica_7/C
                            (rising edge-triggered cell FDCE clocked by clk_core  {rise@0.000ns fall@1.000ns period=2.000ns})
  Destination:            u_row_engine/u_mac3/product0/B[4]
                            (rising edge-triggered cell DSP48E1 clocked by clk_core  {rise@0.000ns fall@1.000ns period=2.000ns})
  Path Group:             clk_core
  Path Type:              Setup (Max at Slow Process Corner)
  Requirement:            2.000ns  (clk_core rise@2.000ns - clk_core rise@0.000ns)
  Data Path Delay:        4.699ns  (logic 1.443ns (30.707%)  route 3.256ns (69.293%))
  Logic Levels:           6  (CARRY4=1 LUT2=1 LUT3=1 LUT6=2 RAMD64E=1)
  Clock Path Skew:        -0.035ns (DCD - SCD + CPR)
    Destination Clock Delay (DCD):    0.669ns = ( 2.669 - 2.000 ) 
    Source Clock Delay      (SCD):    0.704ns
    Clock Pessimism Removal (CPR):    0.000ns
  Clock Uncertainty:      0.035ns  ((TSJ^2 + TIJ^2)^1/2 + DJ) / 2 + PE
    Total System Jitter     (TSJ):    0.071ns
    Total Input Jitter      (TIJ):    0.000ns
    Discrete Jitter          (DJ):    0.000ns
    Phase Error              (PE):    0.000ns

    Location             Delay type                Incr(ns)  Path(ns)    Netlist Resource(s)
  -------------------------------------------------------------------    -------------------
                         (clock clk_core rise edge)
                                                      0.000     0.000 r  
                                                      0.000     0.000 r  clk_core (IN)
                         net (fo=6971, unset)         0.704     0.704    clk_core
    SLICE_X48Y84         FDCE                                         r  tu_width_reg[1]_replica_7/C
  -------------------------------------------------------------------    -------------------
    SLICE_X48Y84         FDCE (Prop_fdce_C_Q)         0.393     1.097 r  tu_width_reg[1]_replica_7/Q
                         net (fo=2, routed)           0.185     1.282    u_row_rom/tu_width[1]_repN_7_alias
    SLICE_X49Y84         LUT2 (Prop_lut2_I0_O)        0.097     1.379 r  u_row_rom/coeff_reg_0_i_72/O
                         net (fo=2, routed)           0.278     1.657    u_row_engine/u_mac1/coeff_reg_0_i_29
    SLICE_X49Y83         LUT6 (Prop_lut6_I0_O)        0.097     1.754 f  u_row_engine/u_mac1/coeff_buf_reg_0_127_0_0_i_15/O
                         net (fo=46, routed)          0.785     2.539    u_row_engine/u_mac3/size_shift[1]
    SLICE_X41Y80         LUT3 (Prop_lut3_I0_O)        0.097     2.636 f  u_row_engine/u_mac3/coeff_buf_reg_r4_0_63_0_2_i_9/O
                         net (fo=1, routed)           0.000     2.636    u_row_engine/u_mac3/coeff_buf_reg_r4_0_63_0_2_i_9_n_0
    SLICE_X41Y80         CARRY4 (Prop_carry4_S[1]_O[2])
                                                      0.432     3.068 f  u_row_engine/u_mac3/coeff_buf_reg_r4_0_63_0_2_i_2/O[2]
                         net (fo=64, routed)          0.968     4.036    u_row_engine/coeff_buf_reg_r4_0_63_3_5/ADDRB2
    SLICE_X40Y74         RAMD64E (Prop_ramd64e_RADR2_O)
                                                      0.230     4.266 f  u_row_engine/coeff_buf_reg_r4_0_63_3_5/RAMB/O
                         net (fo=1, routed)           0.486     4.753    u_row_engine/u_mac3/product0_19
    SLICE_X41Y75         LUT6 (Prop_lut6_I5_O)        0.097     4.850 f  u_row_engine/u_mac3/product0_i_12__1/O
                         net (fo=1, routed)           0.554     5.403    u_row_engine/u_mac3/mac_coeff[3]_68[4]
    DSP48_X2Y30          DSP48E1                                      f  u_row_engine/u_mac3/product0/B[4]
  -------------------------------------------------------------------    -------------------

                         (clock clk_core rise edge)
                                                      2.000     2.000 r  
                                                      0.000     2.000 r  clk_core (IN)
                         net (fo=6971, unset)         0.669     2.669    u_row_engine/u_mac3/clk_core
    DSP48_X2Y30          DSP48E1                                      r  u_row_engine/u_mac3/product0/CLK
                         clock pessimism              0.000     2.669    
                         clock uncertainty           -0.035     2.633    
    DSP48_X2Y30          DSP48E1 (Setup_dsp48e1_CLK_B[4])
                                                     -2.608     0.025    u_row_engine/u_mac3/product0
  -------------------------------------------------------------------
                         required time                          0.025    
                         arrival time                          -5.403    
  -------------------------------------------------------------------
                         slack                                 -5.378    

Slack (VIOLATED) :        -5.361ns  (required time - arrival time)
  Source:                 tu_width_reg[1]_replica_7/C
                            (rising edge-triggered cell FDCE clocked by clk_core  {rise@0.000ns fall@1.000ns period=2.000ns})
  Destination:            u_row_engine/u_mac3/product0/B[4]
                            (rising edge-triggered cell DSP48E1 clocked by clk_core  {rise@0.000ns fall@1.000ns period=2.000ns})
  Path Group:             clk_core
  Path Type:              Setup (Max at Slow Process Corner)
  Requirement:            2.000ns  (clk_core rise@2.000ns - clk_core rise@0.000ns)
  Data Path Delay:        4.682ns  (logic 1.309ns (27.956%)  route 3.373ns (72.044%))
  Logic Levels:           6  (CARRY4=1 LUT2=1 LUT6=3 RAMD64E=1)
  Clock Path Skew:        -0.035ns (DCD - SCD + CPR)
    Destination Clock Delay (DCD):    0.669ns = ( 2.669 - 2.000 ) 
    Source Clock Delay      (SCD):    0.704ns
    Clock Pessimism Removal (CPR):    0.000ns
  Clock Uncertainty:      0.035ns  ((TSJ^2 + TIJ^2)^1/2 + DJ) / 2 + PE
    Total System Jitter     (TSJ):    0.071ns
    Total Input Jitter      (TIJ):    0.000ns
    Discrete Jitter          (DJ):    0.000ns
    Phase Error              (PE):    0.000ns

    Location             Delay type                Incr(ns)  Path(ns)    Netlist Resource(s)
  -------------------------------------------------------------------    -------------------
                         (clock clk_core rise edge)
                                                      0.000     0.000 r  
                                                      0.000     0.000 r  clk_core (IN)
                         net (fo=6971, unset)         0.704     0.704    clk_core
    SLICE_X48Y84         FDCE                                         r  tu_width_reg[1]_replica_7/C
  -------------------------------------------------------------------    -------------------
    SLICE_X48Y84         FDCE (Prop_fdce_C_Q)         0.393     1.097 f  tu_width_reg[1]_replica_7/Q
                         net (fo=2, routed)           0.185     1.282    u_row_rom/tu_width[1]_repN_7_alias
    SLICE_X49Y84         LUT2 (Prop_lut2_I0_O)        0.097     1.379 f  u_row_rom/coeff_reg_0_i_72/O
                         net (fo=2, routed)           0.278     1.657    u_row_engine/u_mac1/coeff_reg_0_i_29
    SLICE_X49Y83         LUT6 (Prop_lut6_I0_O)        0.097     1.754 r  u_row_engine/u_mac1/coeff_buf_reg_0_127_0_0_i_15/O
                         net (fo=46, routed)          0.758     2.512    u_row_engine/u_mac3/size_shift[1]
    SLICE_X41Y80         LUT6 (Prop_lut6_I3_O)        0.097     2.609 r  u_row_engine/u_mac3/coeff_buf_reg_r4_0_63_0_2_i_10/O
                         net (fo=1, routed)           0.000     2.609    u_row_engine/u_mac3/coeff_buf_reg_r4_0_63_0_2_i_10_n_0
    SLICE_X41Y80         CARRY4 (Prop_carry4_S[0]_O[1])
                                                      0.303     2.912 r  u_row_engine/u_mac3/coeff_buf_reg_r4_0_63_0_2_i_2/O[1]
                         net (fo=64, routed)          1.114     4.026    u_row_engine/coeff_buf_reg_r4_128_191_3_5/ADDRB1
    SLICE_X40Y75         RAMD64E (Prop_ramd64e_RADR1_O)
                                                      0.225     4.251 r  u_row_engine/coeff_buf_reg_r4_128_191_3_5/RAMB/O
                         net (fo=1, routed)           0.485     4.736    u_row_engine/u_mac3/product0_17
    SLICE_X41Y75         LUT6 (Prop_lut6_I1_O)        0.097     4.833 r  u_row_engine/u_mac3/product0_i_12__1/O
                         net (fo=1, routed)           0.554     5.386    u_row_engine/u_mac3/mac_coeff[3]_68[4]
    DSP48_X2Y30          DSP48E1                                      r  u_row_engine/u_mac3/product0/B[4]
  -------------------------------------------------------------------    -------------------

                         (clock clk_core rise edge)
                                                      2.000     2.000 r  
                                                      0.000     2.000 r  clk_core (IN)
                         net (fo=6971, unset)         0.669     2.669    u_row_engine/u_mac3/clk_core
    DSP48_X2Y30          DSP48E1                                      r  u_row_engine/u_mac3/product0/CLK
                         clock pessimism              0.000     2.669    
                         clock uncertainty           -0.035     2.633    
    DSP48_X2Y30          DSP48E1 (Setup_dsp48e1_CLK_B[4])
                                                     -2.608     0.025    u_row_engine/u_mac3/product0
  -------------------------------------------------------------------
                         required time                          0.025    
                         arrival time                          -5.386    
  -------------------------------------------------------------------
                         slack                                 -5.361    

Slack (VIOLATED) :        -5.361ns  (required time - arrival time)
  Source:                 tu_width_reg[1]_replica_7/C
                            (rising edge-triggered cell FDCE clocked by clk_core  {rise@0.000ns fall@1.000ns period=2.000ns})
  Destination:            u_row_engine/u_mac3/product0/B[4]
                            (rising edge-triggered cell DSP48E1 clocked by clk_core  {rise@0.000ns fall@1.000ns period=2.000ns})
  Path Group:             clk_core
  Path Type:              Setup (Max at Slow Process Corner)
  Requirement:            2.000ns  (clk_core rise@2.000ns - clk_core rise@0.000ns)
  Data Path Delay:        4.682ns  (logic 1.309ns (27.956%)  route 3.373ns (72.044%))
  Logic Levels:           6  (CARRY4=1 LUT2=1 LUT6=3 RAMD64E=1)
  Clock Path Skew:        -0.035ns (DCD - SCD + CPR)
    Destination Clock Delay (DCD):    0.669ns = ( 2.669 - 2.000 ) 
    Source Clock Delay      (SCD):    0.704ns
    Clock Pessimism Removal (CPR):    0.000ns
  Clock Uncertainty:      0.035ns  ((TSJ^2 + TIJ^2)^1/2 + DJ) / 2 + PE
    Total System Jitter     (TSJ):    0.071ns
    Total Input Jitter      (TIJ):    0.000ns
    Discrete Jitter          (DJ):    0.000ns
    Phase Error              (PE):    0.000ns

    Location             Delay type                Incr(ns)  Path(ns)    Netlist Resource(s)
  -------------------------------------------------------------------    -------------------
                         (clock clk_core rise edge)
                                                      0.000     0.000 r  
                                                      0.000     0.000 r  clk_core (IN)
                         net (fo=6971, unset)         0.704     0.704    clk_core
    SLICE_X48Y84         FDCE                                         r  tu_width_reg[1]_replica_7/C
  -------------------------------------------------------------------    -------------------
    SLICE_X48Y84         FDCE (Prop_fdce_C_Q)         0.393     1.097 r  tu_width_reg[1]_replica_7/Q
                         net (fo=2, routed)           0.185     1.282    u_row_rom/tu_width[1]_repN_7_alias
    SLICE_X49Y84         LUT2 (Prop_lut2_I0_O)        0.097     1.379 r  u_row_rom/coeff_reg_0_i_72/O
                         net (fo=2, routed)           0.278     1.657    u_row_engine/u_mac1/coeff_reg_0_i_29
    SLICE_X49Y83         LUT6 (Prop_lut6_I0_O)        0.097     1.754 f  u_row_engine/u_mac1/coeff_buf_reg_0_127_0_0_i_15/O
                         net (fo=46, routed)          0.758     2.512    u_row_engine/u_mac3/size_shift[1]
    SLICE_X41Y80         LUT6 (Prop_lut6_I3_O)        0.097     2.609 r  u_row_engine/u_mac3/coeff_buf_reg_r4_0_63_0_2_i_10/O
                         net (fo=1, routed)           0.000     2.609    u_row_engine/u_mac3/coeff_buf_reg_r4_0_63_0_2_i_10_n_0
    SLICE_X41Y80         CARRY4 (Prop_carry4_S[0]_O[1])
                                                      0.303     2.912 r  u_row_engine/u_mac3/coeff_buf_reg_r4_0_63_0_2_i_2/O[1]
                         net (fo=64, routed)          1.114     4.026    u_row_engine/coeff_buf_reg_r4_128_191_3_5/ADDRB1
    SLICE_X40Y75         RAMD64E (Prop_ramd64e_RADR1_O)
                                                      0.225     4.251 r  u_row_engine/coeff_buf_reg_r4_128_191_3_5/RAMB/O
                         net (fo=1, routed)           0.485     4.736    u_row_engine/u_mac3/product0_17
    SLICE_X41Y75         LUT6 (Prop_lut6_I1_O)        0.097     4.833 r  u_row_engine/u_mac3/product0_i_12__1/O
                         net (fo=1, routed)           0.554     5.386    u_row_engine/u_mac3/mac_coeff[3]_68[4]
    DSP48_X2Y30          DSP48E1                                      r  u_row_engine/u_mac3/product0/B[4]
  -------------------------------------------------------------------    -------------------

                         (clock clk_core rise edge)
                                                      2.000     2.000 r  
                                                      0.000     2.000 r  clk_core (IN)
                         net (fo=6971, unset)         0.669     2.669    u_row_engine/u_mac3/clk_core
    DSP48_X2Y30          DSP48E1                                      r  u_row_engine/u_mac3/product0/CLK
                         clock pessimism              0.000     2.669    
                         clock uncertainty           -0.035     2.633    
    DSP48_X2Y30          DSP48E1 (Setup_dsp48e1_CLK_B[4])
                                                     -2.608     0.025    u_row_engine/u_mac3/product0
  -------------------------------------------------------------------
                         required time                          0.025    
                         arrival time                          -5.386    
  -------------------------------------------------------------------
                         slack                                 -5.361    

Slack (VIOLATED) :        -5.361ns  (required time - arrival time)
  Source:                 tu_width_reg[1]_replica_7/C
                            (rising edge-triggered cell FDCE clocked by clk_core  {rise@0.000ns fall@1.000ns period=2.000ns})
  Destination:            u_row_engine/u_mac3/product0/B[4]
                            (rising edge-triggered cell DSP48E1 clocked by clk_core  {rise@0.000ns fall@1.000ns period=2.000ns})
  Path Group:             clk_core
  Path Type:              Setup (Max at Slow Process Corner)
  Requirement:            2.000ns  (clk_core rise@2.000ns - clk_core rise@0.000ns)
  Data Path Delay:        4.682ns  (logic 1.309ns (27.956%)  route 3.373ns (72.044%))
  Logic Levels:           6  (CARRY4=1 LUT2=1 LUT6=3 RAMD64E=1)
  Clock Path Skew:        -0.035ns (DCD - SCD + CPR)
    Destination Clock Delay (DCD):    0.669ns = ( 2.669 - 2.000 ) 
    Source Clock Delay      (SCD):    0.704ns
    Clock Pessimism Removal (CPR):    0.000ns
  Clock Uncertainty:      0.035ns  ((TSJ^2 + TIJ^2)^1/2 + DJ) / 2 + PE
    Total System Jitter     (TSJ):    0.071ns
    Total Input Jitter      (TIJ):    0.000ns
    Discrete Jitter          (DJ):    0.000ns
    Phase Error              (PE):    0.000ns

    Location             Delay type                Incr(ns)  Path(ns)    Netlist Resource(s)
  -------------------------------------------------------------------    -------------------
                         (clock clk_core rise edge)
                                                      0.000     0.000 r  
                                                      0.000     0.000 r  clk_core (IN)
                         net (fo=6971, unset)         0.704     0.704    clk_core
    SLICE_X48Y84         FDCE                                         r  tu_width_reg[1]_replica_7/C
  -------------------------------------------------------------------    -------------------
    SLICE_X48Y84         FDCE (Prop_fdce_C_Q)         0.393     1.097 f  tu_width_reg[1]_replica_7/Q
                         net (fo=2, routed)           0.185     1.282    u_row_rom/tu_width[1]_repN_7_alias
    SLICE_X49Y84         LUT2 (Prop_lut2_I0_O)        0.097     1.379 f  u_row_rom/coeff_reg_0_i_72/O
                         net (fo=2, routed)           0.278     1.657    u_row_engine/u_mac1/coeff_reg_0_i_29
    SLICE_X49Y83         LUT6 (Prop_lut6_I0_O)        0.097     1.754 r  u_row_engine/u_mac1/coeff_buf_reg_0_127_0_0_i_15/O
                         net (fo=46, routed)          0.758     2.512    u_row_engine/u_mac3/size_shift[1]
    SLICE_X41Y80         LUT6 (Prop_lut6_I3_O)        0.097     2.609 f  u_row_engine/u_mac3/coeff_buf_reg_r4_0_63_0_2_i_10/O
                         net (fo=1, routed)           0.000     2.609    u_row_engine/u_mac3/coeff_buf_reg_r4_0_63_0_2_i_10_n_0
    SLICE_X41Y80         CARRY4 (Prop_carry4_S[0]_O[1])
                                                      0.303     2.912 r  u_row_engine/u_mac3/coeff_buf_reg_r4_0_63_0_2_i_2/O[1]
                         net (fo=64, routed)          1.114     4.026    u_row_engine/coeff_buf_reg_r4_128_191_3_5/ADDRB1
    SLICE_X40Y75         RAMD64E (Prop_ramd64e_RADR1_O)
                                                      0.225     4.251 r  u_row_engine/coeff_buf_reg_r4_128_191_3_5/RAMB/O
                         net (fo=1, routed)           0.485     4.736    u_row_engine/u_mac3/product0_17
    SLICE_X41Y75         LUT6 (Prop_lut6_I1_O)        0.097     4.833 r  u_row_engine/u_mac3/product0_i_12__1/O
                         net (fo=1, routed)           0.554     5.386    u_row_engine/u_mac3/mac_coeff[3]_68[4]
    DSP48_X2Y30          DSP48E1                                      r  u_row_engine/u_mac3/product0/B[4]
  -------------------------------------------------------------------    -------------------

                         (clock clk_core rise edge)
                                                      2.000     2.000 r  
                                                      0.000     2.000 r  clk_core (IN)
                         net (fo=6971, unset)         0.669     2.669    u_row_engine/u_mac3/clk_core
    DSP48_X2Y30          DSP48E1                                      r  u_row_engine/u_mac3/product0/CLK
                         clock pessimism              0.000     2.669    
                         clock uncertainty           -0.035     2.633    
    DSP48_X2Y30          DSP48E1 (Setup_dsp48e1_CLK_B[4])
                                                     -2.608     0.025    u_row_engine/u_mac3/product0
  -------------------------------------------------------------------
                         required time                          0.025    
                         arrival time                          -5.386    
  -------------------------------------------------------------------
                         slack                                 -5.361    

Slack (VIOLATED) :        -5.361ns  (required time - arrival time)
  Source:                 tu_width_reg[1]_replica_7/C
                            (rising edge-triggered cell FDCE clocked by clk_core  {rise@0.000ns fall@1.000ns period=2.000ns})
  Destination:            u_row_engine/u_mac3/product0/B[4]
                            (rising edge-triggered cell DSP48E1 clocked by clk_core  {rise@0.000ns fall@1.000ns period=2.000ns})
  Path Group:             clk_core
  Path Type:              Setup (Max at Slow Process Corner)
  Requirement:            2.000ns  (clk_core rise@2.000ns - clk_core rise@0.000ns)
  Data Path Delay:        4.682ns  (logic 1.309ns (27.956%)  route 3.373ns (72.044%))
  Logic Levels:           6  (CARRY4=1 LUT2=1 LUT6=3 RAMD64E=1)
  Clock Path Skew:        -0.035ns (DCD - SCD + CPR)
    Destination Clock Delay (DCD):    0.669ns = ( 2.669 - 2.000 ) 
    Source Clock Delay      (SCD):    0.704ns
    Clock Pessimism Removal (CPR):    0.000ns
  Clock Uncertainty:      0.035ns  ((TSJ^2 + TIJ^2)^1/2 + DJ) / 2 + PE
    Total System Jitter     (TSJ):    0.071ns
    Total Input Jitter      (TIJ):    0.000ns
    Discrete Jitter          (DJ):    0.000ns
    Phase Error              (PE):    0.000ns

    Location             Delay type                Incr(ns)  Path(ns)    Netlist Resource(s)
  -------------------------------------------------------------------    -------------------
                         (clock clk_core rise edge)
                                                      0.000     0.000 r  
                                                      0.000     0.000 r  clk_core (IN)
                         net (fo=6971, unset)         0.704     0.704    clk_core
    SLICE_X48Y84         FDCE                                         r  tu_width_reg[1]_replica_7/C
  -------------------------------------------------------------------    -------------------
    SLICE_X48Y84         FDCE (Prop_fdce_C_Q)         0.393     1.097 r  tu_width_reg[1]_replica_7/Q
                         net (fo=2, routed)           0.185     1.282    u_row_rom/tu_width[1]_repN_7_alias
    SLICE_X49Y84         LUT2 (Prop_lut2_I0_O)        0.097     1.379 r  u_row_rom/coeff_reg_0_i_72/O
                         net (fo=2, routed)           0.278     1.657    u_row_engine/u_mac1/coeff_reg_0_i_29
    SLICE_X49Y83         LUT6 (Prop_lut6_I0_O)        0.097     1.754 f  u_row_engine/u_mac1/coeff_buf_reg_0_127_0_0_i_15/O
                         net (fo=46, routed)          0.758     2.512    u_row_engine/u_mac3/size_shift[1]
    SLICE_X41Y80         LUT6 (Prop_lut6_I3_O)        0.097     2.609 f  u_row_engine/u_mac3/coeff_buf_reg_r4_0_63_0_2_i_10/O
                         net (fo=1, routed)           0.000     2.609    u_row_engine/u_mac3/coeff_buf_reg_r4_0_63_0_2_i_10_n_0
    SLICE_X41Y80         CARRY4 (Prop_carry4_S[0]_O[1])
                                                      0.303     2.912 r  u_row_engine/u_mac3/coeff_buf_reg_r4_0_63_0_2_i_2/O[1]
                         net (fo=64, routed)          1.114     4.026    u_row_engine/coeff_buf_reg_r4_128_191_3_5/ADDRB1
    SLICE_X40Y75         RAMD64E (Prop_ramd64e_RADR1_O)
                                                      0.225     4.251 r  u_row_engine/coeff_buf_reg_r4_128_191_3_5/RAMB/O
                         net (fo=1, routed)           0.485     4.736    u_row_engine/u_mac3/product0_17
    SLICE_X41Y75         LUT6 (Prop_lut6_I1_O)        0.097     4.833 r  u_row_engine/u_mac3/product0_i_12__1/O
                         net (fo=1, routed)           0.554     5.386    u_row_engine/u_mac3/mac_coeff[3]_68[4]
    DSP48_X2Y30          DSP48E1                                      r  u_row_engine/u_mac3/product0/B[4]
  -------------------------------------------------------------------    -------------------

                         (clock clk_core rise edge)
                                                      2.000     2.000 r  
                                                      0.000     2.000 r  clk_core (IN)
                         net (fo=6971, unset)         0.669     2.669    u_row_engine/u_mac3/clk_core
    DSP48_X2Y30          DSP48E1                                      r  u_row_engine/u_mac3/product0/CLK
                         clock pessimism              0.000     2.669    
                         clock uncertainty           -0.035     2.633    
    DSP48_X2Y30          DSP48E1 (Setup_dsp48e1_CLK_B[4])
                                                     -2.608     0.025    u_row_engine/u_mac3/product0
  -------------------------------------------------------------------
                         required time                          0.025    
                         arrival time                          -5.386    
  -------------------------------------------------------------------
                         slack                                 -5.361    




