Copyright 1986-2022 Xilinx, Inc. All Rights Reserved. Copyright 2022-2024 Advanced Micro Devices, Inc. All Rights Reserved.
---------------------------------------------------------------------------------------------------------------------------------------------
| Tool Version : Vivado v.2024.1 (win64) Build 5076996 Wed May 22 18:37:14 MDT 2024
| Date         : Wed Jun 10 18:12:04 2026
| Host         : lab running 64-bit major release  (build 9200)
| Command      : report_timing_summary -file D:/WorkSpace/its_vvc/synth/core_500_timing_synth.rpt
| Design       : its_core_500
| Device       : 7a200t-fbg484
| Speed File   : -3  PRODUCTION 1.23 2018-06-13
| Design State : Synthesized
---------------------------------------------------------------------------------------------------------------------------------------------

Timing Summary Report

------------------------------------------------------------------------------------------------
| Timer Settings
| --------------
------------------------------------------------------------------------------------------------

  Enable Multi Corner Analysis               :  Yes
  Enable Pessimism Removal                   :  Yes
  Pessimism Removal Resolution               :  Nearest Common Node
  Enable Input Delay Default Clock           :  No
  Enable Preset / Clear Arcs                 :  No
  Disable Flight Delays                      :  No
  Ignore I/O Paths                           :  No
  Timing Early Launch at Borrowing Latches   :  No
  Borrow Time for Max Delay Exceptions       :  Yes
  Merge Timing Exceptions                    :  Yes
  Inter-SLR Compensation                     :  Conservative

  Corner  Analyze    Analyze    
  Name    Max Paths  Min Paths  
  ------  ---------  ---------  
  Slow    Yes        Yes        
  Fast    Yes        Yes        


------------------------------------------------------------------------------------------------
| Report Methodology
| ------------------
------------------------------------------------------------------------------------------------

No report available as report_methodology has not been run prior. Run report_methodology on the current design for the summary of methodology violations.



check_timing report

Table of Contents
-----------------
1. checking no_clock (0)
2. checking constant_clock (0)
3. checking pulse_width_clock (0)
4. checking unconstrained_internal_endpoints (0)
5. checking no_input_delay (1)
6. checking no_output_delay (0)
7. checking multiple_clock (0)
8. checking generated_clocks (0)
9. checking loops (0)
10. checking partial_input_delay (0)
11. checking partial_output_delay (0)
12. checking latch_loops (0)

1. checking no_clock (0)
------------------------
 There are 0 register/latch pins with no clock.


2. checking constant_clock (0)
------------------------------
 There are 0 register/latch pins with constant_clock.


3. checking pulse_width_clock (0)
---------------------------------
 There are 0 register/latch pins which need pulse_width check


4. checking unconstrained_internal_endpoints (0)
------------------------------------------------
 There are 0 pins that are not constrained for maximum delay.

 There are 0 pins that are not constrained for maximum delay due to constant clock.


5. checking no_input_delay (1)
------------------------------
 There are 0 input ports with no input delay specified.

 There is 1 input port with no input delay but user has a false path constraint. (MEDIUM)


6. checking no_output_delay (0)
-------------------------------
 There are 0 ports with no output delay specified.

 There are 0 ports with no output delay but user has a false path constraint

 There are 0 ports with no output delay but with a timing clock defined on it or propagating through it


7. checking multiple_clock (0)
------------------------------
 There are 0 register/latch pins with multiple clocks.


8. checking generated_clocks (0)
--------------------------------
 There are 0 generated clocks that are not connected to a clock source.


9. checking loops (0)
---------------------
 There are 0 combinational loops in the design.


10. checking partial_input_delay (0)
------------------------------------
 There are 0 input ports with partial input delay specified.


11. checking partial_output_delay (0)
-------------------------------------
 There are 0 ports with partial output delay specified.


12. checking latch_loops (0)
----------------------------
 There are 0 combinational latch loops in the design through latch input



------------------------------------------------------------------------------------------------
| Design Timing Summary
| ---------------------
------------------------------------------------------------------------------------------------

    WNS(ns)      TNS(ns)  TNS Failing Endpoints  TNS Total Endpoints      WHS(ns)      THS(ns)  THS Failing Endpoints  THS Total Endpoints     WPWS(ns)     TPWS(ns)  TPWS Failing Endpoints  TPWS Total Endpoints  
    -------      -------  ---------------------  -------------------      -------      -------  ---------------------  -------------------     --------     --------  ----------------------  --------------------  
     -5.378   -58158.770                  26429                40106       -0.111       -2.782                     26                40106       -0.234     -222.473                    4420                  6857  


Timing constraints are not met.


------------------------------------------------------------------------------------------------
| Clock Summary
| -------------
------------------------------------------------------------------------------------------------

Clock     Waveform(ns)         Period(ns)      Frequency(MHz)
-----     ------------         ----------      --------------
clk_core  {0.000 1.000}        2.000           500.000         


------------------------------------------------------------------------------------------------
| Intra Clock Table
| -----------------
------------------------------------------------------------------------------------------------

Clock             WNS(ns)      TNS(ns)  TNS Failing Endpoints  TNS Total Endpoints      WHS(ns)      THS(ns)  THS Failing Endpoints  THS Total Endpoints     WPWS(ns)     TPWS(ns)  TPWS Failing Endpoints  TPWS Total Endpoints  
-----             -------      -------  ---------------------  -------------------      -------      -------  ---------------------  -------------------     --------     --------  ----------------------  --------------------  
clk_core           -5.378   -58158.770                  26429                40106       -0.111       -2.782                     26                40106       -0.234     -222.473                    4420                  6857  


------------------------------------------------------------------------------------------------
| Inter Clock Table
| -----------------
------------------------------------------------------------------------------------------------

From Clock    To Clock          WNS(ns)      TNS(ns)  TNS Failing Endpoints  TNS Total Endpoints      WHS(ns)      THS(ns)  THS Failing Endpoints  THS Total Endpoints  
----------    --------          -------      -------  ---------------------  -------------------      -------      -------  ---------------------  -------------------  


------------------------------------------------------------------------------------------------
| Other Path Groups Table
| -----------------------
------------------------------------------------------------------------------------------------

Path Group    From Clock    To Clock          WNS(ns)      TNS(ns)  TNS Failing Endpoints  TNS Total Endpoints      WHS(ns)      THS(ns)  THS Failing Endpoints  THS Total Endpoints  
----------    ----------    --------          -------      -------  ---------------------  -------------------      -------      -------  ---------------------  -------------------  


------------------------------------------------------------------------------------------------
| Timing Details
| --------------
------------------------------------------------------------------------------------------------


---------------------------------------------------------------------------------------------------
From Clock:  clk_core
  To Clock:  clk_core

Setup :        26429  Failing Endpoints,  Worst Slack       -5.378ns,  Total Violation   -58158.770ns
Hold  :           26  Failing Endpoints,  Worst Slack       -0.111ns,  Total Violation       -2.782ns
PW    :         4420  Failing Endpoints,  Worst Slack       -0.234ns,  Total Violation     -222.473ns
---------------------------------------------------------------------------------------------------


Max Delay Paths
--------------------------------------------------------------------------------------
Slack (VIOLATED) :        -5.378ns  (required time - arrival time)
  Source:                 tu_width_reg[2]/C
                            (rising edge-triggered cell FDCE clocked by clk_core  {rise@0.000ns fall@1.000ns period=2.000ns})
  Destination:            u_row_engine/u_mac1/product0/B[0]
                            (rising edge-triggered cell DSP48E1 clocked by clk_core  {rise@0.000ns fall@1.000ns period=2.000ns})
  Path Group:             clk_core
  Path Type:              Setup (Max at Slow Process Corner)
  Requirement:            2.000ns  (clk_core rise@2.000ns - clk_core rise@0.000ns)
  Data Path Delay:        4.699ns  (logic 1.253ns (26.664%)  route 3.446ns (73.336%))
  Logic Levels:           5  (CARRY4=1 LUT5=1 LUT6=2 RAMD64E=1)
  Clock Path Skew:        -0.035ns (DCD - SCD + CPR)
    Destination Clock Delay (DCD):    0.669ns = ( 2.669 - 2.000 ) 
    Source Clock Delay      (SCD):    0.704ns
    Clock Pessimism Removal (CPR):    0.000ns
  Clock Uncertainty:      0.035ns  ((TSJ^2 + TIJ^2)^1/2 + DJ) / 2 + PE
    Total System Jitter     (TSJ):    0.071ns
    Total Input Jitter      (TIJ):    0.000ns
    Discrete Jitter          (DJ):    0.000ns
    Phase Error              (PE):    0.000ns

    Location             Delay type                Incr(ns)  Path(ns)    Netlist Resource(s)
  -------------------------------------------------------------------    -------------------
                         (clock clk_core rise edge)
                                                      0.000     0.000 r  
                                                      0.000     0.000 r  clk_core (IN)
                         net (fo=6856, unset)         0.704     0.704    clk_core
                         FDCE                                         r  tu_width_reg[2]/C
  -------------------------------------------------------------------    -------------------
                         FDCE (Prop_fdce_C_Q)         0.341     1.045 r  tu_width_reg[2]/Q
                         net (fo=43, unplaced)        0.666     1.711    u_row_engine/u_mac1/coeff_reg_0_i_29_0[2]
                         LUT5 (Prop_lut5_I0_O)        0.199     1.910 r  u_row_engine/u_mac1/coeff_buf_reg_r2_0_63_0_2_i_12/O
                         net (fo=20, unplaced)        0.571     2.481    u_row_engine/u_mac1/tu_width_reg[2]
                         LUT6 (Prop_lut6_I2_O)        0.097     2.578 r  u_row_engine/u_mac1/coeff_buf_reg_r2_0_63_0_2_i_11/O
                         net (fo=1, unplaced)         0.000     2.578    u_row_engine/u_mac1/coeff_buf_reg_r2_0_63_0_2_i_11_n_0
                         CARRY4 (Prop_carry4_S[0]_O[1])
                                                      0.303     2.881 r  u_row_engine/u_mac1/coeff_buf_reg_r2_0_63_0_2_i_3/O[1]
                         net (fo=64, unplaced)        0.798     3.679    u_row_engine/coeff_buf_reg_r2_128_191_0_2/ADDRA1
                         RAMD64E (Prop_ramd64e_RADR1_O)
                                                      0.216     3.895 r  u_row_engine/coeff_buf_reg_r2_128_191_0_2/RAMA/O
                         net (fo=1, unplaced)         0.840     4.735    u_row_engine/u_mac1/product0_1
                         LUT6 (Prop_lut6_I1_O)        0.097     4.832 r  u_row_engine/u_mac1/product0_i_16/O
                         net (fo=1, unplaced)         0.571     5.403    u_row_engine/u_mac1/mac_coeff[1]_66[0]
                         DSP48E1                                      r  u_row_engine/u_mac1/product0/B[0]
  -------------------------------------------------------------------    -------------------

                         (clock clk_core rise edge)
                                                      2.000     2.000 r  
                                                      0.000     2.000 r  clk_core (IN)
                         net (fo=6856, unset)         0.669     2.669    u_row_engine/u_mac1/clk_core
                         DSP48E1                                      r  u_row_engine/u_mac1/product0/CLK
                         clock pessimism              0.000     2.669    
                         clock uncertainty           -0.035     2.633    
                         DSP48E1 (Setup_dsp48e1_CLK_B[0])
                                                     -2.608     0.025    u_row_engine/u_mac1/product0
  -------------------------------------------------------------------
                         required time                          0.025    
                         arrival time                          -5.403    
  -------------------------------------------------------------------
                         slack                                 -5.378    





Min Delay Paths
--------------------------------------------------------------------------------------
Slack (VIOLATED) :        -0.111ns  (arrival time - required time)
  Source:                 cmd_fifo_rdata[0]
                            (input port clocked by clk_core  {rise@0.000ns fall@1.000ns period=2.000ns})
  Destination:            cmd_fifo_data_r_reg[0]/D
                            (rising edge-triggered cell FDCE clocked by clk_core  {rise@0.000ns fall@1.000ns period=2.000ns})
  Path Group:             clk_core
  Path Type:              Hold (Min at Slow Process Corner)
  Requirement:            0.000ns  (clk_core rise@0.000ns - clk_core rise@0.000ns)
  Data Path Delay:        0.669ns  (logic 0.000ns (0.000%)  route 0.669ns (100.000%))
  Logic Levels:           0  
  Input Delay:            0.100ns
  Clock Path Skew:        0.704ns (DCD - SCD - CPR)
    Destination Clock Delay (DCD):    0.704ns
    Source Clock Delay      (SCD):    0.000ns
    Clock Pessimism Removal (CPR):    -0.000ns
  Clock Uncertainty:      0.035ns  ((TSJ^2 + TIJ^2)^1/2 + DJ) / 2 + PE
    Total System Jitter     (TSJ):    0.071ns
    Total Input Jitter      (TIJ):    0.000ns
    Discrete Jitter          (DJ):    0.000ns
    Phase Error              (PE):    0.000ns

    Location             Delay type                Incr(ns)  Path(ns)    Netlist Resource(s)
  -------------------------------------------------------------------    -------------------
                         (clock clk_core rise edge)
                                                      0.000     0.000 r  
                         input delay                  0.100     0.100    
                                                      0.000     0.100 r  cmd_fifo_rdata[0] (IN)
                         net (fo=0)                   0.669     0.769    cmd_fifo_rdata[0]
                         FDCE                                         r  cmd_fifo_data_r_reg[0]/D
  -------------------------------------------------------------------    -------------------

                         (clock clk_core rise edge)
                                                      0.000     0.000 r  
                                                      0.000     0.000 r  clk_core (IN)
                         net (fo=6856, unset)         0.704     0.704    clk_core
                         FDCE                                         r  cmd_fifo_data_r_reg[0]/C
                         clock pessimism              0.000     0.704    
                         clock uncertainty            0.035     0.739    
                         FDCE (Hold_fdce_C_D)         0.140     0.879    cmd_fifo_data_r_reg[0]
  -------------------------------------------------------------------
                         required time                         -0.879    
                         arrival time                           0.769    
  -------------------------------------------------------------------
                         slack                                 -0.111    





Pulse Width Checks
--------------------------------------------------------------------------------------
Clock Name:         clk_core
Waveform(ns):       { 0.000 1.000 }
Period(ns):         2.000
Sources:            { clk_core }

Check Type        Corner  Lib Pin             Reference Pin  Required(ns)  Actual(ns)  Slack(ns)  Location  Pin
Min Period        n/a     RAMB36E1/CLKARDCLK  n/a            2.234         2.000       -0.234               out_mem_reg_1_0/CLKARDCLK
Low Pulse Width   Slow    RAMD64E/CLK         n/a            1.050         1.000       -0.050               in_mem_reg_r1_0_63_0_2/RAMA/CLK
High Pulse Width  Slow    RAMD64E/CLK         n/a            1.050         1.000       -0.050               in_mem_reg_r1_0_63_0_2/RAMA/CLK



