Copyright 1986-2022 Xilinx, Inc. All Rights Reserved. Copyright 2022-2024 Advanced Micro Devices, Inc. All Rights Reserved.
--------------------------------------------------------------------------------------------------------------------------------------------------
| Tool Version      : Vivado v.2024.1 (win64) Build 5076996 Wed May 22 18:37:14 MDT 2024
| Date              : Wed Jun 17 21:25:00 2026
| Host              : lab running 64-bit major release  (build 9200)
| Command           : report_timing_summary -file D:/WorkSpace/its_vvc/synth/core_500_timing_synth_usp.rpt
| Design            : its_core_500
| Device            : xcku5p-ffvb676
| Speed File        : -2  PRODUCTION 1.29 05-01-2022
| Design State      : Synthesized
| Temperature Grade : E
--------------------------------------------------------------------------------------------------------------------------------------------------

Timing Summary Report

------------------------------------------------------------------------------------------------
| Timer Settings
| --------------
------------------------------------------------------------------------------------------------

  Enable Multi Corner Analysis               :  Yes
  Enable Pessimism Removal                   :  Yes
  Pessimism Removal Resolution               :  Nearest Common Node
  Enable Input Delay Default Clock           :  No
  Enable Preset / Clear Arcs                 :  No
  Disable Flight Delays                      :  No
  Ignore I/O Paths                           :  No
  Timing Early Launch at Borrowing Latches   :  No
  Borrow Time for Max Delay Exceptions       :  Yes
  Merge Timing Exceptions                    :  Yes
  Inter-SLR Compensation                     :  Conservative

  Corner  Analyze    Analyze    
  Name    Max Paths  Min Paths  
  ------  ---------  ---------  
  Slow    Yes        Yes        
  Fast    Yes        Yes        


------------------------------------------------------------------------------------------------
| Report Methodology
| ------------------
------------------------------------------------------------------------------------------------

No report available as report_methodology has not been run prior. Run report_methodology on the current design for the summary of methodology violations.



check_timing report

Table of Contents
-----------------
1. checking no_clock (0)
2. checking constant_clock (0)
3. checking pulse_width_clock (0)
4. checking unconstrained_internal_endpoints (0)
5. checking no_input_delay (1)
6. checking no_output_delay (0)
7. checking multiple_clock (0)
8. checking generated_clocks (0)
9. checking loops (0)
10. checking partial_input_delay (0)
11. checking partial_output_delay (0)
12. checking latch_loops (0)

1. checking no_clock (0)
------------------------
 There are 0 register/latch pins with no clock.


2. checking constant_clock (0)
------------------------------
 There are 0 register/latch pins with constant_clock.


3. checking pulse_width_clock (0)
---------------------------------
 There are 0 register/latch pins which need pulse_width check


4. checking unconstrained_internal_endpoints (0)
------------------------------------------------
 There are 0 pins that are not constrained for maximum delay.

 There are 0 pins that are not constrained for maximum delay due to constant clock.


5. checking no_input_delay (1)
------------------------------
 There are 0 input ports with no input delay specified.

 There is 1 input port with no input delay but user has a false path constraint. (MEDIUM)


6. checking no_output_delay (0)
-------------------------------
 There are 0 ports with no output delay specified.

 There are 0 ports with no output delay but user has a false path constraint

 There are 0 ports with no output delay but with a timing clock defined on it or propagating through it


7. checking multiple_clock (0)
------------------------------
 There are 0 register/latch pins with multiple clocks.


8. checking generated_clocks (0)
--------------------------------
 There are 0 generated clocks that are not connected to a clock source.


9. checking loops (0)
---------------------
 There are 0 combinational loops in the design.


10. checking partial_input_delay (0)
------------------------------------
 There are 0 input ports with partial input delay specified.


11. checking partial_output_delay (0)
-------------------------------------
 There are 0 ports with partial output delay specified.


12. checking latch_loops (0)
----------------------------
 There are 0 combinational latch loops in the design through latch input



------------------------------------------------------------------------------------------------
| Design Timing Summary
| ---------------------
------------------------------------------------------------------------------------------------

    WNS(ns)      TNS(ns)  TNS Failing Endpoints  TNS Total Endpoints      WHS(ns)      THS(ns)  THS Failing Endpoints  THS Total Endpoints     WPWS(ns)     TPWS(ns)  TPWS Failing Endpoints  TPWS Total Endpoints  
    -------      -------  ---------------------  -------------------      -------      -------  ---------------------  -------------------     --------     --------  ----------------------  --------------------  
      0.242        0.000                      0                12910        0.024        0.000                      0                12910        0.431        0.000                       0                  3781  


All user specified timing constraints are met.


------------------------------------------------------------------------------------------------
| Clock Summary
| -------------
------------------------------------------------------------------------------------------------

Clock     Waveform(ns)         Period(ns)      Frequency(MHz)
-----     ------------         ----------      --------------
clk_core  {0.000 1.000}        2.000           500.000         


------------------------------------------------------------------------------------------------
| Intra Clock Table
| -----------------
------------------------------------------------------------------------------------------------

Clock             WNS(ns)      TNS(ns)  TNS Failing Endpoints  TNS Total Endpoints      WHS(ns)      THS(ns)  THS Failing Endpoints  THS Total Endpoints     WPWS(ns)     TPWS(ns)  TPWS Failing Endpoints  TPWS Total Endpoints  
-----             -------      -------  ---------------------  -------------------      -------      -------  ---------------------  -------------------     --------     --------  ----------------------  --------------------  
clk_core            0.242        0.000                      0                12910        0.024        0.000                      0                12910        0.431        0.000                       0                  3781  


------------------------------------------------------------------------------------------------
| Inter Clock Table
| -----------------
------------------------------------------------------------------------------------------------

From Clock    To Clock          WNS(ns)      TNS(ns)  TNS Failing Endpoints  TNS Total Endpoints      WHS(ns)      THS(ns)  THS Failing Endpoints  THS Total Endpoints  
----------    --------          -------      -------  ---------------------  -------------------      -------      -------  ---------------------  -------------------  


------------------------------------------------------------------------------------------------
| Other Path Groups Table
| -----------------------
------------------------------------------------------------------------------------------------

Path Group    From Clock    To Clock          WNS(ns)      TNS(ns)  TNS Failing Endpoints  TNS Total Endpoints      WHS(ns)      THS(ns)  THS Failing Endpoints  THS Total Endpoints  
----------    ----------    --------          -------      -------  ---------------------  -------------------      -------      -------  ---------------------  -------------------  


------------------------------------------------------------------------------------------------
| Timing Details
| --------------
------------------------------------------------------------------------------------------------


---------------------------------------------------------------------------------------------------
From Clock:  clk_core
  To Clock:  clk_core

Setup :            0  Failing Endpoints,  Worst Slack        0.242ns,  Total Violation        0.000ns
Hold  :            0  Failing Endpoints,  Worst Slack        0.024ns,  Total Violation        0.000ns
PW    :            0  Failing Endpoints,  Worst Slack        0.431ns,  Total Violation        0.000ns
---------------------------------------------------------------------------------------------------


Max Delay Paths
--------------------------------------------------------------------------------------
Slack (MET) :             0.242ns  (required time - arrival time)
  Source:                 row_idx_reg[1]/C
                            (rising edge-triggered cell FDCE clocked by clk_core  {rise@0.000ns fall@1.000ns period=2.000ns})
  Destination:            row_base_addr_reg[0]/CE
                            (rising edge-triggered cell FDCE clocked by clk_core  {rise@0.000ns fall@1.000ns period=2.000ns})
  Path Group:             clk_core
  Path Type:              Setup (Max at Slow Process Corner)
  Requirement:            2.000ns  (clk_core rise@2.000ns - clk_core rise@0.000ns)
  Data Path Delay:        1.653ns  (logic 0.425ns (25.711%)  route 1.228ns (74.289%))
  Logic Levels:           6  (CARRY8=1 LUT2=2 LUT6=3)
  Clock Path Skew:        -0.009ns (DCD - SCD + CPR)
    Destination Clock Delay (DCD):    0.021ns = ( 2.021 - 2.000 ) 
    Source Clock Delay      (SCD):    0.030ns
    Clock Pessimism Removal (CPR):    0.000ns
  Clock Uncertainty:      0.035ns  ((TSJ^2 + TIJ^2)^1/2 + DJ) / 2 + PE
    Total System Jitter     (TSJ):    0.071ns
    Total Input Jitter      (TIJ):    0.000ns
    Discrete Jitter          (DJ):    0.000ns
    Phase Error              (PE):    0.000ns

    Location             Delay type                Incr(ns)  Path(ns)    Netlist Resource(s)
  -------------------------------------------------------------------    -------------------
                         (clock clk_core rise edge)
                                                      0.000     0.000 r  
                                                      0.000     0.000 r  clk_core (IN)
                         net (fo=3825, unset)         0.030     0.030    clk_core
                         FDCE                                         r  row_idx_reg[1]/C
  -------------------------------------------------------------------    -------------------
                         FDCE (Prop_FDCE_C_Q)         0.077     0.107 r  row_idx_reg[1]/Q
                         net (fo=12, unplaced)        0.174     0.281    u_row_engine/row_idx_reg[6]_0[1]
                         LUT2 (Prop_LUT2_I1_O)        0.038     0.319 r  u_row_engine/row_idx[6]_i_3/O
                         net (fo=1, unplaced)         0.186     0.505    u_row_engine/row_idx[6]_i_3_n_0
                         LUT6 (Prop_LUT6_I4_O)        0.038     0.543 f  u_row_engine/row_idx[6]_i_2/O
                         net (fo=3, unplaced)         0.192     0.735    u_row_engine/row_idx[6]_i_2_n_0
                         LUT2 (Prop_LUT2_I1_O)        0.066     0.801 r  u_row_engine/state[2]_i_3/O
                         net (fo=1, unplaced)         0.156     0.957    u_row_engine/state[2]_i_3_n_0
                         CARRY8 (Prop_CARRY8_DI[3]_CO[3])
                                                      0.130     1.087 r  u_row_engine/state_reg[2]_i_2/CO[3]
                         net (fo=3, unplaced)         0.097     1.184    u_row_engine/CO[0]
                         LUT6 (Prop_LUT6_I0_O)        0.038     1.222 r  u_row_engine/row_base_addr[11]_i_3/O
                         net (fo=20, unplaced)        0.235     1.457    u_lfnst/row_idx_reg[0]
                         LUT6 (Prop_LUT6_I5_O)        0.038     1.495 r  u_lfnst/row_base_addr[11]_i_1/O
                         net (fo=19, unplaced)        0.188     1.683    row_base_addr
                         FDCE                                         r  row_base_addr_reg[0]/CE
  -------------------------------------------------------------------    -------------------

                         (clock clk_core rise edge)
                                                      2.000     2.000 r  
                                                      0.000     2.000 r  clk_core (IN)
                         net (fo=3825, unset)         0.021     2.021    clk_core
                         FDCE                                         r  row_base_addr_reg[0]/C
                         clock pessimism              0.000     2.021    
                         clock uncertainty           -0.035     1.986    
                         FDCE (Setup_FDCE_C_CE)      -0.061     1.925    row_base_addr_reg[0]
  -------------------------------------------------------------------
                         required time                          1.925    
                         arrival time                          -1.683    
  -------------------------------------------------------------------
                         slack                                  0.242    





Min Delay Paths
--------------------------------------------------------------------------------------
Slack (MET) :             0.024ns  (arrival time - required time)
  Source:                 cmd_fifo_rdata[0]
                            (input port clocked by clk_core  {rise@0.000ns fall@1.000ns period=2.000ns})
  Destination:            cmd_fifo_data_r_reg[0]/D
                            (rising edge-triggered cell FDCE clocked by clk_core  {rise@0.000ns fall@1.000ns period=2.000ns})
  Path Group:             clk_core
  Path Type:              Hold (Min at Slow Process Corner)
  Requirement:            0.000ns  (clk_core rise@0.000ns - clk_core rise@0.000ns)
  Data Path Delay:        0.014ns  (logic 0.000ns (0.000%)  route 0.014ns (100.000%))
  Logic Levels:           0  
  Input Delay:            0.100ns
  Clock Path Skew:        0.030ns (DCD - SCD - CPR)
    Destination Clock Delay (DCD):    0.030ns
    Source Clock Delay      (SCD):    0.000ns
    Clock Pessimism Removal (CPR):    -0.000ns

    Location             Delay type                Incr(ns)  Path(ns)    Netlist Resource(s)
  -------------------------------------------------------------------    -------------------
                         (clock clk_core rise edge)
                                                      0.000     0.000 r  
                         input delay                  0.100     0.100    
                                                      0.000     0.100 r  cmd_fifo_rdata[0] (IN)
                         net (fo=0)                   0.014     0.114    cmd_fifo_rdata[0]
                         FDCE                                         r  cmd_fifo_data_r_reg[0]/D
  -------------------------------------------------------------------    -------------------

                         (clock clk_core rise edge)
                                                      0.000     0.000 r  
                                                      0.000     0.000 r  clk_core (IN)
                         net (fo=3825, unset)         0.030     0.030    clk_core
                         FDCE                                         r  cmd_fifo_data_r_reg[0]/C
                         clock pessimism              0.000     0.030    
                         FDCE (Hold_FDCE_C_D)         0.060     0.090    cmd_fifo_data_r_reg[0]
  -------------------------------------------------------------------
                         required time                         -0.090    
                         arrival time                           0.114    
  -------------------------------------------------------------------
                         slack                                  0.024    





Pulse Width Checks
--------------------------------------------------------------------------------------
Clock Name:         clk_core
Waveform(ns):       { 0.000 1.000 }
Period(ns):         2.000
Sources:            { clk_core }

Check Type        Corner  Lib Pin             Reference Pin  Required(ns)  Actual(ns)  Slack(ns)  Location  Pin
Min Period        n/a     RAMB36E2/CLKARDCLK  n/a            1.569         2.000       0.431                in_mem_reg_bram_0/CLKARDCLK
Low Pulse Width   Slow    RAMB36E2/CLKARDCLK  n/a            0.542         1.000       0.458                in_mem_reg_bram_0/CLKARDCLK
High Pulse Width  Slow    RAMB36E2/CLKARDCLK  n/a            0.542         1.000       0.458                in_mem_reg_bram_0/CLKARDCLK



