Copyright 1986-2022 Xilinx, Inc. All Rights Reserved. Copyright 2022-2024 Advanced Micro Devices, Inc. All Rights Reserved.
---------------------------------------------------------------------------------------------------------------------------------------------
| Tool Version : Vivado v.2024.1 (win64) Build 5076996 Wed May 22 18:37:14 MDT 2024
| Date         : Wed Jun 10 18:22:30 2026
| Host         : lab running 64-bit major release  (build 9200)
| Command      : report_timing -hold -nworst 10 -file D:/WorkSpace/its_vvc/synth/core_500_timing_hold_paths.rpt
| Design       : its_core_500
| Device       : 7a200t-fbg484
| Speed File   : -3  PRODUCTION 1.23 2018-06-13
| Design State : Routed
---------------------------------------------------------------------------------------------------------------------------------------------

Timing Report

Slack (VIOLATED) :        -0.230ns  (arrival time - required time)
  Source:                 cmd_fifo_rdata[0]
                            (input port clocked by clk_core  {rise@0.000ns fall@1.000ns period=2.000ns})
  Destination:            cmd_fifo_data_r_reg[0]/D
                            (rising edge-triggered cell FDCE clocked by clk_core  {rise@0.000ns fall@1.000ns period=2.000ns})
  Path Group:             clk_core
  Path Type:              Hold (Min at Slow Process Corner)
  Requirement:            0.000ns  (clk_core rise@0.000ns - clk_core rise@0.000ns)
  Data Path Delay:        0.669ns  (logic 0.000ns (0.000%)  route 0.669ns (100.000%))
  Logic Levels:           0  
  Input Delay:            0.100ns
  Clock Path Skew:        0.704ns (DCD - SCD - CPR)
    Destination Clock Delay (DCD):    0.704ns
    Source Clock Delay      (SCD):    0.000ns
    Clock Pessimism Removal (CPR):    -0.000ns
  Clock Uncertainty:      0.035ns  ((TSJ^2 + TIJ^2)^1/2 + DJ) / 2 + PE
    Total System Jitter     (TSJ):    0.071ns
    Total Input Jitter      (TIJ):    0.000ns
    Discrete Jitter          (DJ):    0.000ns
    Phase Error              (PE):    0.000ns

    Location             Delay type                Incr(ns)  Path(ns)    Netlist Resource(s)
  -------------------------------------------------------------------    -------------------
                         (clock clk_core rise edge)
                                                      0.000     0.000 r  
                         input delay                  0.100     0.100    
                                                      0.000     0.100 r  cmd_fifo_rdata[0] (IN)
                         net (fo=0)                   0.669     0.769    cmd_fifo_rdata[0]
    SLICE_X58Y143        FDCE                                         r  cmd_fifo_data_r_reg[0]/D
  -------------------------------------------------------------------    -------------------

                         (clock clk_core rise edge)
                                                      0.000     0.000 r  
                                                      0.000     0.000 r  clk_core (IN)
                         net (fo=6999, unset)         0.704     0.704    clk_core
    SLICE_X58Y143        FDCE                                         r  cmd_fifo_data_r_reg[0]/C
                         clock pessimism              0.000     0.704    
                         clock uncertainty            0.035     0.739    
    SLICE_X58Y143        FDCE (Hold_fdce_C_D)         0.259     0.998    cmd_fifo_data_r_reg[0]
  -------------------------------------------------------------------
                         required time                         -0.998    
                         arrival time                           0.769    
  -------------------------------------------------------------------
                         slack                                 -0.230    

Slack (VIOLATED) :        -0.230ns  (arrival time - required time)
  Source:                 cmd_fifo_rdata[0]
                            (input port clocked by clk_core  {rise@0.000ns fall@1.000ns period=2.000ns})
  Destination:            cmd_fifo_data_r_reg[0]/D
                            (rising edge-triggered cell FDCE clocked by clk_core  {rise@0.000ns fall@1.000ns period=2.000ns})
  Path Group:             clk_core
  Path Type:              Hold (Min at Slow Process Corner)
  Requirement:            0.000ns  (clk_core rise@0.000ns - clk_core rise@0.000ns)
  Data Path Delay:        0.669ns  (logic 0.000ns (0.000%)  route 0.669ns (100.000%))
  Logic Levels:           0  
  Input Delay:            0.100ns
  Clock Path Skew:        0.704ns (DCD - SCD - CPR)
    Destination Clock Delay (DCD):    0.704ns
    Source Clock Delay      (SCD):    0.000ns
    Clock Pessimism Removal (CPR):    -0.000ns
  Clock Uncertainty:      0.035ns  ((TSJ^2 + TIJ^2)^1/2 + DJ) / 2 + PE
    Total System Jitter     (TSJ):    0.071ns
    Total Input Jitter      (TIJ):    0.000ns
    Discrete Jitter          (DJ):    0.000ns
    Phase Error              (PE):    0.000ns

    Location             Delay type                Incr(ns)  Path(ns)    Netlist Resource(s)
  -------------------------------------------------------------------    -------------------
                         (clock clk_core rise edge)
                                                      0.000     0.000 r  
                         input delay                  0.100     0.100    
                                                      0.000     0.100 f  cmd_fifo_rdata[0] (IN)
                         net (fo=0)                   0.669     0.769    cmd_fifo_rdata[0]
    SLICE_X58Y143        FDCE                                         f  cmd_fifo_data_r_reg[0]/D
  -------------------------------------------------------------------    -------------------

                         (clock clk_core rise edge)
                                                      0.000     0.000 r  
                                                      0.000     0.000 r  clk_core (IN)
                         net (fo=6999, unset)         0.704     0.704    clk_core
    SLICE_X58Y143        FDCE                                         r  cmd_fifo_data_r_reg[0]/C
                         clock pessimism              0.000     0.704    
                         clock uncertainty            0.035     0.739    
    SLICE_X58Y143        FDCE (Hold_fdce_C_D)         0.259     0.998    cmd_fifo_data_r_reg[0]
  -------------------------------------------------------------------
                         required time                         -0.998    
                         arrival time                           0.769    
  -------------------------------------------------------------------
                         slack                                 -0.230    

Slack (VIOLATED) :        -0.230ns  (arrival time - required time)
  Source:                 cmd_fifo_rdata[10]
                            (input port clocked by clk_core  {rise@0.000ns fall@1.000ns period=2.000ns})
  Destination:            cmd_fifo_data_r_reg[10]/D
                            (rising edge-triggered cell FDCE clocked by clk_core  {rise@0.000ns fall@1.000ns period=2.000ns})
  Path Group:             clk_core
  Path Type:              Hold (Min at Slow Process Corner)
  Requirement:            0.000ns  (clk_core rise@0.000ns - clk_core rise@0.000ns)
  Data Path Delay:        0.669ns  (logic 0.000ns (0.000%)  route 0.669ns (100.000%))
  Logic Levels:           0  
  Input Delay:            0.100ns
  Clock Path Skew:        0.704ns (DCD - SCD - CPR)
    Destination Clock Delay (DCD):    0.704ns
    Source Clock Delay      (SCD):    0.000ns
    Clock Pessimism Removal (CPR):    -0.000ns
  Clock Uncertainty:      0.035ns  ((TSJ^2 + TIJ^2)^1/2 + DJ) / 2 + PE
    Total System Jitter     (TSJ):    0.071ns
    Total Input Jitter      (TIJ):    0.000ns
    Discrete Jitter          (DJ):    0.000ns
    Phase Error              (PE):    0.000ns

    Location             Delay type                Incr(ns)  Path(ns)    Netlist Resource(s)
  -------------------------------------------------------------------    -------------------
                         (clock clk_core rise edge)
                                                      0.000     0.000 r  
                         input delay                  0.100     0.100    
                                                      0.000     0.100 r  cmd_fifo_rdata[10] (IN)
                         net (fo=0)                   0.669     0.769    cmd_fifo_rdata[10]
    SLICE_X58Y143        FDCE                                         r  cmd_fifo_data_r_reg[10]/D
  -------------------------------------------------------------------    -------------------

                         (clock clk_core rise edge)
                                                      0.000     0.000 r  
                                                      0.000     0.000 r  clk_core (IN)
                         net (fo=6999, unset)         0.704     0.704    clk_core
    SLICE_X58Y143        FDCE                                         r  cmd_fifo_data_r_reg[10]/C
                         clock pessimism              0.000     0.704    
                         clock uncertainty            0.035     0.739    
    SLICE_X58Y143        FDCE (Hold_fdce_C_D)         0.259     0.998    cmd_fifo_data_r_reg[10]
  -------------------------------------------------------------------
                         required time                         -0.998    
                         arrival time                           0.769    
  -------------------------------------------------------------------
                         slack                                 -0.230    

Slack (VIOLATED) :        -0.230ns  (arrival time - required time)
  Source:                 cmd_fifo_rdata[10]
                            (input port clocked by clk_core  {rise@0.000ns fall@1.000ns period=2.000ns})
  Destination:            cmd_fifo_data_r_reg[10]/D
                            (rising edge-triggered cell FDCE clocked by clk_core  {rise@0.000ns fall@1.000ns period=2.000ns})
  Path Group:             clk_core
  Path Type:              Hold (Min at Slow Process Corner)
  Requirement:            0.000ns  (clk_core rise@0.000ns - clk_core rise@0.000ns)
  Data Path Delay:        0.669ns  (logic 0.000ns (0.000%)  route 0.669ns (100.000%))
  Logic Levels:           0  
  Input Delay:            0.100ns
  Clock Path Skew:        0.704ns (DCD - SCD - CPR)
    Destination Clock Delay (DCD):    0.704ns
    Source Clock Delay      (SCD):    0.000ns
    Clock Pessimism Removal (CPR):    -0.000ns
  Clock Uncertainty:      0.035ns  ((TSJ^2 + TIJ^2)^1/2 + DJ) / 2 + PE
    Total System Jitter     (TSJ):    0.071ns
    Total Input Jitter      (TIJ):    0.000ns
    Discrete Jitter          (DJ):    0.000ns
    Phase Error              (PE):    0.000ns

    Location             Delay type                Incr(ns)  Path(ns)    Netlist Resource(s)
  -------------------------------------------------------------------    -------------------
                         (clock clk_core rise edge)
                                                      0.000     0.000 r  
                         input delay                  0.100     0.100    
                                                      0.000     0.100 f  cmd_fifo_rdata[10] (IN)
                         net (fo=0)                   0.669     0.769    cmd_fifo_rdata[10]
    SLICE_X58Y143        FDCE                                         f  cmd_fifo_data_r_reg[10]/D
  -------------------------------------------------------------------    -------------------

                         (clock clk_core rise edge)
                                                      0.000     0.000 r  
                                                      0.000     0.000 r  clk_core (IN)
                         net (fo=6999, unset)         0.704     0.704    clk_core
    SLICE_X58Y143        FDCE                                         r  cmd_fifo_data_r_reg[10]/C
                         clock pessimism              0.000     0.704    
                         clock uncertainty            0.035     0.739    
    SLICE_X58Y143        FDCE (Hold_fdce_C_D)         0.259     0.998    cmd_fifo_data_r_reg[10]
  -------------------------------------------------------------------
                         required time                         -0.998    
                         arrival time                           0.769    
  -------------------------------------------------------------------
                         slack                                 -0.230    

Slack (VIOLATED) :        -0.230ns  (arrival time - required time)
  Source:                 cmd_fifo_rdata[1]
                            (input port clocked by clk_core  {rise@0.000ns fall@1.000ns period=2.000ns})
  Destination:            cmd_fifo_data_r_reg[1]/D
                            (rising edge-triggered cell FDCE clocked by clk_core  {rise@0.000ns fall@1.000ns period=2.000ns})
  Path Group:             clk_core
  Path Type:              Hold (Min at Slow Process Corner)
  Requirement:            0.000ns  (clk_core rise@0.000ns - clk_core rise@0.000ns)
  Data Path Delay:        0.669ns  (logic 0.000ns (0.000%)  route 0.669ns (100.000%))
  Logic Levels:           0  
  Input Delay:            0.100ns
  Clock Path Skew:        0.704ns (DCD - SCD - CPR)
    Destination Clock Delay (DCD):    0.704ns
    Source Clock Delay      (SCD):    0.000ns
    Clock Pessimism Removal (CPR):    -0.000ns
  Clock Uncertainty:      0.035ns  ((TSJ^2 + TIJ^2)^1/2 + DJ) / 2 + PE
    Total System Jitter     (TSJ):    0.071ns
    Total Input Jitter      (TIJ):    0.000ns
    Discrete Jitter          (DJ):    0.000ns
    Phase Error              (PE):    0.000ns

    Location             Delay type                Incr(ns)  Path(ns)    Netlist Resource(s)
  -------------------------------------------------------------------    -------------------
                         (clock clk_core rise edge)
                                                      0.000     0.000 r  
                         input delay                  0.100     0.100    
                                                      0.000     0.100 r  cmd_fifo_rdata[1] (IN)
                         net (fo=0)                   0.669     0.769    cmd_fifo_rdata[1]
    SLICE_X59Y145        FDCE                                         r  cmd_fifo_data_r_reg[1]/D
  -------------------------------------------------------------------    -------------------

                         (clock clk_core rise edge)
                                                      0.000     0.000 r  
                                                      0.000     0.000 r  clk_core (IN)
                         net (fo=6999, unset)         0.704     0.704    clk_core
    SLICE_X59Y145        FDCE                                         r  cmd_fifo_data_r_reg[1]/C
                         clock pessimism              0.000     0.704    
                         clock uncertainty            0.035     0.739    
    SLICE_X59Y145        FDCE (Hold_fdce_C_D)         0.259     0.998    cmd_fifo_data_r_reg[1]
  -------------------------------------------------------------------
                         required time                         -0.998    
                         arrival time                           0.769    
  -------------------------------------------------------------------
                         slack                                 -0.230    

Slack (VIOLATED) :        -0.230ns  (arrival time - required time)
  Source:                 cmd_fifo_rdata[1]
                            (input port clocked by clk_core  {rise@0.000ns fall@1.000ns period=2.000ns})
  Destination:            cmd_fifo_data_r_reg[1]/D
                            (rising edge-triggered cell FDCE clocked by clk_core  {rise@0.000ns fall@1.000ns period=2.000ns})
  Path Group:             clk_core
  Path Type:              Hold (Min at Slow Process Corner)
  Requirement:            0.000ns  (clk_core rise@0.000ns - clk_core rise@0.000ns)
  Data Path Delay:        0.669ns  (logic 0.000ns (0.000%)  route 0.669ns (100.000%))
  Logic Levels:           0  
  Input Delay:            0.100ns
  Clock Path Skew:        0.704ns (DCD - SCD - CPR)
    Destination Clock Delay (DCD):    0.704ns
    Source Clock Delay      (SCD):    0.000ns
    Clock Pessimism Removal (CPR):    -0.000ns
  Clock Uncertainty:      0.035ns  ((TSJ^2 + TIJ^2)^1/2 + DJ) / 2 + PE
    Total System Jitter     (TSJ):    0.071ns
    Total Input Jitter      (TIJ):    0.000ns
    Discrete Jitter          (DJ):    0.000ns
    Phase Error              (PE):    0.000ns

    Location             Delay type                Incr(ns)  Path(ns)    Netlist Resource(s)
  -------------------------------------------------------------------    -------------------
                         (clock clk_core rise edge)
                                                      0.000     0.000 r  
                         input delay                  0.100     0.100    
                                                      0.000     0.100 f  cmd_fifo_rdata[1] (IN)
                         net (fo=0)                   0.669     0.769    cmd_fifo_rdata[1]
    SLICE_X59Y145        FDCE                                         f  cmd_fifo_data_r_reg[1]/D
  -------------------------------------------------------------------    -------------------

                         (clock clk_core rise edge)
                                                      0.000     0.000 r  
                                                      0.000     0.000 r  clk_core (IN)
                         net (fo=6999, unset)         0.704     0.704    clk_core
    SLICE_X59Y145        FDCE                                         r  cmd_fifo_data_r_reg[1]/C
                         clock pessimism              0.000     0.704    
                         clock uncertainty            0.035     0.739    
    SLICE_X59Y145        FDCE (Hold_fdce_C_D)         0.259     0.998    cmd_fifo_data_r_reg[1]
  -------------------------------------------------------------------
                         required time                         -0.998    
                         arrival time                           0.769    
  -------------------------------------------------------------------
                         slack                                 -0.230    

Slack (VIOLATED) :        -0.230ns  (arrival time - required time)
  Source:                 cmd_fifo_rdata[7]
                            (input port clocked by clk_core  {rise@0.000ns fall@1.000ns period=2.000ns})
  Destination:            cmd_fifo_data_r_reg[7]/D
                            (rising edge-triggered cell FDCE clocked by clk_core  {rise@0.000ns fall@1.000ns period=2.000ns})
  Path Group:             clk_core
  Path Type:              Hold (Min at Slow Process Corner)
  Requirement:            0.000ns  (clk_core rise@0.000ns - clk_core rise@0.000ns)
  Data Path Delay:        0.669ns  (logic 0.000ns (0.000%)  route 0.669ns (100.000%))
  Logic Levels:           0  
  Input Delay:            0.100ns
  Clock Path Skew:        0.704ns (DCD - SCD - CPR)
    Destination Clock Delay (DCD):    0.704ns
    Source Clock Delay      (SCD):    0.000ns
    Clock Pessimism Removal (CPR):    -0.000ns
  Clock Uncertainty:      0.035ns  ((TSJ^2 + TIJ^2)^1/2 + DJ) / 2 + PE
    Total System Jitter     (TSJ):    0.071ns
    Total Input Jitter      (TIJ):    0.000ns
    Discrete Jitter          (DJ):    0.000ns
    Phase Error              (PE):    0.000ns

    Location             Delay type                Incr(ns)  Path(ns)    Netlist Resource(s)
  -------------------------------------------------------------------    -------------------
                         (clock clk_core rise edge)
                                                      0.000     0.000 r  
                         input delay                  0.100     0.100    
                                                      0.000     0.100 r  cmd_fifo_rdata[7] (IN)
                         net (fo=0)                   0.669     0.769    cmd_fifo_rdata[7]
    SLICE_X58Y143        FDCE                                         r  cmd_fifo_data_r_reg[7]/D
  -------------------------------------------------------------------    -------------------

                         (clock clk_core rise edge)
                                                      0.000     0.000 r  
                                                      0.000     0.000 r  clk_core (IN)
                         net (fo=6999, unset)         0.704     0.704    clk_core
    SLICE_X58Y143        FDCE                                         r  cmd_fifo_data_r_reg[7]/C
                         clock pessimism              0.000     0.704    
                         clock uncertainty            0.035     0.739    
    SLICE_X58Y143        FDCE (Hold_fdce_C_D)         0.259     0.998    cmd_fifo_data_r_reg[7]
  -------------------------------------------------------------------
                         required time                         -0.998    
                         arrival time                           0.769    
  -------------------------------------------------------------------
                         slack                                 -0.230    

Slack (VIOLATED) :        -0.230ns  (arrival time - required time)
  Source:                 cmd_fifo_rdata[7]
                            (input port clocked by clk_core  {rise@0.000ns fall@1.000ns period=2.000ns})
  Destination:            cmd_fifo_data_r_reg[7]/D
                            (rising edge-triggered cell FDCE clocked by clk_core  {rise@0.000ns fall@1.000ns period=2.000ns})
  Path Group:             clk_core
  Path Type:              Hold (Min at Slow Process Corner)
  Requirement:            0.000ns  (clk_core rise@0.000ns - clk_core rise@0.000ns)
  Data Path Delay:        0.669ns  (logic 0.000ns (0.000%)  route 0.669ns (100.000%))
  Logic Levels:           0  
  Input Delay:            0.100ns
  Clock Path Skew:        0.704ns (DCD - SCD - CPR)
    Destination Clock Delay (DCD):    0.704ns
    Source Clock Delay      (SCD):    0.000ns
    Clock Pessimism Removal (CPR):    -0.000ns
  Clock Uncertainty:      0.035ns  ((TSJ^2 + TIJ^2)^1/2 + DJ) / 2 + PE
    Total System Jitter     (TSJ):    0.071ns
    Total Input Jitter      (TIJ):    0.000ns
    Discrete Jitter          (DJ):    0.000ns
    Phase Error              (PE):    0.000ns

    Location             Delay type                Incr(ns)  Path(ns)    Netlist Resource(s)
  -------------------------------------------------------------------    -------------------
                         (clock clk_core rise edge)
                                                      0.000     0.000 r  
                         input delay                  0.100     0.100    
                                                      0.000     0.100 f  cmd_fifo_rdata[7] (IN)
                         net (fo=0)                   0.669     0.769    cmd_fifo_rdata[7]
    SLICE_X58Y143        FDCE                                         f  cmd_fifo_data_r_reg[7]/D
  -------------------------------------------------------------------    -------------------

                         (clock clk_core rise edge)
                                                      0.000     0.000 r  
                                                      0.000     0.000 r  clk_core (IN)
                         net (fo=6999, unset)         0.704     0.704    clk_core
    SLICE_X58Y143        FDCE                                         r  cmd_fifo_data_r_reg[7]/C
                         clock pessimism              0.000     0.704    
                         clock uncertainty            0.035     0.739    
    SLICE_X58Y143        FDCE (Hold_fdce_C_D)         0.259     0.998    cmd_fifo_data_r_reg[7]
  -------------------------------------------------------------------
                         required time                         -0.998    
                         arrival time                           0.769    
  -------------------------------------------------------------------
                         slack                                 -0.230    

Slack (VIOLATED) :        -0.230ns  (arrival time - required time)
  Source:                 cmd_fifo_rdata[8]
                            (input port clocked by clk_core  {rise@0.000ns fall@1.000ns period=2.000ns})
  Destination:            cmd_fifo_data_r_reg[8]/D
                            (rising edge-triggered cell FDCE clocked by clk_core  {rise@0.000ns fall@1.000ns period=2.000ns})
  Path Group:             clk_core
  Path Type:              Hold (Min at Slow Process Corner)
  Requirement:            0.000ns  (clk_core rise@0.000ns - clk_core rise@0.000ns)
  Data Path Delay:        0.669ns  (logic 0.000ns (0.000%)  route 0.669ns (100.000%))
  Logic Levels:           0  
  Input Delay:            0.100ns
  Clock Path Skew:        0.704ns (DCD - SCD - CPR)
    Destination Clock Delay (DCD):    0.704ns
    Source Clock Delay      (SCD):    0.000ns
    Clock Pessimism Removal (CPR):    -0.000ns
  Clock Uncertainty:      0.035ns  ((TSJ^2 + TIJ^2)^1/2 + DJ) / 2 + PE
    Total System Jitter     (TSJ):    0.071ns
    Total Input Jitter      (TIJ):    0.000ns
    Discrete Jitter          (DJ):    0.000ns
    Phase Error              (PE):    0.000ns

    Location             Delay type                Incr(ns)  Path(ns)    Netlist Resource(s)
  -------------------------------------------------------------------    -------------------
                         (clock clk_core rise edge)
                                                      0.000     0.000 r  
                         input delay                  0.100     0.100    
                                                      0.000     0.100 r  cmd_fifo_rdata[8] (IN)
                         net (fo=0)                   0.669     0.769    cmd_fifo_rdata[8]
    SLICE_X58Y143        FDCE                                         r  cmd_fifo_data_r_reg[8]/D
  -------------------------------------------------------------------    -------------------

                         (clock clk_core rise edge)
                                                      0.000     0.000 r  
                                                      0.000     0.000 r  clk_core (IN)
                         net (fo=6999, unset)         0.704     0.704    clk_core
    SLICE_X58Y143        FDCE                                         r  cmd_fifo_data_r_reg[8]/C
                         clock pessimism              0.000     0.704    
                         clock uncertainty            0.035     0.739    
    SLICE_X58Y143        FDCE (Hold_fdce_C_D)         0.259     0.998    cmd_fifo_data_r_reg[8]
  -------------------------------------------------------------------
                         required time                         -0.998    
                         arrival time                           0.769    
  -------------------------------------------------------------------
                         slack                                 -0.230    

Slack (VIOLATED) :        -0.230ns  (arrival time - required time)
  Source:                 cmd_fifo_rdata[8]
                            (input port clocked by clk_core  {rise@0.000ns fall@1.000ns period=2.000ns})
  Destination:            cmd_fifo_data_r_reg[8]/D
                            (rising edge-triggered cell FDCE clocked by clk_core  {rise@0.000ns fall@1.000ns period=2.000ns})
  Path Group:             clk_core
  Path Type:              Hold (Min at Slow Process Corner)
  Requirement:            0.000ns  (clk_core rise@0.000ns - clk_core rise@0.000ns)
  Data Path Delay:        0.669ns  (logic 0.000ns (0.000%)  route 0.669ns (100.000%))
  Logic Levels:           0  
  Input Delay:            0.100ns
  Clock Path Skew:        0.704ns (DCD - SCD - CPR)
    Destination Clock Delay (DCD):    0.704ns
    Source Clock Delay      (SCD):    0.000ns
    Clock Pessimism Removal (CPR):    -0.000ns
  Clock Uncertainty:      0.035ns  ((TSJ^2 + TIJ^2)^1/2 + DJ) / 2 + PE
    Total System Jitter     (TSJ):    0.071ns
    Total Input Jitter      (TIJ):    0.000ns
    Discrete Jitter          (DJ):    0.000ns
    Phase Error              (PE):    0.000ns

    Location             Delay type                Incr(ns)  Path(ns)    Netlist Resource(s)
  -------------------------------------------------------------------    -------------------
                         (clock clk_core rise edge)
                                                      0.000     0.000 r  
                         input delay                  0.100     0.100    
                                                      0.000     0.100 f  cmd_fifo_rdata[8] (IN)
                         net (fo=0)                   0.669     0.769    cmd_fifo_rdata[8]
    SLICE_X58Y143        FDCE                                         f  cmd_fifo_data_r_reg[8]/D
  -------------------------------------------------------------------    -------------------

                         (clock clk_core rise edge)
                                                      0.000     0.000 r  
                                                      0.000     0.000 r  clk_core (IN)
                         net (fo=6999, unset)         0.704     0.704    clk_core
    SLICE_X58Y143        FDCE                                         r  cmd_fifo_data_r_reg[8]/C
                         clock pessimism              0.000     0.704    
                         clock uncertainty            0.035     0.739    
    SLICE_X58Y143        FDCE (Hold_fdce_C_D)         0.259     0.998    cmd_fifo_data_r_reg[8]
  -------------------------------------------------------------------
                         required time                         -0.998    
                         arrival time                           0.769    
  -------------------------------------------------------------------
                         slack                                 -0.230    




