Copyright 1986-2022 Xilinx, Inc. All Rights Reserved. Copyright 2022-2024 Advanced Micro Devices, Inc. All Rights Reserved.
---------------------------------------------------------------------------------------------------------------------------------------------
| Tool Version : Vivado v.2024.1 (win64) Build 5076996 Wed May 22 18:37:14 MDT 2024
| Date         : Wed Jun 10 00:48:16 2026
| Host         : lab running 64-bit major release  (build 9200)
| Command      : report_timing_summary -file D:/WorkSpace/its_vvc/synth/core_500_timing_impl.rpt
| Design       : its_core_500
| Device       : 7a200t-fbg484
| Speed File   : -3  PRODUCTION 1.23 2018-06-13
| Design State : Routed
---------------------------------------------------------------------------------------------------------------------------------------------

Timing Summary Report

------------------------------------------------------------------------------------------------
| Timer Settings
| --------------
------------------------------------------------------------------------------------------------

  Enable Multi Corner Analysis               :  Yes
  Enable Pessimism Removal                   :  Yes
  Pessimism Removal Resolution               :  Nearest Common Node
  Enable Input Delay Default Clock           :  No
  Enable Preset / Clear Arcs                 :  No
  Disable Flight Delays                      :  No
  Ignore I/O Paths                           :  No
  Timing Early Launch at Borrowing Latches   :  No
  Borrow Time for Max Delay Exceptions       :  Yes
  Merge Timing Exceptions                    :  Yes
  Inter-SLR Compensation                     :  Conservative

  Corner  Analyze    Analyze    
  Name    Max Paths  Min Paths  
  ------  ---------  ---------  
  Slow    Yes        Yes        
  Fast    Yes        Yes        


------------------------------------------------------------------------------------------------
| Report Methodology
| ------------------
------------------------------------------------------------------------------------------------

No report available as report_methodology has not been run prior. Run report_methodology on the current design for the summary of methodology violations.



check_timing report

Table of Contents
-----------------
1. checking no_clock (0)
2. checking constant_clock (0)
3. checking pulse_width_clock (0)
4. checking unconstrained_internal_endpoints (0)
5. checking no_input_delay (1)
6. checking no_output_delay (0)
7. checking multiple_clock (0)
8. checking generated_clocks (0)
9. checking loops (0)
10. checking partial_input_delay (0)
11. checking partial_output_delay (0)
12. checking latch_loops (0)

1. checking no_clock (0)
------------------------
 There are 0 register/latch pins with no clock.


2. checking constant_clock (0)
------------------------------
 There are 0 register/latch pins with constant_clock.


3. checking pulse_width_clock (0)
---------------------------------
 There are 0 register/latch pins which need pulse_width check


4. checking unconstrained_internal_endpoints (0)
------------------------------------------------
 There are 0 pins that are not constrained for maximum delay.

 There are 0 pins that are not constrained for maximum delay due to constant clock.


5. checking no_input_delay (1)
------------------------------
 There are 0 input ports with no input delay specified.

 There is 1 input port with no input delay but user has a false path constraint. (MEDIUM)


6. checking no_output_delay (0)
-------------------------------
 There are 0 ports with no output delay specified.

 There are 0 ports with no output delay but user has a false path constraint

 There are 0 ports with no output delay but with a timing clock defined on it or propagating through it


7. checking multiple_clock (0)
------------------------------
 There are 0 register/latch pins with multiple clocks.


8. checking generated_clocks (0)
--------------------------------
 There are 0 generated clocks that are not connected to a clock source.


9. checking loops (0)
---------------------
 There are 0 combinational loops in the design.


10. checking partial_input_delay (0)
------------------------------------
 There are 0 input ports with partial input delay specified.


11. checking partial_output_delay (0)
-------------------------------------
 There are 0 ports with partial output delay specified.


12. checking latch_loops (0)
----------------------------
 There are 0 combinational latch loops in the design through latch input



------------------------------------------------------------------------------------------------
| Design Timing Summary
| ---------------------
------------------------------------------------------------------------------------------------

    WNS(ns)      TNS(ns)  TNS Failing Endpoints  TNS Total Endpoints      WHS(ns)      THS(ns)  THS Failing Endpoints  THS Total Endpoints     WPWS(ns)     TPWS(ns)  TPWS Failing Endpoints  TPWS Total Endpoints  
    -------      -------  ---------------------  -------------------      -------      -------  ---------------------  -------------------     --------     --------  ----------------------  --------------------  
     -5.378   -92228.602                  36296                40364       -0.230      -13.151                    108                40364       -0.234     -222.473                    4420                  6972  


Timing constraints are not met.


------------------------------------------------------------------------------------------------
| Clock Summary
| -------------
------------------------------------------------------------------------------------------------

Clock     Waveform(ns)         Period(ns)      Frequency(MHz)
-----     ------------         ----------      --------------
clk_core  {0.000 1.000}        2.000           500.000         


------------------------------------------------------------------------------------------------
| Intra Clock Table
| -----------------
------------------------------------------------------------------------------------------------

Clock             WNS(ns)      TNS(ns)  TNS Failing Endpoints  TNS Total Endpoints      WHS(ns)      THS(ns)  THS Failing Endpoints  THS Total Endpoints     WPWS(ns)     TPWS(ns)  TPWS Failing Endpoints  TPWS Total Endpoints  
-----             -------      -------  ---------------------  -------------------      -------      -------  ---------------------  -------------------     --------     --------  ----------------------  --------------------  
clk_core           -5.378   -92228.602                  36296                40364       -0.230      -13.151                    108                40364       -0.234     -222.473                    4420                  6972  


------------------------------------------------------------------------------------------------
| Inter Clock Table
| -----------------
------------------------------------------------------------------------------------------------

From Clock    To Clock          WNS(ns)      TNS(ns)  TNS Failing Endpoints  TNS Total Endpoints      WHS(ns)      THS(ns)  THS Failing Endpoints  THS Total Endpoints  
----------    --------          -------      -------  ---------------------  -------------------      -------      -------  ---------------------  -------------------  


------------------------------------------------------------------------------------------------
| Other Path Groups Table
| -----------------------
------------------------------------------------------------------------------------------------

Path Group    From Clock    To Clock          WNS(ns)      TNS(ns)  TNS Failing Endpoints  TNS Total Endpoints      WHS(ns)      THS(ns)  THS Failing Endpoints  THS Total Endpoints  
----------    ----------    --------          -------      -------  ---------------------  -------------------      -------      -------  ---------------------  -------------------  


------------------------------------------------------------------------------------------------
| Timing Details
| --------------
------------------------------------------------------------------------------------------------


---------------------------------------------------------------------------------------------------
From Clock:  clk_core
  To Clock:  clk_core

Setup :        36296  Failing Endpoints,  Worst Slack       -5.378ns,  Total Violation   -92228.605ns
Hold  :          108  Failing Endpoints,  Worst Slack       -0.230ns,  Total Violation      -13.151ns
PW    :         4420  Failing Endpoints,  Worst Slack       -0.234ns,  Total Violation     -222.473ns
---------------------------------------------------------------------------------------------------


Max Delay Paths
--------------------------------------------------------------------------------------
Slack (VIOLATED) :        -5.378ns  (required time - arrival time)
  Source:                 tu_width_reg[1]_replica_7/C
                            (rising edge-triggered cell FDCE clocked by clk_core  {rise@0.000ns fall@1.000ns period=2.000ns})
  Destination:            u_row_engine/u_mac3/product0/B[4]
                            (rising edge-triggered cell DSP48E1 clocked by clk_core  {rise@0.000ns fall@1.000ns period=2.000ns})
  Path Group:             clk_core
  Path Type:              Setup (Max at Slow Process Corner)
  Requirement:            2.000ns  (clk_core rise@2.000ns - clk_core rise@0.000ns)
  Data Path Delay:        4.699ns  (logic 1.443ns (30.707%)  route 3.256ns (69.293%))
  Logic Levels:           6  (CARRY4=1 LUT2=1 LUT3=1 LUT6=2 RAMD64E=1)
  Clock Path Skew:        -0.035ns (DCD - SCD + CPR)
    Destination Clock Delay (DCD):    0.669ns = ( 2.669 - 2.000 ) 
    Source Clock Delay      (SCD):    0.704ns
    Clock Pessimism Removal (CPR):    0.000ns
  Clock Uncertainty:      0.035ns  ((TSJ^2 + TIJ^2)^1/2 + DJ) / 2 + PE
    Total System Jitter     (TSJ):    0.071ns
    Total Input Jitter      (TIJ):    0.000ns
    Discrete Jitter          (DJ):    0.000ns
    Phase Error              (PE):    0.000ns

    Location             Delay type                Incr(ns)  Path(ns)    Netlist Resource(s)
  -------------------------------------------------------------------    -------------------
                         (clock clk_core rise edge)
                                                      0.000     0.000 r  
                                                      0.000     0.000 r  clk_core (IN)
                         net (fo=6971, unset)         0.704     0.704    clk_core
    SLICE_X48Y84         FDCE                                         r  tu_width_reg[1]_replica_7/C
  -------------------------------------------------------------------    -------------------
    SLICE_X48Y84         FDCE (Prop_fdce_C_Q)         0.393     1.097 f  tu_width_reg[1]_replica_7/Q
                         net (fo=2, routed)           0.185     1.282    u_row_rom/tu_width[1]_repN_7_alias
    SLICE_X49Y84         LUT2 (Prop_lut2_I0_O)        0.097     1.379 f  u_row_rom/coeff_reg_0_i_72/O
                         net (fo=2, routed)           0.278     1.657    u_row_engine/u_mac1/coeff_reg_0_i_29
    SLICE_X49Y83         LUT6 (Prop_lut6_I0_O)        0.097     1.754 r  u_row_engine/u_mac1/coeff_buf_reg_0_127_0_0_i_15/O
                         net (fo=46, routed)          0.785     2.539    u_row_engine/u_mac3/size_shift[1]
    SLICE_X41Y80         LUT3 (Prop_lut3_I0_O)        0.097     2.636 r  u_row_engine/u_mac3/coeff_buf_reg_r4_0_63_0_2_i_9/O
                         net (fo=1, routed)           0.000     2.636    u_row_engine/u_mac3/coeff_buf_reg_r4_0_63_0_2_i_9_n_0
    SLICE_X41Y80         CARRY4 (Prop_carry4_S[1]_O[2])
                                                      0.432     3.068 r  u_row_engine/u_mac3/coeff_buf_reg_r4_0_63_0_2_i_2/O[2]
                         net (fo=64, routed)          0.968     4.036    u_row_engine/coeff_buf_reg_r4_0_63_3_5/ADDRB2
    SLICE_X40Y74         RAMD64E (Prop_ramd64e_RADR2_O)
                                                      0.230     4.266 r  u_row_engine/coeff_buf_reg_r4_0_63_3_5/RAMB/O
                         net (fo=1, routed)           0.486     4.753    u_row_engine/u_mac3/product0_19
    SLICE_X41Y75         LUT6 (Prop_lut6_I5_O)        0.097     4.850 r  u_row_engine/u_mac3/product0_i_12__1/O
                         net (fo=1, routed)           0.554     5.403    u_row_engine/u_mac3/mac_coeff[3]_68[4]
    DSP48_X2Y30          DSP48E1                                      r  u_row_engine/u_mac3/product0/B[4]
  -------------------------------------------------------------------    -------------------

                         (clock clk_core rise edge)
                                                      2.000     2.000 r  
                                                      0.000     2.000 r  clk_core (IN)
                         net (fo=6971, unset)         0.669     2.669    u_row_engine/u_mac3/clk_core
    DSP48_X2Y30          DSP48E1                                      r  u_row_engine/u_mac3/product0/CLK
                         clock pessimism              0.000     2.669    
                         clock uncertainty           -0.035     2.633    
    DSP48_X2Y30          DSP48E1 (Setup_dsp48e1_CLK_B[4])
                                                     -2.608     0.025    u_row_engine/u_mac3/product0
  -------------------------------------------------------------------
                         required time                          0.025    
                         arrival time                          -5.403    
  -------------------------------------------------------------------
                         slack                                 -5.378    





Min Delay Paths
--------------------------------------------------------------------------------------
Slack (VIOLATED) :        -0.230ns  (arrival time - required time)
  Source:                 cmd_fifo_rdata[10]
                            (input port clocked by clk_core  {rise@0.000ns fall@1.000ns period=2.000ns})
  Destination:            tu_height_reg[3]_replica_2/D
                            (rising edge-triggered cell FDCE clocked by clk_core  {rise@0.000ns fall@1.000ns period=2.000ns})
  Path Group:             clk_core
  Path Type:              Hold (Min at Slow Process Corner)
  Requirement:            0.000ns  (clk_core rise@0.000ns - clk_core rise@0.000ns)
  Data Path Delay:        0.669ns  (logic 0.000ns (0.000%)  route 0.669ns (100.000%))
  Logic Levels:           0  
  Input Delay:            0.100ns
  Clock Path Skew:        0.704ns (DCD - SCD - CPR)
    Destination Clock Delay (DCD):    0.704ns
    Source Clock Delay      (SCD):    0.000ns
    Clock Pessimism Removal (CPR):    -0.000ns
  Clock Uncertainty:      0.035ns  ((TSJ^2 + TIJ^2)^1/2 + DJ) / 2 + PE
    Total System Jitter     (TSJ):    0.071ns
    Total Input Jitter      (TIJ):    0.000ns
    Discrete Jitter          (DJ):    0.000ns
    Phase Error              (PE):    0.000ns

    Location             Delay type                Incr(ns)  Path(ns)    Netlist Resource(s)
  -------------------------------------------------------------------    -------------------
                         (clock clk_core rise edge)
                                                      0.000     0.000 r  
                         input delay                  0.100     0.100    
                                                      0.000     0.100 r  cmd_fifo_rdata[10] (IN)
                         net (fo=17, unset)           0.669     0.769    cmd_fifo_rdata[10]
    SLICE_X49Y106        FDCE                                         r  tu_height_reg[3]_replica_2/D
  -------------------------------------------------------------------    -------------------

                         (clock clk_core rise edge)
                                                      0.000     0.000 r  
                                                      0.000     0.000 r  clk_core (IN)
                         net (fo=6971, unset)         0.704     0.704    clk_core
    SLICE_X49Y106        FDCE                                         r  tu_height_reg[3]_replica_2/C
                         clock pessimism              0.000     0.704    
                         clock uncertainty            0.035     0.739    
    SLICE_X49Y106        FDCE (Hold_fdce_C_D)         0.259     0.998    tu_height_reg[3]_replica_2
  -------------------------------------------------------------------
                         required time                         -0.998    
                         arrival time                           0.769    
  -------------------------------------------------------------------
                         slack                                 -0.230    





Pulse Width Checks
--------------------------------------------------------------------------------------
Clock Name:         clk_core
Waveform(ns):       { 0.000 1.000 }
Period(ns):         2.000
Sources:            { clk_core }

Check Type        Corner  Lib Pin             Reference Pin  Required(ns)  Actual(ns)  Slack(ns)  Location      Pin
Min Period        n/a     RAMB36E1/CLKARDCLK  n/a            2.234         2.000       -0.234     RAMB36_X4Y17  out_mem_reg_1_0/CLKARDCLK
Low Pulse Width   Slow    RAMD64E/CLK         n/a            1.050         1.000       -0.050     SLICE_X66Y78  in_mem_reg_r1_0_63_0_2/RAMA/CLK
High Pulse Width  Slow    RAMD64E/CLK         n/a            1.050         1.000       -0.050     SLICE_X66Y78  in_mem_reg_r1_0_63_0_2/RAMA/CLK



