#-----------------------------------------------------------
# Vivado v2024.1 (64-bit)
# SW Build 5076996 on Wed May 22 18:37:14 MDT 2024
# IP Build 5075265 on Wed May 22 21:45:21 MDT 2024
# SharedData Build 5076995 on Wed May 22 18:29:18 MDT 2024
# Start of session at: Thu Jun  4 12:04:24 2026
# Process ID: 8104
# Current directory: D:/WorkSpace/its_vvc/synth
# Command line: vivado.exe -mode batch -source its_synth.tcl -log synth.log -journal synth.jou
# Log file: D:/WorkSpace/its_vvc/synth/synth.log
# Journal file: D:/WorkSpace/its_vvc/synth\synth.jou
# Running On        :lab
# Platform          :Windows Server 2016 or Windows 10
# Operating System  :26200
# Processor Detail  :12th Gen Intel(R) Core(TM) i5-12400
# CPU Frequency     :2496 MHz
# CPU Physical cores:6
# CPU Logical cores :12
# Host memory       :16908 MB
# Swap memory       :25564 MB
# Total Virtual     :42472 MB
# Available Virtual :3284 MB
#-----------------------------------------------------------
source its_synth.tcl
# set project_name "its_vvc_synth"
# set part "xc7a200tfbg484-1"
# set top_module "its_top"
# set rtl_dir "../rtl"
# set sim_dir "../sim"
# set constraint_dir "."
# file copy -force "$sim_dir/rom_coeffs.hex" "./rom_coeffs.hex"
# file copy -force "$sim_dir/lfnst_coeffs.hex" "./lfnst_coeffs.hex"
# create_project $project_name ./$project_name -part $part -force
create_project: Time (s): cpu = 00:00:08 ; elapsed = 00:00:09 . Memory (MB): peak = 619.832 ; gain = 207.906
# set rtl_files [list \
#     "$rtl_dir/its_mac.v" \
#     "$rtl_dir/its_rom.v" \
#     "$rtl_dir/its_lfnst_rom.v" \
#     "$rtl_dir/its_transform_engine.v" \
#     "$rtl_dir/its_lfnst.v" \
#     "$rtl_dir/its_top.v" \
# ]
# add_files -norecurse $rtl_files
# add_files -fileset constrs_1 -norecurse "$constraint_dir/timing.xdc"
# set_property top $top_module [current_fileset]
# launch_runs synth_1 -jobs 4
WARNING: [Vivado 12-7122] Auto Incremental Compile:: No reference checkpoint was found in run synth_1. Auto-incremental flow will not be run, the standard flow will be run instead.
[Thu Jun  4 12:04:39 2026] Launched synth_1...
Run output will be captured here: D:/WorkSpace/its_vvc/synth/its_vvc_synth/its_vvc_synth.runs/synth_1/runme.log
# wait_on_run synth_1
[Thu Jun  4 12:04:39 2026] Waiting for synth_1 to finish...

*** Running vivado
    with args -log its_top.vds -m64 -product Vivado -mode batch -messageDb vivado.pb -notrace -source its_top.tcl



****** Vivado v2024.1 (64-bit)
  **** SW Build 5076996 on Wed May 22 18:37:14 MDT 2024
  **** IP Build 5075265 on Wed May 22 21:45:21 MDT 2024
  **** SharedData Build 5076995 on Wed May 22 18:29:18 MDT 2024
  **** Start of session at: Thu Jun  4 12:04:41 2026
    ** Copyright 1986-2022 Xilinx, Inc. All Rights Reserved.
    ** Copyright 2022-2024 Advanced Micro Devices, Inc. All Rights Reserved.

source its_top.tcl -notrace
create_project: Time (s): cpu = 00:00:08 ; elapsed = 00:00:09 . Memory (MB): peak = 621.684 ; gain = 207.355
Command: synth_design -top its_top -part xc7a200tfbg484-1
Starting synth_design
Attempting to get a license for feature 'Synthesis' and/or device 'xc7a200t'
INFO: [Common 17-349] Got license for feature 'Synthesis' and/or device 'xc7a200t'
INFO: [Device 21-403] Loading part xc7a200tfbg484-1
INFO: [Device 21-9227] Part: xc7a200tfbg484-1 does not have CEAM library.
INFO: [Synth 8-7079] Multithreading enabled for synth_design using a maximum of 2 processes.
INFO: [Synth 8-7078] Launching helper process for spawning children vivado processes
INFO: [Synth 8-7075] Helper process launched with PID 29348
---------------------------------------------------------------------------------
Starting RTL Elaboration : Time (s): cpu = 00:00:04 ; elapsed = 00:00:04 . Memory (MB): peak = 1523.996 ; gain = 446.754
---------------------------------------------------------------------------------
INFO: [Synth 8-6157] synthesizing module 'its_top' [D:/WorkSpace/its_vvc/rtl/its_top.v:6]
INFO: [Synth 8-6157] synthesizing module 'its_rom' [D:/WorkSpace/its_vvc/rtl/its_rom.v:7]
INFO: [Synth 8-3876] $readmem data file 'rom_coeffs.hex' is read successfully [D:/WorkSpace/its_vvc/rtl/its_rom.v:18]
INFO: [Synth 8-6155] done synthesizing module 'its_rom' (0#1) [D:/WorkSpace/its_vvc/rtl/its_rom.v:7]
INFO: [Synth 8-6157] synthesizing module 'its_lfnst_rom' [D:/WorkSpace/its_vvc/rtl/its_lfnst_rom.v:7]
INFO: [Synth 8-3876] $readmem data file 'lfnst_coeffs.hex' is read successfully [D:/WorkSpace/its_vvc/rtl/its_lfnst_rom.v:18]
INFO: [Synth 8-6155] done synthesizing module 'its_lfnst_rom' (0#1) [D:/WorkSpace/its_vvc/rtl/its_lfnst_rom.v:7]
INFO: [Synth 8-6157] synthesizing module 'its_lfnst' [D:/WorkSpace/its_vvc/rtl/its_lfnst.v:16]
INFO: [Synth 8-6157] synthesizing module 'its_mac' [D:/WorkSpace/its_vvc/rtl/its_mac.v:6]
INFO: [Synth 8-6155] done synthesizing module 'its_mac' (0#1) [D:/WorkSpace/its_vvc/rtl/its_mac.v:6]
INFO: [Synth 8-6155] done synthesizing module 'its_lfnst' (0#1) [D:/WorkSpace/its_vvc/rtl/its_lfnst.v:16]
INFO: [Synth 8-6157] synthesizing module 'its_transform_engine' [D:/WorkSpace/its_vvc/rtl/its_transform_engine.v:11]
INFO: [Synth 8-6155] done synthesizing module 'its_transform_engine' (0#1) [D:/WorkSpace/its_vvc/rtl/its_transform_engine.v:11]
INFO: [Synth 8-6155] done synthesizing module 'its_top' (0#1) [D:/WorkSpace/its_vvc/rtl/its_top.v:6]
WARNING: [Synth 8-7137] Register in_buf_reg in module its_lfnst has both Set and reset with same priority. This may cause simulation mismatches. Consider rewriting code 
WARNING: [Synth 8-7137] Register coeff_buf_reg in module its_lfnst has both Set and reset with same priority. This may cause simulation mismatches. Consider rewriting code 
WARNING: [Synth 8-4767] Trying to implement RAM 'in_buf_reg' in registers. Block RAM or DRAM implementation is not possible; see log for reasons.
Reason is one or more of the following :
	1: RAM is sensitive to asynchronous reset signal. this RTL style is not supported. 
RAM "in_buf_reg" dissolved into registers
WARNING: [Synth 8-4767] Trying to implement RAM 'coeff_buf_reg' in registers. Block RAM or DRAM implementation is not possible; see log for reasons.
Reason is one or more of the following :
	1: RAM is sensitive to asynchronous reset signal. this RTL style is not supported. 
RAM "coeff_buf_reg" dissolved into registers
WARNING: [Synth 8-6014] Unused sequential element pf_cnt_reg was removed.  [D:/WorkSpace/its_vvc/rtl/its_transform_engine.v:254]
WARNING: [Synth 8-6014] Unused sequential element pf_row_reg was removed.  [D:/WorkSpace/its_vvc/rtl/its_transform_engine.v:255]
WARNING: [Synth 8-7137] Register line_buf_reg in module its_transform_engine has both Set and reset with same priority. This may cause simulation mismatches. Consider rewriting code 
WARNING: [Synth 8-7137] Register coeff_buf_reg in module its_transform_engine has both Set and reset with same priority. This may cause simulation mismatches. Consider rewriting code 
WARNING: [Synth 8-7137] Register result_buf_reg in module its_transform_engine has both Set and reset with same priority. This may cause simulation mismatches. Consider rewriting code 
WARNING: [Synth 8-4767] Trying to implement RAM 'line_buf_reg' in registers. Block RAM or DRAM implementation is not possible; see log for reasons.
Reason is one or more of the following :
	1: RAM is sensitive to asynchronous reset signal. this RTL style is not supported. 
RAM "line_buf_reg" dissolved into registers
WARNING: [Synth 8-4767] Trying to implement RAM 'coeff_buf_reg' in registers. Block RAM or DRAM implementation is not possible; see log for reasons.
Reason is one or more of the following :
	1: RAM is sensitive to asynchronous reset signal. this RTL style is not supported. 
RAM "coeff_buf_reg" dissolved into registers
WARNING: [Synth 8-4767] Trying to implement RAM 'result_buf_reg' in registers. Block RAM or DRAM implementation is not possible; see log for reasons.
Reason is one or more of the following :
	1: RAM has multiple writes via different ports in same process. If RAM inferencing intended, write to one port per process. 
	2: Unable to determine number of words or word size in RAM. 
	3: No valid read/write found for RAM. 
RAM "result_buf_reg" dissolved into registers
WARNING: [Synth 8-6014] Unused sequential element tp_col_cnt_reg was removed.  [D:/WorkSpace/its_vvc/rtl/its_top.v:443]
WARNING: [Synth 8-6014] Unused sequential element out_row_cnt_reg was removed.  [D:/WorkSpace/its_vvc/rtl/its_top.v:522]
WARNING: [Synth 8-6014] Unused sequential element out_col_cnt_reg was removed.  [D:/WorkSpace/its_vvc/rtl/its_top.v:523]
WARNING: [Synth 8-7137] Register in_mem_reg in module its_top has both Set and reset with same priority. This may cause simulation mismatches. Consider rewriting code 
WARNING: [Synth 8-7137] Register tp_buf_reg in module its_top has both Set and reset with same priority. This may cause simulation mismatches. Consider rewriting code 
WARNING: [Synth 8-7137] Register out_mem_reg in module its_top has both Set and reset with same priority. This may cause simulation mismatches. Consider rewriting code 
WARNING: [Synth 8-4767] Trying to implement RAM 'in_mem_reg' in registers. Block RAM or DRAM implementation is not possible; see log for reasons.
Reason is one or more of the following :
	1: RAM is sensitive to asynchronous reset signal. this RTL style is not supported. 
RAM "in_mem_reg" dissolved into registers
WARNING: [Synth 8-4767] Trying to implement RAM 'out_mem_reg' in registers. Block RAM or DRAM implementation is not possible; see log for reasons.
Reason is one or more of the following :
	1: RAM is sensitive to asynchronous reset signal. this RTL style is not supported. 
RAM "out_mem_reg" dissolved into registers
WARNING: [Synth 8-4767] Trying to implement RAM 'tp_buf_reg' in registers. Block RAM or DRAM implementation is not possible; see log for reasons.
Reason is one or more of the following :
	1: RAM is sensitive to asynchronous reset signal. this RTL style is not supported. 
RAM "tp_buf_reg" dissolved into registers
WARNING: [Synth 8-7129] Port lfnst_idx[1] in module its_lfnst is either unconnected or has no load
WARNING: [Synth 8-7129] Port data_out_req in module its_lfnst is either unconnected or has no load
---------------------------------------------------------------------------------
Finished RTL Elaboration : Time (s): cpu = 00:00:23 ; elapsed = 00:00:24 . Memory (MB): peak = 2968.273 ; gain = 1891.031
---------------------------------------------------------------------------------
---------------------------------------------------------------------------------
Start Handling Custom Attributes
---------------------------------------------------------------------------------
---------------------------------------------------------------------------------
Finished Handling Custom Attributes : Time (s): cpu = 00:00:26 ; elapsed = 00:00:27 . Memory (MB): peak = 2968.273 ; gain = 1891.031
---------------------------------------------------------------------------------
---------------------------------------------------------------------------------
Finished RTL Optimization Phase 1 : Time (s): cpu = 00:00:26 ; elapsed = 00:00:27 . Memory (MB): peak = 2968.273 ; gain = 1891.031
---------------------------------------------------------------------------------
Netlist sorting complete. Time (s): cpu = 00:00:03 ; elapsed = 00:00:03 . Memory (MB): peak = 2968.273 ; gain = 0.000
INFO: [Project 1-570] Preparing netlist for logic optimization

Processing XDC Constraints
Initializing timing engine
Parsing XDC File [D:/WorkSpace/its_vvc/synth/timing.xdc]
CRITICAL WARNING: [Constraints 18-602] set_input_delay: list contains '1' objects of types '(port)' other than the types '(input port,internal pin)' supported by the constraint. These objects will not be used for this constraint. Please review the object list and ensure unsupported object types are removed. [D:/WorkSpace/its_vvc/synth/timing.xdc:10]
CRITICAL WARNING: [Constraints 18-602] set_input_delay: list contains '1' objects of types '(port)' other than the types '(input port,internal pin)' supported by the constraint. These objects will not be used for this constraint. Please review the object list and ensure unsupported object types are removed. [D:/WorkSpace/its_vvc/synth/timing.xdc:11]
CRITICAL WARNING: [Constraints 18-602] set_output_delay: list contains '1' objects of types '(port)' other than the types '(output port,internal pin)' supported by the constraint. These objects will not be used for this constraint. Please review the object list and ensure unsupported object types are removed. [D:/WorkSpace/its_vvc/synth/timing.xdc:14]
CRITICAL WARNING: [Constraints 18-602] set_output_delay: list contains '1' objects of types '(port)' other than the types '(output port,internal pin)' supported by the constraint. These objects will not be used for this constraint. Please review the object list and ensure unsupported object types are removed. [D:/WorkSpace/its_vvc/synth/timing.xdc:15]
Finished Parsing XDC File [D:/WorkSpace/its_vvc/synth/timing.xdc]
INFO: [Project 1-236] Implementation specific constraints were found while reading constraint file [D:/WorkSpace/its_vvc/synth/timing.xdc]. These constraints will be ignored for synthesis but will be used in implementation. Impacted constraints are listed in the file [.Xil/its_top_propImpl.xdc].
Resolution: To avoid this warning, move constraints listed in [.Xil/its_top_propImpl.xdc] to another XDC file and exclude this new file from synthesis with the used_in_synthesis property (File Properties dialog in GUI) and re-run elaboration/synthesis.
Completed Processing XDC Constraints

Netlist sorting complete. Time (s): cpu = 00:00:00 ; elapsed = 00:00:00.042 . Memory (MB): peak = 3600.930 ; gain = 0.000
INFO: [Project 1-111] Unisim Transformation Summary:
No Unisim elements were transformed.

Constraint Validation Runtime : Time (s): cpu = 00:00:00 ; elapsed = 00:00:00.821 . Memory (MB): peak = 3600.930 ; gain = 0.000
---------------------------------------------------------------------------------
Finished Constraint Validation : Time (s): cpu = 00:01:12 ; elapsed = 00:01:12 . Memory (MB): peak = 3602.227 ; gain = 2524.984
---------------------------------------------------------------------------------
---------------------------------------------------------------------------------
Start Loading Part and Timing Information
---------------------------------------------------------------------------------
Loading part: xc7a200tfbg484-1
---------------------------------------------------------------------------------
Finished Loading Part and Timing Information : Time (s): cpu = 00:01:12 ; elapsed = 00:01:12 . Memory (MB): peak = 3602.227 ; gain = 2524.984
---------------------------------------------------------------------------------
---------------------------------------------------------------------------------
Start Applying 'set_property' XDC Constraints
---------------------------------------------------------------------------------
---------------------------------------------------------------------------------
Finished applying 'set_property' XDC Constraints : Time (s): cpu = 00:01:12 ; elapsed = 00:01:12 . Memory (MB): peak = 3602.227 ; gain = 2524.984
---------------------------------------------------------------------------------
INFO: [Synth 8-802] inferred FSM for state register 'state_reg' in module 'its_lfnst'
INFO: [Synth 8-802] inferred FSM for state register 'state_reg' in module 'its_transform_engine'
---------------------------------------------------------------------------------------------------
                   State |                     New Encoding |                Previous Encoding 
---------------------------------------------------------------------------------------------------
                  S_IDLE |                          0000001 |                              000
                  S_LOAD |                          1000000 |                              001
              S_PREFETCH |                          0100000 |                              010
               S_COMPUTE |                          0001000 |                              011
                 S_DRAIN |                          0010000 |                              100
                S_OUTPUT |                          0000100 |                              101
                  S_DONE |                          0000010 |                              110
---------------------------------------------------------------------------------------------------
INFO: [Synth 8-3354] encoded FSM with state register 'state_reg' using encoding 'one-hot' in module 'its_lfnst'
---------------------------------------------------------------------------------------------------
                   State |                     New Encoding |                Previous Encoding 
---------------------------------------------------------------------------------------------------
                  iSTATE |                            00001 |                              000
                 iSTATE0 |                            10000 |                              001
                 iSTATE2 |                            01000 |                              010
                 iSTATE1 |                            00100 |                              011
                 iSTATE3 |                            00010 |                              100
---------------------------------------------------------------------------------------------------
INFO: [Synth 8-3354] encoded FSM with state register 'state_reg' using encoding 'one-hot' in module 'its_transform_engine'
---------------------------------------------------------------------------------
Finished RTL Optimization Phase 2 : Time (s): cpu = 00:04:14 ; elapsed = 00:04:52 . Memory (MB): peak = 5604.887 ; gain = 4527.645
---------------------------------------------------------------------------------
---------------------------------------------------------------------------------
Start RTL Component Statistics 
---------------------------------------------------------------------------------
Detailed RTL Component Info : 
+---Adders : 
	   2 Input   40 Bit       Adders := 9     
	   3 Input   14 Bit       Adders := 2     
	   3 Input   13 Bit       Adders := 1     
	   2 Input   12 Bit       Adders := 5     
	   2 Input   10 Bit       Adders := 1     
	   2 Input    8 Bit       Adders := 10    
	   2 Input    7 Bit       Adders := 6     
	   2 Input    6 Bit       Adders := 18    
	   2 Input    4 Bit       Adders := 3     
	   2 Input    2 Bit       Adders := 3     
	   2 Input    1 Bit       Adders := 1     
+---Registers : 
	               40 Bit    Registers := 1     
	               32 Bit    Registers := 9     
	               16 Bit    Registers := 9749  
	               13 Bit    Registers := 2     
	               12 Bit    Registers := 4     
	               10 Bit    Registers := 4096  
	                8 Bit    Registers := 3     
	                7 Bit    Registers := 6     
	                6 Bit    Registers := 16    
	                4 Bit    Registers := 4     
	                2 Bit    Registers := 9     
	                1 Bit    Registers := 40    
+---ROMs : 
	                    ROMs := 3     
+---Muxes : 
	   2 Input   16 Bit        Muxes := 128   
	   4 Input   16 Bit        Muxes := 64    
	   2 Input   13 Bit        Muxes := 1     
	   2 Input   12 Bit        Muxes := 8     
	   2 Input   10 Bit        Muxes := 3     
	   2 Input    9 Bit        Muxes := 1     
	   2 Input    8 Bit        Muxes := 2     
	   7 Input    7 Bit        Muxes := 1     
	   2 Input    7 Bit        Muxes := 8     
	   2 Input    6 Bit        Muxes := 18    
	   5 Input    6 Bit        Muxes := 2     
	   5 Input    5 Bit        Muxes := 2     
	   2 Input    5 Bit        Muxes := 2     
	   2 Input    4 Bit        Muxes := 10    
	   7 Input    3 Bit        Muxes := 1     
	   2 Input    3 Bit        Muxes := 3     
	   2 Input    2 Bit        Muxes := 7     
	   2 Input    1 Bit        Muxes := 479   
	   3 Input    1 Bit        Muxes := 3     
	   5 Input    1 Bit        Muxes := 2     
	   4 Input    1 Bit        Muxes := 120   
---------------------------------------------------------------------------------
Finished RTL Component Statistics 
---------------------------------------------------------------------------------
---------------------------------------------------------------------------------
Start Part Resource Summary
---------------------------------------------------------------------------------
Part Resources:
DSPs: 740 (col length:100)
BRAMs: 730 (col length: RAMB18 100 RAMB36 50)
---------------------------------------------------------------------------------
Finished Part Resource Summary
---------------------------------------------------------------------------------
---------------------------------------------------------------------------------
Start Cross Boundary and Area Optimization
---------------------------------------------------------------------------------
DSP Report: Generating DSP product0, operation Mode is: A*B.
DSP Report: operator product0 is absorbed into DSP product0.
INFO: [Synth 8-5546] ROM "size_shift" won't be mapped to RAM because it is too sparse
INFO: [Synth 8-5546] ROM "base_addr" won't be mapped to RAM because it is too sparse
INFO: [Synth 8-5546] ROM "size_shift" won't be mapped to RAM because it is too sparse
INFO: [Synth 8-5546] ROM "base_addr" won't be mapped to RAM because it is too sparse
DSP Report: Generating DSP product0, operation Mode is: A*B.
DSP Report: operator product0 is absorbed into DSP product0.
DSP Report: Generating DSP product0, operation Mode is: A*B.
DSP Report: operator product0 is absorbed into DSP product0.
DSP Report: Generating DSP product0, operation Mode is: A*B.
DSP Report: operator product0 is absorbed into DSP product0.
DSP Report: Generating DSP product0, operation Mode is: A*B.
DSP Report: operator product0 is absorbed into DSP product0.
INFO: [Synth 8-3886] merging instance 'tp_rd_base_reg[11]' (FDCE) to 'tp_rd_base_reg[0]'
INFO: [Synth 8-3886] merging instance 'tp_rd_base_reg[0]' (FDCE) to 'tp_rd_base_reg[1]'
INFO: [Synth 8-3886] merging instance 'tp_rd_base_reg[1]' (FDCE) to 'tp_rd_base_reg[2]'
INFO: [Synth 8-3886] merging instance 'tp_rd_base_reg[2]' (FDCE) to 'tp_rd_base_reg[3]'
INFO: [Synth 8-3886] merging instance 'tp_rd_base_reg[3]' (FDCE) to 'tp_rd_base_reg[4]'
INFO: [Synth 8-3886] merging instance 'tp_rd_base_reg[4]' (FDCE) to 'tp_rd_base_reg[5]'
INFO: [Synth 8-3886] merging instance 'tp_rd_base_reg[5]' (FDCE) to 'tp_rd_base_reg[6]'
INFO: [Synth 8-3886] merging instance 'tp_rd_base_reg[6]' (FDCE) to 'tp_rd_base_reg[7]'
INFO: [Synth 8-3886] merging instance 'tp_rd_base_reg[7]' (FDCE) to 'tp_rd_base_reg[8]'
INFO: [Synth 8-3886] merging instance 'tp_rd_base_reg[8]' (FDCE) to 'tp_rd_base_reg[9]'
INFO: [Synth 8-3886] merging instance 'tp_rd_base_reg[9]' (FDCE) to 'tp_rd_base_reg[10]'
INFO: [Synth 8-3333] propagating constant 0 across sequential element (\tp_rd_base_reg[10] )
---------------------------------------------------------------------------------
Finished Cross Boundary and Area Optimization : Time (s): cpu = 00:07:25 ; elapsed = 00:08:36 . Memory (MB): peak = 5604.887 ; gain = 4527.645
---------------------------------------------------------------------------------
 Sort Area is its_lfnst__GB1 product0_0 : 0 0 : 1937 1937 : Used 1 time 0
 Sort Area is its_transform_engine__GBM1 product0_0 : 0 0 : 1937 1937 : Used 2 time 0
 Sort Area is its_transform_engine__GBM1 product0_2 : 0 0 : 1937 1937 : Used 2 time 0
 Sort Area is its_transform_engine__GBM1 product0_3 : 0 0 : 1937 1937 : Used 2 time 0
 Sort Area is its_transform_engine__GBM1 product0_4 : 0 0 : 1937 1937 : Used 2 time 0
---------------------------------------------------------------------------------
Start ROM, RAM, DSP, Shift Register and Retiming Reporting
---------------------------------------------------------------------------------

DSP: Preliminary Mapping Report (see note below. The ' indicates corresponding REG is set)
+------------+-------------+--------+--------+--------+--------+--------+------+------+------+------+-------+------+------+
|Module Name | DSP Mapping | A Size | B Size | C Size | D Size | P Size | AREG | BREG | CREG | DREG | ADREG | MREG | PREG | 
+------------+-------------+--------+--------+--------+--------+--------+------+------+------+------+-------+------+------+
|its_mac     | A*B         | 16     | 16     | -      | -      | 32     | 0    | 0    | -    | -    | -     | 0    | 0    | 
|its_mac     | A*B         | 16     | 16     | -      | -      | 32     | 0    | 0    | -    | -    | -     | 0    | 0    | 
|its_mac     | A*B         | 16     | 16     | -      | -      | 32     | 0    | 0    | -    | -    | -     | 0    | 0    | 
|its_mac     | A*B         | 16     | 16     | -      | -      | 32     | 0    | 0    | -    | -    | -     | 0    | 0    | 
|its_mac     | A*B         | 16     | 16     | -      | -      | 32     | 0    | 0    | -    | -    | -     | 0    | 0    | 
+------------+-------------+--------+--------+--------+--------+--------+------+------+------+------+-------+------+------+

Note: The table above is a preliminary report that shows the DSPs inferred at the current stage of the synthesis flow. Some DSP may be reimplemented as non DSP primitives later in the synthesis flow. Multiple instantiated DSPs are reported only once.
---------------------------------------------------------------------------------
Finished ROM, RAM, DSP, Shift Register and Retiming Reporting
---------------------------------------------------------------------------------
---------------------------------------------------------------------------------
Start Applying XDC Timing Constraints
---------------------------------------------------------------------------------
---------------------------------------------------------------------------------
Finished Applying XDC Timing Constraints : Time (s): cpu = 00:07:43 ; elapsed = 00:08:55 . Memory (MB): peak = 5604.887 ; gain = 4527.645
---------------------------------------------------------------------------------
---------------------------------------------------------------------------------
Start Timing Optimization
---------------------------------------------------------------------------------
---------------------------------------------------------------------------------
Finished Timing Optimization : Time (s): cpu = 00:11:05 ; elapsed = 00:12:22 . Memory (MB): peak = 5604.887 ; gain = 4527.645
---------------------------------------------------------------------------------
---------------------------------------------------------------------------------
Start Technology Mapping
---------------------------------------------------------------------------------
INFO: [Synth 8-5844] Detected registers with asynchronous reset at DSP/BRAM block boundary. Consider using synchronous reset for optimal packing [D:/WorkSpace/its_vvc/rtl/its_mac.v:23]
INFO: [Synth 8-5844] Detected registers with asynchronous reset at DSP/BRAM block boundary. Consider using synchronous reset for optimal packing [D:/WorkSpace/its_vvc/rtl/its_mac.v:23]
INFO: [Synth 8-5844] Detected registers with asynchronous reset at DSP/BRAM block boundary. Consider using synchronous reset for optimal packing [D:/WorkSpace/its_vvc/rtl/its_mac.v:23]
INFO: [Synth 8-5844] Detected registers with asynchronous reset at DSP/BRAM block boundary. Consider using synchronous reset for optimal packing [D:/WorkSpace/its_vvc/rtl/its_mac.v:23]
INFO: [Synth 8-3886] merging instance 'i_1/i_9363' (FDCE) to 'i_1/i_9362'
INFO: [Synth 8-3886] merging instance 'i_1/i_9362' (FDCE) to 'i_1/i_9361'
INFO: [Synth 8-3886] merging instance 'i_1/i_9361' (FDCE) to 'i_1/i_9360'
INFO: [Synth 8-3886] merging instance 'i_1/u_col_engine/u_mac0/valid_s1_reg' (FDC) to 'i_1/u_col_engine/u_mac2/valid_s1_reg'
INFO: [Synth 8-3886] merging instance 'i_1/u_col_engine/u_mac2/valid_s1_reg' (FDC) to 'i_1/u_col_engine/u_mac3/valid_s1_reg'
INFO: [Synth 8-3886] merging instance 'i_1/u_col_engine/u_mac3/valid_s1_reg' (FDC) to 'i_1/u_col_engine/u_mac1/valid_s1_reg'
INFO: [Synth 8-7052] The timing for the instance i_1/u_lfnst_rom/coeff_reg_0 (implemented as a Block RAM) might be sub-optimal as no optional output register could be merged into the ram block. Providing additional output register may help in improving timing.
INFO: [Synth 8-7052] The timing for the instance i_1/u_lfnst_rom/coeff_reg_1 (implemented as a Block RAM) might be sub-optimal as no optional output register could be merged into the ram block. Providing additional output register may help in improving timing.
INFO: [Synth 8-7052] The timing for the instance i_1/u_col_rom/coeff_reg_0 (implemented as a Block RAM) might be sub-optimal as no optional output register could be merged into the ram block. Providing additional output register may help in improving timing.
INFO: [Synth 8-7052] The timing for the instance i_1/u_col_rom/coeff_reg_0 (implemented as a Block RAM) might be sub-optimal as no optional output register could be merged into the ram block. Providing additional output register may help in improving timing.
INFO: [Synth 8-7052] The timing for the instance i_1/u_col_rom/coeff_reg_1 (implemented as a Block RAM) might be sub-optimal as no optional output register could be merged into the ram block. Providing additional output register may help in improving timing.
INFO: [Synth 8-7052] The timing for the instance i_1/u_col_rom/coeff_reg_1 (implemented as a Block RAM) might be sub-optimal as no optional output register could be merged into the ram block. Providing additional output register may help in improving timing.
INFO: [Synth 8-5844] Detected registers with asynchronous reset at DSP/BRAM block boundary. Consider using synchronous reset for optimal packing [D:/WorkSpace/its_vvc/rtl/its_mac.v:23]
INFO: [Synth 8-5844] Detected registers with asynchronous reset at DSP/BRAM block boundary. Consider using synchronous reset for optimal packing [D:/WorkSpace/its_vvc/rtl/its_mac.v:23]
INFO: [Synth 8-3886] merging instance 'i_2/u_row_engine/u_mac2/valid_s1_reg' (FDC) to 'i_2/u_row_engine/u_mac0/valid_s1_reg'
INFO: [Synth 8-5844] Detected registers with asynchronous reset at DSP/BRAM block boundary. Consider using synchronous reset for optimal packing [D:/WorkSpace/its_vvc/rtl/its_mac.v:23]
INFO: [Synth 8-5844] Detected registers with asynchronous reset at DSP/BRAM block boundary. Consider using synchronous reset for optimal packing [D:/WorkSpace/its_vvc/rtl/its_mac.v:23]
INFO: [Synth 8-3886] merging instance 'i_14/u_row_engine/u_mac1/valid_s1_reg' (FDC) to 'i_14/u_row_engine/u_mac3/valid_s1_reg'
---------------------------------------------------------------------------------
Finished Technology Mapping : Time (s): cpu = 00:12:31 ; elapsed = 00:14:01 . Memory (MB): peak = 5604.887 ; gain = 4527.645
---------------------------------------------------------------------------------
---------------------------------------------------------------------------------
Start IO Insertion
---------------------------------------------------------------------------------
---------------------------------------------------------------------------------
Start Flattening Before IO Insertion
---------------------------------------------------------------------------------
---------------------------------------------------------------------------------
Finished Flattening Before IO Insertion
---------------------------------------------------------------------------------
---------------------------------------------------------------------------------
Start Final Netlist Cleanup
---------------------------------------------------------------------------------
INFO: [Synth 8-7052] The timing for the instance u_lfnst_rom/coeff_reg_0 (implemented as a Block RAM) might be sub-optimal as no optional output register could be merged into the ram block. Providing additional output register may help in improving timing.
INFO: [Synth 8-7052] The timing for the instance u_lfnst_rom/coeff_reg_1 (implemented as a Block RAM) might be sub-optimal as no optional output register could be merged into the ram block. Providing additional output register may help in improving timing.
INFO: [Synth 8-7052] The timing for the instance u_col_rom/coeff_reg_0 (implemented as a Block RAM) might be sub-optimal as no optional output register could be merged into the ram block. Providing additional output register may help in improving timing.
INFO: [Synth 8-7052] The timing for the instance u_col_rom/coeff_reg_0 (implemented as a Block RAM) might be sub-optimal as no optional output register could be merged into the ram block. Providing additional output register may help in improving timing.
INFO: [Synth 8-7052] The timing for the instance u_col_rom/coeff_reg_1 (implemented as a Block RAM) might be sub-optimal as no optional output register could be merged into the ram block. Providing additional output register may help in improving timing.
INFO: [Synth 8-7052] The timing for the instance u_col_rom/coeff_reg_1 (implemented as a Block RAM) might be sub-optimal as no optional output register could be merged into the ram block. Providing additional output register may help in improving timing.
---------------------------------------------------------------------------------
Finished Final Netlist Cleanup
---------------------------------------------------------------------------------
---------------------------------------------------------------------------------
Finished IO Insertion : Time (s): cpu = 00:13:12 ; elapsed = 00:14:43 . Memory (MB): peak = 5604.887 ; gain = 4527.645
---------------------------------------------------------------------------------
---------------------------------------------------------------------------------
Start Renaming Generated Instances
---------------------------------------------------------------------------------
---------------------------------------------------------------------------------
Finished Renaming Generated Instances : Time (s): cpu = 00:13:13 ; elapsed = 00:14:45 . Memory (MB): peak = 5604.887 ; gain = 4527.645
---------------------------------------------------------------------------------
---------------------------------------------------------------------------------
Start Rebuilding User Hierarchy
---------------------------------------------------------------------------------
---------------------------------------------------------------------------------
Finished Rebuilding User Hierarchy : Time (s): cpu = 00:13:42 ; elapsed = 00:15:14 . Memory (MB): peak = 5604.887 ; gain = 4527.645
---------------------------------------------------------------------------------
---------------------------------------------------------------------------------
Start Renaming Generated Ports
---------------------------------------------------------------------------------
---------------------------------------------------------------------------------
Finished Renaming Generated Ports : Time (s): cpu = 00:13:43 ; elapsed = 00:15:15 . Memory (MB): peak = 5604.887 ; gain = 4527.645
---------------------------------------------------------------------------------
---------------------------------------------------------------------------------
Start Handling Custom Attributes
---------------------------------------------------------------------------------
---------------------------------------------------------------------------------
Finished Handling Custom Attributes : Time (s): cpu = 00:13:48 ; elapsed = 00:15:21 . Memory (MB): peak = 5604.887 ; gain = 4527.645
---------------------------------------------------------------------------------
---------------------------------------------------------------------------------
Start Renaming Generated Nets
---------------------------------------------------------------------------------
---------------------------------------------------------------------------------
Finished Renaming Generated Nets : Time (s): cpu = 00:13:49 ; elapsed = 00:15:22 . Memory (MB): peak = 5604.887 ; gain = 4527.645
---------------------------------------------------------------------------------
---------------------------------------------------------------------------------
Start Writing Synthesis Report
---------------------------------------------------------------------------------

DSP Final Report (the ' indicates corresponding REG is set)
+------------+-------------+--------+--------+--------+--------+--------+------+------+------+------+-------+------+------+
|Module Name | DSP Mapping | A Size | B Size | C Size | D Size | P Size | AREG | BREG | CREG | DREG | ADREG | MREG | PREG | 
+------------+-------------+--------+--------+--------+--------+--------+------+------+------+------+-------+------+------+
|its_mac     | (A*B)'      | 30     | 18     | -      | -      | 32     | 0    | 0    | -    | -    | -     | 0    | 1    | 
|its_mac     | (A*B)'      | 30     | 18     | -      | -      | 32     | 0    | 0    | -    | -    | -     | 0    | 1    | 
|its_mac     | (A*B)'      | 30     | 18     | -      | -      | 32     | 0    | 0    | -    | -    | -     | 0    | 1    | 
|its_mac     | (A*B)'      | 30     | 18     | -      | -      | 32     | 0    | 0    | -    | -    | -     | 0    | 1    | 
|its_mac     | (A*B)'      | 30     | 18     | -      | -      | 32     | 0    | 0    | -    | -    | -     | 0    | 1    | 
|its_mac     | (A*B)'      | 30     | 18     | -      | -      | 32     | 0    | 0    | -    | -    | -     | 0    | 1    | 
|its_mac     | (A*B)'      | 30     | 18     | -      | -      | 32     | 0    | 0    | -    | -    | -     | 0    | 1    | 
|its_mac     | (A*B)'      | 30     | 18     | -      | -      | 32     | 0    | 0    | -    | -    | -     | 0    | 1    | 
|its_mac     | (A*B)'      | 30     | 18     | -      | -      | 32     | 0    | 0    | -    | -    | -     | 0    | 1    | 
+------------+-------------+--------+--------+--------+--------+--------+------+------+------+------+-------+------+------+


Report BlackBoxes: 
+-+--------------+----------+
| |BlackBox name |Instances |
+-+--------------+----------+
+-+--------------+----------+

Report Cell Usage: 
+------+---------+-------+
|      |Cell     |Count  |
+------+---------+-------+
|1     |BUFG     |      1|
|2     |CARRY4   |    183|
|3     |DSP48E1  |      9|
|4     |LUT1     |     22|
|5     |LUT2     |    443|
|6     |LUT3     |   1285|
|7     |LUT4     |   2865|
|8     |LUT5     |   9473|
|9     |LUT6     |  70213|
|10    |MUXF7    |  31872|
|11    |MUXF8    |  15440|
|12    |RAMB36E1 |      4|
|16    |FDCE     |   2585|
|17    |FDPE     |      3|
|18    |FDRE     | 190336|
|19    |IBUF     |     55|
|20    |OBUF     |     43|
+------+---------+-------+
---------------------------------------------------------------------------------
Finished Writing Synthesis Report : Time (s): cpu = 00:13:50 ; elapsed = 00:15:23 . Memory (MB): peak = 5604.887 ; gain = 4527.645
---------------------------------------------------------------------------------
Synthesis finished with 0 errors, 0 critical warnings and 0 warnings.
Synthesis Optimization Runtime : Time (s): cpu = 00:12:49 ; elapsed = 00:14:53 . Memory (MB): peak = 5604.887 ; gain = 3893.691
Synthesis Optimization Complete : Time (s): cpu = 00:13:50 ; elapsed = 00:15:26 . Memory (MB): peak = 5604.887 ; gain = 4527.645
INFO: [Project 1-571] Translating synthesized netlist
Netlist sorting complete. Time (s): cpu = 00:00:03 ; elapsed = 00:00:04 . Memory (MB): peak = 5604.887 ; gain = 0.000
INFO: [Netlist 29-17] Analyzing 47508 Unisim elements for replacement
INFO: [Netlist 29-28] Unisim Transformation completed in 2 CPU seconds
INFO: [Project 1-570] Preparing netlist for logic optimization
INFO: [Opt 31-138] Pushed 0 inverter(s) to 0 load pin(s).
Netlist sorting complete. Time (s): cpu = 00:00:00 ; elapsed = 00:00:00.065 . Memory (MB): peak = 5604.887 ; gain = 0.000
INFO: [Project 1-111] Unisim Transformation Summary:
No Unisim elements were transformed.

Synth Design complete | Checksum: f19d01d1
INFO: [Common 17-83] Releasing license: Synthesis
78 Infos, 23 Warnings, 4 Critical Warnings and 0 Errors encountered.
synth_design completed successfully
synth_design: Time (s): cpu = 00:15:17 ; elapsed = 00:16:57 . Memory (MB): peak = 5604.887 ; gain = 4983.203
INFO: [runtcl-6] Synthesis results are not added to the cache due to CRITICAL_WARNING
Write ShapeDB Complete: Time (s): cpu = 00:00:01 ; elapsed = 00:00:00.381 . Memory (MB): peak = 5604.887 ; gain = 0.000
INFO: [Common 17-1381] The checkpoint 'D:/WorkSpace/its_vvc/synth/its_vvc_synth/its_vvc_synth.runs/synth_1/its_top.dcp' has been generated.
write_checkpoint: Time (s): cpu = 00:00:30 ; elapsed = 00:00:25 . Memory (MB): peak = 5604.887 ; gain = 0.000
INFO: [Vivado 12-24828] Executing command : report_utilization -file its_top_utilization_synth.rpt -pb its_top_utilization_synth.pb
INFO: [Common 17-206] Exiting Vivado at Thu Jun  4 12:22:17 2026...
[Thu Jun  4 12:22:27 2026] synth_1 finished
wait_on_runs: Time (s): cpu = 00:00:01 ; elapsed = 00:17:48 . Memory (MB): peak = 625.016 ; gain = 0.000
# open_run synth_1
Design is defaulting to impl run constrset: constrs_1
Design is defaulting to synth run part: xc7a200tfbg484-1
INFO: [Device 21-403] Loading part xc7a200tfbg484-1
INFO: [Device 21-9227] Part: xc7a200tfbg484-1 does not have CEAM library.
Netlist sorting complete. Time (s): cpu = 00:00:02 ; elapsed = 00:00:02 . Memory (MB): peak = 1450.445 ; gain = 8.473
INFO: [Netlist 29-17] Analyzing 47508 Unisim elements for replacement
INFO: [Netlist 29-28] Unisim Transformation completed in 0 CPU seconds
INFO: [Project 1-479] Netlist was created with Vivado 2024.1
INFO: [Project 1-570] Preparing netlist for logic optimization
Parsing XDC File [D:/WorkSpace/its_vvc/synth/timing.xdc]
CRITICAL WARNING: [Constraints 18-602] set_input_delay: list contains '1' objects of types '(port)' other than the types '(input port,internal pin)' supported by the constraint. These objects will not be used for this constraint. Please review the object list and ensure unsupported object types are removed. [D:/WorkSpace/its_vvc/synth/timing.xdc:10]
CRITICAL WARNING: [Constraints 18-602] set_input_delay: list contains '1' objects of types '(port)' other than the types '(input port,internal pin)' supported by the constraint. These objects will not be used for this constraint. Please review the object list and ensure unsupported object types are removed. [D:/WorkSpace/its_vvc/synth/timing.xdc:11]
CRITICAL WARNING: [Constraints 18-602] set_output_delay: list contains '1' objects of types '(port)' other than the types '(output port,internal pin)' supported by the constraint. These objects will not be used for this constraint. Please review the object list and ensure unsupported object types are removed. [D:/WorkSpace/its_vvc/synth/timing.xdc:14]
CRITICAL WARNING: [Constraints 18-602] set_output_delay: list contains '1' objects of types '(port)' other than the types '(output port,internal pin)' supported by the constraint. These objects will not be used for this constraint. Please review the object list and ensure unsupported object types are removed. [D:/WorkSpace/its_vvc/synth/timing.xdc:15]
Finished Parsing XDC File [D:/WorkSpace/its_vvc/synth/timing.xdc]
INFO: [Opt 31-138] Pushed 0 inverter(s) to 0 load pin(s).
Netlist sorting complete. Time (s): cpu = 00:00:00 ; elapsed = 00:00:00.048 . Memory (MB): peak = 1745.012 ; gain = 0.000
INFO: [Project 1-111] Unisim Transformation Summary:
No Unisim elements were transformed.

open_run: Time (s): cpu = 00:00:31 ; elapsed = 00:00:34 . Memory (MB): peak = 1745.012 ; gain = 1119.996
# report_utilization -file utilization_report.rpt
# report_timing_summary -file timing_report.rpt
CRITICAL WARNING: [Constraints 18-602] set_input_delay: list contains '1' objects of types '(port)' other than the types '(input port,internal pin)' supported by the constraint. These objects will not be used for this constraint. Please review the object list and ensure unsupported object types are removed.
CRITICAL WARNING: [Constraints 18-602] set_input_delay: list contains '1' objects of types '(port)' other than the types '(input port,internal pin)' supported by the constraint. These objects will not be used for this constraint. Please review the object list and ensure unsupported object types are removed.
CRITICAL WARNING: [Constraints 18-602] set_output_delay: list contains '1' objects of types '(port)' other than the types '(output port,internal pin)' supported by the constraint. These objects will not be used for this constraint. Please review the object list and ensure unsupported object types are removed.
CRITICAL WARNING: [Constraints 18-602] set_output_delay: list contains '1' objects of types '(port)' other than the types '(output port,internal pin)' supported by the constraint. These objects will not be used for this constraint. Please review the object list and ensure unsupported object types are removed.
INFO: [Timing 38-35] Done setting XDC timing constraints.
INFO: [Timing 38-91] UpdateTimingParams: Speed grade: -1, Delay Type: min_max.
INFO: [Timing 38-191] Multithreading enabled for timing update using a maximum of 2 CPUs
report_timing_summary: Time (s): cpu = 00:00:55 ; elapsed = 00:00:37 . Memory (MB): peak = 4184.957 ; gain = 2439.945
# report_power -file power_report.rpt
Command: report_power -file power_report.rpt
Running Vector-less Activity Propagation...

Finished Running Vector-less Activity Propagation
0 Infos, 0 Warnings, 0 Critical Warnings and 0 Errors encountered.
report_power completed successfully
report_power: Time (s): cpu = 00:00:41 ; elapsed = 00:00:27 . Memory (MB): peak = 4344.898 ; gain = 159.941
# puts "========================================"
========================================
# puts "Synthesis Complete"
Synthesis Complete
# puts "========================================"
========================================
# puts "Utilization report: utilization_report.rpt"
Utilization report: utilization_report.rpt
# puts "Timing report: timing_report.rpt"
Timing report: timing_report.rpt
# puts "Power report: power_report.rpt"
Power report: power_report.rpt
# close_project
INFO: [Common 17-206] Exiting Vivado at Thu Jun  4 12:24:09 2026...
