Copyright 1986-2022 Xilinx, Inc. All Rights Reserved. Copyright 2022-2024 Advanced Micro Devices, Inc. All Rights Reserved.
---------------------------------------------------------------------------------------------------------------------------------------------
| Tool Version : Vivado v.2024.1 (win64) Build 5076996 Wed May 22 18:37:14 MDT 2024
| Date         : Tue Jun  9 22:11:48 2026
| Host         : lab running 64-bit major release  (build 9200)
| Command      : report_timing_summary -file timing_impl.rpt
| Design       : its_top
| Device       : 7a200t-fbg484
| Speed File   : -3  PRODUCTION 1.23 2018-06-13
| Design State : Routed
---------------------------------------------------------------------------------------------------------------------------------------------

Timing Summary Report

------------------------------------------------------------------------------------------------
| Timer Settings
| --------------
------------------------------------------------------------------------------------------------

  Enable Multi Corner Analysis               :  Yes
  Enable Pessimism Removal                   :  Yes
  Pessimism Removal Resolution               :  Nearest Common Node
  Enable Input Delay Default Clock           :  No
  Enable Preset / Clear Arcs                 :  No
  Disable Flight Delays                      :  No
  Ignore I/O Paths                           :  No
  Timing Early Launch at Borrowing Latches   :  No
  Borrow Time for Max Delay Exceptions       :  Yes
  Merge Timing Exceptions                    :  Yes
  Inter-SLR Compensation                     :  Conservative

  Corner  Analyze    Analyze    
  Name    Max Paths  Min Paths  
  ------  ---------  ---------  
  Slow    Yes        Yes        
  Fast    Yes        Yes        


------------------------------------------------------------------------------------------------
| Report Methodology
| ------------------
------------------------------------------------------------------------------------------------

Rule     Severity  Description                                                Violations  
-------  --------  ---------------------------------------------------------  ----------  
DPIR-1   Warning   Asynchronous driver check                                  30          
SYNTH-5  Warning   Mapped onto distributed RAM because of timing constraints  172         
SYNTH-9  Warning   Small multiplier                                           9           

Note: This report is based on the most recent report_methodology run and may not be up-to-date. Run report_methodology on the current design for the latest report.



check_timing report

Table of Contents
-----------------
1. checking no_clock (0)
2. checking constant_clock (0)
3. checking pulse_width_clock (0)
4. checking unconstrained_internal_endpoints (0)
5. checking no_input_delay (1)
6. checking no_output_delay (0)
7. checking multiple_clock (0)
8. checking generated_clocks (0)
9. checking loops (0)
10. checking partial_input_delay (0)
11. checking partial_output_delay (0)
12. checking latch_loops (0)

1. checking no_clock (0)
------------------------
 There are 0 register/latch pins with no clock.


2. checking constant_clock (0)
------------------------------
 There are 0 register/latch pins with constant_clock.


3. checking pulse_width_clock (0)
---------------------------------
 There are 0 register/latch pins which need pulse_width check


4. checking unconstrained_internal_endpoints (0)
------------------------------------------------
 There are 0 pins that are not constrained for maximum delay.

 There are 0 pins that are not constrained for maximum delay due to constant clock.


5. checking no_input_delay (1)
------------------------------
 There are 0 input ports with no input delay specified.

 There is 1 input port with no input delay but user has a false path constraint. (MEDIUM)


6. checking no_output_delay (0)
-------------------------------
 There are 0 ports with no output delay specified.

 There are 0 ports with no output delay but user has a false path constraint

 There are 0 ports with no output delay but with a timing clock defined on it or propagating through it


7. checking multiple_clock (0)
------------------------------
 There are 0 register/latch pins with multiple clocks.


8. checking generated_clocks (0)
--------------------------------
 There are 0 generated clocks that are not connected to a clock source.


9. checking loops (0)
---------------------
 There are 0 combinational loops in the design.


10. checking partial_input_delay (0)
------------------------------------
 There are 0 input ports with partial input delay specified.


11. checking partial_output_delay (0)
-------------------------------------
 There are 0 ports with partial output delay specified.


12. checking latch_loops (0)
----------------------------
 There are 0 combinational latch loops in the design through latch input



------------------------------------------------------------------------------------------------
| Design Timing Summary
| ---------------------
------------------------------------------------------------------------------------------------

    WNS(ns)      TNS(ns)  TNS Failing Endpoints  TNS Total Endpoints      WHS(ns)      THS(ns)  THS Failing Endpoints  THS Total Endpoints     WPWS(ns)     TPWS(ns)  TPWS Failing Endpoints  TPWS Total Endpoints  
    -------      -------  ---------------------  -------------------      -------      -------  ---------------------  -------------------     --------     --------  ----------------------  --------------------  
     -0.421      -11.907                     40                37339        0.051        0.000                      0                37339        3.950        0.000                       0                  6427  


Timing constraints are not met.


------------------------------------------------------------------------------------------------
| Clock Summary
| -------------
------------------------------------------------------------------------------------------------

Clock  Waveform(ns)       Period(ns)      Frequency(MHz)
-----  ------------       ----------      --------------
clk    {0.000 5.000}      10.000          100.000         


------------------------------------------------------------------------------------------------
| Intra Clock Table
| -----------------
------------------------------------------------------------------------------------------------

Clock             WNS(ns)      TNS(ns)  TNS Failing Endpoints  TNS Total Endpoints      WHS(ns)      THS(ns)  THS Failing Endpoints  THS Total Endpoints     WPWS(ns)     TPWS(ns)  TPWS Failing Endpoints  TPWS Total Endpoints  
-----             -------      -------  ---------------------  -------------------      -------      -------  ---------------------  -------------------     --------     --------  ----------------------  --------------------  
clk                -0.421      -11.907                     40                37339        0.051        0.000                      0                37339        3.950        0.000                       0                  6427  


------------------------------------------------------------------------------------------------
| Inter Clock Table
| -----------------
------------------------------------------------------------------------------------------------

From Clock    To Clock          WNS(ns)      TNS(ns)  TNS Failing Endpoints  TNS Total Endpoints      WHS(ns)      THS(ns)  THS Failing Endpoints  THS Total Endpoints  
----------    --------          -------      -------  ---------------------  -------------------      -------      -------  ---------------------  -------------------  


------------------------------------------------------------------------------------------------
| Other Path Groups Table
| -----------------------
------------------------------------------------------------------------------------------------

Path Group    From Clock    To Clock          WNS(ns)      TNS(ns)  TNS Failing Endpoints  TNS Total Endpoints      WHS(ns)      THS(ns)  THS Failing Endpoints  THS Total Endpoints  
----------    ----------    --------          -------      -------  ---------------------  -------------------      -------      -------  ---------------------  -------------------  


------------------------------------------------------------------------------------------------
| Timing Details
| --------------
------------------------------------------------------------------------------------------------


---------------------------------------------------------------------------------------------------
From Clock:  clk
  To Clock:  clk

Setup :           40  Failing Endpoints,  Worst Slack       -0.421ns,  Total Violation      -11.907ns
Hold  :            0  Failing Endpoints,  Worst Slack        0.051ns,  Total Violation        0.000ns
PW    :            0  Failing Endpoints,  Worst Slack        3.950ns,  Total Violation        0.000ns
---------------------------------------------------------------------------------------------------


Max Delay Paths
--------------------------------------------------------------------------------------
Slack (VIOLATED) :        -0.421ns  (required time - arrival time)
  Source:                 out_mem_reg_1_0/CLKBWRCLK
                            (rising edge-triggered cell RAMB36E1 clocked by clk  {rise@0.000ns fall@5.000ns period=10.000ns})
  Destination:            it_data_out[18]
                            (output port clocked by clk  {rise@0.000ns fall@5.000ns period=10.000ns})
  Path Group:             clk
  Path Type:              Max at Slow Process Corner
  Requirement:            10.000ns  (clk rise@10.000ns - clk rise@0.000ns)
  Data Path Delay:        6.116ns  (logic 4.233ns (69.216%)  route 1.883ns (30.784%))
  Logic Levels:           2  (LUT2=1 OBUF=1)
  Output Delay:           0.300ns
  Clock Path Skew:        -3.920ns (DCD - SCD + CPR)
    Destination Clock Delay (DCD):    0.000ns = ( 10.000 - 10.000 ) 
    Source Clock Delay      (SCD):    3.920ns
    Clock Pessimism Removal (CPR):    0.000ns
  Clock Uncertainty:      0.085ns  ((TSJ^2 + TIJ^2)^1/2 + DJ) / 2 + PE + UU
    Total System Jitter     (TSJ):    0.071ns
    Total Input Jitter      (TIJ):    0.000ns
    Discrete Jitter          (DJ):    0.000ns
    Phase Error              (PE):    0.000ns
    User Uncertainty         (UU):    0.050ns

    Location             Delay type                Incr(ns)  Path(ns)    Netlist Resource(s)
  -------------------------------------------------------------------    -------------------
                         (clock clk rise edge)        0.000     0.000 r  
    U20                                               0.000     0.000 r  clk (IN)
                         net (fo=0)                   0.000     0.000    clk
    U20                  IBUF (Prop_ibuf_I_O)         0.842     0.842 r  clk_IBUF_inst/O
                         net (fo=1, routed)           1.632     2.474    clk_IBUF
    BUFGCTRL_X0Y0        BUFG (Prop_bufg_I_O)         0.076     2.550 r  clk_IBUF_BUFG_inst/O
                         net (fo=6426, routed)        1.369     3.920    clk_IBUF_BUFG
    RAMB36_X8Y24         RAMB36E1                                     r  out_mem_reg_1_0/CLKBWRCLK
  -------------------------------------------------------------------    -------------------
    RAMB36_X8Y24         RAMB36E1 (Prop_ramb36e1_CLKBWRCLK_DOPBDOP[0])
                                                      1.846     5.766 r  out_mem_reg_1_0/DOPBDOP[0]
                         net (fo=1, routed)           0.686     6.451    out_mem_reg_1_0_n_75
    SLICE_X159Y127       LUT2 (Prop_lut2_I0_O)        0.097     6.548 r  it_data_out_OBUF[18]_inst_i_1/O
                         net (fo=1, routed)           1.197     7.745    it_data_out_OBUF[18]
    AA4                  OBUF (Prop_obuf_I_O)         2.290    10.036 r  it_data_out_OBUF[18]_inst/O
                         net (fo=0)                   0.000    10.036    it_data_out[18]
    AA4                                                               r  it_data_out[18] (OUT)
  -------------------------------------------------------------------    -------------------

                         (clock clk rise edge)       10.000    10.000 r  
                         clock pessimism              0.000    10.000    
                         clock uncertainty           -0.085     9.915    
                         output delay                -0.300     9.615    
  -------------------------------------------------------------------
                         required time                          9.615    
                         arrival time                         -10.036    
  -------------------------------------------------------------------
                         slack                                 -0.421    





Min Delay Paths
--------------------------------------------------------------------------------------
Slack (MET) :             0.051ns  (arrival time - required time)
  Source:                 it_info[1]
                            (input port clocked by clk  {rise@0.000ns fall@5.000ns period=10.000ns})
  Destination:            total_points_reg[2]/D
                            (rising edge-triggered cell FDCE clocked by clk  {rise@0.000ns fall@5.000ns period=10.000ns})
  Path Group:             clk
  Path Type:              Hold (Min at Slow Process Corner)
  Requirement:            0.000ns  (clk rise@0.000ns - clk rise@0.000ns)
  Data Path Delay:        4.165ns  (logic 0.880ns (21.136%)  route 3.285ns (78.864%))
  Logic Levels:           3  (CARRY4=1 IBUF=1 LUT6=1)
  Input Delay:            0.100ns
  Clock Path Skew:        3.890ns (DCD - SCD - CPR)
    Destination Clock Delay (DCD):    3.890ns
    Source Clock Delay      (SCD):    0.000ns
    Clock Pessimism Removal (CPR):    -0.000ns
  Clock Uncertainty:      0.060ns  ((TSJ^2 + TIJ^2)^1/2 + DJ) / 2 + PE + UU
    Total System Jitter     (TSJ):    0.071ns
    Total Input Jitter      (TIJ):    0.000ns
    Discrete Jitter          (DJ):    0.000ns
    Phase Error              (PE):    0.000ns
    User Uncertainty         (UU):    0.025ns

    Location             Delay type                Incr(ns)  Path(ns)    Netlist Resource(s)
  -------------------------------------------------------------------    -------------------
                         (clock clk rise edge)        0.000     0.000 r  
                         input delay                  0.100     0.100    
    R17                                               0.000     0.100 r  it_info[1] (IN)
                         net (fo=0)                   0.000     0.100    it_info[1]
    R17                  IBUF (Prop_ibuf_I_O)         0.660     0.760 r  it_info_IBUF[1]_inst/O
                         net (fo=18, routed)          3.285     4.045    it_info_IBUF[1]
    SLICE_X20Y124        LUT6 (Prop_lut6_I2_O)        0.078     4.123 r  total_points[2]_i_6/O
                         net (fo=1, routed)           0.000     4.123    total_points[2]_i_6_n_0
    SLICE_X20Y124        CARRY4 (Prop_carry4_S[2]_O[2])
                                                      0.142     4.265 r  total_points_reg[2]_i_1/O[2]
                         net (fo=1, routed)           0.000     4.265    total_points0[2]
    SLICE_X20Y124        FDCE                                         r  total_points_reg[2]/D
  -------------------------------------------------------------------    -------------------

                         (clock clk rise edge)        0.000     0.000 r  
    U20                                               0.000     0.000 r  clk (IN)
                         net (fo=0)                   0.000     0.000    clk
    U20                  IBUF (Prop_ibuf_I_O)         0.842     0.842 r  clk_IBUF_inst/O
                         net (fo=1, routed)           1.632     2.474    clk_IBUF
    BUFGCTRL_X0Y0        BUFG (Prop_bufg_I_O)         0.076     2.550 r  clk_IBUF_BUFG_inst/O
                         net (fo=6426, routed)        1.340     3.890    clk_IBUF_BUFG
    SLICE_X20Y124        FDCE                                         r  total_points_reg[2]/C
                         clock pessimism              0.000     3.890    
                         clock uncertainty            0.060     3.950    
    SLICE_X20Y124        FDCE (Hold_fdce_C_D)         0.264     4.214    total_points_reg[2]
  -------------------------------------------------------------------
                         required time                         -4.214    
                         arrival time                           4.265    
  -------------------------------------------------------------------
                         slack                                  0.051    





Pulse Width Checks
--------------------------------------------------------------------------------------
Clock Name:         clk
Waveform(ns):       { 0.000 5.000 }
Period(ns):         10.000
Sources:            { clk }

Check Type        Corner  Lib Pin             Reference Pin  Required(ns)  Actual(ns)  Slack(ns)  Location      Pin
Min Period        n/a     RAMB36E1/CLKARDCLK  n/a            2.234         10.000      7.766      RAMB36_X8Y24  out_mem_reg_1_0/CLKARDCLK
Low Pulse Width   Slow    RAMD64E/CLK         n/a            1.050         5.000       3.950      SLICE_X42Y96  in_mem_reg_r1_0_63_0_2/RAMA/CLK
High Pulse Width  Slow    RAMD64E/CLK         n/a            1.050         5.000       3.950      SLICE_X42Y96  in_mem_reg_r1_0_63_0_2/RAMA/CLK



