Copyright 1986-2022 Xilinx, Inc. All Rights Reserved. Copyright 2022-2024 Advanced Micro Devices, Inc. All Rights Reserved.
---------------------------------------------------------------------------------------------------------------------------------------------
| Tool Version : Vivado v.2024.1 (win64) Build 5076996 Wed May 22 18:37:14 MDT 2024
| Date         : Thu Jun  4 14:00:31 2026
| Host         : lab running 64-bit major release  (build 9200)
| Command      : report_timing_summary -file timing_report.rpt
| Design       : its_top
| Device       : 7a200t-fbg484
| Speed File   : -1  PRODUCTION 1.23 2018-06-13
| Design State : Synthesized
---------------------------------------------------------------------------------------------------------------------------------------------

Timing Summary Report

------------------------------------------------------------------------------------------------
| Timer Settings
| --------------
------------------------------------------------------------------------------------------------

  Enable Multi Corner Analysis               :  Yes
  Enable Pessimism Removal                   :  Yes
  Pessimism Removal Resolution               :  Nearest Common Node
  Enable Input Delay Default Clock           :  No
  Enable Preset / Clear Arcs                 :  No
  Disable Flight Delays                      :  No
  Ignore I/O Paths                           :  No
  Timing Early Launch at Borrowing Latches   :  No
  Borrow Time for Max Delay Exceptions       :  Yes
  Merge Timing Exceptions                    :  Yes
  Inter-SLR Compensation                     :  Conservative

  Corner  Analyze    Analyze    
  Name    Max Paths  Min Paths  
  ------  ---------  ---------  
  Slow    Yes        Yes        
  Fast    Yes        Yes        


------------------------------------------------------------------------------------------------
| Report Methodology
| ------------------
------------------------------------------------------------------------------------------------

No report available as report_methodology has not been run prior. Run report_methodology on the current design for the summary of methodology violations.



check_timing report

Table of Contents
-----------------
1. checking no_clock (0)
2. checking constant_clock (0)
3. checking pulse_width_clock (0)
4. checking unconstrained_internal_endpoints (0)
5. checking no_input_delay (2)
6. checking no_output_delay (1)
7. checking multiple_clock (0)
8. checking generated_clocks (0)
9. checking loops (0)
10. checking partial_input_delay (0)
11. checking partial_output_delay (0)
12. checking latch_loops (0)

1. checking no_clock (0)
------------------------
 There are 0 register/latch pins with no clock.


2. checking constant_clock (0)
------------------------------
 There are 0 register/latch pins with constant_clock.


3. checking pulse_width_clock (0)
---------------------------------
 There are 0 register/latch pins which need pulse_width check


4. checking unconstrained_internal_endpoints (0)
------------------------------------------------
 There are 0 pins that are not constrained for maximum delay.

 There are 0 pins that are not constrained for maximum delay due to constant clock.


5. checking no_input_delay (2)
------------------------------
 There is 1 input port with no input delay specified. (HIGH)

 There is 1 input port with no input delay but user has a false path constraint. (MEDIUM)


6. checking no_output_delay (1)
-------------------------------
 There is 1 port with no output delay specified. (HIGH)

 There are 0 ports with no output delay but user has a false path constraint

 There are 0 ports with no output delay but with a timing clock defined on it or propagating through it


7. checking multiple_clock (0)
------------------------------
 There are 0 register/latch pins with multiple clocks.


8. checking generated_clocks (0)
--------------------------------
 There are 0 generated clocks that are not connected to a clock source.


9. checking loops (0)
---------------------
 There are 0 combinational loops in the design.


10. checking partial_input_delay (0)
------------------------------------
 There are 0 input ports with partial input delay specified.


11. checking partial_output_delay (0)
-------------------------------------
 There are 0 ports with partial output delay specified.


12. checking latch_loops (0)
----------------------------
 There are 0 combinational latch loops in the design through latch input



------------------------------------------------------------------------------------------------
| Design Timing Summary
| ---------------------
------------------------------------------------------------------------------------------------

    WNS(ns)      TNS(ns)  TNS Failing Endpoints  TNS Total Endpoints      WHS(ns)      THS(ns)  THS Failing Endpoints  THS Total Endpoints     WPWS(ns)     TPWS(ns)  TPWS Failing Endpoints  TPWS Total Endpoints  
    -------      -------  ---------------------  -------------------      -------      -------  ---------------------  -------------------     --------     --------  ----------------------  --------------------  
     -8.676  -104293.805                  38564                67953       -1.046    -7964.786                  15234                67953       -0.576    -2003.999                    8012                 10501  


Timing constraints are not met.


------------------------------------------------------------------------------------------------
| Clock Summary
| -------------
------------------------------------------------------------------------------------------------

Clock  Waveform(ns)         Period(ns)      Frequency(MHz)
-----  ------------         ----------      --------------
clk    {0.000 1.000}        2.000           500.000         


------------------------------------------------------------------------------------------------
| Intra Clock Table
| -----------------
------------------------------------------------------------------------------------------------

Clock             WNS(ns)      TNS(ns)  TNS Failing Endpoints  TNS Total Endpoints      WHS(ns)      THS(ns)  THS Failing Endpoints  THS Total Endpoints     WPWS(ns)     TPWS(ns)  TPWS Failing Endpoints  TPWS Total Endpoints  
-----             -------      -------  ---------------------  -------------------      -------      -------  ---------------------  -------------------     --------     --------  ----------------------  --------------------  
clk                -8.676  -104293.805                  38564                67953       -1.046    -7964.786                  15234                67953       -0.576    -2003.999                    8012                 10501  


------------------------------------------------------------------------------------------------
| Inter Clock Table
| -----------------
------------------------------------------------------------------------------------------------

From Clock    To Clock          WNS(ns)      TNS(ns)  TNS Failing Endpoints  TNS Total Endpoints      WHS(ns)      THS(ns)  THS Failing Endpoints  THS Total Endpoints  
----------    --------          -------      -------  ---------------------  -------------------      -------      -------  ---------------------  -------------------  


------------------------------------------------------------------------------------------------
| Other Path Groups Table
| -----------------------
------------------------------------------------------------------------------------------------

Path Group    From Clock    To Clock          WNS(ns)      TNS(ns)  TNS Failing Endpoints  TNS Total Endpoints      WHS(ns)      THS(ns)  THS Failing Endpoints  THS Total Endpoints  
----------    ----------    --------          -------      -------  ---------------------  -------------------      -------      -------  ---------------------  -------------------  


------------------------------------------------------------------------------------------------
| Timing Details
| --------------
------------------------------------------------------------------------------------------------


---------------------------------------------------------------------------------------------------
From Clock:  clk
  To Clock:  clk

Setup :        38564  Failing Endpoints,  Worst Slack       -8.676ns,  Total Violation  -104293.802ns
Hold  :        15234  Failing Endpoints,  Worst Slack       -1.046ns,  Total Violation    -7964.786ns
PW    :         8012  Failing Endpoints,  Worst Slack       -0.576ns,  Total Violation    -2003.999ns
---------------------------------------------------------------------------------------------------


Max Delay Paths
--------------------------------------------------------------------------------------
Slack (VIOLATED) :        -8.676ns  (required time - arrival time)
  Source:                 out_cnt_reg_rep[3]_rep/C
                            (rising edge-triggered cell FDCE clocked by clk  {rise@0.000ns fall@1.000ns period=2.000ns})
  Destination:            it_data_out[0]
                            (output port clocked by clk  {rise@0.000ns fall@1.000ns period=2.000ns})
  Path Group:             clk
  Path Type:              Max at Slow Process Corner
  Requirement:            2.000ns  (clk rise@2.000ns - clk rise@0.000ns)
  Data Path Delay:        7.617ns  (logic 4.150ns (54.477%)  route 3.468ns (45.523%))
  Logic Levels:           6  (LUT6=2 MUXF7=1 MUXF8=1 OBUF=1 RAMD64E=1)
  Output Delay:           0.500ns
  Clock Path Skew:        -2.424ns (DCD - SCD + CPR)
    Destination Clock Delay (DCD):    0.000ns = ( 2.000 - 2.000 ) 
    Source Clock Delay      (SCD):    2.424ns
    Clock Pessimism Removal (CPR):    0.000ns
  Clock Uncertainty:      0.135ns  ((TSJ^2 + TIJ^2)^1/2 + DJ) / 2 + PE + UU
    Total System Jitter     (TSJ):    0.071ns
    Total Input Jitter      (TIJ):    0.000ns
    Discrete Jitter          (DJ):    0.000ns
    Phase Error              (PE):    0.000ns
    User Uncertainty         (UU):    0.100ns

    Location             Delay type                Incr(ns)  Path(ns)    Netlist Resource(s)
  -------------------------------------------------------------------    -------------------
                         (clock clk rise edge)        0.000     0.000 r  
                                                      0.000     0.000 r  clk (IN)
                         net (fo=0)                   0.000     0.000    clk
                         IBUF (Prop_ibuf_I_O)         0.944     0.944 r  clk_IBUF_inst/O
                         net (fo=1, unplaced)         0.800     1.744    clk_IBUF
                         BUFG (Prop_bufg_I_O)         0.096     1.840 r  clk_IBUF_BUFG_inst/O
                         net (fo=10500, unplaced)     0.584     2.424    clk_IBUF_BUFG
                         FDCE                                         r  out_cnt_reg_rep[3]_rep/C
  -------------------------------------------------------------------    -------------------
                         FDCE (Prop_fdce_C_Q)         0.456     2.880 r  out_cnt_reg_rep[3]_rep/Q
                         net (fo=96, unplaced)        0.840     3.720    out_mem_reg_r4_3456_3519_0_2/ADDRA3
                         RAMD64E (Prop_ramd64e_RADR3_O)
                                                      0.295     4.015 r  out_mem_reg_r4_3456_3519_0_2/RAMA/O
                         net (fo=1, unplaced)         1.111     5.126    out_mem_reg_r4_3456_3519_0_2_n_0
                         LUT6 (Prop_lut6_I1_O)        0.124     5.250 r  it_data_out_OBUF[0]_inst_i_15/O
                         net (fo=1, unplaced)         0.000     5.250    it_data_out_OBUF[0]_inst_i_15_n_0
                         MUXF7 (Prop_muxf7_I1_O)      0.245     5.495 r  it_data_out_OBUF[0]_inst_i_6/O
                         net (fo=1, unplaced)         0.000     5.495    it_data_out_OBUF[0]_inst_i_6_n_0
                         MUXF8 (Prop_muxf8_I0_O)      0.104     5.599 r  it_data_out_OBUF[0]_inst_i_2/O
                         net (fo=1, unplaced)         0.717     6.316    it_data_out_OBUF[0]_inst_i_2_n_0
                         LUT6 (Prop_lut6_I0_O)        0.319     6.635 r  it_data_out_OBUF[0]_inst_i_1/O
                         net (fo=1, unplaced)         0.800     7.434    it_data_out_OBUF[0]
                         OBUF (Prop_obuf_I_O)         2.607    10.041 r  it_data_out_OBUF[0]_inst/O
                         net (fo=0)                   0.000    10.041    it_data_out[0]
                                                                      r  it_data_out[0] (OUT)
  -------------------------------------------------------------------    -------------------

                         (clock clk rise edge)        2.000     2.000 r  
                         clock pessimism              0.000     2.000    
                         clock uncertainty           -0.135     1.865    
                         output delay                -0.500     1.365    
  -------------------------------------------------------------------
                         required time                          1.365    
                         arrival time                         -10.041    
  -------------------------------------------------------------------
                         slack                                 -8.676    





Min Delay Paths
--------------------------------------------------------------------------------------
Slack (VIOLATED) :        -1.046ns  (arrival time - required time)
  Source:                 it_info[20]
                            (input port clocked by clk  {rise@0.000ns fall@1.000ns period=2.000ns})
  Destination:            lfnst_idx_reg[0]/D
                            (rising edge-triggered cell FDCE clocked by clk  {rise@0.000ns fall@1.000ns period=2.000ns})
  Path Group:             clk
  Path Type:              Hold (Min at Slow Process Corner)
  Requirement:            0.000ns  (clk rise@0.000ns - clk rise@0.000ns)
  Data Path Delay:        1.570ns  (logic 0.811ns (51.619%)  route 0.760ns (48.381%))
  Logic Levels:           1  (IBUF=1)
  Input Delay:            0.100ns
  Clock Path Skew:        2.424ns (DCD - SCD - CPR)
    Destination Clock Delay (DCD):    2.424ns
    Source Clock Delay      (SCD):    0.000ns
    Clock Pessimism Removal (CPR):    -0.000ns
  Clock Uncertainty:      0.085ns  ((TSJ^2 + TIJ^2)^1/2 + DJ) / 2 + PE + UU
    Total System Jitter     (TSJ):    0.071ns
    Total Input Jitter      (TIJ):    0.000ns
    Discrete Jitter          (DJ):    0.000ns
    Phase Error              (PE):    0.000ns
    User Uncertainty         (UU):    0.050ns

    Location             Delay type                Incr(ns)  Path(ns)    Netlist Resource(s)
  -------------------------------------------------------------------    -------------------
                         (clock clk rise edge)        0.000     0.000 r  
                         input delay                  0.100     0.100    
                                                      0.000     0.100 r  it_info[20] (IN)
                         net (fo=0)                   0.000     0.100    it_info[20]
                         IBUF (Prop_ibuf_I_O)         0.811     0.911 r  it_info_IBUF[20]_inst/O
                         net (fo=1, unplaced)         0.760     1.670    it_info_IBUF[20]
                         FDCE                                         r  lfnst_idx_reg[0]/D
  -------------------------------------------------------------------    -------------------

                         (clock clk rise edge)        0.000     0.000 r  
                                                      0.000     0.000 r  clk (IN)
                         net (fo=0)                   0.000     0.000    clk
                         IBUF (Prop_ibuf_I_O)         0.944     0.944 r  clk_IBUF_inst/O
                         net (fo=1, unplaced)         0.800     1.744    clk_IBUF
                         BUFG (Prop_bufg_I_O)         0.096     1.840 r  clk_IBUF_BUFG_inst/O
                         net (fo=10500, unplaced)     0.584     2.424    clk_IBUF_BUFG
                         FDCE                                         r  lfnst_idx_reg[0]/C
                         clock pessimism              0.000     2.424    
                         clock uncertainty            0.085     2.509    
                         FDCE (Hold_fdce_C_D)         0.207     2.716    lfnst_idx_reg[0]
  -------------------------------------------------------------------
                         required time                         -2.716    
                         arrival time                           1.670    
  -------------------------------------------------------------------
                         slack                                 -1.046    





Pulse Width Checks
--------------------------------------------------------------------------------------
Clock Name:         clk
Waveform(ns):       { 0.000 1.000 }
Period(ns):         2.000
Sources:            { clk }

Check Type        Corner  Lib Pin             Reference Pin  Required(ns)  Actual(ns)  Slack(ns)  Location  Pin
Min Period        n/a     RAMB36E1/CLKARDCLK  n/a            2.576         2.000       -0.576               u_lfnst_rom/coeff_reg_0/CLKARDCLK
Low Pulse Width   Slow    RAMD64E/CLK         n/a            1.250         1.000       -0.250               in_mem_reg_r1_0_63_0_2/RAMA/CLK
High Pulse Width  Slow    RAMD64E/CLK         n/a            1.250         1.000       -0.250               in_mem_reg_r1_0_63_0_2/RAMA/CLK



