Copyright 1986-2022 Xilinx, Inc. All Rights Reserved. Copyright 2022-2024 Advanced Micro Devices, Inc. All Rights Reserved.
--------------------------------------------------------------------------------------------------------------------------------------------------
| Tool Version      : Vivado v.2024.1 (win64) Build 5076996 Wed May 22 18:37:14 MDT 2024
| Date              : Mon Jun 29 15:37:03 2026
| Host              : lab running 64-bit major release  (build 9200)
| Command           : report_timing -setup -nworst 20 -file D:/WorkSpace/its_vvc/synth/top_500_singleclk_timing_setup_paths_usp.rpt
| Design            : its_top_500_singleclk
| Device            : xcku5p-ffvb676
| Speed File        : -2  PRODUCTION 1.29 05-01-2022
| Design State      : Physopt postRoute
| Temperature Grade : E
--------------------------------------------------------------------------------------------------------------------------------------------------

Timing Report

Slack (MET) :             0.047ns  (required time - arrival time)
  Source:                 u_wrapper/u_core/u_shared_rom/coeff_reg_1/CLKARDCLK
                            (rising edge-triggered cell RAMB36E2 clocked by clk  {rise@0.000ns fall@1.000ns period=2.000ns})
  Destination:            u_wrapper/u_core/u_shared_engine/coeff_buf_reg_r1_64_127_7_13/RAMF/I
                            (rising edge-triggered cell RAMD64E clocked by clk  {rise@0.000ns fall@1.000ns period=2.000ns})
  Path Group:             clk
  Path Type:              Setup (Max at Slow Process Corner)
  Requirement:            2.000ns  (clk rise@2.000ns - clk rise@0.000ns)
  Data Path Delay:        1.828ns  (logic 0.960ns (52.517%)  route 0.868ns (47.483%))
  Logic Levels:           0  
  Clock Path Skew:        -0.033ns (DCD - SCD + CPR)
    Destination Clock Delay (DCD):    0.043ns = ( 2.043 - 2.000 ) 
    Source Clock Delay      (SCD):    0.076ns
    Clock Pessimism Removal (CPR):    0.000ns
  Clock Uncertainty:      0.035ns  ((TSJ^2 + TIJ^2)^1/2 + DJ) / 2 + PE
    Total System Jitter     (TSJ):    0.071ns
    Total Input Jitter      (TIJ):    0.000ns
    Discrete Jitter          (DJ):    0.000ns
    Phase Error              (PE):    0.000ns

    Location             Delay type                Incr(ns)  Path(ns)    Netlist Resource(s)
  -------------------------------------------------------------------    -------------------
                         (clock clk rise edge)        0.000     0.000 r  
                                                      0.000     0.000 r  clk (IN)
                         net (fo=2707, unset)         0.076     0.076    u_wrapper/u_core/u_shared_rom/clk
    RAMB36_X6Y38         RAMB36E2                                     r  u_wrapper/u_core/u_shared_rom/coeff_reg_1/CLKARDCLK
  -------------------------------------------------------------------    -------------------
    RAMB36_X6Y38         RAMB36E2 (Prop_RAMB36E2_RAMB36_CLKARDCLK_DOUTADOUT[3])
                                                      0.960     1.036 r  u_wrapper/u_core/u_shared_rom/coeff_reg_1/DOUTADOUT[3]
                         net (fo=117, routed)         0.868     1.904    u_wrapper/u_core/u_shared_engine/coeff_buf_reg_r1_64_127_7_13/DIF
    SLICE_X67Y209        RAMD64E                                      r  u_wrapper/u_core/u_shared_engine/coeff_buf_reg_r1_64_127_7_13/RAMF/I
  -------------------------------------------------------------------    -------------------

                         (clock clk rise edge)        2.000     2.000 r  
                                                      0.000     2.000 r  clk (IN)
                         net (fo=2707, unset)         0.043     2.043    u_wrapper/u_core/u_shared_engine/coeff_buf_reg_r1_64_127_7_13/WCLK
    SLICE_X67Y209        RAMD64E                                      r  u_wrapper/u_core/u_shared_engine/coeff_buf_reg_r1_64_127_7_13/RAMF/CLK
                         clock pessimism              0.000     2.043    
                         clock uncertainty           -0.035     2.008    
    SLICE_X67Y209        RAMD64E (Setup_F6LUT_SLICEM_CLK_I)
                                                     -0.057     1.951    u_wrapper/u_core/u_shared_engine/coeff_buf_reg_r1_64_127_7_13/RAMF
  -------------------------------------------------------------------
                         required time                          1.951    
                         arrival time                          -1.904    
  -------------------------------------------------------------------
                         slack                                  0.047    

Slack (MET) :             0.047ns  (required time - arrival time)
  Source:                 u_wrapper/u_core/u_shared_rom/coeff_reg_1/CLKARDCLK
                            (rising edge-triggered cell RAMB36E2 clocked by clk  {rise@0.000ns fall@1.000ns period=2.000ns})
  Destination:            u_wrapper/u_core/u_shared_engine/coeff_buf_reg_r1_64_127_7_13/RAMF/I
                            (rising edge-triggered cell RAMD64E clocked by clk  {rise@0.000ns fall@1.000ns period=2.000ns})
  Path Group:             clk
  Path Type:              Setup (Max at Slow Process Corner)
  Requirement:            2.000ns  (clk rise@2.000ns - clk rise@0.000ns)
  Data Path Delay:        1.828ns  (logic 0.960ns (52.517%)  route 0.868ns (47.483%))
  Logic Levels:           0  
  Clock Path Skew:        -0.033ns (DCD - SCD + CPR)
    Destination Clock Delay (DCD):    0.043ns = ( 2.043 - 2.000 ) 
    Source Clock Delay      (SCD):    0.076ns
    Clock Pessimism Removal (CPR):    0.000ns
  Clock Uncertainty:      0.035ns  ((TSJ^2 + TIJ^2)^1/2 + DJ) / 2 + PE
    Total System Jitter     (TSJ):    0.071ns
    Total Input Jitter      (TIJ):    0.000ns
    Discrete Jitter          (DJ):    0.000ns
    Phase Error              (PE):    0.000ns

    Location             Delay type                Incr(ns)  Path(ns)    Netlist Resource(s)
  -------------------------------------------------------------------    -------------------
                         (clock clk rise edge)        0.000     0.000 r  
                                                      0.000     0.000 r  clk (IN)
                         net (fo=2707, unset)         0.076     0.076    u_wrapper/u_core/u_shared_rom/clk
    RAMB36_X6Y38         RAMB36E2                                     r  u_wrapper/u_core/u_shared_rom/coeff_reg_1/CLKARDCLK
  -------------------------------------------------------------------    -------------------
    RAMB36_X6Y38         RAMB36E2 (Prop_RAMB36E2_RAMB36_CLKARDCLK_DOUTADOUT[3])
                                                      0.960     1.036 f  u_wrapper/u_core/u_shared_rom/coeff_reg_1/DOUTADOUT[3]
                         net (fo=117, routed)         0.868     1.904    u_wrapper/u_core/u_shared_engine/coeff_buf_reg_r1_64_127_7_13/DIF
    SLICE_X67Y209        RAMD64E                                      f  u_wrapper/u_core/u_shared_engine/coeff_buf_reg_r1_64_127_7_13/RAMF/I
  -------------------------------------------------------------------    -------------------

                         (clock clk rise edge)        2.000     2.000 r  
                                                      0.000     2.000 r  clk (IN)
                         net (fo=2707, unset)         0.043     2.043    u_wrapper/u_core/u_shared_engine/coeff_buf_reg_r1_64_127_7_13/WCLK
    SLICE_X67Y209        RAMD64E                                      r  u_wrapper/u_core/u_shared_engine/coeff_buf_reg_r1_64_127_7_13/RAMF/CLK
                         clock pessimism              0.000     2.043    
                         clock uncertainty           -0.035     2.008    
    SLICE_X67Y209        RAMD64E (Setup_F6LUT_SLICEM_CLK_I)
                                                     -0.057     1.951    u_wrapper/u_core/u_shared_engine/coeff_buf_reg_r1_64_127_7_13/RAMF
  -------------------------------------------------------------------
                         required time                          1.951    
                         arrival time                          -1.904    
  -------------------------------------------------------------------
                         slack                                  0.047    

Slack (MET) :             0.048ns  (required time - arrival time)
  Source:                 u_wrapper/u_core/u_shared_rom/coeff_reg_1/CLKARDCLK
                            (rising edge-triggered cell RAMB36E2 clocked by clk  {rise@0.000ns fall@1.000ns period=2.000ns})
  Destination:            u_wrapper/u_core/u_shared_engine/coeff_buf_reg_r1_64_127_7_13/RAMG/I
                            (rising edge-triggered cell RAMD64E clocked by clk  {rise@0.000ns fall@1.000ns period=2.000ns})
  Path Group:             clk
  Path Type:              Setup (Max at Slow Process Corner)
  Requirement:            2.000ns  (clk rise@2.000ns - clk rise@0.000ns)
  Data Path Delay:        1.828ns  (logic 0.960ns (52.517%)  route 0.868ns (47.483%))
  Logic Levels:           0  
  Clock Path Skew:        -0.033ns (DCD - SCD + CPR)
    Destination Clock Delay (DCD):    0.043ns = ( 2.043 - 2.000 ) 
    Source Clock Delay      (SCD):    0.076ns
    Clock Pessimism Removal (CPR):    0.000ns
  Clock Uncertainty:      0.035ns  ((TSJ^2 + TIJ^2)^1/2 + DJ) / 2 + PE
    Total System Jitter     (TSJ):    0.071ns
    Total Input Jitter      (TIJ):    0.000ns
    Discrete Jitter          (DJ):    0.000ns
    Phase Error              (PE):    0.000ns

    Location             Delay type                Incr(ns)  Path(ns)    Netlist Resource(s)
  -------------------------------------------------------------------    -------------------
                         (clock clk rise edge)        0.000     0.000 r  
                                                      0.000     0.000 r  clk (IN)
                         net (fo=2707, unset)         0.076     0.076    u_wrapper/u_core/u_shared_rom/clk
    RAMB36_X6Y38         RAMB36E2                                     r  u_wrapper/u_core/u_shared_rom/coeff_reg_1/CLKARDCLK
  -------------------------------------------------------------------    -------------------
    RAMB36_X6Y38         RAMB36E2 (Prop_RAMB36E2_RAMB36_CLKARDCLK_DOUTADOUT[3])
                                                      0.960     1.036 r  u_wrapper/u_core/u_shared_rom/coeff_reg_1/DOUTADOUT[3]
                         net (fo=117, routed)         0.868     1.904    u_wrapper/u_core/u_shared_engine/coeff_buf_reg_r1_64_127_7_13/DIG
    SLICE_X67Y209        RAMD64E                                      r  u_wrapper/u_core/u_shared_engine/coeff_buf_reg_r1_64_127_7_13/RAMG/I
  -------------------------------------------------------------------    -------------------

                         (clock clk rise edge)        2.000     2.000 r  
                                                      0.000     2.000 r  clk (IN)
                         net (fo=2707, unset)         0.043     2.043    u_wrapper/u_core/u_shared_engine/coeff_buf_reg_r1_64_127_7_13/WCLK
    SLICE_X67Y209        RAMD64E                                      r  u_wrapper/u_core/u_shared_engine/coeff_buf_reg_r1_64_127_7_13/RAMG/CLK
                         clock pessimism              0.000     2.043    
                         clock uncertainty           -0.035     2.008    
    SLICE_X67Y209        RAMD64E (Setup_G6LUT_SLICEM_CLK_I)
                                                     -0.056     1.952    u_wrapper/u_core/u_shared_engine/coeff_buf_reg_r1_64_127_7_13/RAMG
  -------------------------------------------------------------------
                         required time                          1.952    
                         arrival time                          -1.904    
  -------------------------------------------------------------------
                         slack                                  0.048    

Slack (MET) :             0.048ns  (required time - arrival time)
  Source:                 u_wrapper/u_core/u_shared_rom/coeff_reg_1/CLKARDCLK
                            (rising edge-triggered cell RAMB36E2 clocked by clk  {rise@0.000ns fall@1.000ns period=2.000ns})
  Destination:            u_wrapper/u_core/u_shared_engine/coeff_buf_reg_r1_64_127_7_13/RAMG/I
                            (rising edge-triggered cell RAMD64E clocked by clk  {rise@0.000ns fall@1.000ns period=2.000ns})
  Path Group:             clk
  Path Type:              Setup (Max at Slow Process Corner)
  Requirement:            2.000ns  (clk rise@2.000ns - clk rise@0.000ns)
  Data Path Delay:        1.828ns  (logic 0.960ns (52.517%)  route 0.868ns (47.483%))
  Logic Levels:           0  
  Clock Path Skew:        -0.033ns (DCD - SCD + CPR)
    Destination Clock Delay (DCD):    0.043ns = ( 2.043 - 2.000 ) 
    Source Clock Delay      (SCD):    0.076ns
    Clock Pessimism Removal (CPR):    0.000ns
  Clock Uncertainty:      0.035ns  ((TSJ^2 + TIJ^2)^1/2 + DJ) / 2 + PE
    Total System Jitter     (TSJ):    0.071ns
    Total Input Jitter      (TIJ):    0.000ns
    Discrete Jitter          (DJ):    0.000ns
    Phase Error              (PE):    0.000ns

    Location             Delay type                Incr(ns)  Path(ns)    Netlist Resource(s)
  -------------------------------------------------------------------    -------------------
                         (clock clk rise edge)        0.000     0.000 r  
                                                      0.000     0.000 r  clk (IN)
                         net (fo=2707, unset)         0.076     0.076    u_wrapper/u_core/u_shared_rom/clk
    RAMB36_X6Y38         RAMB36E2                                     r  u_wrapper/u_core/u_shared_rom/coeff_reg_1/CLKARDCLK
  -------------------------------------------------------------------    -------------------
    RAMB36_X6Y38         RAMB36E2 (Prop_RAMB36E2_RAMB36_CLKARDCLK_DOUTADOUT[3])
                                                      0.960     1.036 f  u_wrapper/u_core/u_shared_rom/coeff_reg_1/DOUTADOUT[3]
                         net (fo=117, routed)         0.868     1.904    u_wrapper/u_core/u_shared_engine/coeff_buf_reg_r1_64_127_7_13/DIG
    SLICE_X67Y209        RAMD64E                                      f  u_wrapper/u_core/u_shared_engine/coeff_buf_reg_r1_64_127_7_13/RAMG/I
  -------------------------------------------------------------------    -------------------

                         (clock clk rise edge)        2.000     2.000 r  
                                                      0.000     2.000 r  clk (IN)
                         net (fo=2707, unset)         0.043     2.043    u_wrapper/u_core/u_shared_engine/coeff_buf_reg_r1_64_127_7_13/WCLK
    SLICE_X67Y209        RAMD64E                                      r  u_wrapper/u_core/u_shared_engine/coeff_buf_reg_r1_64_127_7_13/RAMG/CLK
                         clock pessimism              0.000     2.043    
                         clock uncertainty           -0.035     2.008    
    SLICE_X67Y209        RAMD64E (Setup_G6LUT_SLICEM_CLK_I)
                                                     -0.056     1.952    u_wrapper/u_core/u_shared_engine/coeff_buf_reg_r1_64_127_7_13/RAMG
  -------------------------------------------------------------------
                         required time                          1.952    
                         arrival time                          -1.904    
  -------------------------------------------------------------------
                         slack                                  0.048    

Slack (MET) :             0.085ns  (required time - arrival time)
  Source:                 u_wrapper/u_core/u_shared_rom/coeff_reg_1/CLKARDCLK
                            (rising edge-triggered cell RAMB36E2 clocked by clk  {rise@0.000ns fall@1.000ns period=2.000ns})
  Destination:            u_wrapper/u_core/u_shared_engine/coeff_buf_reg_r1_0_63_7_13/RAMF/I
                            (rising edge-triggered cell RAMD64E clocked by clk  {rise@0.000ns fall@1.000ns period=2.000ns})
  Path Group:             clk
  Path Type:              Setup (Max at Slow Process Corner)
  Requirement:            2.000ns  (clk rise@2.000ns - clk rise@0.000ns)
  Data Path Delay:        1.790ns  (logic 0.960ns (53.637%)  route 0.830ns (46.363%))
  Logic Levels:           0  
  Clock Path Skew:        -0.033ns (DCD - SCD + CPR)
    Destination Clock Delay (DCD):    0.043ns = ( 2.043 - 2.000 ) 
    Source Clock Delay      (SCD):    0.076ns
    Clock Pessimism Removal (CPR):    0.000ns
  Clock Uncertainty:      0.035ns  ((TSJ^2 + TIJ^2)^1/2 + DJ) / 2 + PE
    Total System Jitter     (TSJ):    0.071ns
    Total Input Jitter      (TIJ):    0.000ns
    Discrete Jitter          (DJ):    0.000ns
    Phase Error              (PE):    0.000ns

    Location             Delay type                Incr(ns)  Path(ns)    Netlist Resource(s)
  -------------------------------------------------------------------    -------------------
                         (clock clk rise edge)        0.000     0.000 r  
                                                      0.000     0.000 r  clk (IN)
                         net (fo=2707, unset)         0.076     0.076    u_wrapper/u_core/u_shared_rom/clk
    RAMB36_X6Y38         RAMB36E2                                     r  u_wrapper/u_core/u_shared_rom/coeff_reg_1/CLKARDCLK
  -------------------------------------------------------------------    -------------------
    RAMB36_X6Y38         RAMB36E2 (Prop_RAMB36E2_RAMB36_CLKARDCLK_DOUTADOUT[3])
                                                      0.960     1.036 r  u_wrapper/u_core/u_shared_rom/coeff_reg_1/DOUTADOUT[3]
                         net (fo=117, routed)         0.830     1.866    u_wrapper/u_core/u_shared_engine/coeff_buf_reg_r1_0_63_7_13/DIF
    SLICE_X67Y207        RAMD64E                                      r  u_wrapper/u_core/u_shared_engine/coeff_buf_reg_r1_0_63_7_13/RAMF/I
  -------------------------------------------------------------------    -------------------

                         (clock clk rise edge)        2.000     2.000 r  
                                                      0.000     2.000 r  clk (IN)
                         net (fo=2707, unset)         0.043     2.043    u_wrapper/u_core/u_shared_engine/coeff_buf_reg_r1_0_63_7_13/WCLK
    SLICE_X67Y207        RAMD64E                                      r  u_wrapper/u_core/u_shared_engine/coeff_buf_reg_r1_0_63_7_13/RAMF/CLK
                         clock pessimism              0.000     2.043    
                         clock uncertainty           -0.035     2.008    
    SLICE_X67Y207        RAMD64E (Setup_F6LUT_SLICEM_CLK_I)
                                                     -0.057     1.951    u_wrapper/u_core/u_shared_engine/coeff_buf_reg_r1_0_63_7_13/RAMF
  -------------------------------------------------------------------
                         required time                          1.951    
                         arrival time                          -1.866    
  -------------------------------------------------------------------
                         slack                                  0.085    

Slack (MET) :             0.085ns  (required time - arrival time)
  Source:                 u_wrapper/u_core/u_shared_rom/coeff_reg_1/CLKARDCLK
                            (rising edge-triggered cell RAMB36E2 clocked by clk  {rise@0.000ns fall@1.000ns period=2.000ns})
  Destination:            u_wrapper/u_core/u_shared_engine/coeff_buf_reg_r1_0_63_7_13/RAMF/I
                            (rising edge-triggered cell RAMD64E clocked by clk  {rise@0.000ns fall@1.000ns period=2.000ns})
  Path Group:             clk
  Path Type:              Setup (Max at Slow Process Corner)
  Requirement:            2.000ns  (clk rise@2.000ns - clk rise@0.000ns)
  Data Path Delay:        1.790ns  (logic 0.960ns (53.637%)  route 0.830ns (46.363%))
  Logic Levels:           0  
  Clock Path Skew:        -0.033ns (DCD - SCD + CPR)
    Destination Clock Delay (DCD):    0.043ns = ( 2.043 - 2.000 ) 
    Source Clock Delay      (SCD):    0.076ns
    Clock Pessimism Removal (CPR):    0.000ns
  Clock Uncertainty:      0.035ns  ((TSJ^2 + TIJ^2)^1/2 + DJ) / 2 + PE
    Total System Jitter     (TSJ):    0.071ns
    Total Input Jitter      (TIJ):    0.000ns
    Discrete Jitter          (DJ):    0.000ns
    Phase Error              (PE):    0.000ns

    Location             Delay type                Incr(ns)  Path(ns)    Netlist Resource(s)
  -------------------------------------------------------------------    -------------------
                         (clock clk rise edge)        0.000     0.000 r  
                                                      0.000     0.000 r  clk (IN)
                         net (fo=2707, unset)         0.076     0.076    u_wrapper/u_core/u_shared_rom/clk
    RAMB36_X6Y38         RAMB36E2                                     r  u_wrapper/u_core/u_shared_rom/coeff_reg_1/CLKARDCLK
  -------------------------------------------------------------------    -------------------
    RAMB36_X6Y38         RAMB36E2 (Prop_RAMB36E2_RAMB36_CLKARDCLK_DOUTADOUT[3])
                                                      0.960     1.036 f  u_wrapper/u_core/u_shared_rom/coeff_reg_1/DOUTADOUT[3]
                         net (fo=117, routed)         0.830     1.866    u_wrapper/u_core/u_shared_engine/coeff_buf_reg_r1_0_63_7_13/DIF
    SLICE_X67Y207        RAMD64E                                      f  u_wrapper/u_core/u_shared_engine/coeff_buf_reg_r1_0_63_7_13/RAMF/I
  -------------------------------------------------------------------    -------------------

                         (clock clk rise edge)        2.000     2.000 r  
                                                      0.000     2.000 r  clk (IN)
                         net (fo=2707, unset)         0.043     2.043    u_wrapper/u_core/u_shared_engine/coeff_buf_reg_r1_0_63_7_13/WCLK
    SLICE_X67Y207        RAMD64E                                      r  u_wrapper/u_core/u_shared_engine/coeff_buf_reg_r1_0_63_7_13/RAMF/CLK
                         clock pessimism              0.000     2.043    
                         clock uncertainty           -0.035     2.008    
    SLICE_X67Y207        RAMD64E (Setup_F6LUT_SLICEM_CLK_I)
                                                     -0.057     1.951    u_wrapper/u_core/u_shared_engine/coeff_buf_reg_r1_0_63_7_13/RAMF
  -------------------------------------------------------------------
                         required time                          1.951    
                         arrival time                          -1.866    
  -------------------------------------------------------------------
                         slack                                  0.085    

Slack (MET) :             0.088ns  (required time - arrival time)
  Source:                 u_wrapper/u_core/u_shared_rom/coeff_reg_1/CLKARDCLK
                            (rising edge-triggered cell RAMB36E2 clocked by clk  {rise@0.000ns fall@1.000ns period=2.000ns})
  Destination:            u_wrapper/u_core/u_shared_engine/coeff_buf_reg_r1_0_63_7_13/RAMG/I
                            (rising edge-triggered cell RAMD64E clocked by clk  {rise@0.000ns fall@1.000ns period=2.000ns})
  Path Group:             clk
  Path Type:              Setup (Max at Slow Process Corner)
  Requirement:            2.000ns  (clk rise@2.000ns - clk rise@0.000ns)
  Data Path Delay:        1.788ns  (logic 0.960ns (53.697%)  route 0.828ns (46.303%))
  Logic Levels:           0  
  Clock Path Skew:        -0.033ns (DCD - SCD + CPR)
    Destination Clock Delay (DCD):    0.043ns = ( 2.043 - 2.000 ) 
    Source Clock Delay      (SCD):    0.076ns
    Clock Pessimism Removal (CPR):    0.000ns
  Clock Uncertainty:      0.035ns  ((TSJ^2 + TIJ^2)^1/2 + DJ) / 2 + PE
    Total System Jitter     (TSJ):    0.071ns
    Total Input Jitter      (TIJ):    0.000ns
    Discrete Jitter          (DJ):    0.000ns
    Phase Error              (PE):    0.000ns

    Location             Delay type                Incr(ns)  Path(ns)    Netlist Resource(s)
  -------------------------------------------------------------------    -------------------
                         (clock clk rise edge)        0.000     0.000 r  
                                                      0.000     0.000 r  clk (IN)
                         net (fo=2707, unset)         0.076     0.076    u_wrapper/u_core/u_shared_rom/clk
    RAMB36_X6Y38         RAMB36E2                                     r  u_wrapper/u_core/u_shared_rom/coeff_reg_1/CLKARDCLK
  -------------------------------------------------------------------    -------------------
    RAMB36_X6Y38         RAMB36E2 (Prop_RAMB36E2_RAMB36_CLKARDCLK_DOUTADOUT[3])
                                                      0.960     1.036 r  u_wrapper/u_core/u_shared_rom/coeff_reg_1/DOUTADOUT[3]
                         net (fo=117, routed)         0.828     1.864    u_wrapper/u_core/u_shared_engine/coeff_buf_reg_r1_0_63_7_13/DIG
    SLICE_X67Y207        RAMD64E                                      r  u_wrapper/u_core/u_shared_engine/coeff_buf_reg_r1_0_63_7_13/RAMG/I
  -------------------------------------------------------------------    -------------------

                         (clock clk rise edge)        2.000     2.000 r  
                                                      0.000     2.000 r  clk (IN)
                         net (fo=2707, unset)         0.043     2.043    u_wrapper/u_core/u_shared_engine/coeff_buf_reg_r1_0_63_7_13/WCLK
    SLICE_X67Y207        RAMD64E                                      r  u_wrapper/u_core/u_shared_engine/coeff_buf_reg_r1_0_63_7_13/RAMG/CLK
                         clock pessimism              0.000     2.043    
                         clock uncertainty           -0.035     2.008    
    SLICE_X67Y207        RAMD64E (Setup_G6LUT_SLICEM_CLK_I)
                                                     -0.056     1.952    u_wrapper/u_core/u_shared_engine/coeff_buf_reg_r1_0_63_7_13/RAMG
  -------------------------------------------------------------------
                         required time                          1.952    
                         arrival time                          -1.864    
  -------------------------------------------------------------------
                         slack                                  0.088    

Slack (MET) :             0.088ns  (required time - arrival time)
  Source:                 u_wrapper/u_core/u_shared_rom/coeff_reg_1/CLKARDCLK
                            (rising edge-triggered cell RAMB36E2 clocked by clk  {rise@0.000ns fall@1.000ns period=2.000ns})
  Destination:            u_wrapper/u_core/u_shared_engine/coeff_buf_reg_r1_0_63_7_13/RAMG/I
                            (rising edge-triggered cell RAMD64E clocked by clk  {rise@0.000ns fall@1.000ns period=2.000ns})
  Path Group:             clk
  Path Type:              Setup (Max at Slow Process Corner)
  Requirement:            2.000ns  (clk rise@2.000ns - clk rise@0.000ns)
  Data Path Delay:        1.788ns  (logic 0.960ns (53.697%)  route 0.828ns (46.303%))
  Logic Levels:           0  
  Clock Path Skew:        -0.033ns (DCD - SCD + CPR)
    Destination Clock Delay (DCD):    0.043ns = ( 2.043 - 2.000 ) 
    Source Clock Delay      (SCD):    0.076ns
    Clock Pessimism Removal (CPR):    0.000ns
  Clock Uncertainty:      0.035ns  ((TSJ^2 + TIJ^2)^1/2 + DJ) / 2 + PE
    Total System Jitter     (TSJ):    0.071ns
    Total Input Jitter      (TIJ):    0.000ns
    Discrete Jitter          (DJ):    0.000ns
    Phase Error              (PE):    0.000ns

    Location             Delay type                Incr(ns)  Path(ns)    Netlist Resource(s)
  -------------------------------------------------------------------    -------------------
                         (clock clk rise edge)        0.000     0.000 r  
                                                      0.000     0.000 r  clk (IN)
                         net (fo=2707, unset)         0.076     0.076    u_wrapper/u_core/u_shared_rom/clk
    RAMB36_X6Y38         RAMB36E2                                     r  u_wrapper/u_core/u_shared_rom/coeff_reg_1/CLKARDCLK
  -------------------------------------------------------------------    -------------------
    RAMB36_X6Y38         RAMB36E2 (Prop_RAMB36E2_RAMB36_CLKARDCLK_DOUTADOUT[3])
                                                      0.960     1.036 f  u_wrapper/u_core/u_shared_rom/coeff_reg_1/DOUTADOUT[3]
                         net (fo=117, routed)         0.828     1.864    u_wrapper/u_core/u_shared_engine/coeff_buf_reg_r1_0_63_7_13/DIG
    SLICE_X67Y207        RAMD64E                                      f  u_wrapper/u_core/u_shared_engine/coeff_buf_reg_r1_0_63_7_13/RAMG/I
  -------------------------------------------------------------------    -------------------

                         (clock clk rise edge)        2.000     2.000 r  
                                                      0.000     2.000 r  clk (IN)
                         net (fo=2707, unset)         0.043     2.043    u_wrapper/u_core/u_shared_engine/coeff_buf_reg_r1_0_63_7_13/WCLK
    SLICE_X67Y207        RAMD64E                                      r  u_wrapper/u_core/u_shared_engine/coeff_buf_reg_r1_0_63_7_13/RAMG/CLK
                         clock pessimism              0.000     2.043    
                         clock uncertainty           -0.035     2.008    
    SLICE_X67Y207        RAMD64E (Setup_G6LUT_SLICEM_CLK_I)
                                                     -0.056     1.952    u_wrapper/u_core/u_shared_engine/coeff_buf_reg_r1_0_63_7_13/RAMG
  -------------------------------------------------------------------
                         required time                          1.952    
                         arrival time                          -1.864    
  -------------------------------------------------------------------
                         slack                                  0.088    

Slack (MET) :             0.092ns  (required time - arrival time)
  Source:                 u_wrapper/u_core/u_shared_rom/coeff_reg_1/CLKARDCLK
                            (rising edge-triggered cell RAMB36E2 clocked by clk  {rise@0.000ns fall@1.000ns period=2.000ns})
  Destination:            u_wrapper/u_core/u_shared_engine/coeff_buf_reg_r1_64_127_7_13/RAMD/I
                            (rising edge-triggered cell RAMD64E clocked by clk  {rise@0.000ns fall@1.000ns period=2.000ns})
  Path Group:             clk
  Path Type:              Setup (Max at Slow Process Corner)
  Requirement:            2.000ns  (clk rise@2.000ns - clk rise@0.000ns)
  Data Path Delay:        1.782ns  (logic 0.960ns (53.880%)  route 0.822ns (46.120%))
  Logic Levels:           0  
  Clock Path Skew:        -0.033ns (DCD - SCD + CPR)
    Destination Clock Delay (DCD):    0.043ns = ( 2.043 - 2.000 ) 
    Source Clock Delay      (SCD):    0.076ns
    Clock Pessimism Removal (CPR):    0.000ns
  Clock Uncertainty:      0.035ns  ((TSJ^2 + TIJ^2)^1/2 + DJ) / 2 + PE
    Total System Jitter     (TSJ):    0.071ns
    Total Input Jitter      (TIJ):    0.000ns
    Discrete Jitter          (DJ):    0.000ns
    Phase Error              (PE):    0.000ns

    Location             Delay type                Incr(ns)  Path(ns)    Netlist Resource(s)
  -------------------------------------------------------------------    -------------------
                         (clock clk rise edge)        0.000     0.000 r  
                                                      0.000     0.000 r  clk (IN)
                         net (fo=2707, unset)         0.076     0.076    u_wrapper/u_core/u_shared_rom/clk
    RAMB36_X6Y38         RAMB36E2                                     r  u_wrapper/u_core/u_shared_rom/coeff_reg_1/CLKARDCLK
  -------------------------------------------------------------------    -------------------
    RAMB36_X6Y38         RAMB36E2 (Prop_RAMB36E2_RAMB36_CLKARDCLK_DOUTADOUT[3])
                                                      0.960     1.036 r  u_wrapper/u_core/u_shared_rom/coeff_reg_1/DOUTADOUT[3]
                         net (fo=117, routed)         0.822     1.858    u_wrapper/u_core/u_shared_engine/coeff_buf_reg_r1_64_127_7_13/DID
    SLICE_X67Y209        RAMD64E                                      r  u_wrapper/u_core/u_shared_engine/coeff_buf_reg_r1_64_127_7_13/RAMD/I
  -------------------------------------------------------------------    -------------------

                         (clock clk rise edge)        2.000     2.000 r  
                                                      0.000     2.000 r  clk (IN)
                         net (fo=2707, unset)         0.043     2.043    u_wrapper/u_core/u_shared_engine/coeff_buf_reg_r1_64_127_7_13/WCLK
    SLICE_X67Y209        RAMD64E                                      r  u_wrapper/u_core/u_shared_engine/coeff_buf_reg_r1_64_127_7_13/RAMD/CLK
                         clock pessimism              0.000     2.043    
                         clock uncertainty           -0.035     2.008    
    SLICE_X67Y209        RAMD64E (Setup_D6LUT_SLICEM_CLK_I)
                                                     -0.058     1.950    u_wrapper/u_core/u_shared_engine/coeff_buf_reg_r1_64_127_7_13/RAMD
  -------------------------------------------------------------------
                         required time                          1.950    
                         arrival time                          -1.858    
  -------------------------------------------------------------------
                         slack                                  0.092    

Slack (MET) :             0.092ns  (required time - arrival time)
  Source:                 u_wrapper/u_core/u_shared_rom/coeff_reg_1/CLKARDCLK
                            (rising edge-triggered cell RAMB36E2 clocked by clk  {rise@0.000ns fall@1.000ns period=2.000ns})
  Destination:            u_wrapper/u_core/u_shared_engine/coeff_buf_reg_r1_64_127_7_13/RAMD/I
                            (rising edge-triggered cell RAMD64E clocked by clk  {rise@0.000ns fall@1.000ns period=2.000ns})
  Path Group:             clk
  Path Type:              Setup (Max at Slow Process Corner)
  Requirement:            2.000ns  (clk rise@2.000ns - clk rise@0.000ns)
  Data Path Delay:        1.782ns  (logic 0.960ns (53.880%)  route 0.822ns (46.120%))
  Logic Levels:           0  
  Clock Path Skew:        -0.033ns (DCD - SCD + CPR)
    Destination Clock Delay (DCD):    0.043ns = ( 2.043 - 2.000 ) 
    Source Clock Delay      (SCD):    0.076ns
    Clock Pessimism Removal (CPR):    0.000ns
  Clock Uncertainty:      0.035ns  ((TSJ^2 + TIJ^2)^1/2 + DJ) / 2 + PE
    Total System Jitter     (TSJ):    0.071ns
    Total Input Jitter      (TIJ):    0.000ns
    Discrete Jitter          (DJ):    0.000ns
    Phase Error              (PE):    0.000ns

    Location             Delay type                Incr(ns)  Path(ns)    Netlist Resource(s)
  -------------------------------------------------------------------    -------------------
                         (clock clk rise edge)        0.000     0.000 r  
                                                      0.000     0.000 r  clk (IN)
                         net (fo=2707, unset)         0.076     0.076    u_wrapper/u_core/u_shared_rom/clk
    RAMB36_X6Y38         RAMB36E2                                     r  u_wrapper/u_core/u_shared_rom/coeff_reg_1/CLKARDCLK
  -------------------------------------------------------------------    -------------------
    RAMB36_X6Y38         RAMB36E2 (Prop_RAMB36E2_RAMB36_CLKARDCLK_DOUTADOUT[3])
                                                      0.960     1.036 f  u_wrapper/u_core/u_shared_rom/coeff_reg_1/DOUTADOUT[3]
                         net (fo=117, routed)         0.822     1.858    u_wrapper/u_core/u_shared_engine/coeff_buf_reg_r1_64_127_7_13/DID
    SLICE_X67Y209        RAMD64E                                      f  u_wrapper/u_core/u_shared_engine/coeff_buf_reg_r1_64_127_7_13/RAMD/I
  -------------------------------------------------------------------    -------------------

                         (clock clk rise edge)        2.000     2.000 r  
                                                      0.000     2.000 r  clk (IN)
                         net (fo=2707, unset)         0.043     2.043    u_wrapper/u_core/u_shared_engine/coeff_buf_reg_r1_64_127_7_13/WCLK
    SLICE_X67Y209        RAMD64E                                      r  u_wrapper/u_core/u_shared_engine/coeff_buf_reg_r1_64_127_7_13/RAMD/CLK
                         clock pessimism              0.000     2.043    
                         clock uncertainty           -0.035     2.008    
    SLICE_X67Y209        RAMD64E (Setup_D6LUT_SLICEM_CLK_I)
                                                     -0.058     1.950    u_wrapper/u_core/u_shared_engine/coeff_buf_reg_r1_64_127_7_13/RAMD
  -------------------------------------------------------------------
                         required time                          1.950    
                         arrival time                          -1.858    
  -------------------------------------------------------------------
                         slack                                  0.092    

Slack (MET) :             0.109ns  (required time - arrival time)
  Source:                 u_wrapper/u_core/u_shared_engine/mac_data_r3_reg[15]/C
                            (rising edge-triggered cell FDCE clocked by clk  {rise@0.000ns fall@1.000ns period=2.000ns})
  Destination:            u_wrapper/u_core/u_shared_engine/u_mac3/product0/DSP_OUTPUT_INST/ALU_OUT[27]
                            (rising edge-triggered cell DSP_OUTPUT clocked by clk  {rise@0.000ns fall@1.000ns period=2.000ns})
  Path Group:             clk
  Path Type:              Setup (Max at Slow Process Corner)
  Requirement:            2.000ns  (clk rise@2.000ns - clk rise@0.000ns)
  Data Path Delay:        1.883ns  (logic 1.484ns (78.800%)  route 0.399ns (21.200%))
  Logic Levels:           5  (DSP_A_B_DATA=1 DSP_ALU=1 DSP_M_DATA=1 DSP_MULTIPLIER=1 DSP_PREADD_DATA=1)
  Clock Path Skew:        0.013ns (DCD - SCD + CPR)
    Destination Clock Delay (DCD):    0.043ns = ( 2.043 - 2.000 ) 
    Source Clock Delay      (SCD):    0.030ns
    Clock Pessimism Removal (CPR):    0.000ns
  Clock Uncertainty:      0.035ns  ((TSJ^2 + TIJ^2)^1/2 + DJ) / 2 + PE
    Total System Jitter     (TSJ):    0.071ns
    Total Input Jitter      (TIJ):    0.000ns
    Discrete Jitter          (DJ):    0.000ns
    Phase Error              (PE):    0.000ns

    Location             Delay type                Incr(ns)  Path(ns)    Netlist Resource(s)
  -------------------------------------------------------------------    -------------------
                         (clock clk rise edge)        0.000     0.000 r  
                                                      0.000     0.000 r  clk (IN)
                         net (fo=2707, unset)         0.030     0.030    u_wrapper/u_core/u_shared_engine/clk
    SLICE_X66Y218        FDCE                                         r  u_wrapper/u_core/u_shared_engine/mac_data_r3_reg[15]/C
  -------------------------------------------------------------------    -------------------
    SLICE_X66Y218        FDCE (Prop_FFF2_SLICEM_C_Q)
                                                      0.079     0.109 f  u_wrapper/u_core/u_shared_engine/mac_data_r3_reg[15]/Q
                         net (fo=15, routed)          0.399     0.508    u_wrapper/u_core/u_shared_engine/u_mac3/product0/A[26]
    DSP48E2_X11Y87       DSP_A_B_DATA (Prop_DSP_A_B_DATA_DSP48E2_A[26]_A2_DATA[26])
                                                      0.192     0.700 r  u_wrapper/u_core/u_shared_engine/u_mac3/product0/DSP_A_B_DATA_INST/A2_DATA[26]
                         net (fo=1, routed)           0.000     0.700    u_wrapper/u_core/u_shared_engine/u_mac3/product0/DSP_A_B_DATA.A2_DATA<26>
    DSP48E2_X11Y87       DSP_PREADD_DATA (Prop_DSP_PREADD_DATA_DSP48E2_A2_DATA[26]_A2A1[26])
                                                      0.076     0.776 r  u_wrapper/u_core/u_shared_engine/u_mac3/product0/DSP_PREADD_DATA_INST/A2A1[26]
                         net (fo=1, routed)           0.000     0.776    u_wrapper/u_core/u_shared_engine/u_mac3/product0/DSP_PREADD_DATA.A2A1<26>
    DSP48E2_X11Y87       DSP_MULTIPLIER (Prop_DSP_MULTIPLIER_DSP48E2_A2A1[26]_U[27])
                                                      0.505     1.281 f  u_wrapper/u_core/u_shared_engine/u_mac3/product0/DSP_MULTIPLIER_INST/U[27]
                         net (fo=1, routed)           0.000     1.281    u_wrapper/u_core/u_shared_engine/u_mac3/product0/DSP_MULTIPLIER.U<27>
    DSP48E2_X11Y87       DSP_M_DATA (Prop_DSP_M_DATA_DSP48E2_U[27]_U_DATA[27])
                                                      0.047     1.328 r  u_wrapper/u_core/u_shared_engine/u_mac3/product0/DSP_M_DATA_INST/U_DATA[27]
                         net (fo=1, routed)           0.000     1.328    u_wrapper/u_core/u_shared_engine/u_mac3/product0/DSP_M_DATA.U_DATA<27>
    DSP48E2_X11Y87       DSP_ALU (Prop_DSP_ALU_DSP48E2_U_DATA[27]_ALU_OUT[27])
                                                      0.585     1.913 r  u_wrapper/u_core/u_shared_engine/u_mac3/product0/DSP_ALU_INST/ALU_OUT[27]
                         net (fo=1, routed)           0.000     1.913    u_wrapper/u_core/u_shared_engine/u_mac3/product0/DSP_ALU.ALU_OUT<27>
    DSP48E2_X11Y87       DSP_OUTPUT                                   r  u_wrapper/u_core/u_shared_engine/u_mac3/product0/DSP_OUTPUT_INST/ALU_OUT[27]
  -------------------------------------------------------------------    -------------------

                         (clock clk rise edge)        2.000     2.000 r  
                                                      0.000     2.000 r  clk (IN)
                         net (fo=2707, unset)         0.043     2.043    u_wrapper/u_core/u_shared_engine/u_mac3/product0/CLK
    DSP48E2_X11Y87       DSP_OUTPUT                                   r  u_wrapper/u_core/u_shared_engine/u_mac3/product0/DSP_OUTPUT_INST/CLK
                         clock pessimism              0.000     2.043    
                         clock uncertainty           -0.035     2.008    
    DSP48E2_X11Y87       DSP_OUTPUT (Setup_DSP_OUTPUT_DSP48E2_CLK_ALU_OUT[27])
                                                      0.015     2.023    u_wrapper/u_core/u_shared_engine/u_mac3/product0/DSP_OUTPUT_INST
  -------------------------------------------------------------------
                         required time                          2.023    
                         arrival time                          -1.913    
  -------------------------------------------------------------------
                         slack                                  0.109    

Slack (MET) :             0.109ns  (required time - arrival time)
  Source:                 u_wrapper/u_core/u_shared_engine/mac_data_r3_reg[15]/C
                            (rising edge-triggered cell FDCE clocked by clk  {rise@0.000ns fall@1.000ns period=2.000ns})
  Destination:            u_wrapper/u_core/u_shared_engine/u_mac3/product0/DSP_OUTPUT_INST/ALU_OUT[27]
                            (rising edge-triggered cell DSP_OUTPUT clocked by clk  {rise@0.000ns fall@1.000ns period=2.000ns})
  Path Group:             clk
  Path Type:              Setup (Max at Slow Process Corner)
  Requirement:            2.000ns  (clk rise@2.000ns - clk rise@0.000ns)
  Data Path Delay:        1.883ns  (logic 1.484ns (78.800%)  route 0.399ns (21.200%))
  Logic Levels:           5  (DSP_A_B_DATA=1 DSP_ALU=1 DSP_M_DATA=1 DSP_MULTIPLIER=1 DSP_PREADD_DATA=1)
  Clock Path Skew:        0.013ns (DCD - SCD + CPR)
    Destination Clock Delay (DCD):    0.043ns = ( 2.043 - 2.000 ) 
    Source Clock Delay      (SCD):    0.030ns
    Clock Pessimism Removal (CPR):    0.000ns
  Clock Uncertainty:      0.035ns  ((TSJ^2 + TIJ^2)^1/2 + DJ) / 2 + PE
    Total System Jitter     (TSJ):    0.071ns
    Total Input Jitter      (TIJ):    0.000ns
    Discrete Jitter          (DJ):    0.000ns
    Phase Error              (PE):    0.000ns

    Location             Delay type                Incr(ns)  Path(ns)    Netlist Resource(s)
  -------------------------------------------------------------------    -------------------
                         (clock clk rise edge)        0.000     0.000 r  
                                                      0.000     0.000 r  clk (IN)
                         net (fo=2707, unset)         0.030     0.030    u_wrapper/u_core/u_shared_engine/clk
    SLICE_X66Y218        FDCE                                         r  u_wrapper/u_core/u_shared_engine/mac_data_r3_reg[15]/C
  -------------------------------------------------------------------    -------------------
    SLICE_X66Y218        FDCE (Prop_FFF2_SLICEM_C_Q)
                                                      0.079     0.109 r  u_wrapper/u_core/u_shared_engine/mac_data_r3_reg[15]/Q
                         net (fo=15, routed)          0.399     0.508    u_wrapper/u_core/u_shared_engine/u_mac3/product0/A[26]
    DSP48E2_X11Y87       DSP_A_B_DATA (Prop_DSP_A_B_DATA_DSP48E2_A[26]_A2_DATA[26])
                                                      0.192     0.700 f  u_wrapper/u_core/u_shared_engine/u_mac3/product0/DSP_A_B_DATA_INST/A2_DATA[26]
                         net (fo=1, routed)           0.000     0.700    u_wrapper/u_core/u_shared_engine/u_mac3/product0/DSP_A_B_DATA.A2_DATA<26>
    DSP48E2_X11Y87       DSP_PREADD_DATA (Prop_DSP_PREADD_DATA_DSP48E2_A2_DATA[26]_A2A1[26])
                                                      0.076     0.776 f  u_wrapper/u_core/u_shared_engine/u_mac3/product0/DSP_PREADD_DATA_INST/A2A1[26]
                         net (fo=1, routed)           0.000     0.776    u_wrapper/u_core/u_shared_engine/u_mac3/product0/DSP_PREADD_DATA.A2A1<26>
    DSP48E2_X11Y87       DSP_MULTIPLIER (Prop_DSP_MULTIPLIER_DSP48E2_A2A1[26]_U[27])
                                                      0.505     1.281 f  u_wrapper/u_core/u_shared_engine/u_mac3/product0/DSP_MULTIPLIER_INST/U[27]
                         net (fo=1, routed)           0.000     1.281    u_wrapper/u_core/u_shared_engine/u_mac3/product0/DSP_MULTIPLIER.U<27>
    DSP48E2_X11Y87       DSP_M_DATA (Prop_DSP_M_DATA_DSP48E2_U[27]_U_DATA[27])
                                                      0.047     1.328 r  u_wrapper/u_core/u_shared_engine/u_mac3/product0/DSP_M_DATA_INST/U_DATA[27]
                         net (fo=1, routed)           0.000     1.328    u_wrapper/u_core/u_shared_engine/u_mac3/product0/DSP_M_DATA.U_DATA<27>
    DSP48E2_X11Y87       DSP_ALU (Prop_DSP_ALU_DSP48E2_U_DATA[27]_ALU_OUT[27])
                                                      0.585     1.913 r  u_wrapper/u_core/u_shared_engine/u_mac3/product0/DSP_ALU_INST/ALU_OUT[27]
                         net (fo=1, routed)           0.000     1.913    u_wrapper/u_core/u_shared_engine/u_mac3/product0/DSP_ALU.ALU_OUT<27>
    DSP48E2_X11Y87       DSP_OUTPUT                                   r  u_wrapper/u_core/u_shared_engine/u_mac3/product0/DSP_OUTPUT_INST/ALU_OUT[27]
  -------------------------------------------------------------------    -------------------

                         (clock clk rise edge)        2.000     2.000 r  
                                                      0.000     2.000 r  clk (IN)
                         net (fo=2707, unset)         0.043     2.043    u_wrapper/u_core/u_shared_engine/u_mac3/product0/CLK
    DSP48E2_X11Y87       DSP_OUTPUT                                   r  u_wrapper/u_core/u_shared_engine/u_mac3/product0/DSP_OUTPUT_INST/CLK
                         clock pessimism              0.000     2.043    
                         clock uncertainty           -0.035     2.008    
    DSP48E2_X11Y87       DSP_OUTPUT (Setup_DSP_OUTPUT_DSP48E2_CLK_ALU_OUT[27])
                                                      0.015     2.023    u_wrapper/u_core/u_shared_engine/u_mac3/product0/DSP_OUTPUT_INST
  -------------------------------------------------------------------
                         required time                          2.023    
                         arrival time                          -1.913    
  -------------------------------------------------------------------
                         slack                                  0.109    

Slack (MET) :             0.109ns  (required time - arrival time)
  Source:                 u_wrapper/u_core/u_shared_engine/mac_data_r3_reg[15]/C
                            (rising edge-triggered cell FDCE clocked by clk  {rise@0.000ns fall@1.000ns period=2.000ns})
  Destination:            u_wrapper/u_core/u_shared_engine/u_mac3/product0/DSP_OUTPUT_INST/ALU_OUT[27]
                            (rising edge-triggered cell DSP_OUTPUT clocked by clk  {rise@0.000ns fall@1.000ns period=2.000ns})
  Path Group:             clk
  Path Type:              Setup (Max at Slow Process Corner)
  Requirement:            2.000ns  (clk rise@2.000ns - clk rise@0.000ns)
  Data Path Delay:        1.883ns  (logic 1.484ns (78.800%)  route 0.399ns (21.200%))
  Logic Levels:           5  (DSP_A_B_DATA=1 DSP_ALU=1 DSP_M_DATA=1 DSP_MULTIPLIER=1 DSP_PREADD_DATA=1)
  Clock Path Skew:        0.013ns (DCD - SCD + CPR)
    Destination Clock Delay (DCD):    0.043ns = ( 2.043 - 2.000 ) 
    Source Clock Delay      (SCD):    0.030ns
    Clock Pessimism Removal (CPR):    0.000ns
  Clock Uncertainty:      0.035ns  ((TSJ^2 + TIJ^2)^1/2 + DJ) / 2 + PE
    Total System Jitter     (TSJ):    0.071ns
    Total Input Jitter      (TIJ):    0.000ns
    Discrete Jitter          (DJ):    0.000ns
    Phase Error              (PE):    0.000ns

    Location             Delay type                Incr(ns)  Path(ns)    Netlist Resource(s)
  -------------------------------------------------------------------    -------------------
                         (clock clk rise edge)        0.000     0.000 r  
                                                      0.000     0.000 r  clk (IN)
                         net (fo=2707, unset)         0.030     0.030    u_wrapper/u_core/u_shared_engine/clk
    SLICE_X66Y218        FDCE                                         r  u_wrapper/u_core/u_shared_engine/mac_data_r3_reg[15]/C
  -------------------------------------------------------------------    -------------------
    SLICE_X66Y218        FDCE (Prop_FFF2_SLICEM_C_Q)
                                                      0.079     0.109 f  u_wrapper/u_core/u_shared_engine/mac_data_r3_reg[15]/Q
                         net (fo=15, routed)          0.399     0.508    u_wrapper/u_core/u_shared_engine/u_mac3/product0/A[26]
    DSP48E2_X11Y87       DSP_A_B_DATA (Prop_DSP_A_B_DATA_DSP48E2_A[26]_A2_DATA[26])
                                                      0.192     0.700 r  u_wrapper/u_core/u_shared_engine/u_mac3/product0/DSP_A_B_DATA_INST/A2_DATA[26]
                         net (fo=1, routed)           0.000     0.700    u_wrapper/u_core/u_shared_engine/u_mac3/product0/DSP_A_B_DATA.A2_DATA<26>
    DSP48E2_X11Y87       DSP_PREADD_DATA (Prop_DSP_PREADD_DATA_DSP48E2_A2_DATA[26]_A2A1[26])
                                                      0.076     0.776 r  u_wrapper/u_core/u_shared_engine/u_mac3/product0/DSP_PREADD_DATA_INST/A2A1[26]
                         net (fo=1, routed)           0.000     0.776    u_wrapper/u_core/u_shared_engine/u_mac3/product0/DSP_PREADD_DATA.A2A1<26>
    DSP48E2_X11Y87       DSP_MULTIPLIER (Prop_DSP_MULTIPLIER_DSP48E2_A2A1[26]_U[27])
                                                      0.505     1.281 r  u_wrapper/u_core/u_shared_engine/u_mac3/product0/DSP_MULTIPLIER_INST/U[27]
                         net (fo=1, routed)           0.000     1.281    u_wrapper/u_core/u_shared_engine/u_mac3/product0/DSP_MULTIPLIER.U<27>
    DSP48E2_X11Y87       DSP_M_DATA (Prop_DSP_M_DATA_DSP48E2_U[27]_U_DATA[27])
                                                      0.047     1.328 f  u_wrapper/u_core/u_shared_engine/u_mac3/product0/DSP_M_DATA_INST/U_DATA[27]
                         net (fo=1, routed)           0.000     1.328    u_wrapper/u_core/u_shared_engine/u_mac3/product0/DSP_M_DATA.U_DATA<27>
    DSP48E2_X11Y87       DSP_ALU (Prop_DSP_ALU_DSP48E2_U_DATA[27]_ALU_OUT[27])
                                                      0.585     1.913 r  u_wrapper/u_core/u_shared_engine/u_mac3/product0/DSP_ALU_INST/ALU_OUT[27]
                         net (fo=1, routed)           0.000     1.913    u_wrapper/u_core/u_shared_engine/u_mac3/product0/DSP_ALU.ALU_OUT<27>
    DSP48E2_X11Y87       DSP_OUTPUT                                   r  u_wrapper/u_core/u_shared_engine/u_mac3/product0/DSP_OUTPUT_INST/ALU_OUT[27]
  -------------------------------------------------------------------    -------------------

                         (clock clk rise edge)        2.000     2.000 r  
                                                      0.000     2.000 r  clk (IN)
                         net (fo=2707, unset)         0.043     2.043    u_wrapper/u_core/u_shared_engine/u_mac3/product0/CLK
    DSP48E2_X11Y87       DSP_OUTPUT                                   r  u_wrapper/u_core/u_shared_engine/u_mac3/product0/DSP_OUTPUT_INST/CLK
                         clock pessimism              0.000     2.043    
                         clock uncertainty           -0.035     2.008    
    DSP48E2_X11Y87       DSP_OUTPUT (Setup_DSP_OUTPUT_DSP48E2_CLK_ALU_OUT[27])
                                                      0.015     2.023    u_wrapper/u_core/u_shared_engine/u_mac3/product0/DSP_OUTPUT_INST
  -------------------------------------------------------------------
                         required time                          2.023    
                         arrival time                          -1.913    
  -------------------------------------------------------------------
                         slack                                  0.109    

Slack (MET) :             0.109ns  (required time - arrival time)
  Source:                 u_wrapper/u_core/u_shared_engine/mac_data_r3_reg[15]/C
                            (rising edge-triggered cell FDCE clocked by clk  {rise@0.000ns fall@1.000ns period=2.000ns})
  Destination:            u_wrapper/u_core/u_shared_engine/u_mac3/product0/DSP_OUTPUT_INST/ALU_OUT[27]
                            (rising edge-triggered cell DSP_OUTPUT clocked by clk  {rise@0.000ns fall@1.000ns period=2.000ns})
  Path Group:             clk
  Path Type:              Setup (Max at Slow Process Corner)
  Requirement:            2.000ns  (clk rise@2.000ns - clk rise@0.000ns)
  Data Path Delay:        1.883ns  (logic 1.484ns (78.800%)  route 0.399ns (21.200%))
  Logic Levels:           5  (DSP_A_B_DATA=1 DSP_ALU=1 DSP_M_DATA=1 DSP_MULTIPLIER=1 DSP_PREADD_DATA=1)
  Clock Path Skew:        0.013ns (DCD - SCD + CPR)
    Destination Clock Delay (DCD):    0.043ns = ( 2.043 - 2.000 ) 
    Source Clock Delay      (SCD):    0.030ns
    Clock Pessimism Removal (CPR):    0.000ns
  Clock Uncertainty:      0.035ns  ((TSJ^2 + TIJ^2)^1/2 + DJ) / 2 + PE
    Total System Jitter     (TSJ):    0.071ns
    Total Input Jitter      (TIJ):    0.000ns
    Discrete Jitter          (DJ):    0.000ns
    Phase Error              (PE):    0.000ns

    Location             Delay type                Incr(ns)  Path(ns)    Netlist Resource(s)
  -------------------------------------------------------------------    -------------------
                         (clock clk rise edge)        0.000     0.000 r  
                                                      0.000     0.000 r  clk (IN)
                         net (fo=2707, unset)         0.030     0.030    u_wrapper/u_core/u_shared_engine/clk
    SLICE_X66Y218        FDCE                                         r  u_wrapper/u_core/u_shared_engine/mac_data_r3_reg[15]/C
  -------------------------------------------------------------------    -------------------
    SLICE_X66Y218        FDCE (Prop_FFF2_SLICEM_C_Q)
                                                      0.079     0.109 r  u_wrapper/u_core/u_shared_engine/mac_data_r3_reg[15]/Q
                         net (fo=15, routed)          0.399     0.508    u_wrapper/u_core/u_shared_engine/u_mac3/product0/A[26]
    DSP48E2_X11Y87       DSP_A_B_DATA (Prop_DSP_A_B_DATA_DSP48E2_A[26]_A2_DATA[26])
                                                      0.192     0.700 f  u_wrapper/u_core/u_shared_engine/u_mac3/product0/DSP_A_B_DATA_INST/A2_DATA[26]
                         net (fo=1, routed)           0.000     0.700    u_wrapper/u_core/u_shared_engine/u_mac3/product0/DSP_A_B_DATA.A2_DATA<26>
    DSP48E2_X11Y87       DSP_PREADD_DATA (Prop_DSP_PREADD_DATA_DSP48E2_A2_DATA[26]_A2A1[26])
                                                      0.076     0.776 f  u_wrapper/u_core/u_shared_engine/u_mac3/product0/DSP_PREADD_DATA_INST/A2A1[26]
                         net (fo=1, routed)           0.000     0.776    u_wrapper/u_core/u_shared_engine/u_mac3/product0/DSP_PREADD_DATA.A2A1<26>
    DSP48E2_X11Y87       DSP_MULTIPLIER (Prop_DSP_MULTIPLIER_DSP48E2_A2A1[26]_U[27])
                                                      0.505     1.281 r  u_wrapper/u_core/u_shared_engine/u_mac3/product0/DSP_MULTIPLIER_INST/U[27]
                         net (fo=1, routed)           0.000     1.281    u_wrapper/u_core/u_shared_engine/u_mac3/product0/DSP_MULTIPLIER.U<27>
    DSP48E2_X11Y87       DSP_M_DATA (Prop_DSP_M_DATA_DSP48E2_U[27]_U_DATA[27])
                                                      0.047     1.328 f  u_wrapper/u_core/u_shared_engine/u_mac3/product0/DSP_M_DATA_INST/U_DATA[27]
                         net (fo=1, routed)           0.000     1.328    u_wrapper/u_core/u_shared_engine/u_mac3/product0/DSP_M_DATA.U_DATA<27>
    DSP48E2_X11Y87       DSP_ALU (Prop_DSP_ALU_DSP48E2_U_DATA[27]_ALU_OUT[27])
                                                      0.585     1.913 r  u_wrapper/u_core/u_shared_engine/u_mac3/product0/DSP_ALU_INST/ALU_OUT[27]
                         net (fo=1, routed)           0.000     1.913    u_wrapper/u_core/u_shared_engine/u_mac3/product0/DSP_ALU.ALU_OUT<27>
    DSP48E2_X11Y87       DSP_OUTPUT                                   r  u_wrapper/u_core/u_shared_engine/u_mac3/product0/DSP_OUTPUT_INST/ALU_OUT[27]
  -------------------------------------------------------------------    -------------------

                         (clock clk rise edge)        2.000     2.000 r  
                                                      0.000     2.000 r  clk (IN)
                         net (fo=2707, unset)         0.043     2.043    u_wrapper/u_core/u_shared_engine/u_mac3/product0/CLK
    DSP48E2_X11Y87       DSP_OUTPUT                                   r  u_wrapper/u_core/u_shared_engine/u_mac3/product0/DSP_OUTPUT_INST/CLK
                         clock pessimism              0.000     2.043    
                         clock uncertainty           -0.035     2.008    
    DSP48E2_X11Y87       DSP_OUTPUT (Setup_DSP_OUTPUT_DSP48E2_CLK_ALU_OUT[27])
                                                      0.015     2.023    u_wrapper/u_core/u_shared_engine/u_mac3/product0/DSP_OUTPUT_INST
  -------------------------------------------------------------------
                         required time                          2.023    
                         arrival time                          -1.913    
  -------------------------------------------------------------------
                         slack                                  0.109    

Slack (MET) :             0.109ns  (required time - arrival time)
  Source:                 u_wrapper/u_core/u_shared_engine/mac_data_r3_reg[15]/C
                            (rising edge-triggered cell FDCE clocked by clk  {rise@0.000ns fall@1.000ns period=2.000ns})
  Destination:            u_wrapper/u_core/u_shared_engine/u_mac3/product0/DSP_OUTPUT_INST/ALU_OUT[27]
                            (rising edge-triggered cell DSP_OUTPUT clocked by clk  {rise@0.000ns fall@1.000ns period=2.000ns})
  Path Group:             clk
  Path Type:              Setup (Max at Slow Process Corner)
  Requirement:            2.000ns  (clk rise@2.000ns - clk rise@0.000ns)
  Data Path Delay:        1.883ns  (logic 1.484ns (78.800%)  route 0.399ns (21.200%))
  Logic Levels:           5  (DSP_A_B_DATA=1 DSP_ALU=1 DSP_M_DATA=1 DSP_MULTIPLIER=1 DSP_PREADD_DATA=1)
  Clock Path Skew:        0.013ns (DCD - SCD + CPR)
    Destination Clock Delay (DCD):    0.043ns = ( 2.043 - 2.000 ) 
    Source Clock Delay      (SCD):    0.030ns
    Clock Pessimism Removal (CPR):    0.000ns
  Clock Uncertainty:      0.035ns  ((TSJ^2 + TIJ^2)^1/2 + DJ) / 2 + PE
    Total System Jitter     (TSJ):    0.071ns
    Total Input Jitter      (TIJ):    0.000ns
    Discrete Jitter          (DJ):    0.000ns
    Phase Error              (PE):    0.000ns

    Location             Delay type                Incr(ns)  Path(ns)    Netlist Resource(s)
  -------------------------------------------------------------------    -------------------
                         (clock clk rise edge)        0.000     0.000 r  
                                                      0.000     0.000 r  clk (IN)
                         net (fo=2707, unset)         0.030     0.030    u_wrapper/u_core/u_shared_engine/clk
    SLICE_X66Y218        FDCE                                         r  u_wrapper/u_core/u_shared_engine/mac_data_r3_reg[15]/C
  -------------------------------------------------------------------    -------------------
    SLICE_X66Y218        FDCE (Prop_FFF2_SLICEM_C_Q)
                                                      0.079     0.109 f  u_wrapper/u_core/u_shared_engine/mac_data_r3_reg[15]/Q
                         net (fo=15, routed)          0.399     0.508    u_wrapper/u_core/u_shared_engine/u_mac3/product0/A[26]
    DSP48E2_X11Y87       DSP_A_B_DATA (Prop_DSP_A_B_DATA_DSP48E2_A[26]_A2_DATA[26])
                                                      0.192     0.700 r  u_wrapper/u_core/u_shared_engine/u_mac3/product0/DSP_A_B_DATA_INST/A2_DATA[26]
                         net (fo=1, routed)           0.000     0.700    u_wrapper/u_core/u_shared_engine/u_mac3/product0/DSP_A_B_DATA.A2_DATA<26>
    DSP48E2_X11Y87       DSP_PREADD_DATA (Prop_DSP_PREADD_DATA_DSP48E2_A2_DATA[26]_A2A1[26])
                                                      0.076     0.776 r  u_wrapper/u_core/u_shared_engine/u_mac3/product0/DSP_PREADD_DATA_INST/A2A1[26]
                         net (fo=1, routed)           0.000     0.776    u_wrapper/u_core/u_shared_engine/u_mac3/product0/DSP_PREADD_DATA.A2A1<26>
    DSP48E2_X11Y87       DSP_MULTIPLIER (Prop_DSP_MULTIPLIER_DSP48E2_A2A1[26]_U[27])
                                                      0.505     1.281 f  u_wrapper/u_core/u_shared_engine/u_mac3/product0/DSP_MULTIPLIER_INST/U[27]
                         net (fo=1, routed)           0.000     1.281    u_wrapper/u_core/u_shared_engine/u_mac3/product0/DSP_MULTIPLIER.U<27>
    DSP48E2_X11Y87       DSP_M_DATA (Prop_DSP_M_DATA_DSP48E2_U[27]_U_DATA[27])
                                                      0.047     1.328 r  u_wrapper/u_core/u_shared_engine/u_mac3/product0/DSP_M_DATA_INST/U_DATA[27]
                         net (fo=1, routed)           0.000     1.328    u_wrapper/u_core/u_shared_engine/u_mac3/product0/DSP_M_DATA.U_DATA<27>
    DSP48E2_X11Y87       DSP_ALU (Prop_DSP_ALU_DSP48E2_U_DATA[27]_ALU_OUT[27])
                                                      0.585     1.913 f  u_wrapper/u_core/u_shared_engine/u_mac3/product0/DSP_ALU_INST/ALU_OUT[27]
                         net (fo=1, routed)           0.000     1.913    u_wrapper/u_core/u_shared_engine/u_mac3/product0/DSP_ALU.ALU_OUT<27>
    DSP48E2_X11Y87       DSP_OUTPUT                                   f  u_wrapper/u_core/u_shared_engine/u_mac3/product0/DSP_OUTPUT_INST/ALU_OUT[27]
  -------------------------------------------------------------------    -------------------

                         (clock clk rise edge)        2.000     2.000 r  
                                                      0.000     2.000 r  clk (IN)
                         net (fo=2707, unset)         0.043     2.043    u_wrapper/u_core/u_shared_engine/u_mac3/product0/CLK
    DSP48E2_X11Y87       DSP_OUTPUT                                   r  u_wrapper/u_core/u_shared_engine/u_mac3/product0/DSP_OUTPUT_INST/CLK
                         clock pessimism              0.000     2.043    
                         clock uncertainty           -0.035     2.008    
    DSP48E2_X11Y87       DSP_OUTPUT (Setup_DSP_OUTPUT_DSP48E2_CLK_ALU_OUT[27])
                                                      0.015     2.023    u_wrapper/u_core/u_shared_engine/u_mac3/product0/DSP_OUTPUT_INST
  -------------------------------------------------------------------
                         required time                          2.023    
                         arrival time                          -1.913    
  -------------------------------------------------------------------
                         slack                                  0.109    

Slack (MET) :             0.109ns  (required time - arrival time)
  Source:                 u_wrapper/u_core/u_shared_engine/mac_data_r3_reg[15]/C
                            (rising edge-triggered cell FDCE clocked by clk  {rise@0.000ns fall@1.000ns period=2.000ns})
  Destination:            u_wrapper/u_core/u_shared_engine/u_mac3/product0/DSP_OUTPUT_INST/ALU_OUT[27]
                            (rising edge-triggered cell DSP_OUTPUT clocked by clk  {rise@0.000ns fall@1.000ns period=2.000ns})
  Path Group:             clk
  Path Type:              Setup (Max at Slow Process Corner)
  Requirement:            2.000ns  (clk rise@2.000ns - clk rise@0.000ns)
  Data Path Delay:        1.883ns  (logic 1.484ns (78.800%)  route 0.399ns (21.200%))
  Logic Levels:           5  (DSP_A_B_DATA=1 DSP_ALU=1 DSP_M_DATA=1 DSP_MULTIPLIER=1 DSP_PREADD_DATA=1)
  Clock Path Skew:        0.013ns (DCD - SCD + CPR)
    Destination Clock Delay (DCD):    0.043ns = ( 2.043 - 2.000 ) 
    Source Clock Delay      (SCD):    0.030ns
    Clock Pessimism Removal (CPR):    0.000ns
  Clock Uncertainty:      0.035ns  ((TSJ^2 + TIJ^2)^1/2 + DJ) / 2 + PE
    Total System Jitter     (TSJ):    0.071ns
    Total Input Jitter      (TIJ):    0.000ns
    Discrete Jitter          (DJ):    0.000ns
    Phase Error              (PE):    0.000ns

    Location             Delay type                Incr(ns)  Path(ns)    Netlist Resource(s)
  -------------------------------------------------------------------    -------------------
                         (clock clk rise edge)        0.000     0.000 r  
                                                      0.000     0.000 r  clk (IN)
                         net (fo=2707, unset)         0.030     0.030    u_wrapper/u_core/u_shared_engine/clk
    SLICE_X66Y218        FDCE                                         r  u_wrapper/u_core/u_shared_engine/mac_data_r3_reg[15]/C
  -------------------------------------------------------------------    -------------------
    SLICE_X66Y218        FDCE (Prop_FFF2_SLICEM_C_Q)
                                                      0.079     0.109 r  u_wrapper/u_core/u_shared_engine/mac_data_r3_reg[15]/Q
                         net (fo=15, routed)          0.399     0.508    u_wrapper/u_core/u_shared_engine/u_mac3/product0/A[26]
    DSP48E2_X11Y87       DSP_A_B_DATA (Prop_DSP_A_B_DATA_DSP48E2_A[26]_A2_DATA[26])
                                                      0.192     0.700 f  u_wrapper/u_core/u_shared_engine/u_mac3/product0/DSP_A_B_DATA_INST/A2_DATA[26]
                         net (fo=1, routed)           0.000     0.700    u_wrapper/u_core/u_shared_engine/u_mac3/product0/DSP_A_B_DATA.A2_DATA<26>
    DSP48E2_X11Y87       DSP_PREADD_DATA (Prop_DSP_PREADD_DATA_DSP48E2_A2_DATA[26]_A2A1[26])
                                                      0.076     0.776 f  u_wrapper/u_core/u_shared_engine/u_mac3/product0/DSP_PREADD_DATA_INST/A2A1[26]
                         net (fo=1, routed)           0.000     0.776    u_wrapper/u_core/u_shared_engine/u_mac3/product0/DSP_PREADD_DATA.A2A1<26>
    DSP48E2_X11Y87       DSP_MULTIPLIER (Prop_DSP_MULTIPLIER_DSP48E2_A2A1[26]_U[27])
                                                      0.505     1.281 f  u_wrapper/u_core/u_shared_engine/u_mac3/product0/DSP_MULTIPLIER_INST/U[27]
                         net (fo=1, routed)           0.000     1.281    u_wrapper/u_core/u_shared_engine/u_mac3/product0/DSP_MULTIPLIER.U<27>
    DSP48E2_X11Y87       DSP_M_DATA (Prop_DSP_M_DATA_DSP48E2_U[27]_U_DATA[27])
                                                      0.047     1.328 r  u_wrapper/u_core/u_shared_engine/u_mac3/product0/DSP_M_DATA_INST/U_DATA[27]
                         net (fo=1, routed)           0.000     1.328    u_wrapper/u_core/u_shared_engine/u_mac3/product0/DSP_M_DATA.U_DATA<27>
    DSP48E2_X11Y87       DSP_ALU (Prop_DSP_ALU_DSP48E2_U_DATA[27]_ALU_OUT[27])
                                                      0.585     1.913 f  u_wrapper/u_core/u_shared_engine/u_mac3/product0/DSP_ALU_INST/ALU_OUT[27]
                         net (fo=1, routed)           0.000     1.913    u_wrapper/u_core/u_shared_engine/u_mac3/product0/DSP_ALU.ALU_OUT<27>
    DSP48E2_X11Y87       DSP_OUTPUT                                   f  u_wrapper/u_core/u_shared_engine/u_mac3/product0/DSP_OUTPUT_INST/ALU_OUT[27]
  -------------------------------------------------------------------    -------------------

                         (clock clk rise edge)        2.000     2.000 r  
                                                      0.000     2.000 r  clk (IN)
                         net (fo=2707, unset)         0.043     2.043    u_wrapper/u_core/u_shared_engine/u_mac3/product0/CLK
    DSP48E2_X11Y87       DSP_OUTPUT                                   r  u_wrapper/u_core/u_shared_engine/u_mac3/product0/DSP_OUTPUT_INST/CLK
                         clock pessimism              0.000     2.043    
                         clock uncertainty           -0.035     2.008    
    DSP48E2_X11Y87       DSP_OUTPUT (Setup_DSP_OUTPUT_DSP48E2_CLK_ALU_OUT[27])
                                                      0.015     2.023    u_wrapper/u_core/u_shared_engine/u_mac3/product0/DSP_OUTPUT_INST
  -------------------------------------------------------------------
                         required time                          2.023    
                         arrival time                          -1.913    
  -------------------------------------------------------------------
                         slack                                  0.109    

Slack (MET) :             0.109ns  (required time - arrival time)
  Source:                 u_wrapper/u_core/u_shared_engine/mac_data_r3_reg[15]/C
                            (rising edge-triggered cell FDCE clocked by clk  {rise@0.000ns fall@1.000ns period=2.000ns})
  Destination:            u_wrapper/u_core/u_shared_engine/u_mac3/product0/DSP_OUTPUT_INST/ALU_OUT[27]
                            (rising edge-triggered cell DSP_OUTPUT clocked by clk  {rise@0.000ns fall@1.000ns period=2.000ns})
  Path Group:             clk
  Path Type:              Setup (Max at Slow Process Corner)
  Requirement:            2.000ns  (clk rise@2.000ns - clk rise@0.000ns)
  Data Path Delay:        1.883ns  (logic 1.484ns (78.800%)  route 0.399ns (21.200%))
  Logic Levels:           5  (DSP_A_B_DATA=1 DSP_ALU=1 DSP_M_DATA=1 DSP_MULTIPLIER=1 DSP_PREADD_DATA=1)
  Clock Path Skew:        0.013ns (DCD - SCD + CPR)
    Destination Clock Delay (DCD):    0.043ns = ( 2.043 - 2.000 ) 
    Source Clock Delay      (SCD):    0.030ns
    Clock Pessimism Removal (CPR):    0.000ns
  Clock Uncertainty:      0.035ns  ((TSJ^2 + TIJ^2)^1/2 + DJ) / 2 + PE
    Total System Jitter     (TSJ):    0.071ns
    Total Input Jitter      (TIJ):    0.000ns
    Discrete Jitter          (DJ):    0.000ns
    Phase Error              (PE):    0.000ns

    Location             Delay type                Incr(ns)  Path(ns)    Netlist Resource(s)
  -------------------------------------------------------------------    -------------------
                         (clock clk rise edge)        0.000     0.000 r  
                                                      0.000     0.000 r  clk (IN)
                         net (fo=2707, unset)         0.030     0.030    u_wrapper/u_core/u_shared_engine/clk
    SLICE_X66Y218        FDCE                                         r  u_wrapper/u_core/u_shared_engine/mac_data_r3_reg[15]/C
  -------------------------------------------------------------------    -------------------
    SLICE_X66Y218        FDCE (Prop_FFF2_SLICEM_C_Q)
                                                      0.079     0.109 f  u_wrapper/u_core/u_shared_engine/mac_data_r3_reg[15]/Q
                         net (fo=15, routed)          0.399     0.508    u_wrapper/u_core/u_shared_engine/u_mac3/product0/A[26]
    DSP48E2_X11Y87       DSP_A_B_DATA (Prop_DSP_A_B_DATA_DSP48E2_A[26]_A2_DATA[26])
                                                      0.192     0.700 r  u_wrapper/u_core/u_shared_engine/u_mac3/product0/DSP_A_B_DATA_INST/A2_DATA[26]
                         net (fo=1, routed)           0.000     0.700    u_wrapper/u_core/u_shared_engine/u_mac3/product0/DSP_A_B_DATA.A2_DATA<26>
    DSP48E2_X11Y87       DSP_PREADD_DATA (Prop_DSP_PREADD_DATA_DSP48E2_A2_DATA[26]_A2A1[26])
                                                      0.076     0.776 r  u_wrapper/u_core/u_shared_engine/u_mac3/product0/DSP_PREADD_DATA_INST/A2A1[26]
                         net (fo=1, routed)           0.000     0.776    u_wrapper/u_core/u_shared_engine/u_mac3/product0/DSP_PREADD_DATA.A2A1<26>
    DSP48E2_X11Y87       DSP_MULTIPLIER (Prop_DSP_MULTIPLIER_DSP48E2_A2A1[26]_U[27])
                                                      0.505     1.281 r  u_wrapper/u_core/u_shared_engine/u_mac3/product0/DSP_MULTIPLIER_INST/U[27]
                         net (fo=1, routed)           0.000     1.281    u_wrapper/u_core/u_shared_engine/u_mac3/product0/DSP_MULTIPLIER.U<27>
    DSP48E2_X11Y87       DSP_M_DATA (Prop_DSP_M_DATA_DSP48E2_U[27]_U_DATA[27])
                                                      0.047     1.328 f  u_wrapper/u_core/u_shared_engine/u_mac3/product0/DSP_M_DATA_INST/U_DATA[27]
                         net (fo=1, routed)           0.000     1.328    u_wrapper/u_core/u_shared_engine/u_mac3/product0/DSP_M_DATA.U_DATA<27>
    DSP48E2_X11Y87       DSP_ALU (Prop_DSP_ALU_DSP48E2_U_DATA[27]_ALU_OUT[27])
                                                      0.585     1.913 f  u_wrapper/u_core/u_shared_engine/u_mac3/product0/DSP_ALU_INST/ALU_OUT[27]
                         net (fo=1, routed)           0.000     1.913    u_wrapper/u_core/u_shared_engine/u_mac3/product0/DSP_ALU.ALU_OUT<27>
    DSP48E2_X11Y87       DSP_OUTPUT                                   f  u_wrapper/u_core/u_shared_engine/u_mac3/product0/DSP_OUTPUT_INST/ALU_OUT[27]
  -------------------------------------------------------------------    -------------------

                         (clock clk rise edge)        2.000     2.000 r  
                                                      0.000     2.000 r  clk (IN)
                         net (fo=2707, unset)         0.043     2.043    u_wrapper/u_core/u_shared_engine/u_mac3/product0/CLK
    DSP48E2_X11Y87       DSP_OUTPUT                                   r  u_wrapper/u_core/u_shared_engine/u_mac3/product0/DSP_OUTPUT_INST/CLK
                         clock pessimism              0.000     2.043    
                         clock uncertainty           -0.035     2.008    
    DSP48E2_X11Y87       DSP_OUTPUT (Setup_DSP_OUTPUT_DSP48E2_CLK_ALU_OUT[27])
                                                      0.015     2.023    u_wrapper/u_core/u_shared_engine/u_mac3/product0/DSP_OUTPUT_INST
  -------------------------------------------------------------------
                         required time                          2.023    
                         arrival time                          -1.913    
  -------------------------------------------------------------------
                         slack                                  0.109    

Slack (MET) :             0.109ns  (required time - arrival time)
  Source:                 u_wrapper/u_core/u_shared_engine/mac_data_r3_reg[15]/C
                            (rising edge-triggered cell FDCE clocked by clk  {rise@0.000ns fall@1.000ns period=2.000ns})
  Destination:            u_wrapper/u_core/u_shared_engine/u_mac3/product0/DSP_OUTPUT_INST/ALU_OUT[27]
                            (rising edge-triggered cell DSP_OUTPUT clocked by clk  {rise@0.000ns fall@1.000ns period=2.000ns})
  Path Group:             clk
  Path Type:              Setup (Max at Slow Process Corner)
  Requirement:            2.000ns  (clk rise@2.000ns - clk rise@0.000ns)
  Data Path Delay:        1.883ns  (logic 1.484ns (78.800%)  route 0.399ns (21.200%))
  Logic Levels:           5  (DSP_A_B_DATA=1 DSP_ALU=1 DSP_M_DATA=1 DSP_MULTIPLIER=1 DSP_PREADD_DATA=1)
  Clock Path Skew:        0.013ns (DCD - SCD + CPR)
    Destination Clock Delay (DCD):    0.043ns = ( 2.043 - 2.000 ) 
    Source Clock Delay      (SCD):    0.030ns
    Clock Pessimism Removal (CPR):    0.000ns
  Clock Uncertainty:      0.035ns  ((TSJ^2 + TIJ^2)^1/2 + DJ) / 2 + PE
    Total System Jitter     (TSJ):    0.071ns
    Total Input Jitter      (TIJ):    0.000ns
    Discrete Jitter          (DJ):    0.000ns
    Phase Error              (PE):    0.000ns

    Location             Delay type                Incr(ns)  Path(ns)    Netlist Resource(s)
  -------------------------------------------------------------------    -------------------
                         (clock clk rise edge)        0.000     0.000 r  
                                                      0.000     0.000 r  clk (IN)
                         net (fo=2707, unset)         0.030     0.030    u_wrapper/u_core/u_shared_engine/clk
    SLICE_X66Y218        FDCE                                         r  u_wrapper/u_core/u_shared_engine/mac_data_r3_reg[15]/C
  -------------------------------------------------------------------    -------------------
    SLICE_X66Y218        FDCE (Prop_FFF2_SLICEM_C_Q)
                                                      0.079     0.109 r  u_wrapper/u_core/u_shared_engine/mac_data_r3_reg[15]/Q
                         net (fo=15, routed)          0.399     0.508    u_wrapper/u_core/u_shared_engine/u_mac3/product0/A[26]
    DSP48E2_X11Y87       DSP_A_B_DATA (Prop_DSP_A_B_DATA_DSP48E2_A[26]_A2_DATA[26])
                                                      0.192     0.700 f  u_wrapper/u_core/u_shared_engine/u_mac3/product0/DSP_A_B_DATA_INST/A2_DATA[26]
                         net (fo=1, routed)           0.000     0.700    u_wrapper/u_core/u_shared_engine/u_mac3/product0/DSP_A_B_DATA.A2_DATA<26>
    DSP48E2_X11Y87       DSP_PREADD_DATA (Prop_DSP_PREADD_DATA_DSP48E2_A2_DATA[26]_A2A1[26])
                                                      0.076     0.776 f  u_wrapper/u_core/u_shared_engine/u_mac3/product0/DSP_PREADD_DATA_INST/A2A1[26]
                         net (fo=1, routed)           0.000     0.776    u_wrapper/u_core/u_shared_engine/u_mac3/product0/DSP_PREADD_DATA.A2A1<26>
    DSP48E2_X11Y87       DSP_MULTIPLIER (Prop_DSP_MULTIPLIER_DSP48E2_A2A1[26]_U[27])
                                                      0.505     1.281 r  u_wrapper/u_core/u_shared_engine/u_mac3/product0/DSP_MULTIPLIER_INST/U[27]
                         net (fo=1, routed)           0.000     1.281    u_wrapper/u_core/u_shared_engine/u_mac3/product0/DSP_MULTIPLIER.U<27>
    DSP48E2_X11Y87       DSP_M_DATA (Prop_DSP_M_DATA_DSP48E2_U[27]_U_DATA[27])
                                                      0.047     1.328 f  u_wrapper/u_core/u_shared_engine/u_mac3/product0/DSP_M_DATA_INST/U_DATA[27]
                         net (fo=1, routed)           0.000     1.328    u_wrapper/u_core/u_shared_engine/u_mac3/product0/DSP_M_DATA.U_DATA<27>
    DSP48E2_X11Y87       DSP_ALU (Prop_DSP_ALU_DSP48E2_U_DATA[27]_ALU_OUT[27])
                                                      0.585     1.913 f  u_wrapper/u_core/u_shared_engine/u_mac3/product0/DSP_ALU_INST/ALU_OUT[27]
                         net (fo=1, routed)           0.000     1.913    u_wrapper/u_core/u_shared_engine/u_mac3/product0/DSP_ALU.ALU_OUT<27>
    DSP48E2_X11Y87       DSP_OUTPUT                                   f  u_wrapper/u_core/u_shared_engine/u_mac3/product0/DSP_OUTPUT_INST/ALU_OUT[27]
  -------------------------------------------------------------------    -------------------

                         (clock clk rise edge)        2.000     2.000 r  
                                                      0.000     2.000 r  clk (IN)
                         net (fo=2707, unset)         0.043     2.043    u_wrapper/u_core/u_shared_engine/u_mac3/product0/CLK
    DSP48E2_X11Y87       DSP_OUTPUT                                   r  u_wrapper/u_core/u_shared_engine/u_mac3/product0/DSP_OUTPUT_INST/CLK
                         clock pessimism              0.000     2.043    
                         clock uncertainty           -0.035     2.008    
    DSP48E2_X11Y87       DSP_OUTPUT (Setup_DSP_OUTPUT_DSP48E2_CLK_ALU_OUT[27])
                                                      0.015     2.023    u_wrapper/u_core/u_shared_engine/u_mac3/product0/DSP_OUTPUT_INST
  -------------------------------------------------------------------
                         required time                          2.023    
                         arrival time                          -1.913    
  -------------------------------------------------------------------
                         slack                                  0.109    

Slack (MET) :             0.109ns  (required time - arrival time)
  Source:                 u_wrapper/u_core/u_shared_engine/mac_data_r3_reg[15]/C
                            (rising edge-triggered cell FDCE clocked by clk  {rise@0.000ns fall@1.000ns period=2.000ns})
  Destination:            u_wrapper/u_core/u_shared_engine/u_mac3/product0/DSP_OUTPUT_INST/ALU_OUT[28]
                            (rising edge-triggered cell DSP_OUTPUT clocked by clk  {rise@0.000ns fall@1.000ns period=2.000ns})
  Path Group:             clk
  Path Type:              Setup (Max at Slow Process Corner)
  Requirement:            2.000ns  (clk rise@2.000ns - clk rise@0.000ns)
  Data Path Delay:        1.883ns  (logic 1.484ns (78.800%)  route 0.399ns (21.200%))
  Logic Levels:           5  (DSP_A_B_DATA=1 DSP_ALU=1 DSP_M_DATA=1 DSP_MULTIPLIER=1 DSP_PREADD_DATA=1)
  Clock Path Skew:        0.013ns (DCD - SCD + CPR)
    Destination Clock Delay (DCD):    0.043ns = ( 2.043 - 2.000 ) 
    Source Clock Delay      (SCD):    0.030ns
    Clock Pessimism Removal (CPR):    0.000ns
  Clock Uncertainty:      0.035ns  ((TSJ^2 + TIJ^2)^1/2 + DJ) / 2 + PE
    Total System Jitter     (TSJ):    0.071ns
    Total Input Jitter      (TIJ):    0.000ns
    Discrete Jitter          (DJ):    0.000ns
    Phase Error              (PE):    0.000ns

    Location             Delay type                Incr(ns)  Path(ns)    Netlist Resource(s)
  -------------------------------------------------------------------    -------------------
                         (clock clk rise edge)        0.000     0.000 r  
                                                      0.000     0.000 r  clk (IN)
                         net (fo=2707, unset)         0.030     0.030    u_wrapper/u_core/u_shared_engine/clk
    SLICE_X66Y218        FDCE                                         r  u_wrapper/u_core/u_shared_engine/mac_data_r3_reg[15]/C
  -------------------------------------------------------------------    -------------------
    SLICE_X66Y218        FDCE (Prop_FFF2_SLICEM_C_Q)
                                                      0.079     0.109 f  u_wrapper/u_core/u_shared_engine/mac_data_r3_reg[15]/Q
                         net (fo=15, routed)          0.399     0.508    u_wrapper/u_core/u_shared_engine/u_mac3/product0/A[26]
    DSP48E2_X11Y87       DSP_A_B_DATA (Prop_DSP_A_B_DATA_DSP48E2_A[26]_A2_DATA[26])
                                                      0.192     0.700 r  u_wrapper/u_core/u_shared_engine/u_mac3/product0/DSP_A_B_DATA_INST/A2_DATA[26]
                         net (fo=1, routed)           0.000     0.700    u_wrapper/u_core/u_shared_engine/u_mac3/product0/DSP_A_B_DATA.A2_DATA<26>
    DSP48E2_X11Y87       DSP_PREADD_DATA (Prop_DSP_PREADD_DATA_DSP48E2_A2_DATA[26]_A2A1[26])
                                                      0.076     0.776 r  u_wrapper/u_core/u_shared_engine/u_mac3/product0/DSP_PREADD_DATA_INST/A2A1[26]
                         net (fo=1, routed)           0.000     0.776    u_wrapper/u_core/u_shared_engine/u_mac3/product0/DSP_PREADD_DATA.A2A1<26>
    DSP48E2_X11Y87       DSP_MULTIPLIER (Prop_DSP_MULTIPLIER_DSP48E2_A2A1[26]_U[28])
                                                      0.505     1.281 f  u_wrapper/u_core/u_shared_engine/u_mac3/product0/DSP_MULTIPLIER_INST/U[28]
                         net (fo=1, routed)           0.000     1.281    u_wrapper/u_core/u_shared_engine/u_mac3/product0/DSP_MULTIPLIER.U<28>
    DSP48E2_X11Y87       DSP_M_DATA (Prop_DSP_M_DATA_DSP48E2_U[28]_U_DATA[28])
                                                      0.047     1.328 r  u_wrapper/u_core/u_shared_engine/u_mac3/product0/DSP_M_DATA_INST/U_DATA[28]
                         net (fo=1, routed)           0.000     1.328    u_wrapper/u_core/u_shared_engine/u_mac3/product0/DSP_M_DATA.U_DATA<28>
    DSP48E2_X11Y87       DSP_ALU (Prop_DSP_ALU_DSP48E2_U_DATA[28]_ALU_OUT[28])
                                                      0.585     1.913 r  u_wrapper/u_core/u_shared_engine/u_mac3/product0/DSP_ALU_INST/ALU_OUT[28]
                         net (fo=1, routed)           0.000     1.913    u_wrapper/u_core/u_shared_engine/u_mac3/product0/DSP_ALU.ALU_OUT<28>
    DSP48E2_X11Y87       DSP_OUTPUT                                   r  u_wrapper/u_core/u_shared_engine/u_mac3/product0/DSP_OUTPUT_INST/ALU_OUT[28]
  -------------------------------------------------------------------    -------------------

                         (clock clk rise edge)        2.000     2.000 r  
                                                      0.000     2.000 r  clk (IN)
                         net (fo=2707, unset)         0.043     2.043    u_wrapper/u_core/u_shared_engine/u_mac3/product0/CLK
    DSP48E2_X11Y87       DSP_OUTPUT                                   r  u_wrapper/u_core/u_shared_engine/u_mac3/product0/DSP_OUTPUT_INST/CLK
                         clock pessimism              0.000     2.043    
                         clock uncertainty           -0.035     2.008    
    DSP48E2_X11Y87       DSP_OUTPUT (Setup_DSP_OUTPUT_DSP48E2_CLK_ALU_OUT[28])
                                                      0.015     2.023    u_wrapper/u_core/u_shared_engine/u_mac3/product0/DSP_OUTPUT_INST
  -------------------------------------------------------------------
                         required time                          2.023    
                         arrival time                          -1.913    
  -------------------------------------------------------------------
                         slack                                  0.109    

Slack (MET) :             0.109ns  (required time - arrival time)
  Source:                 u_wrapper/u_core/u_shared_engine/mac_data_r3_reg[15]/C
                            (rising edge-triggered cell FDCE clocked by clk  {rise@0.000ns fall@1.000ns period=2.000ns})
  Destination:            u_wrapper/u_core/u_shared_engine/u_mac3/product0/DSP_OUTPUT_INST/ALU_OUT[28]
                            (rising edge-triggered cell DSP_OUTPUT clocked by clk  {rise@0.000ns fall@1.000ns period=2.000ns})
  Path Group:             clk
  Path Type:              Setup (Max at Slow Process Corner)
  Requirement:            2.000ns  (clk rise@2.000ns - clk rise@0.000ns)
  Data Path Delay:        1.883ns  (logic 1.484ns (78.800%)  route 0.399ns (21.200%))
  Logic Levels:           5  (DSP_A_B_DATA=1 DSP_ALU=1 DSP_M_DATA=1 DSP_MULTIPLIER=1 DSP_PREADD_DATA=1)
  Clock Path Skew:        0.013ns (DCD - SCD + CPR)
    Destination Clock Delay (DCD):    0.043ns = ( 2.043 - 2.000 ) 
    Source Clock Delay      (SCD):    0.030ns
    Clock Pessimism Removal (CPR):    0.000ns
  Clock Uncertainty:      0.035ns  ((TSJ^2 + TIJ^2)^1/2 + DJ) / 2 + PE
    Total System Jitter     (TSJ):    0.071ns
    Total Input Jitter      (TIJ):    0.000ns
    Discrete Jitter          (DJ):    0.000ns
    Phase Error              (PE):    0.000ns

    Location             Delay type                Incr(ns)  Path(ns)    Netlist Resource(s)
  -------------------------------------------------------------------    -------------------
                         (clock clk rise edge)        0.000     0.000 r  
                                                      0.000     0.000 r  clk (IN)
                         net (fo=2707, unset)         0.030     0.030    u_wrapper/u_core/u_shared_engine/clk
    SLICE_X66Y218        FDCE                                         r  u_wrapper/u_core/u_shared_engine/mac_data_r3_reg[15]/C
  -------------------------------------------------------------------    -------------------
    SLICE_X66Y218        FDCE (Prop_FFF2_SLICEM_C_Q)
                                                      0.079     0.109 r  u_wrapper/u_core/u_shared_engine/mac_data_r3_reg[15]/Q
                         net (fo=15, routed)          0.399     0.508    u_wrapper/u_core/u_shared_engine/u_mac3/product0/A[26]
    DSP48E2_X11Y87       DSP_A_B_DATA (Prop_DSP_A_B_DATA_DSP48E2_A[26]_A2_DATA[26])
                                                      0.192     0.700 f  u_wrapper/u_core/u_shared_engine/u_mac3/product0/DSP_A_B_DATA_INST/A2_DATA[26]
                         net (fo=1, routed)           0.000     0.700    u_wrapper/u_core/u_shared_engine/u_mac3/product0/DSP_A_B_DATA.A2_DATA<26>
    DSP48E2_X11Y87       DSP_PREADD_DATA (Prop_DSP_PREADD_DATA_DSP48E2_A2_DATA[26]_A2A1[26])
                                                      0.076     0.776 f  u_wrapper/u_core/u_shared_engine/u_mac3/product0/DSP_PREADD_DATA_INST/A2A1[26]
                         net (fo=1, routed)           0.000     0.776    u_wrapper/u_core/u_shared_engine/u_mac3/product0/DSP_PREADD_DATA.A2A1<26>
    DSP48E2_X11Y87       DSP_MULTIPLIER (Prop_DSP_MULTIPLIER_DSP48E2_A2A1[26]_U[28])
                                                      0.505     1.281 f  u_wrapper/u_core/u_shared_engine/u_mac3/product0/DSP_MULTIPLIER_INST/U[28]
                         net (fo=1, routed)           0.000     1.281    u_wrapper/u_core/u_shared_engine/u_mac3/product0/DSP_MULTIPLIER.U<28>
    DSP48E2_X11Y87       DSP_M_DATA (Prop_DSP_M_DATA_DSP48E2_U[28]_U_DATA[28])
                                                      0.047     1.328 r  u_wrapper/u_core/u_shared_engine/u_mac3/product0/DSP_M_DATA_INST/U_DATA[28]
                         net (fo=1, routed)           0.000     1.328    u_wrapper/u_core/u_shared_engine/u_mac3/product0/DSP_M_DATA.U_DATA<28>
    DSP48E2_X11Y87       DSP_ALU (Prop_DSP_ALU_DSP48E2_U_DATA[28]_ALU_OUT[28])
                                                      0.585     1.913 r  u_wrapper/u_core/u_shared_engine/u_mac3/product0/DSP_ALU_INST/ALU_OUT[28]
                         net (fo=1, routed)           0.000     1.913    u_wrapper/u_core/u_shared_engine/u_mac3/product0/DSP_ALU.ALU_OUT<28>
    DSP48E2_X11Y87       DSP_OUTPUT                                   r  u_wrapper/u_core/u_shared_engine/u_mac3/product0/DSP_OUTPUT_INST/ALU_OUT[28]
  -------------------------------------------------------------------    -------------------

                         (clock clk rise edge)        2.000     2.000 r  
                                                      0.000     2.000 r  clk (IN)
                         net (fo=2707, unset)         0.043     2.043    u_wrapper/u_core/u_shared_engine/u_mac3/product0/CLK
    DSP48E2_X11Y87       DSP_OUTPUT                                   r  u_wrapper/u_core/u_shared_engine/u_mac3/product0/DSP_OUTPUT_INST/CLK
                         clock pessimism              0.000     2.043    
                         clock uncertainty           -0.035     2.008    
    DSP48E2_X11Y87       DSP_OUTPUT (Setup_DSP_OUTPUT_DSP48E2_CLK_ALU_OUT[28])
                                                      0.015     2.023    u_wrapper/u_core/u_shared_engine/u_mac3/product0/DSP_OUTPUT_INST
  -------------------------------------------------------------------
                         required time                          2.023    
                         arrival time                          -1.913    
  -------------------------------------------------------------------
                         slack                                  0.109    




