Copyright 1986-2022 Xilinx, Inc. All Rights Reserved. Copyright 2022-2024 Advanced Micro Devices, Inc. All Rights Reserved.
---------------------------------------------------------------------------------------------------------------------------------------------
| Tool Version : Vivado v.2024.1 (win64) Build 5076996 Wed May 22 18:37:14 MDT 2024
| Date         : Mon Jun 29 13:47:24 2026
| Host         : lab running 64-bit major release  (build 9200)
| Command      : report_utilization -file D:/WorkSpace/its_vvc/synth/top_500_singleclk_utilization_impl_usp.rpt
| Design       : its_top_500_singleclk
| Device       : xcku5p-ffvb676-2-e
| Speed File   : -2
| Design State : Physopt postRoute
---------------------------------------------------------------------------------------------------------------------------------------------

Utilization Design Information

Table of Contents
-----------------
1. CLB Logic
1.1 Summary of Registers by Type
2. CLB Logic Distribution
3. BLOCKRAM
4. ARITHMETIC
5. I/O
6. CLOCK
7. ADVANCED
8. CONFIGURATION
9. Primitives
10. Black Boxes
11. Instantiated Netlists

1. CLB Logic
------------

+----------------------------+------+-------+------------+-----------+-------+
|          Site Type         | Used | Fixed | Prohibited | Available | Util% |
+----------------------------+------+-------+------------+-----------+-------+
| CLB LUTs                   | 1888 |     0 |          0 |    216960 |  0.87 |
|   LUT as Logic             | 1520 |     0 |          0 |    216960 |  0.70 |
|   LUT as Memory            |  368 |     0 |          0 |     99840 |  0.37 |
|     LUT as Distributed RAM |  368 |     0 |            |           |       |
|     LUT as Shift Register  |    0 |     0 |            |           |       |
| CLB Registers              | 2214 |     0 |          0 |    433920 |  0.51 |
|   Register as Flip Flop    | 2214 |     0 |          0 |    433920 |  0.51 |
|   Register as Latch        |    0 |     0 |          0 |    433920 |  0.00 |
| CARRY8                     |   69 |     0 |          0 |     27120 |  0.25 |
| F7 Muxes                   |  128 |     0 |          0 |    108480 |  0.12 |
| F8 Muxes                   |   64 |     0 |          0 |     54240 |  0.12 |
| F9 Muxes                   |    0 |     0 |          0 |     27120 |  0.00 |
+----------------------------+------+-------+------------+-----------+-------+
* Warning! LUT value is adjusted to account for LUT combining.


1.1 Summary of Registers by Type
--------------------------------

+-------+--------------+-------------+--------------+
| Total | Clock Enable | Synchronous | Asynchronous |
+-------+--------------+-------------+--------------+
| 0     |            _ |           - |            - |
| 0     |            _ |           - |          Set |
| 0     |            _ |           - |        Reset |
| 0     |            _ |         Set |            - |
| 0     |            _ |       Reset |            - |
| 0     |          Yes |           - |            - |
| 3     |          Yes |           - |          Set |
| 1120  |          Yes |           - |        Reset |
| 0     |          Yes |         Set |            - |
| 1091  |          Yes |       Reset |            - |
+-------+--------------+-------------+--------------+


2. CLB Logic Distribution
-------------------------

+--------------------------------------------+------+-------+------------+-----------+-------+
|                  Site Type                 | Used | Fixed | Prohibited | Available | Util% |
+--------------------------------------------+------+-------+------------+-----------+-------+
| CLB                                        |  476 |     0 |          0 |     27120 |  1.76 |
|   CLBL                                     |  283 |     0 |            |           |       |
|   CLBM                                     |  193 |     0 |            |           |       |
| LUT as Logic                               | 1520 |     0 |          0 |    216960 |  0.70 |
|   using O5 output only                     |   59 |       |            |           |       |
|   using O6 output only                     | 1146 |       |            |           |       |
|   using O5 and O6                          |  315 |       |            |           |       |
| LUT as Memory                              |  368 |     0 |          0 |     99840 |  0.37 |
|   LUT as Distributed RAM                   |  368 |     0 |            |           |       |
|     using O5 output only                   |    0 |       |            |           |       |
|     using O6 output only                   |  302 |       |            |           |       |
|     using O5 and O6                        |   66 |       |            |           |       |
|   LUT as Shift Register                    |    0 |     0 |            |           |       |
|     using O5 output only                   |    0 |       |            |           |       |
|     using O6 output only                   |    0 |       |            |           |       |
|     using O5 and O6                        |    0 |       |            |           |       |
| CLB Registers                              | 2214 |     0 |          0 |    433920 |  0.51 |
|   Register driven from within the CLB      |  997 |       |            |           |       |
|   Register driven from outside the CLB     | 1217 |       |            |           |       |
|     LUT in front of the register is unused |  810 |       |            |           |       |
|     LUT in front of the register is used   |  407 |       |            |           |       |
| Unique Control Sets                        |  148 |       |          0 |     54240 |  0.27 |
+--------------------------------------------+------+-------+------------+-----------+-------+
* * Note: Available Control Sets calculated as Slices * 2, Review the Control Sets Report for more information regarding control sets.


3. BLOCKRAM
-----------

+-------------------+------+-------+------------+-----------+-------+
|     Site Type     | Used | Fixed | Prohibited | Available | Util% |
+-------------------+------+-------+------------+-----------+-------+
| Block RAM Tile    | 14.5 |     0 |          0 |       480 |  3.02 |
|   RAMB36/FIFO*    |   12 |     0 |          0 |       480 |  2.50 |
|     RAMB36E2 only |   12 |       |            |           |       |
|   RAMB18          |    5 |     0 |          0 |       960 |  0.52 |
|     RAMB18E2 only |    5 |       |            |           |       |
| URAM              |    0 |     0 |          0 |        64 |  0.00 |
+-------------------+------+-------+------------+-----------+-------+
* Note: Each Block RAM Tile only has one FIFO logic available and therefore can accommodate only one FIFO36E2 or one FIFO18E2. However, if a FIFO18E2 occupies a Block RAM Tile, that tile can still accommodate a RAMB18E2


4. ARITHMETIC
-------------

+----------------+------+-------+------------+-----------+-------+
|    Site Type   | Used | Fixed | Prohibited | Available | Util% |
+----------------+------+-------+------------+-----------+-------+
| DSPs           |    5 |     0 |          0 |      1824 |  0.27 |
|   DSP48E2 only |    5 |       |            |           |       |
+----------------+------+-------+------------+-----------+-------+


5. I/O
------

+------------------+------+-------+------------+-----------+-------+
|     Site Type    | Used | Fixed | Prohibited | Available | Util% |
+------------------+------+-------+------------+-----------+-------+
| Bonded IOB       |    0 |     0 |          0 |       280 |  0.00 |
| HPIOB_M          |    0 |     0 |          0 |        96 |  0.00 |
| HPIOB_S          |    0 |     0 |          0 |        96 |  0.00 |
| HDIOB_M          |    0 |     0 |          0 |        36 |  0.00 |
| HDIOB_S          |    0 |     0 |          0 |        36 |  0.00 |
| HPIOB_SNGL       |    0 |     0 |          0 |        16 |  0.00 |
| HPIOBDIFFINBUF   |    0 |     0 |          0 |        96 |  0.00 |
| HPIOBDIFFOUTBUF  |    0 |     0 |          0 |        96 |  0.00 |
| HDIOBDIFFINBUF   |    0 |     0 |          0 |        48 |  0.00 |
| BITSLICE_CONTROL |    0 |     0 |          0 |        32 |  0.00 |
| BITSLICE_RX_TX   |    0 |     0 |          0 |      1248 |  0.00 |
| BITSLICE_TX      |    0 |     0 |          0 |        32 |  0.00 |
| RIU_OR           |    0 |     0 |          0 |        16 |  0.00 |
+------------------+------+-------+------------+-----------+-------+


6. CLOCK
--------

+------------+------+-------+------------+-----------+-------+
|  Site Type | Used | Fixed | Prohibited | Available | Util% |
+------------+------+-------+------------+-----------+-------+
| BUFGCE     |    0 |     0 |          0 |       112 |  0.00 |
| BUFGCE_DIV |    0 |     0 |          0 |        16 |  0.00 |
| BUFG_GT    |    0 |     0 |          0 |        96 |  0.00 |
| BUFGCTRL*  |    0 |     0 |          0 |        32 |  0.00 |
| PLL        |    0 |     0 |          0 |         8 |  0.00 |
| MMCM       |    0 |     0 |          0 |         4 |  0.00 |
+------------+------+-------+------------+-----------+-------+
* Note: Each used BUFGCTRL counts as two GLOBAL CLOCK BUFFERs. This table does not include global clocking resources, only buffer cell usage. See the Clock Utilization Report (report_clock_utilization) for detailed accounting of global clocking resource availability.


7. ADVANCED
-----------

+-----------------+------+-------+------------+-----------+-------+
|    Site Type    | Used | Fixed | Prohibited | Available | Util% |
+-----------------+------+-------+------------+-----------+-------+
| CMACE4          |    0 |     0 |          0 |         1 |  0.00 |
| GTYE4_CHANNEL   |    0 |     0 |          0 |        16 |  0.00 |
| GTYE4_COMMON    |    0 |     0 |          0 |         4 |  0.00 |
| OBUFDS_GTE4     |    0 |     0 |          0 |         8 |  0.00 |
| OBUFDS_GTE4_ADV |    0 |     0 |          0 |         8 |  0.00 |
| PCIE40E4        |    0 |     0 |          0 |         1 |  0.00 |
| SYSMONE4        |    0 |     0 |          0 |         1 |  0.00 |
+-----------------+------+-------+------------+-----------+-------+


8. CONFIGURATION
----------------

+-------------+------+-------+------------+-----------+-------+
|  Site Type  | Used | Fixed | Prohibited | Available | Util% |
+-------------+------+-------+------------+-----------+-------+
| BSCANE2     |    0 |     0 |          0 |         4 |  0.00 |
| DNA_PORTE2  |    0 |     0 |          0 |         1 |  0.00 |
| EFUSE_USR   |    0 |     0 |          0 |         1 |  0.00 |
| FRAME_ECCE4 |    0 |     0 |          0 |         1 |  0.00 |
| ICAPE3      |    0 |     0 |          0 |         2 |  0.00 |
| MASTER_JTAG |    0 |     0 |          0 |         1 |  0.00 |
| STARTUPE3   |    0 |     0 |          0 |         1 |  0.00 |
+-------------+------+-------+------------+-----------+-------+


9. Primitives
-------------

+----------+------+---------------------+
| Ref Name | Used | Functional Category |
+----------+------+---------------------+
| FDCE     | 1120 |            Register |
| FDRE     | 1091 |            Register |
| LUT6     |  778 |                 CLB |
| LUT4     |  324 |                 CLB |
| RAMD64E  |  300 |                 CLB |
| LUT3     |  242 |                 CLB |
| LUT5     |  220 |                 CLB |
| LUT2     |  215 |                 CLB |
| MUXF7    |  128 |                 CLB |
| RAMD32   |  118 |                 CLB |
| CARRY8   |   69 |                 CLB |
| MUXF8    |   64 |                 CLB |
| LUT1     |   56 |                 CLB |
| RAMS32   |   16 |                 CLB |
| RAMB36E2 |   12 |            BLOCKRAM |
| RAMB18E2 |    5 |            BLOCKRAM |
| DSP48E2  |    5 |          Arithmetic |
| FDPE     |    3 |            Register |
+----------+------+---------------------+


10. Black Boxes
---------------

+----------+------+
| Ref Name | Used |
+----------+------+


11. Instantiated Netlists
-------------------------

+----------+------+
| Ref Name | Used |
+----------+------+


