Copyright 1986-2022 Xilinx, Inc. All Rights Reserved. Copyright 2022-2024 Advanced Micro Devices, Inc. All Rights Reserved.
--------------------------------------------------------------------------------------------------------------------------------------------------
| Tool Version      : Vivado v.2024.1 (win64) Build 5076996 Wed May 22 18:37:14 MDT 2024
| Date              : Sun Jun 28 23:21:43 2026
| Host              : lab running 64-bit major release  (build 9200)
| Command           : report_timing_summary -file D:/WorkSpace/its_vvc/synth/top_500_singleclk_timing_impl_usp.rpt
| Design            : its_top_500_singleclk
| Device            : xcku5p-ffvb676
| Speed File        : -2  PRODUCTION 1.29 05-01-2022
| Design State      : Physopt postRoute
| Temperature Grade : E
--------------------------------------------------------------------------------------------------------------------------------------------------

Timing Summary Report

------------------------------------------------------------------------------------------------
| Timer Settings
| --------------
------------------------------------------------------------------------------------------------

  Enable Multi Corner Analysis               :  Yes
  Enable Pessimism Removal                   :  Yes
  Pessimism Removal Resolution               :  Nearest Common Node
  Enable Input Delay Default Clock           :  No
  Enable Preset / Clear Arcs                 :  No
  Disable Flight Delays                      :  No
  Ignore I/O Paths                           :  No
  Timing Early Launch at Borrowing Latches   :  No
  Borrow Time for Max Delay Exceptions       :  Yes
  Merge Timing Exceptions                    :  Yes
  Inter-SLR Compensation                     :  Conservative

  Corner  Analyze    Analyze    
  Name    Max Paths  Min Paths  
  ------  ---------  ---------  
  Slow    Yes        Yes        
  Fast    Yes        Yes        


------------------------------------------------------------------------------------------------
| Report Methodology
| ------------------
------------------------------------------------------------------------------------------------

No report available as report_methodology has not been run prior. Run report_methodology on the current design for the summary of methodology violations.



check_timing report

Table of Contents
-----------------
1. checking no_clock (0)
2. checking constant_clock (0)
3. checking pulse_width_clock (0)
4. checking unconstrained_internal_endpoints (0)
5. checking no_input_delay (1)
6. checking no_output_delay (0)
7. checking multiple_clock (0)
8. checking generated_clocks (0)
9. checking loops (0)
10. checking partial_input_delay (0)
11. checking partial_output_delay (0)
12. checking latch_loops (0)

1. checking no_clock (0)
------------------------
 There are 0 register/latch pins with no clock.


2. checking constant_clock (0)
------------------------------
 There are 0 register/latch pins with constant_clock.


3. checking pulse_width_clock (0)
---------------------------------
 There are 0 register/latch pins which need pulse_width check


4. checking unconstrained_internal_endpoints (0)
------------------------------------------------
 There are 0 pins that are not constrained for maximum delay.

 There are 0 pins that are not constrained for maximum delay due to constant clock.


5. checking no_input_delay (1)
------------------------------
 There are 0 input ports with no input delay specified.

 There is 1 input port with no input delay but user has a false path constraint. (MEDIUM)


6. checking no_output_delay (0)
-------------------------------
 There are 0 ports with no output delay specified.

 There are 0 ports with no output delay but user has a false path constraint

 There are 0 ports with no output delay but with a timing clock defined on it or propagating through it


7. checking multiple_clock (0)
------------------------------
 There are 0 register/latch pins with multiple clocks.


8. checking generated_clocks (0)
--------------------------------
 There are 0 generated clocks that are not connected to a clock source.


9. checking loops (0)
---------------------
 There are 0 combinational loops in the design.


10. checking partial_input_delay (0)
------------------------------------
 There are 0 input ports with partial input delay specified.


11. checking partial_output_delay (0)
-------------------------------------
 There are 0 ports with partial output delay specified.


12. checking latch_loops (0)
----------------------------
 There are 0 combinational latch loops in the design through latch input



------------------------------------------------------------------------------------------------
| Design Timing Summary
| ---------------------
------------------------------------------------------------------------------------------------

    WNS(ns)      TNS(ns)  TNS Failing Endpoints  TNS Total Endpoints      WHS(ns)      THS(ns)  THS Failing Endpoints  THS Total Endpoints     WPWS(ns)     TPWS(ns)  TPWS Failing Endpoints  TPWS Total Endpoints  
    -------      -------  ---------------------  -------------------      -------      -------  ---------------------  -------------------     --------     --------  ----------------------  --------------------  
      0.053        0.000                      0                 9229        0.035        0.000                      0                 9229        0.431        0.000                       0                  2675  


All user specified timing constraints are met.


------------------------------------------------------------------------------------------------
| Clock Summary
| -------------
------------------------------------------------------------------------------------------------

Clock  Waveform(ns)         Period(ns)      Frequency(MHz)
-----  ------------         ----------      --------------
clk    {0.000 1.000}        2.000           500.000         


------------------------------------------------------------------------------------------------
| Intra Clock Table
| -----------------
------------------------------------------------------------------------------------------------

Clock             WNS(ns)      TNS(ns)  TNS Failing Endpoints  TNS Total Endpoints      WHS(ns)      THS(ns)  THS Failing Endpoints  THS Total Endpoints     WPWS(ns)     TPWS(ns)  TPWS Failing Endpoints  TPWS Total Endpoints  
-----             -------      -------  ---------------------  -------------------      -------      -------  ---------------------  -------------------     --------     --------  ----------------------  --------------------  
clk                 0.053        0.000                      0                 8117        0.035        0.000                      0                 8117        0.431        0.000                       0                  2675  


------------------------------------------------------------------------------------------------
| Inter Clock Table
| -----------------
------------------------------------------------------------------------------------------------

From Clock    To Clock          WNS(ns)      TNS(ns)  TNS Failing Endpoints  TNS Total Endpoints      WHS(ns)      THS(ns)  THS Failing Endpoints  THS Total Endpoints  
----------    --------          -------      -------  ---------------------  -------------------      -------      -------  ---------------------  -------------------  


------------------------------------------------------------------------------------------------
| Other Path Groups Table
| -----------------------
------------------------------------------------------------------------------------------------

Path Group         From Clock         To Clock               WNS(ns)      TNS(ns)  TNS Failing Endpoints  TNS Total Endpoints      WHS(ns)      THS(ns)  THS Failing Endpoints  THS Total Endpoints  
----------         ----------         --------               -------      -------  ---------------------  -------------------      -------      -------  ---------------------  -------------------  
**async_default**  clk                clk                      0.282        0.000                      0                 1112        0.132        0.000                      0                 1112  


------------------------------------------------------------------------------------------------
| Timing Details
| --------------
------------------------------------------------------------------------------------------------


---------------------------------------------------------------------------------------------------
From Clock:  clk
  To Clock:  clk

Setup :            0  Failing Endpoints,  Worst Slack        0.053ns,  Total Violation        0.000ns
Hold  :            0  Failing Endpoints,  Worst Slack        0.035ns,  Total Violation        0.000ns
PW    :            0  Failing Endpoints,  Worst Slack        0.431ns,  Total Violation        0.000ns
---------------------------------------------------------------------------------------------------


Max Delay Paths
--------------------------------------------------------------------------------------
Slack (MET) :             0.053ns  (required time - arrival time)
  Source:                 u_wrapper/u_core/u_shared_rom/coeff_reg_1/CLKARDCLK
                            (rising edge-triggered cell RAMB36E2 clocked by clk  {rise@0.000ns fall@1.000ns period=2.000ns})
  Destination:            u_wrapper/u_core/u_shared_engine/coeff_buf_reg_r3_64_127_7_13/RAMF/I
                            (rising edge-triggered cell RAMD64E clocked by clk  {rise@0.000ns fall@1.000ns period=2.000ns})
  Path Group:             clk
  Path Type:              Setup (Max at Slow Process Corner)
  Requirement:            2.000ns  (clk rise@2.000ns - clk rise@0.000ns)
  Data Path Delay:        1.822ns  (logic 0.960ns (52.698%)  route 0.862ns (47.302%))
  Logic Levels:           0  
  Clock Path Skew:        -0.033ns (DCD - SCD + CPR)
    Destination Clock Delay (DCD):    0.043ns = ( 2.043 - 2.000 ) 
    Source Clock Delay      (SCD):    0.076ns
    Clock Pessimism Removal (CPR):    0.000ns
  Clock Uncertainty:      0.035ns  ((TSJ^2 + TIJ^2)^1/2 + DJ) / 2 + PE
    Total System Jitter     (TSJ):    0.071ns
    Total Input Jitter      (TIJ):    0.000ns
    Discrete Jitter          (DJ):    0.000ns
    Phase Error              (PE):    0.000ns

    Location             Delay type                Incr(ns)  Path(ns)    Netlist Resource(s)
  -------------------------------------------------------------------    -------------------
                         (clock clk rise edge)        0.000     0.000 r  
                                                      0.000     0.000 r  clk (IN)
                         net (fo=2704, unset)         0.076     0.076    u_wrapper/u_core/u_shared_rom/clk
    RAMB36_X5Y30         RAMB36E2                                     r  u_wrapper/u_core/u_shared_rom/coeff_reg_1/CLKARDCLK
  -------------------------------------------------------------------    -------------------
    RAMB36_X5Y30         RAMB36E2 (Prop_RAMB36E2_RAMB36_CLKARDCLK_DOUTADOUT[3])
                                                      0.960     1.036 r  u_wrapper/u_core/u_shared_rom/coeff_reg_1/DOUTADOUT[3]
                         net (fo=117, routed)         0.862     1.898    u_wrapper/u_core/u_shared_engine/coeff_buf_reg_r3_64_127_7_13/DIF
    SLICE_X71Y148        RAMD64E                                      r  u_wrapper/u_core/u_shared_engine/coeff_buf_reg_r3_64_127_7_13/RAMF/I
  -------------------------------------------------------------------    -------------------

                         (clock clk rise edge)        2.000     2.000 r  
                                                      0.000     2.000 r  clk (IN)
                         net (fo=2704, unset)         0.043     2.043    u_wrapper/u_core/u_shared_engine/coeff_buf_reg_r3_64_127_7_13/WCLK
    SLICE_X71Y148        RAMD64E                                      r  u_wrapper/u_core/u_shared_engine/coeff_buf_reg_r3_64_127_7_13/RAMF/CLK
                         clock pessimism              0.000     2.043    
                         clock uncertainty           -0.035     2.008    
    SLICE_X71Y148        RAMD64E (Setup_F6LUT_SLICEM_CLK_I)
                                                     -0.057     1.951    u_wrapper/u_core/u_shared_engine/coeff_buf_reg_r3_64_127_7_13/RAMF
  -------------------------------------------------------------------
                         required time                          1.951    
                         arrival time                          -1.898    
  -------------------------------------------------------------------
                         slack                                  0.053    





Min Delay Paths
--------------------------------------------------------------------------------------
Slack (MET) :             0.035ns  (arrival time - required time)
  Source:                 u_wrapper/u_core/output_fifo_wdata_reg[30]/C
                            (rising edge-triggered cell FDCE clocked by clk  {rise@0.000ns fall@1.000ns period=2.000ns})
  Destination:            u_wrapper/u_output_fifo/mem_reg_0_15_28_39/RAMB/I
                            (rising edge-triggered cell RAMD32 clocked by clk  {rise@0.000ns fall@1.000ns period=2.000ns})
  Path Group:             clk
  Path Type:              Hold (Min at Fast Process Corner)
  Requirement:            0.000ns  (clk rise@0.000ns - clk rise@0.000ns)
  Data Path Delay:        0.115ns  (logic 0.039ns (33.913%)  route 0.076ns (66.087%))
  Logic Levels:           0  
  Clock Path Skew:        0.026ns (DCD - SCD - CPR)
    Destination Clock Delay (DCD):    0.039ns
    Source Clock Delay      (SCD):    0.013ns
    Clock Pessimism Removal (CPR):    -0.000ns

    Location             Delay type                Incr(ns)  Path(ns)    Netlist Resource(s)
  -------------------------------------------------------------------    -------------------
                         (clock clk rise edge)        0.000     0.000 r  
                                                      0.000     0.000 r  clk (IN)
                         net (fo=2704, unset)         0.013     0.013    u_wrapper/u_core/clk
    SLICE_X60Y118        FDCE                                         r  u_wrapper/u_core/output_fifo_wdata_reg[30]/C
  -------------------------------------------------------------------    -------------------
    SLICE_X60Y118        FDCE (Prop_HFF_SLICEL_C_Q)
                                                      0.039     0.052 r  u_wrapper/u_core/output_fifo_wdata_reg[30]/Q
                         net (fo=1, routed)           0.076     0.128    u_wrapper/u_output_fifo/mem_reg_0_15_28_39/DIB0
    SLICE_X61Y119        RAMD32                                       r  u_wrapper/u_output_fifo/mem_reg_0_15_28_39/RAMB/I
  -------------------------------------------------------------------    -------------------

                         (clock clk rise edge)        0.000     0.000 r  
                                                      0.000     0.000 r  clk (IN)
                         net (fo=2704, unset)         0.039     0.039    u_wrapper/u_output_fifo/mem_reg_0_15_28_39/WCLK
    SLICE_X61Y119        RAMD32                                       r  u_wrapper/u_output_fifo/mem_reg_0_15_28_39/RAMB/CLK
                         clock pessimism              0.000     0.039    
    SLICE_X61Y119        RAMD32 (Hold_B5LUT_SLICEM_CLK_I)
                                                      0.054     0.093    u_wrapper/u_output_fifo/mem_reg_0_15_28_39/RAMB
  -------------------------------------------------------------------
                         required time                         -0.093    
                         arrival time                           0.128    
  -------------------------------------------------------------------
                         slack                                  0.035    





Pulse Width Checks
--------------------------------------------------------------------------------------
Clock Name:         clk
Waveform(ns):       { 0.000 1.000 }
Period(ns):         2.000
Sources:            { clk }

Check Type        Corner  Lib Pin             Reference Pin  Required(ns)  Actual(ns)  Slack(ns)  Location      Pin
Min Period        n/a     RAMB36E2/CLKARDCLK  n/a            1.569         2.000       0.431      RAMB36_X5Y25  u_wrapper/u_core/out_mem_reg_1_bram_0/CLKARDCLK
Low Pulse Width   Slow    RAMB36E2/CLKARDCLK  n/a            0.542         1.000       0.458      RAMB36_X5Y25  u_wrapper/u_core/out_mem_reg_1_bram_0/CLKARDCLK
High Pulse Width  Slow    RAMB36E2/CLKARDCLK  n/a            0.542         1.000       0.458      RAMB36_X5Y25  u_wrapper/u_core/out_mem_reg_1_bram_0/CLKARDCLK



---------------------------------------------------------------------------------------------------
Path Group:  **async_default**
From Clock:  clk
  To Clock:  clk

Setup :            0  Failing Endpoints,  Worst Slack        0.282ns,  Total Violation        0.000ns
Hold  :            0  Failing Endpoints,  Worst Slack        0.132ns,  Total Violation        0.000ns
---------------------------------------------------------------------------------------------------


Max Delay Paths
--------------------------------------------------------------------------------------
Slack (MET) :             0.282ns  (required time - arrival time)
  Source:                 u_wrapper/u_rst_if/rst_pipe_reg[2]_replica/C
                            (rising edge-triggered cell FDCE clocked by clk  {rise@0.000ns fall@1.000ns period=2.000ns})
  Destination:            u_wrapper/u_core/u_shared_engine/mac_data_r0_reg[4]/CLR
                            (recovery check against rising-edge clock clk  {rise@0.000ns fall@1.000ns period=2.000ns})
  Path Group:             **async_default**
  Path Type:              Recovery (Max at Slow Process Corner)
  Requirement:            2.000ns  (clk rise@2.000ns - clk rise@0.000ns)
  Data Path Delay:        1.608ns  (logic 0.076ns (4.727%)  route 1.532ns (95.273%))
  Logic Levels:           0  
  Clock Path Skew:        -0.009ns (DCD - SCD + CPR)
    Destination Clock Delay (DCD):    0.021ns = ( 2.021 - 2.000 ) 
    Source Clock Delay      (SCD):    0.030ns
    Clock Pessimism Removal (CPR):    0.000ns
  Clock Uncertainty:      0.035ns  ((TSJ^2 + TIJ^2)^1/2 + DJ) / 2 + PE
    Total System Jitter     (TSJ):    0.071ns
    Total Input Jitter      (TIJ):    0.000ns
    Discrete Jitter          (DJ):    0.000ns
    Phase Error              (PE):    0.000ns

    Location             Delay type                Incr(ns)  Path(ns)    Netlist Resource(s)
  -------------------------------------------------------------------    -------------------
                         (clock clk rise edge)        0.000     0.000 r  
                                                      0.000     0.000 r  clk (IN)
                         net (fo=2704, unset)         0.030     0.030    u_wrapper/u_rst_if/clk
    SLICE_X67Y129        FDCE                                         r  u_wrapper/u_rst_if/rst_pipe_reg[2]_replica/C
  -------------------------------------------------------------------    -------------------
    SLICE_X67Y129        FDCE (Prop_EFF_SLICEM_C_Q)
                                                      0.076     0.106 r  u_wrapper/u_rst_if/rst_pipe_reg[2]_replica/Q
                         net (fo=279, routed)         1.532     1.638    u_wrapper/u_core/u_shared_engine/rst_sync_if_n_repN_alias
    SLICE_X74Y148        FDCE                                         f  u_wrapper/u_core/u_shared_engine/mac_data_r0_reg[4]/CLR  (IS_INVERTED)
  -------------------------------------------------------------------    -------------------

                         (clock clk rise edge)        2.000     2.000 r  
                                                      0.000     2.000 r  clk (IN)
                         net (fo=2704, unset)         0.021     2.021    u_wrapper/u_core/u_shared_engine/clk
    SLICE_X74Y148        FDCE                                         r  u_wrapper/u_core/u_shared_engine/mac_data_r0_reg[4]/C
                         clock pessimism              0.000     2.021    
                         clock uncertainty           -0.035     1.986    
    SLICE_X74Y148        FDCE (Recov_EFF_SLICEM_C_CLR)
                                                     -0.066     1.920    u_wrapper/u_core/u_shared_engine/mac_data_r0_reg[4]
  -------------------------------------------------------------------
                         required time                          1.920    
                         arrival time                          -1.638    
  -------------------------------------------------------------------
                         slack                                  0.282    





Min Delay Paths
--------------------------------------------------------------------------------------
Slack (MET) :             0.132ns  (arrival time - required time)
  Source:                 u_wrapper/u_rst_if/rst_pipe_reg[2]_replica_3/C
                            (rising edge-triggered cell FDCE clocked by clk  {rise@0.000ns fall@1.000ns period=2.000ns})
  Destination:            u_wrapper/done_sync1_reg/CLR
                            (removal check against rising-edge clock clk  {rise@0.000ns fall@1.000ns period=2.000ns})
  Path Group:             **async_default**
  Path Type:              Removal (Min at Fast Process Corner)
  Requirement:            0.000ns  (clk rise@0.000ns - clk rise@0.000ns)
  Data Path Delay:        0.118ns  (logic 0.040ns (34.026%)  route 0.078ns (65.974%))
  Logic Levels:           0  
  Clock Path Skew:        0.006ns (DCD - SCD - CPR)
    Destination Clock Delay (DCD):    0.019ns
    Source Clock Delay      (SCD):    0.013ns
    Clock Pessimism Removal (CPR):    -0.000ns

    Location             Delay type                Incr(ns)  Path(ns)    Netlist Resource(s)
  -------------------------------------------------------------------    -------------------
                         (clock clk rise edge)        0.000     0.000 r  
                                                      0.000     0.000 r  clk (IN)
                         net (fo=2704, unset)         0.013     0.013    u_wrapper/u_rst_if/clk
    SLICE_X67Y128        FDCE                                         r  u_wrapper/u_rst_if/rst_pipe_reg[2]_replica_3/C
  -------------------------------------------------------------------    -------------------
    SLICE_X67Y128        FDCE (Prop_FFF2_SLICEM_C_Q)
                                                      0.040     0.053 r  u_wrapper/u_rst_if/rst_pipe_reg[2]_replica_3/Q
                         net (fo=164, routed)         0.078     0.131    u_wrapper/rst_sync_if_n_repN_3_alias
    SLICE_X68Y128        FDCE                                         f  u_wrapper/done_sync1_reg/CLR  (IS_INVERTED)
  -------------------------------------------------------------------    -------------------

                         (clock clk rise edge)        0.000     0.000 r  
                                                      0.000     0.000 r  clk (IN)
                         net (fo=2704, unset)         0.019     0.019    u_wrapper/clk
    SLICE_X68Y128        FDCE                                         r  u_wrapper/done_sync1_reg/C
                         clock pessimism              0.000     0.019    
    SLICE_X68Y128        FDCE (Remov_EFF_SLICEL_C_CLR)
                                                     -0.020    -0.001    u_wrapper/done_sync1_reg
  -------------------------------------------------------------------
                         required time                          0.001    
                         arrival time                           0.131    
  -------------------------------------------------------------------
                         slack                                  0.132    





