Copyright 1986-2022 Xilinx, Inc. All Rights Reserved. Copyright 2022-2024 Advanced Micro Devices, Inc. All Rights Reserved.
---------------------------------------------------------------------------------------------------------------------------------------------
| Tool Version : Vivado v.2024.1 (win64) Build 5076996 Wed May 22 18:37:14 MDT 2024
| Date         : Sun Jun 28 23:18:45 2026
| Host         : lab running 64-bit major release  (build 9200)
| Command      : report_utilization -file D:/WorkSpace/its_vvc/synth/top_500_singleclk_utilization_synth_usp.rpt
| Design       : its_top_500_singleclk
| Device       : xcku5p-ffvb676-2-e
| Speed File   : -2
| Design State : Synthesized
---------------------------------------------------------------------------------------------------------------------------------------------

Utilization Design Information

Table of Contents
-----------------
1. CLB Logic
1.1 Summary of Registers by Type
2. BLOCKRAM
3. ARITHMETIC
4. I/O
5. CLOCK
6. ADVANCED
7. CONFIGURATION
8. Primitives
9. Black Boxes
10. Instantiated Netlists

1. CLB Logic
------------

+----------------------------+------+-------+------------+-----------+-------+
|          Site Type         | Used | Fixed | Prohibited | Available | Util% |
+----------------------------+------+-------+------------+-----------+-------+
| CLB LUTs*                  | 1944 |     0 |          0 |    216960 |  0.90 |
|   LUT as Logic             | 1574 |     0 |          0 |    216960 |  0.73 |
|   LUT as Memory            |  370 |     0 |          0 |     99840 |  0.37 |
|     LUT as Distributed RAM |  370 |     0 |            |           |       |
|     LUT as Shift Register  |    0 |     0 |            |           |       |
| CLB Registers              | 2206 |     0 |          0 |    433920 |  0.51 |
|   Register as Flip Flop    | 2206 |     0 |          0 |    433920 |  0.51 |
|   Register as Latch        |    0 |     0 |          0 |    433920 |  0.00 |
| CARRY8                     |   69 |     0 |          0 |     27120 |  0.25 |
| F7 Muxes                   |  128 |     0 |          0 |    108480 |  0.12 |
| F8 Muxes                   |   64 |     0 |          0 |     54240 |  0.12 |
| F9 Muxes                   |    0 |     0 |          0 |     27120 |  0.00 |
+----------------------------+------+-------+------------+-----------+-------+
* Warning! The Final LUT count, after physical optimizations and full implementation, is typically lower. Run opt_design after synthesis, if not already completed, for a more realistic count.
Warning! LUT value is adjusted to account for LUT combining.
Warning! For any ECO changes, please run place_design if there are unplaced instances


1.1 Summary of Registers by Type
--------------------------------

+-------+--------------+-------------+--------------+
| Total | Clock Enable | Synchronous | Asynchronous |
+-------+--------------+-------------+--------------+
| 0     |            _ |           - |            - |
| 0     |            _ |           - |          Set |
| 0     |            _ |           - |        Reset |
| 0     |            _ |         Set |            - |
| 0     |            _ |       Reset |            - |
| 0     |          Yes |           - |            - |
| 3     |          Yes |           - |          Set |
| 1112  |          Yes |           - |        Reset |
| 0     |          Yes |         Set |            - |
| 1091  |          Yes |       Reset |            - |
+-------+--------------+-------------+--------------+


2. BLOCKRAM
-----------

+-------------------+------+-------+------------+-----------+-------+
|     Site Type     | Used | Fixed | Prohibited | Available | Util% |
+-------------------+------+-------+------------+-----------+-------+
| Block RAM Tile    | 14.5 |     0 |          0 |       480 |  3.02 |
|   RAMB36/FIFO*    |   12 |     0 |          0 |       480 |  2.50 |
|     RAMB36E2 only |   12 |       |            |           |       |
|   RAMB18          |    5 |     0 |          0 |       960 |  0.52 |
|     RAMB18E2 only |    5 |       |            |           |       |
| URAM              |    0 |     0 |          0 |        64 |  0.00 |
+-------------------+------+-------+------------+-----------+-------+
* Note: Each Block RAM Tile only has one FIFO logic available and therefore can accommodate only one FIFO36E2 or one FIFO18E2. However, if a FIFO18E2 occupies a Block RAM Tile, that tile can still accommodate a RAMB18E2


3. ARITHMETIC
-------------

+----------------+------+-------+------------+-----------+-------+
|    Site Type   | Used | Fixed | Prohibited | Available | Util% |
+----------------+------+-------+------------+-----------+-------+
| DSPs           |    5 |     0 |          0 |      1824 |  0.27 |
|   DSP48E2 only |    5 |       |            |           |       |
+----------------+------+-------+------------+-----------+-------+


4. I/O
------

+------------+------+-------+------------+-----------+-------+
|  Site Type | Used | Fixed | Prohibited | Available | Util% |
+------------+------+-------+------------+-----------+-------+
| Bonded IOB |    0 |     0 |          0 |       280 |  0.00 |
+------------+------+-------+------------+-----------+-------+


5. CLOCK
--------

+------------+------+-------+------------+-----------+-------+
|  Site Type | Used | Fixed | Prohibited | Available | Util% |
+------------+------+-------+------------+-----------+-------+
| BUFGCE     |    0 |     0 |          0 |       112 |  0.00 |
| BUFGCE_DIV |    0 |     0 |          0 |        16 |  0.00 |
| BUFG_GT    |    0 |     0 |          0 |        96 |  0.00 |
| BUFGCTRL*  |    0 |     0 |          0 |        32 |  0.00 |
| PLL        |    0 |     0 |          0 |         8 |  0.00 |
| MMCM       |    0 |     0 |          0 |         4 |  0.00 |
+------------+------+-------+------------+-----------+-------+
* Note: Each used BUFGCTRL counts as two GLOBAL CLOCK BUFFERs. This table does not include global clocking resources, only buffer cell usage. See the Clock Utilization Report (report_clock_utilization) for detailed accounting of global clocking resource availability.


6. ADVANCED
-----------

+-----------------+------+-------+------------+-----------+-------+
|    Site Type    | Used | Fixed | Prohibited | Available | Util% |
+-----------------+------+-------+------------+-----------+-------+
| CMACE4          |    0 |     0 |          0 |         1 |  0.00 |
| GTYE4_CHANNEL   |    0 |     0 |          0 |        16 |  0.00 |
| GTYE4_COMMON    |    0 |     0 |          0 |         4 |  0.00 |
| OBUFDS_GTE4     |    0 |     0 |          0 |         8 |  0.00 |
| OBUFDS_GTE4_ADV |    0 |     0 |          0 |         8 |  0.00 |
| PCIE40E4        |    0 |     0 |          0 |         1 |  0.00 |
| SYSMONE4        |    0 |     0 |          0 |         1 |  0.00 |
+-----------------+------+-------+------------+-----------+-------+


7. CONFIGURATION
----------------

+-------------+------+-------+------------+-----------+-------+
|  Site Type  | Used | Fixed | Prohibited | Available | Util% |
+-------------+------+-------+------------+-----------+-------+
| BSCANE2     |    0 |     0 |          0 |         4 |  0.00 |
| DNA_PORTE2  |    0 |     0 |          0 |         1 |  0.00 |
| EFUSE_USR   |    0 |     0 |          0 |         1 |  0.00 |
| FRAME_ECCE4 |    0 |     0 |          0 |         1 |  0.00 |
| ICAPE3      |    0 |     0 |          0 |         2 |  0.00 |
| MASTER_JTAG |    0 |     0 |          0 |         1 |  0.00 |
| STARTUPE3   |    0 |     0 |          0 |         1 |  0.00 |
+-------------+------+-------+------------+-----------+-------+


8. Primitives
-------------

+----------+------+---------------------+
| Ref Name | Used | Functional Category |
+----------+------+---------------------+
| FDCE     | 1112 |            Register |
| FDRE     | 1091 |            Register |
| LUT6     |  771 |                 CLB |
| LUT4     |  337 |                 CLB |
| RAMD64E  |  300 |                 CLB |
| LUT3     |  239 |                 CLB |
| LUT2     |  215 |                 CLB |
| LUT5     |  211 |                 CLB |
| MUXF7    |  128 |                 CLB |
| RAMD32   |  118 |                 CLB |
| CARRY8   |   69 |                 CLB |
| MUXF8    |   64 |                 CLB |
| LUT1     |   58 |                 CLB |
| RAMS32   |   16 |                 CLB |
| RAMB36E2 |   12 |            BLOCKRAM |
| RAMB18E2 |    5 |            BLOCKRAM |
| DSP48E2  |    5 |          Arithmetic |
| FDPE     |    3 |            Register |
+----------+------+---------------------+


9. Black Boxes
--------------

+----------+------+
| Ref Name | Used |
+----------+------+


10. Instantiated Netlists
-------------------------

+----------+------+
| Ref Name | Used |
+----------+------+


