Copyright 1986-2022 Xilinx, Inc. All Rights Reserved. Copyright 2022-2024 Advanced Micro Devices, Inc. All Rights Reserved.
--------------------------------------------------------------------------------------------------------------------------------------------------
| Tool Version      : Vivado v.2024.1 (win64) Build 5076996 Wed May 22 18:37:14 MDT 2024
| Date              : Mon Jun 29 13:43:54 2026
| Host              : lab running 64-bit major release  (build 9200)
| Command           : report_timing_summary -file D:/WorkSpace/its_vvc/synth/top_500_singleclk_timing_synth_usp.rpt
| Design            : its_top_500_singleclk
| Device            : xcku5p-ffvb676
| Speed File        : -2  PRODUCTION 1.29 05-01-2022
| Design State      : Synthesized
| Temperature Grade : E
--------------------------------------------------------------------------------------------------------------------------------------------------

Timing Summary Report

------------------------------------------------------------------------------------------------
| Timer Settings
| --------------
------------------------------------------------------------------------------------------------

  Enable Multi Corner Analysis               :  Yes
  Enable Pessimism Removal                   :  Yes
  Pessimism Removal Resolution               :  Nearest Common Node
  Enable Input Delay Default Clock           :  No
  Enable Preset / Clear Arcs                 :  No
  Disable Flight Delays                      :  No
  Ignore I/O Paths                           :  No
  Timing Early Launch at Borrowing Latches   :  No
  Borrow Time for Max Delay Exceptions       :  Yes
  Merge Timing Exceptions                    :  Yes
  Inter-SLR Compensation                     :  Conservative

  Corner  Analyze    Analyze    
  Name    Max Paths  Min Paths  
  ------  ---------  ---------  
  Slow    Yes        Yes        
  Fast    Yes        Yes        


------------------------------------------------------------------------------------------------
| Report Methodology
| ------------------
------------------------------------------------------------------------------------------------

No report available as report_methodology has not been run prior. Run report_methodology on the current design for the summary of methodology violations.



check_timing report

Table of Contents
-----------------
1. checking no_clock (0)
2. checking constant_clock (0)
3. checking pulse_width_clock (0)
4. checking unconstrained_internal_endpoints (0)
5. checking no_input_delay (1)
6. checking no_output_delay (0)
7. checking multiple_clock (0)
8. checking generated_clocks (0)
9. checking loops (0)
10. checking partial_input_delay (0)
11. checking partial_output_delay (0)
12. checking latch_loops (0)

1. checking no_clock (0)
------------------------
 There are 0 register/latch pins with no clock.


2. checking constant_clock (0)
------------------------------
 There are 0 register/latch pins with constant_clock.


3. checking pulse_width_clock (0)
---------------------------------
 There are 0 register/latch pins which need pulse_width check


4. checking unconstrained_internal_endpoints (0)
------------------------------------------------
 There are 0 pins that are not constrained for maximum delay.

 There are 0 pins that are not constrained for maximum delay due to constant clock.


5. checking no_input_delay (1)
------------------------------
 There are 0 input ports with no input delay specified.

 There is 1 input port with no input delay but user has a false path constraint. (MEDIUM)


6. checking no_output_delay (0)
-------------------------------
 There are 0 ports with no output delay specified.

 There are 0 ports with no output delay but user has a false path constraint

 There are 0 ports with no output delay but with a timing clock defined on it or propagating through it


7. checking multiple_clock (0)
------------------------------
 There are 0 register/latch pins with multiple clocks.


8. checking generated_clocks (0)
--------------------------------
 There are 0 generated clocks that are not connected to a clock source.


9. checking loops (0)
---------------------
 There are 0 combinational loops in the design.


10. checking partial_input_delay (0)
------------------------------------
 There are 0 input ports with partial input delay specified.


11. checking partial_output_delay (0)
-------------------------------------
 There are 0 ports with partial output delay specified.


12. checking latch_loops (0)
----------------------------
 There are 0 combinational latch loops in the design through latch input



------------------------------------------------------------------------------------------------
| Design Timing Summary
| ---------------------
------------------------------------------------------------------------------------------------

    WNS(ns)      TNS(ns)  TNS Failing Endpoints  TNS Total Endpoints      WHS(ns)      THS(ns)  THS Failing Endpoints  THS Total Endpoints     WPWS(ns)     TPWS(ns)  TPWS Failing Endpoints  TPWS Total Endpoints  
    -------      -------  ---------------------  -------------------      -------      -------  ---------------------  -------------------     --------     --------  ----------------------  --------------------  
      0.234        0.000                      0                 9043        0.025        0.000                      0                 9043        0.431        0.000                       0                  2677  


All user specified timing constraints are met.


------------------------------------------------------------------------------------------------
| Clock Summary
| -------------
------------------------------------------------------------------------------------------------

Clock  Waveform(ns)         Period(ns)      Frequency(MHz)
-----  ------------         ----------      --------------
clk    {0.000 1.000}        2.000           500.000         


------------------------------------------------------------------------------------------------
| Intra Clock Table
| -----------------
------------------------------------------------------------------------------------------------

Clock             WNS(ns)      TNS(ns)  TNS Failing Endpoints  TNS Total Endpoints      WHS(ns)      THS(ns)  THS Failing Endpoints  THS Total Endpoints     WPWS(ns)     TPWS(ns)  TPWS Failing Endpoints  TPWS Total Endpoints  
-----             -------      -------  ---------------------  -------------------      -------      -------  ---------------------  -------------------     --------     --------  ----------------------  --------------------  
clk                 0.234        0.000                      0                 7929        0.025        0.000                      0                 7929        0.431        0.000                       0                  2677  


------------------------------------------------------------------------------------------------
| Inter Clock Table
| -----------------
------------------------------------------------------------------------------------------------

From Clock    To Clock          WNS(ns)      TNS(ns)  TNS Failing Endpoints  TNS Total Endpoints      WHS(ns)      THS(ns)  THS Failing Endpoints  THS Total Endpoints  
----------    --------          -------      -------  ---------------------  -------------------      -------      -------  ---------------------  -------------------  


------------------------------------------------------------------------------------------------
| Other Path Groups Table
| -----------------------
------------------------------------------------------------------------------------------------

Path Group         From Clock         To Clock               WNS(ns)      TNS(ns)  TNS Failing Endpoints  TNS Total Endpoints      WHS(ns)      THS(ns)  THS Failing Endpoints  THS Total Endpoints  
----------         ----------         --------               -------      -------  ---------------------  -------------------      -------      -------  ---------------------  -------------------  
**async_default**  clk                clk                      1.306        0.000                      0                 1114        0.283        0.000                      0                 1114  


------------------------------------------------------------------------------------------------
| Timing Details
| --------------
------------------------------------------------------------------------------------------------


---------------------------------------------------------------------------------------------------
From Clock:  clk
  To Clock:  clk

Setup :            0  Failing Endpoints,  Worst Slack        0.234ns,  Total Violation        0.000ns
Hold  :            0  Failing Endpoints,  Worst Slack        0.025ns,  Total Violation        0.000ns
PW    :            0  Failing Endpoints,  Worst Slack        0.431ns,  Total Violation        0.000ns
---------------------------------------------------------------------------------------------------


Max Delay Paths
--------------------------------------------------------------------------------------
Slack (MET) :             0.234ns  (required time - arrival time)
  Source:                 u_wrapper/u_core/tu_width_reg[6]/C
                            (rising edge-triggered cell FDCE clocked by clk  {rise@0.000ns fall@1.000ns period=2.000ns})
  Destination:            u_wrapper/u_core/u_in_mem/xpm_memory_base_inst/gen_wr_a.gen_word_narrow.mem_reg_bram_0/ADDRBWRADDR[8]
                            (rising edge-triggered cell RAMB36E2 clocked by clk  {rise@0.000ns fall@1.000ns period=2.000ns})
  Path Group:             clk
  Path Type:              Setup (Max at Slow Process Corner)
  Requirement:            2.000ns  (clk rise@2.000ns - clk rise@0.000ns)
  Data Path Delay:        1.436ns  (logic 0.319ns (22.214%)  route 1.117ns (77.786%))
  Logic Levels:           5  (LUT3=1 LUT6=4)
  Clock Path Skew:        0.011ns (DCD - SCD + CPR)
    Destination Clock Delay (DCD):    0.041ns = ( 2.041 - 2.000 ) 
    Source Clock Delay      (SCD):    0.030ns
    Clock Pessimism Removal (CPR):    0.000ns
  Clock Uncertainty:      0.035ns  ((TSJ^2 + TIJ^2)^1/2 + DJ) / 2 + PE
    Total System Jitter     (TSJ):    0.071ns
    Total Input Jitter      (TIJ):    0.000ns
    Discrete Jitter          (DJ):    0.000ns
    Phase Error              (PE):    0.000ns

    Location             Delay type                Incr(ns)  Path(ns)    Netlist Resource(s)
  -------------------------------------------------------------------    -------------------
                         (clock clk rise edge)        0.000     0.000 r  
                                                      0.000     0.000 r  clk (IN)
                         net (fo=2701, unset)         0.030     0.030    u_wrapper/u_core/clk
                         FDCE                                         r  u_wrapper/u_core/tu_width_reg[6]/C
  -------------------------------------------------------------------    -------------------
                         FDCE (Prop_FDCE_C_Q)         0.077     0.107 r  u_wrapper/u_core/tu_width_reg[6]/Q
                         net (fo=17, unplaced)        0.136     0.243    u_wrapper/u_core/u_lfnst/FSM_onehot_state[3]_i_2_0[3]
                         LUT3 (Prop_LUT3_I0_O)        0.090     0.333 f  u_wrapper/u_core/u_lfnst/FSM_onehot_state[3]_i_3/O
                         net (fo=1, unplaced)         0.186     0.519    u_wrapper/u_core/u_lfnst/FSM_onehot_state[3]_i_3_n_0
                         LUT6 (Prop_LUT6_I1_O)        0.038     0.557 r  u_wrapper/u_core/u_lfnst/FSM_onehot_state[3]_i_2/O
                         net (fo=21, unplaced)        0.236     0.793    u_wrapper/u_core/u_in_mem/gen_wr_a.gen_word_narrow.mem_reg_bram_1_4
                         LUT6 (Prop_LUT6_I4_O)        0.038     0.831 r  u_wrapper/u_core/u_in_mem/xpm_memory_base_inst_i_14/O
                         net (fo=3, unplaced)         0.192     1.023    u_wrapper/u_core/u_in_mem/xpm_memory_base_inst_i_14_n_0
                         LUT6 (Prop_LUT6_I0_O)        0.038     1.061 r  u_wrapper/u_core/u_in_mem/xpm_memory_base_inst_i_16/O
                         net (fo=1, unplaced)         0.186     1.247    u_wrapper/u_core/u_in_mem/xpm_memory_base_inst_i_16_n_0
                         LUT6 (Prop_LUT6_I5_O)        0.038     1.285 r  u_wrapper/u_core/u_in_mem/xpm_memory_base_inst_i_7/O
                         net (fo=2, unplaced)         0.181     1.466    u_wrapper/u_core/u_in_mem/xpm_memory_base_inst/addrb[5]
                         RAMB36E2                                     r  u_wrapper/u_core/u_in_mem/xpm_memory_base_inst/gen_wr_a.gen_word_narrow.mem_reg_bram_0/ADDRBWRADDR[8]
  -------------------------------------------------------------------    -------------------

                         (clock clk rise edge)        2.000     2.000 r  
                                                      0.000     2.000 r  clk (IN)
                         net (fo=2701, unset)         0.041     2.041    u_wrapper/u_core/u_in_mem/xpm_memory_base_inst/clka
                         RAMB36E2                                     r  u_wrapper/u_core/u_in_mem/xpm_memory_base_inst/gen_wr_a.gen_word_narrow.mem_reg_bram_0/CLKBWRCLK
                         clock pessimism              0.000     2.041    
                         clock uncertainty           -0.035     2.006    
                         RAMB36E2 (Setup_RAMB36E2_CLKBWRCLK_ADDRBWRADDR[8])
                                                     -0.306     1.700    u_wrapper/u_core/u_in_mem/xpm_memory_base_inst/gen_wr_a.gen_word_narrow.mem_reg_bram_0
  -------------------------------------------------------------------
                         required time                          1.700    
                         arrival time                          -1.466    
  -------------------------------------------------------------------
                         slack                                  0.234    





Min Delay Paths
--------------------------------------------------------------------------------------
Slack (MET) :             0.025ns  (arrival time - required time)
  Source:                 u_wrapper/u_core/lfnst_wr_addr_reg[3]/C
                            (rising edge-triggered cell FDCE clocked by clk  {rise@0.000ns fall@1.000ns period=2.000ns})
  Destination:            u_wrapper/u_core/lfnst_out_buf_reg_0_63_0_6/RAMA/WADR3
                            (rising edge-triggered cell RAMD64E clocked by clk  {rise@0.000ns fall@1.000ns period=2.000ns})
  Path Group:             clk
  Path Type:              Hold (Min at Fast Process Corner)
  Requirement:            0.000ns  (clk rise@0.000ns - clk rise@0.000ns)
  Data Path Delay:        0.113ns  (logic 0.038ns (33.628%)  route 0.075ns (66.372%))
  Logic Levels:           0  
  Clock Path Skew:        0.026ns (DCD - SCD - CPR)
    Destination Clock Delay (DCD):    0.039ns
    Source Clock Delay      (SCD):    0.013ns
    Clock Pessimism Removal (CPR):    -0.000ns

    Location             Delay type                Incr(ns)  Path(ns)    Netlist Resource(s)
  -------------------------------------------------------------------    -------------------
                         (clock clk rise edge)        0.000     0.000 r  
                                                      0.000     0.000 r  clk (IN)
                         net (fo=2701, unset)         0.013     0.013    u_wrapper/u_core/clk
                         FDCE                                         r  u_wrapper/u_core/lfnst_wr_addr_reg[3]/C
  -------------------------------------------------------------------    -------------------
                         FDCE (Prop_FDCE_C_Q)         0.038     0.051 r  u_wrapper/u_core/lfnst_wr_addr_reg[3]/Q
                         net (fo=26, unplaced)        0.075     0.126    u_wrapper/u_core/lfnst_out_buf_reg_0_63_0_6/ADDRH3
                         RAMD64E                                      r  u_wrapper/u_core/lfnst_out_buf_reg_0_63_0_6/RAMA/WADR3
  -------------------------------------------------------------------    -------------------

                         (clock clk rise edge)        0.000     0.000 r  
                                                      0.000     0.000 r  clk (IN)
                         net (fo=2701, unset)         0.039     0.039    u_wrapper/u_core/lfnst_out_buf_reg_0_63_0_6/WCLK
                         RAMD64E                                      r  u_wrapper/u_core/lfnst_out_buf_reg_0_63_0_6/RAMA/CLK
                         clock pessimism              0.000     0.039    
                         RAMD64E (Hold_RAMD64E_CLK_WADR3)
                                                      0.062     0.101    u_wrapper/u_core/lfnst_out_buf_reg_0_63_0_6/RAMA
  -------------------------------------------------------------------
                         required time                         -0.101    
                         arrival time                           0.126    
  -------------------------------------------------------------------
                         slack                                  0.025    





Pulse Width Checks
--------------------------------------------------------------------------------------
Clock Name:         clk
Waveform(ns):       { 0.000 1.000 }
Period(ns):         2.000
Sources:            { clk }

Check Type        Corner  Lib Pin             Reference Pin  Required(ns)  Actual(ns)  Slack(ns)  Location  Pin
Min Period        n/a     RAMB36E2/CLKARDCLK  n/a            1.569         2.000       0.431                u_wrapper/u_core/out_mem_reg_1_bram_0/CLKARDCLK
Low Pulse Width   Slow    RAMB36E2/CLKARDCLK  n/a            0.542         1.000       0.458                u_wrapper/u_core/out_mem_reg_1_bram_0/CLKARDCLK
High Pulse Width  Slow    RAMB36E2/CLKARDCLK  n/a            0.542         1.000       0.458                u_wrapper/u_core/out_mem_reg_1_bram_0/CLKARDCLK



---------------------------------------------------------------------------------------------------
Path Group:  **async_default**
From Clock:  clk
  To Clock:  clk

Setup :            0  Failing Endpoints,  Worst Slack        1.306ns,  Total Violation        0.000ns
Hold  :            0  Failing Endpoints,  Worst Slack        0.283ns,  Total Violation        0.000ns
---------------------------------------------------------------------------------------------------


Max Delay Paths
--------------------------------------------------------------------------------------
Slack (MET) :             1.306ns  (required time - arrival time)
  Source:                 u_wrapper/u_rst_if/rst_pipe_reg[2]/C
                            (rising edge-triggered cell FDCE clocked by clk  {rise@0.000ns fall@1.000ns period=2.000ns})
  Destination:            result_reg[0]_i_19/CLR
                            (recovery check against rising-edge clock clk  {rise@0.000ns fall@1.000ns period=2.000ns})
  Path Group:             **async_default**
  Path Type:              Recovery (Max at Slow Process Corner)
  Requirement:            2.000ns  (clk rise@2.000ns - clk rise@0.000ns)
  Data Path Delay:        0.584ns  (logic 0.115ns (19.692%)  route 0.469ns (80.308%))
  Logic Levels:           1  (LUT1=1)
  Clock Path Skew:        -0.009ns (DCD - SCD + CPR)
    Destination Clock Delay (DCD):    0.021ns = ( 2.021 - 2.000 ) 
    Source Clock Delay      (SCD):    0.030ns
    Clock Pessimism Removal (CPR):    0.000ns
  Clock Uncertainty:      0.035ns  ((TSJ^2 + TIJ^2)^1/2 + DJ) / 2 + PE
    Total System Jitter     (TSJ):    0.071ns
    Total Input Jitter      (TIJ):    0.000ns
    Discrete Jitter          (DJ):    0.000ns
    Phase Error              (PE):    0.000ns

    Location             Delay type                Incr(ns)  Path(ns)    Netlist Resource(s)
  -------------------------------------------------------------------    -------------------
                         (clock clk rise edge)        0.000     0.000 r  
                                                      0.000     0.000 r  clk (IN)
                         net (fo=2701, unset)         0.030     0.030    u_wrapper/u_rst_if/clk
                         FDCE                                         r  u_wrapper/u_rst_if/rst_pipe_reg[2]/C
  -------------------------------------------------------------------    -------------------
                         FDCE (Prop_FDCE_C_Q)         0.077     0.107 r  u_wrapper/u_rst_if/rst_pipe_reg[2]/Q
                         net (fo=3, unplaced)         0.143     0.250    u_wrapper/u_rst_if/rst_sync_if_n
                         LUT1 (Prop_LUT1_I0_O)        0.038     0.288 f  u_wrapper/u_rst_if/rd_ptr_gray[1]_i_3/O
                         net (fo=1122, unplaced)      0.326     0.614    u_wrapper_n_1
                         FDCE                                         f  result_reg[0]_i_19/CLR
  -------------------------------------------------------------------    -------------------

                         (clock clk rise edge)        2.000     2.000 r  
                                                      0.000     2.000 r  clk (IN)
                         net (fo=2701, unset)         0.021     2.021    clk
                         FDCE                                         r  result_reg[0]_i_19/C
                         clock pessimism              0.000     2.021    
                         clock uncertainty           -0.035     1.986    
                         FDCE (Recov_FDCE_C_CLR)     -0.066     1.920    result_reg[0]_i_19
  -------------------------------------------------------------------
                         required time                          1.920    
                         arrival time                          -0.614    
  -------------------------------------------------------------------
                         slack                                  1.306    





Min Delay Paths
--------------------------------------------------------------------------------------
Slack (MET) :             0.283ns  (arrival time - required time)
  Source:                 u_wrapper/u_rst_if/rst_pipe_reg[2]/C
                            (rising edge-triggered cell FDCE clocked by clk  {rise@0.000ns fall@1.000ns period=2.000ns})
  Destination:            result_reg[0]_i_19/CLR
                            (removal check against rising-edge clock clk  {rise@0.000ns fall@1.000ns period=2.000ns})
  Path Group:             **async_default**
  Path Type:              Removal (Min at Fast Process Corner)
  Requirement:            0.000ns  (clk rise@0.000ns - clk rise@0.000ns)
  Data Path Delay:        0.269ns  (logic 0.052ns (19.331%)  route 0.217ns (80.669%))
  Logic Levels:           1  (LUT1=1)
  Clock Path Skew:        0.006ns (DCD - SCD - CPR)
    Destination Clock Delay (DCD):    0.019ns
    Source Clock Delay      (SCD):    0.013ns
    Clock Pessimism Removal (CPR):    -0.000ns

    Location             Delay type                Incr(ns)  Path(ns)    Netlist Resource(s)
  -------------------------------------------------------------------    -------------------
                         (clock clk rise edge)        0.000     0.000 r  
                                                      0.000     0.000 r  clk (IN)
                         net (fo=2701, unset)         0.013     0.013    u_wrapper/u_rst_if/clk
                         FDCE                                         r  u_wrapper/u_rst_if/rst_pipe_reg[2]/C
  -------------------------------------------------------------------    -------------------
                         FDCE (Prop_FDCE_C_Q)         0.038     0.051 r  u_wrapper/u_rst_if/rst_pipe_reg[2]/Q
                         net (fo=3, unplaced)         0.069     0.120    u_wrapper/u_rst_if/rst_sync_if_n
                         LUT1 (Prop_LUT1_I0_O)        0.014     0.134 f  u_wrapper/u_rst_if/rd_ptr_gray[1]_i_3/O
                         net (fo=1122, unplaced)      0.148     0.282    u_wrapper_n_1
                         FDCE                                         f  result_reg[0]_i_19/CLR
  -------------------------------------------------------------------    -------------------

                         (clock clk rise edge)        0.000     0.000 r  
                                                      0.000     0.000 r  clk (IN)
                         net (fo=2701, unset)         0.019     0.019    clk
                         FDCE                                         r  result_reg[0]_i_19/C
                         clock pessimism              0.000     0.019    
                         FDCE (Remov_FDCE_C_CLR)     -0.020    -0.001    result_reg[0]_i_19
  -------------------------------------------------------------------
                         required time                          0.001    
                         arrival time                           0.282    
  -------------------------------------------------------------------
                         slack                                  0.283    





