#-----------------------------------------------------------
# Vivado v2024.1 (64-bit)
# SW Build 5076996 on Wed May 22 18:37:14 MDT 2024
# IP Build 5075265 on Wed May 22 21:45:21 MDT 2024
# SharedData Build 5076995 on Wed May 22 18:29:18 MDT 2024
# Start of session at: Thu Jun  4 10:25:49 2026
# Process ID: 49872
# Current directory: D:/WorkSpace/its_vvc/synth
# Command line: vivado.exe -mode batch -source its_synth.tcl -log vivado_synth.log -journal vivado_synth.jou
# Log file: D:/WorkSpace/its_vvc/synth/vivado_synth.log
# Journal file: D:/WorkSpace/its_vvc/synth\vivado_synth.jou
# Running On        :lab
# Platform          :Windows Server 2016 or Windows 10
# Operating System  :26200
# Processor Detail  :12th Gen Intel(R) Core(TM) i5-12400
# CPU Frequency     :2496 MHz
# CPU Physical cores:6
# CPU Logical cores :12
# Host memory       :16908 MB
# Swap memory       :22300 MB
# Total Virtual     :39209 MB
# Available Virtual :1499 MB
#-----------------------------------------------------------
source its_synth.tcl
# set project_name "its_vvc_synth"
# set part "xc7k325tffg900-2"
# set top_module "its_top"
# set rtl_dir "../rtl"
# set constraint_dir "."
# create_project $project_name ./$project_name -part $part -force
create_project: Time (s): cpu = 00:00:08 ; elapsed = 00:00:09 . Memory (MB): peak = 621.793 ; gain = 207.562
# set rtl_files [list \
#     "$rtl_dir/its_mac.v" \
#     "$rtl_dir/its_rom.v" \
#     "$rtl_dir/its_lfnst_rom.v" \
#     "$rtl_dir/its_transform_engine.v" \
#     "$rtl_dir/its_lfnst.v" \
#     "$rtl_dir/its_top.v" \
# ]
# add_files -norecurse $rtl_files
# add_files -fileset constrs_1 -norecurse "$constraint_dir/timing.xdc"
# set_property top $top_module [current_fileset]
# set_property strategy Flow_AreaOptimized_high [get_runs synth_1]
# set_property -name {STEPS.SYNTH_DESIGN.ARGS.MORE OPTIONS} -value {-mode out_of_context} -objects [get_runs synth_1]
# launch_runs synth_1 -jobs 4
WARNING: [Vivado 12-7122] Auto Incremental Compile:: No reference checkpoint was found in run synth_1. Auto-incremental flow will not be run, the standard flow will be run instead.
[Thu Jun  4 10:26:07 2026] Launched synth_1...
Run output will be captured here: D:/WorkSpace/its_vvc/synth/its_vvc_synth/its_vvc_synth.runs/synth_1/runme.log
# wait_on_run synth_1
[Thu Jun  4 10:26:07 2026] Waiting for synth_1 to finish...

*** Running vivado
    with args -log its_top.vds -m64 -product Vivado -mode batch -messageDb vivado.pb -notrace -source its_top.tcl



****** Vivado v2024.1 (64-bit)
  **** SW Build 5076996 on Wed May 22 18:37:14 MDT 2024
  **** IP Build 5075265 on Wed May 22 21:45:21 MDT 2024
  **** SharedData Build 5076995 on Wed May 22 18:29:18 MDT 2024
  **** Start of session at: Thu Jun  4 10:26:09 2026
    ** Copyright 1986-2022 Xilinx, Inc. All Rights Reserved.
    ** Copyright 2022-2024 Advanced Micro Devices, Inc. All Rights Reserved.

source its_top.tcl -notrace
create_project: Time (s): cpu = 00:00:08 ; elapsed = 00:00:08 . Memory (MB): peak = 620.074 ; gain = 208.598
Command: synth_design -top its_top -part xc7k325tffg900-2 -directive AreaOptimized_high -control_set_opt_threshold 1 -mode out_of_context
Starting synth_design
Attempting to get a license for feature 'Synthesis' and/or device 'xc7k325t'
WARNING: [Common 17-348] Failed to get the license for feature 'Synthesis' and/or device 'xc7k325t'. Explanation: The license feature Synthesis could not be found.
Resolution: Check the status of your licenses in the Vivado License Manager. For debug help search Xilinx Support for "Licensing FAQ". 
0 Infos, 1 Warnings, 0 Critical Warnings and 1 Errors encountered.
synth_design failed
ERROR: [Common 17-345] A valid license was not found for feature 'Synthesis' and/or device 'xc7k325t'. Please run the Vivado License Manager for assistance in determining
which features and devices are licensed for your system.
Resolution: Check the status of your licenses in the Vivado License Manager. For debug help search Xilinx Support for "Licensing FAQ". If you are using a license server, verify that the license server is up and running a version of the xilinx daemon that is compatible with the version of Xilinx software that you are using. Note: Vivado 2021.1 and later versions require upgrading your license server tools to the Flex 11.17.2.0 versions. Please confirm with your license admin that the correct version of the license server tools are installed.
INFO: [Common 17-206] Exiting Vivado at Thu Jun  4 10:26:21 2026...
[Thu Jun  4 10:26:27 2026] synth_1 finished
ERROR: [Vivado 12-13638] Failed runs(s) : 'synth_1'
wait_on_runs: Time (s): cpu = 00:00:00 ; elapsed = 00:00:20 . Memory (MB): peak = 627.656 ; gain = 0.000
ERROR: [Common 17-39] 'wait_on_runs' failed due to earlier errors.

    while executing
"wait_on_run synth_1"
    (file "its_synth.tcl" line 39)
INFO: [Common 17-206] Exiting Vivado at Thu Jun  4 10:26:27 2026...
