#-----------------------------------------------------------
# Vivado v2024.1 (64-bit)
# SW Build 5076996 on Wed May 22 18:37:14 MDT 2024
# IP Build 5075265 on Wed May 22 21:45:21 MDT 2024
# SharedData Build 5076995 on Wed May 22 18:29:18 MDT 2024
# Start of session at: Thu Jun  4 13:58:38 2026
# Process ID: 52252
# Current directory: D:/WorkSpace/its_vvc/synth
# Command line: vivado.exe -mode batch -source its_synth.tcl
# Log file: D:/WorkSpace/its_vvc/synth/vivado.log
# Journal file: D:/WorkSpace/its_vvc/synth\vivado.jou
# Running On        :lab
# Platform          :Windows Server 2016 or Windows 10
# Operating System  :26200
# Processor Detail  :12th Gen Intel(R) Core(TM) i5-12400
# CPU Frequency     :2496 MHz
# CPU Physical cores:6
# CPU Logical cores :12
# Host memory       :16908 MB
# Swap memory       :30848 MB
# Total Virtual     :47757 MB
# Available Virtual :8287 MB
#-----------------------------------------------------------
source its_synth.tcl
# set project_name "its_vvc_synth"
# set part "xc7a200tfbg484-1"
# set top_module "its_top"
# set rtl_dir "../rtl"
# set sim_dir "../sim"
# set constraint_dir "."
# file copy -force "$sim_dir/rom_coeffs.hex" "./rom_coeffs.hex"
# file copy -force "$sim_dir/lfnst_coeffs.hex" "./lfnst_coeffs.hex"
# create_project $project_name ./$project_name -part $part -force
create_project: Time (s): cpu = 00:00:07 ; elapsed = 00:00:08 . Memory (MB): peak = 620.500 ; gain = 208.812
# set rtl_files [list \
#     "$rtl_dir/its_mac.v" \
#     "$rtl_dir/its_rom.v" \
#     "$rtl_dir/its_lfnst_rom.v" \
#     "$rtl_dir/its_transform_engine.v" \
#     "$rtl_dir/its_lfnst.v" \
#     "$rtl_dir/its_top.v" \
# ]
# add_files -norecurse $rtl_files
# add_files -fileset constrs_1 -norecurse "$constraint_dir/timing.xdc"
# set_property top $top_module [current_fileset]
# launch_runs synth_1 -jobs 4
WARNING: [Vivado 12-7122] Auto Incremental Compile:: No reference checkpoint was found in run synth_1. Auto-incremental flow will not be run, the standard flow will be run instead.
[Thu Jun  4 13:58:53 2026] Launched synth_1...
Run output will be captured here: D:/WorkSpace/its_vvc/synth/its_vvc_synth/its_vvc_synth.runs/synth_1/runme.log
# wait_on_run synth_1
[Thu Jun  4 13:58:53 2026] Waiting for synth_1 to finish...

*** Running vivado
    with args -log its_top.vds -m64 -product Vivado -mode batch -messageDb vivado.pb -notrace -source its_top.tcl



****** Vivado v2024.1 (64-bit)
  **** SW Build 5076996 on Wed May 22 18:37:14 MDT 2024
  **** IP Build 5075265 on Wed May 22 21:45:21 MDT 2024
  **** SharedData Build 5076995 on Wed May 22 18:29:18 MDT 2024
  **** Start of session at: Thu Jun  4 13:58:55 2026
    ** Copyright 1986-2022 Xilinx, Inc. All Rights Reserved.
    ** Copyright 2022-2024 Advanced Micro Devices, Inc. All Rights Reserved.

source its_top.tcl -notrace
create_project: Time (s): cpu = 00:00:07 ; elapsed = 00:00:07 . Memory (MB): peak = 622.863 ; gain = 210.703
Command: synth_design -top its_top -part xc7a200tfbg484-1
Starting synth_design
Attempting to get a license for feature 'Synthesis' and/or device 'xc7a200t'
INFO: [Common 17-349] Got license for feature 'Synthesis' and/or device 'xc7a200t'
INFO: [Device 21-403] Loading part xc7a200tfbg484-1
INFO: [Device 21-9227] Part: xc7a200tfbg484-1 does not have CEAM library.
INFO: [Synth 8-7079] Multithreading enabled for synth_design using a maximum of 2 processes.
INFO: [Synth 8-7078] Launching helper process for spawning children vivado processes
INFO: [Synth 8-7075] Helper process launched with PID 20144
---------------------------------------------------------------------------------
Starting RTL Elaboration : Time (s): cpu = 00:00:04 ; elapsed = 00:00:04 . Memory (MB): peak = 1524.234 ; gain = 446.172
---------------------------------------------------------------------------------
INFO: [Synth 8-6157] synthesizing module 'its_top' [D:/WorkSpace/its_vvc/rtl/its_top.v:6]
INFO: [Synth 8-6157] synthesizing module 'its_rom' [D:/WorkSpace/its_vvc/rtl/its_rom.v:7]
INFO: [Synth 8-3876] $readmem data file 'rom_coeffs.hex' is read successfully [D:/WorkSpace/its_vvc/rtl/its_rom.v:18]
INFO: [Synth 8-6155] done synthesizing module 'its_rom' (0#1) [D:/WorkSpace/its_vvc/rtl/its_rom.v:7]
INFO: [Synth 8-6157] synthesizing module 'its_lfnst_rom' [D:/WorkSpace/its_vvc/rtl/its_lfnst_rom.v:7]
INFO: [Synth 8-3876] $readmem data file 'lfnst_coeffs.hex' is read successfully [D:/WorkSpace/its_vvc/rtl/its_lfnst_rom.v:18]
INFO: [Synth 8-6155] done synthesizing module 'its_lfnst_rom' (0#1) [D:/WorkSpace/its_vvc/rtl/its_lfnst_rom.v:7]
INFO: [Synth 8-6157] synthesizing module 'its_lfnst' [D:/WorkSpace/its_vvc/rtl/its_lfnst.v:16]
INFO: [Synth 8-6157] synthesizing module 'its_mac' [D:/WorkSpace/its_vvc/rtl/its_mac.v:6]
INFO: [Synth 8-6155] done synthesizing module 'its_mac' (0#1) [D:/WorkSpace/its_vvc/rtl/its_mac.v:6]
INFO: [Synth 8-6155] done synthesizing module 'its_lfnst' (0#1) [D:/WorkSpace/its_vvc/rtl/its_lfnst.v:16]
INFO: [Synth 8-6157] synthesizing module 'its_transform_engine' [D:/WorkSpace/its_vvc/rtl/its_transform_engine.v:11]
INFO: [Synth 8-6155] done synthesizing module 'its_transform_engine' (0#1) [D:/WorkSpace/its_vvc/rtl/its_transform_engine.v:11]
INFO: [Synth 8-6155] done synthesizing module 'its_top' (0#1) [D:/WorkSpace/its_vvc/rtl/its_top.v:6]
WARNING: [Synth 8-6014] Unused sequential element pf_cnt_reg was removed.  [D:/WorkSpace/its_vvc/rtl/its_transform_engine.v:259]
WARNING: [Synth 8-6014] Unused sequential element pf_row_reg was removed.  [D:/WorkSpace/its_vvc/rtl/its_transform_engine.v:260]
WARNING: [Synth 8-4767] Trying to implement RAM 'result_buf_reg' in registers. Block RAM or DRAM implementation is not possible; see log for reasons.
Reason is one or more of the following :
	1: RAM has multiple writes via different ports in same process. If RAM inferencing intended, write to one port per process. 
	2: Unable to determine number of words or word size in RAM. 
	3: No valid read/write found for RAM. 
RAM "result_buf_reg" dissolved into registers
WARNING: [Synth 8-6014] Unused sequential element tp_col_cnt_reg was removed.  [D:/WorkSpace/its_vvc/rtl/its_top.v:448]
WARNING: [Synth 8-6014] Unused sequential element out_row_cnt_reg was removed.  [D:/WorkSpace/its_vvc/rtl/its_top.v:530]
WARNING: [Synth 8-6014] Unused sequential element out_col_cnt_reg was removed.  [D:/WorkSpace/its_vvc/rtl/its_top.v:531]
WARNING: [Synth 8-7129] Port lfnst_idx[1] in module its_lfnst is either unconnected or has no load
WARNING: [Synth 8-7129] Port data_out_req in module its_lfnst is either unconnected or has no load
---------------------------------------------------------------------------------
Finished RTL Elaboration : Time (s): cpu = 00:00:07 ; elapsed = 00:00:07 . Memory (MB): peak = 1676.688 ; gain = 598.625
---------------------------------------------------------------------------------
---------------------------------------------------------------------------------
Start Handling Custom Attributes
---------------------------------------------------------------------------------
---------------------------------------------------------------------------------
Finished Handling Custom Attributes : Time (s): cpu = 00:00:07 ; elapsed = 00:00:07 . Memory (MB): peak = 1676.688 ; gain = 598.625
---------------------------------------------------------------------------------
---------------------------------------------------------------------------------
Finished RTL Optimization Phase 1 : Time (s): cpu = 00:00:07 ; elapsed = 00:00:07 . Memory (MB): peak = 1676.688 ; gain = 598.625
---------------------------------------------------------------------------------
Netlist sorting complete. Time (s): cpu = 00:00:00 ; elapsed = 00:00:00.054 . Memory (MB): peak = 1676.688 ; gain = 0.000
INFO: [Project 1-570] Preparing netlist for logic optimization

Processing XDC Constraints
Initializing timing engine
Parsing XDC File [D:/WorkSpace/its_vvc/synth/timing.xdc]
CRITICAL WARNING: [Constraints 18-602] set_input_delay: list contains '1' objects of types '(port)' other than the types '(input port,internal pin)' supported by the constraint. These objects will not be used for this constraint. Please review the object list and ensure unsupported object types are removed. [D:/WorkSpace/its_vvc/synth/timing.xdc:10]
CRITICAL WARNING: [Constraints 18-602] set_input_delay: list contains '1' objects of types '(port)' other than the types '(input port,internal pin)' supported by the constraint. These objects will not be used for this constraint. Please review the object list and ensure unsupported object types are removed. [D:/WorkSpace/its_vvc/synth/timing.xdc:11]
CRITICAL WARNING: [Constraints 18-602] set_output_delay: list contains '1' objects of types '(port)' other than the types '(output port,internal pin)' supported by the constraint. These objects will not be used for this constraint. Please review the object list and ensure unsupported object types are removed. [D:/WorkSpace/its_vvc/synth/timing.xdc:14]
CRITICAL WARNING: [Constraints 18-602] set_output_delay: list contains '1' objects of types '(port)' other than the types '(output port,internal pin)' supported by the constraint. These objects will not be used for this constraint. Please review the object list and ensure unsupported object types are removed. [D:/WorkSpace/its_vvc/synth/timing.xdc:15]
Finished Parsing XDC File [D:/WorkSpace/its_vvc/synth/timing.xdc]
INFO: [Project 1-236] Implementation specific constraints were found while reading constraint file [D:/WorkSpace/its_vvc/synth/timing.xdc]. These constraints will be ignored for synthesis but will be used in implementation. Impacted constraints are listed in the file [.Xil/its_top_propImpl.xdc].
Resolution: To avoid this warning, move constraints listed in [.Xil/its_top_propImpl.xdc] to another XDC file and exclude this new file from synthesis with the used_in_synthesis property (File Properties dialog in GUI) and re-run elaboration/synthesis.
Completed Processing XDC Constraints

Netlist sorting complete. Time (s): cpu = 00:00:00 ; elapsed = 00:00:00 . Memory (MB): peak = 1783.969 ; gain = 0.000
INFO: [Project 1-111] Unisim Transformation Summary:
No Unisim elements were transformed.

Constraint Validation Runtime : Time (s): cpu = 00:00:00 ; elapsed = 00:00:00.019 . Memory (MB): peak = 1783.969 ; gain = 0.000
---------------------------------------------------------------------------------
Finished Constraint Validation : Time (s): cpu = 00:00:14 ; elapsed = 00:00:14 . Memory (MB): peak = 1783.969 ; gain = 705.906
---------------------------------------------------------------------------------
---------------------------------------------------------------------------------
Start Loading Part and Timing Information
---------------------------------------------------------------------------------
Loading part: xc7a200tfbg484-1
---------------------------------------------------------------------------------
Finished Loading Part and Timing Information : Time (s): cpu = 00:00:14 ; elapsed = 00:00:14 . Memory (MB): peak = 1783.969 ; gain = 705.906
---------------------------------------------------------------------------------
---------------------------------------------------------------------------------
Start Applying 'set_property' XDC Constraints
---------------------------------------------------------------------------------
---------------------------------------------------------------------------------
Finished applying 'set_property' XDC Constraints : Time (s): cpu = 00:00:14 ; elapsed = 00:00:14 . Memory (MB): peak = 1783.969 ; gain = 705.906
---------------------------------------------------------------------------------
INFO: [Synth 8-802] inferred FSM for state register 'state_reg' in module 'its_lfnst'
INFO: [Synth 8-802] inferred FSM for state register 'state_reg' in module 'its_transform_engine'
---------------------------------------------------------------------------------------------------
                   State |                     New Encoding |                Previous Encoding 
---------------------------------------------------------------------------------------------------
                  S_IDLE |                          0000001 |                              000
                  S_LOAD |                          1000000 |                              001
              S_PREFETCH |                          0100000 |                              010
               S_COMPUTE |                          0001000 |                              011
                 S_DRAIN |                          0010000 |                              100
                S_OUTPUT |                          0000100 |                              101
                  S_DONE |                          0000010 |                              110
---------------------------------------------------------------------------------------------------
INFO: [Synth 8-3354] encoded FSM with state register 'state_reg' using encoding 'one-hot' in module 'its_lfnst'
---------------------------------------------------------------------------------------------------
                   State |                     New Encoding |                Previous Encoding 
---------------------------------------------------------------------------------------------------
                  iSTATE |                            00001 |                              000
                 iSTATE0 |                            10000 |                              001
                 iSTATE2 |                            01000 |                              010
                 iSTATE1 |                            00100 |                              011
                 iSTATE3 |                            00010 |                              100
---------------------------------------------------------------------------------------------------
INFO: [Synth 8-3354] encoded FSM with state register 'state_reg' using encoding 'one-hot' in module 'its_transform_engine'
---------------------------------------------------------------------------------
Finished RTL Optimization Phase 2 : Time (s): cpu = 00:00:15 ; elapsed = 00:00:16 . Memory (MB): peak = 1783.969 ; gain = 705.906
---------------------------------------------------------------------------------
---------------------------------------------------------------------------------
Start RTL Component Statistics 
---------------------------------------------------------------------------------
Detailed RTL Component Info : 
+---Adders : 
	   2 Input   40 Bit       Adders := 9     
	   3 Input   14 Bit       Adders := 2     
	   3 Input   13 Bit       Adders := 1     
	   2 Input   13 Bit       Adders := 1     
	   2 Input   12 Bit       Adders := 8     
	   2 Input   10 Bit       Adders := 2     
	   2 Input    8 Bit       Adders := 10    
	   2 Input    7 Bit       Adders := 6     
	   2 Input    6 Bit       Adders := 18    
	   2 Input    4 Bit       Adders := 3     
	   2 Input    2 Bit       Adders := 3     
	   2 Input    1 Bit       Adders := 1     
+---Registers : 
	               40 Bit    Registers := 1     
	               32 Bit    Registers := 9     
	               16 Bit    Registers := 133   
	               13 Bit    Registers := 2     
	               12 Bit    Registers := 4     
	               10 Bit    Registers := 1     
	                8 Bit    Registers := 3     
	                7 Bit    Registers := 6     
	                6 Bit    Registers := 15    
	                4 Bit    Registers := 4     
	                2 Bit    Registers := 9     
	                1 Bit    Registers := 40    
+---RAMs : 
	              64K Bit	(4096 X 16 bit)          RAMs := 1     
	              40K Bit	(4096 X 10 bit)          RAMs := 1     
	              12K Bit	(768 X 16 bit)          RAMs := 1     
	             1024 Bit	(64 X 16 bit)          RAMs := 2     
	              256 Bit	(16 X 16 bit)          RAMs := 1     
+---ROMs : 
	                    ROMs := 3     
+---Muxes : 
	   2 Input   16 Bit        Muxes := 128   
	   4 Input   16 Bit        Muxes := 64    
	   2 Input   13 Bit        Muxes := 2     
	   2 Input   12 Bit        Muxes := 8     
	   2 Input   10 Bit        Muxes := 3     
	   2 Input    9 Bit        Muxes := 1     
	   2 Input    8 Bit        Muxes := 2     
	   7 Input    7 Bit        Muxes := 1     
	   2 Input    7 Bit        Muxes := 8     
	   2 Input    6 Bit        Muxes := 18    
	   5 Input    6 Bit        Muxes := 2     
	   5 Input    5 Bit        Muxes := 2     
	   2 Input    5 Bit        Muxes := 2     
	   2 Input    4 Bit        Muxes := 10    
	   7 Input    3 Bit        Muxes := 1     
	   5 Input    3 Bit        Muxes := 2     
	   2 Input    3 Bit        Muxes := 3     
	   2 Input    2 Bit        Muxes := 7     
	   2 Input    1 Bit        Muxes := 335   
	   3 Input    1 Bit        Muxes := 3     
	   4 Input    1 Bit        Muxes := 120   
---------------------------------------------------------------------------------
Finished RTL Component Statistics 
---------------------------------------------------------------------------------
---------------------------------------------------------------------------------
Start Part Resource Summary
---------------------------------------------------------------------------------
Part Resources:
DSPs: 740 (col length:100)
BRAMs: 730 (col length: RAMB18 100 RAMB36 50)
---------------------------------------------------------------------------------
Finished Part Resource Summary
---------------------------------------------------------------------------------
---------------------------------------------------------------------------------
Start Cross Boundary and Area Optimization
---------------------------------------------------------------------------------
WARNING: [Synth 8-7080] Parallel synthesis criteria is not met
DSP Report: Generating DSP product0, operation Mode is: A*B.
DSP Report: operator product0 is absorbed into DSP product0.
DSP Report: Generating DSP product0, operation Mode is: A*B.
DSP Report: operator product0 is absorbed into DSP product0.
DSP Report: Generating DSP product0, operation Mode is: A*B.
DSP Report: operator product0 is absorbed into DSP product0.
DSP Report: Generating DSP product0, operation Mode is: A*B.
DSP Report: operator product0 is absorbed into DSP product0.
DSP Report: Generating DSP product0, operation Mode is: A*B.
DSP Report: operator product0 is absorbed into DSP product0.
DSP Report: Generating DSP product0, operation Mode is: A*B.
DSP Report: operator product0 is absorbed into DSP product0.
DSP Report: Generating DSP product0, operation Mode is: A*B.
DSP Report: operator product0 is absorbed into DSP product0.
DSP Report: Generating DSP product0, operation Mode is: A*B.
DSP Report: operator product0 is absorbed into DSP product0.
DSP Report: Generating DSP u_lfnst/u_mac/product0, operation Mode is: A*B.
DSP Report: operator u_lfnst/u_mac/product0 is absorbed into DSP u_lfnst/u_mac/product0.
---------------------------------------------------------------------------------
Finished Cross Boundary and Area Optimization : Time (s): cpu = 00:00:31 ; elapsed = 00:00:32 . Memory (MB): peak = 1783.969 ; gain = 705.906
---------------------------------------------------------------------------------
 Sort Area is  product0_0 : 0 0 : 1937 1937 : Used 1 time 0
 Sort Area is  product0_2 : 0 0 : 1937 1937 : Used 1 time 0
 Sort Area is  product0_3 : 0 0 : 1937 1937 : Used 1 time 0
 Sort Area is  product0_4 : 0 0 : 1937 1937 : Used 1 time 0
 Sort Area is  product0_5 : 0 0 : 1937 1937 : Used 1 time 0
 Sort Area is  product0_6 : 0 0 : 1937 1937 : Used 1 time 0
 Sort Area is  product0_7 : 0 0 : 1937 1937 : Used 1 time 0
 Sort Area is  product0_8 : 0 0 : 1937 1937 : Used 1 time 0
 Sort Area is  u_lfnst/u_mac/product0_9 : 0 0 : 1937 1937 : Used 1 time 0
---------------------------------------------------------------------------------
Start ROM, RAM, DSP, Shift Register and Retiming Reporting
---------------------------------------------------------------------------------

ROM: Preliminary Mapping Report
+------------+-----------------------+---------------+----------------+
|Module Name | RTL Object            | Depth x Width | Implemented As | 
+------------+-----------------------+---------------+----------------+
|its_top     | u_row_rom/coeff_reg   | 8192x8        | Block RAM      | 
|its_top     | u_col_rom/coeff_reg   | 8192x8        | Block RAM      | 
|its_top     | u_lfnst_rom/coeff_reg | 8192x8        | Block RAM      | 
+------------+-----------------------+---------------+----------------+


Block RAM: Preliminary Mapping Report (see note below)
+------------+-----------------------+------------------------+---+---+------------------------+---+---+------------------+--------+--------+
|Module Name | RTL Object            | PORT A (Depth x Width) | W | R | PORT B (Depth x Width) | W | R | Ports driving FF | RAMB18 | RAMB36 | 
+------------+-----------------------+------------------------+---+---+------------------------+---+---+------------------+--------+--------+
|its_top     | u_lfnst/coeff_buf_reg | 768 x 16(READ_FIRST)   | W |   | 768 x 16(WRITE_FIRST)  |   | R | Port A and B     | 1      | 0      | 
+------------+-----------------------+------------------------+---+---+------------------------+---+---+------------------+--------+--------+

Note: The table above is a preliminary report that shows the Block RAMs at the current stage of the synthesis flow. Some Block RAMs may be reimplemented as non Block RAM primitives later in the synthesis flow. Multiple instantiated Block RAMs are reported only once. 

Distributed RAM: Preliminary Mapping Report (see note below)
+----------------------+--------------------+-----------+----------------------+-----------------------------+
|Module Name           | RTL Object         | Inference | Size (Depth x Width) | Primitives                  | 
+----------------------+--------------------+-----------+----------------------+-----------------------------+
|its_transform_engine: | line_buf_reg       | Implied   | 64 x 16              | RAM64M x 6                  | 
|its_transform_engine: | coeff_buf_reg      | Implied   | 256 x 16             | RAM128X1D x 32 RAM64M x 72  | 
|its_transform_engine: | line_buf_reg       | Implied   | 64 x 16              | RAM64M x 6                  | 
|its_transform_engine: | coeff_buf_reg      | Implied   | 256 x 16             | RAM128X1D x 32 RAM64M x 72  | 
|its_top               | out_mem_reg        | Implied   | 4 K x 10             | RAM64M x 1024               | 
|its_top               | u_lfnst/in_buf_reg | Implied   | 16 x 16              | RAM32M x 3                  | 
|its_top               | in_mem_reg         | Implied   | 4 K x 16             | RAM64M x 1152               | 
|its_top               | tp_buf_reg         | Implied   | 4 K x 16             | RAM64M x 384                | 
+----------------------+--------------------+-----------+----------------------+-----------------------------+

Note: The table above is a preliminary report that shows the Distributed RAMs at the current stage of the synthesis flow. Some Distributed RAMs may be reimplemented as non Distributed RAM primitives later in the synthesis flow. Multiple instantiated RAMs are reported only once.

DSP: Preliminary Mapping Report (see note below. The ' indicates corresponding REG is set)
+------------+-------------+--------+--------+--------+--------+--------+------+------+------+------+-------+------+------+
|Module Name | DSP Mapping | A Size | B Size | C Size | D Size | P Size | AREG | BREG | CREG | DREG | ADREG | MREG | PREG | 
+------------+-------------+--------+--------+--------+--------+--------+------+------+------+------+-------+------+------+
|its_mac     | A*B         | 16     | 16     | -      | -      | 32     | 0    | 0    | -    | -    | -     | 0    | 0    | 
|its_mac     | A*B         | 16     | 16     | -      | -      | 32     | 0    | 0    | -    | -    | -     | 0    | 0    | 
|its_mac     | A*B         | 16     | 16     | -      | -      | 32     | 0    | 0    | -    | -    | -     | 0    | 0    | 
|its_mac     | A*B         | 16     | 16     | -      | -      | 32     | 0    | 0    | -    | -    | -     | 0    | 0    | 
|its_mac     | A*B         | 16     | 16     | -      | -      | 32     | 0    | 0    | -    | -    | -     | 0    | 0    | 
|its_mac     | A*B         | 16     | 16     | -      | -      | 32     | 0    | 0    | -    | -    | -     | 0    | 0    | 
|its_mac     | A*B         | 16     | 16     | -      | -      | 32     | 0    | 0    | -    | -    | -     | 0    | 0    | 
|its_mac     | A*B         | 16     | 16     | -      | -      | 32     | 0    | 0    | -    | -    | -     | 0    | 0    | 
|its_mac     | A*B         | 16     | 16     | -      | -      | 32     | 0    | 0    | -    | -    | -     | 0    | 0    | 
+------------+-------------+--------+--------+--------+--------+--------+------+------+------+------+-------+------+------+

Note: The table above is a preliminary report that shows the DSPs inferred at the current stage of the synthesis flow. Some DSP may be reimplemented as non DSP primitives later in the synthesis flow. Multiple instantiated DSPs are reported only once.
---------------------------------------------------------------------------------
Finished ROM, RAM, DSP, Shift Register and Retiming Reporting
---------------------------------------------------------------------------------
---------------------------------------------------------------------------------
Start Applying XDC Timing Constraints
---------------------------------------------------------------------------------
---------------------------------------------------------------------------------
Finished Applying XDC Timing Constraints : Time (s): cpu = 00:00:38 ; elapsed = 00:00:39 . Memory (MB): peak = 1783.969 ; gain = 705.906
---------------------------------------------------------------------------------
---------------------------------------------------------------------------------
Start Timing Optimization
---------------------------------------------------------------------------------
INFO: [Synth 8-5584] The signal "its_top/u_lfnst/coeff_buf_reg" is implemented as distributed LUT RAM for the following reason(s): The timing constraints suggest that the chosen mapping will yield better timing results.
---------------------------------------------------------------------------------
Finished Timing Optimization : Time (s): cpu = 00:00:45 ; elapsed = 00:00:47 . Memory (MB): peak = 1901.516 ; gain = 823.453
---------------------------------------------------------------------------------
---------------------------------------------------------------------------------
Start ROM, RAM, DSP, Shift Register and Retiming Reporting
---------------------------------------------------------------------------------

Distributed RAM: Final Mapping Report
+----------------------+--------------------+-----------+----------------------+-----------------------------+
|Module Name           | RTL Object         | Inference | Size (Depth x Width) | Primitives                  | 
+----------------------+--------------------+-----------+----------------------+-----------------------------+
|its_transform_engine: | line_buf_reg       | Implied   | 64 x 16              | RAM64M x 6                  | 
|its_transform_engine: | coeff_buf_reg      | Implied   | 256 x 16             | RAM128X1D x 32 RAM64M x 72  | 
|its_transform_engine: | line_buf_reg       | Implied   | 64 x 16              | RAM64M x 6                  | 
|its_transform_engine: | coeff_buf_reg      | Implied   | 256 x 16             | RAM128X1D x 32 RAM64M x 72  | 
|its_top               | out_mem_reg        | Implied   | 4 K x 10             | RAM64M x 1024               | 
|its_top               | u_lfnst/in_buf_reg | Implied   | 16 x 16              | RAM32M x 3                  | 
|its_top               | in_mem_reg         | Implied   | 4 K x 16             | RAM64M x 1152               | 
|its_top               | tp_buf_reg         | Implied   | 4 K x 16             | RAM64M x 384                | 
+----------------------+--------------------+-----------+----------------------+-----------------------------+

---------------------------------------------------------------------------------
Finished ROM, RAM, DSP, Shift Register and Retiming Reporting
---------------------------------------------------------------------------------
---------------------------------------------------------------------------------
Start Technology Mapping
---------------------------------------------------------------------------------
INFO: [Synth 8-7052] The timing for the instance u_row_rom/coeff_reg_0 (implemented as a Block RAM) might be sub-optimal as no optional output register could be merged into the ram block. Providing additional output register may help in improving timing.
INFO: [Synth 8-7052] The timing for the instance u_row_rom/coeff_reg_0 (implemented as a Block RAM) might be sub-optimal as no optional output register could be merged into the ram block. Providing additional output register may help in improving timing.
INFO: [Synth 8-7052] The timing for the instance u_row_rom/coeff_reg_1 (implemented as a Block RAM) might be sub-optimal as no optional output register could be merged into the ram block. Providing additional output register may help in improving timing.
INFO: [Synth 8-7052] The timing for the instance u_row_rom/coeff_reg_1 (implemented as a Block RAM) might be sub-optimal as no optional output register could be merged into the ram block. Providing additional output register may help in improving timing.
INFO: [Synth 8-7052] The timing for the instance u_lfnst_rom/coeff_reg_0 (implemented as a Block RAM) might be sub-optimal as no optional output register could be merged into the ram block. Providing additional output register may help in improving timing.
INFO: [Synth 8-7052] The timing for the instance u_lfnst_rom/coeff_reg_1 (implemented as a Block RAM) might be sub-optimal as no optional output register could be merged into the ram block. Providing additional output register may help in improving timing.
---------------------------------------------------------------------------------
Finished Technology Mapping : Time (s): cpu = 00:00:49 ; elapsed = 00:00:51 . Memory (MB): peak = 1910.578 ; gain = 832.516
---------------------------------------------------------------------------------
---------------------------------------------------------------------------------
Start IO Insertion
---------------------------------------------------------------------------------
---------------------------------------------------------------------------------
Start Flattening Before IO Insertion
---------------------------------------------------------------------------------
---------------------------------------------------------------------------------
Finished Flattening Before IO Insertion
---------------------------------------------------------------------------------
---------------------------------------------------------------------------------
Start Final Netlist Cleanup
---------------------------------------------------------------------------------
---------------------------------------------------------------------------------
Finished Final Netlist Cleanup
---------------------------------------------------------------------------------
---------------------------------------------------------------------------------
Finished IO Insertion : Time (s): cpu = 00:00:53 ; elapsed = 00:00:54 . Memory (MB): peak = 1910.578 ; gain = 832.516
---------------------------------------------------------------------------------
---------------------------------------------------------------------------------
Start Renaming Generated Instances
---------------------------------------------------------------------------------
---------------------------------------------------------------------------------
Finished Renaming Generated Instances : Time (s): cpu = 00:00:53 ; elapsed = 00:00:55 . Memory (MB): peak = 1910.578 ; gain = 832.516
---------------------------------------------------------------------------------
---------------------------------------------------------------------------------
Start Rebuilding User Hierarchy
---------------------------------------------------------------------------------
---------------------------------------------------------------------------------
Finished Rebuilding User Hierarchy : Time (s): cpu = 00:00:54 ; elapsed = 00:00:56 . Memory (MB): peak = 1910.578 ; gain = 832.516
---------------------------------------------------------------------------------
---------------------------------------------------------------------------------
Start Renaming Generated Ports
---------------------------------------------------------------------------------
---------------------------------------------------------------------------------
Finished Renaming Generated Ports : Time (s): cpu = 00:00:54 ; elapsed = 00:00:56 . Memory (MB): peak = 1910.578 ; gain = 832.516
---------------------------------------------------------------------------------
---------------------------------------------------------------------------------
Start Handling Custom Attributes
---------------------------------------------------------------------------------
---------------------------------------------------------------------------------
Finished Handling Custom Attributes : Time (s): cpu = 00:00:54 ; elapsed = 00:00:56 . Memory (MB): peak = 1910.578 ; gain = 832.516
---------------------------------------------------------------------------------
---------------------------------------------------------------------------------
Start Renaming Generated Nets
---------------------------------------------------------------------------------
---------------------------------------------------------------------------------
Finished Renaming Generated Nets : Time (s): cpu = 00:00:54 ; elapsed = 00:00:56 . Memory (MB): peak = 1910.578 ; gain = 832.516
---------------------------------------------------------------------------------
---------------------------------------------------------------------------------
Start Writing Synthesis Report
---------------------------------------------------------------------------------

DSP Final Report (the ' indicates corresponding REG is set)
+------------+-------------+--------+--------+--------+--------+--------+------+------+------+------+-------+------+------+
|Module Name | DSP Mapping | A Size | B Size | C Size | D Size | P Size | AREG | BREG | CREG | DREG | ADREG | MREG | PREG | 
+------------+-------------+--------+--------+--------+--------+--------+------+------+------+------+-------+------+------+
|its_mac     | (A*B)'      | 30     | 18     | -      | -      | 32     | 0    | 0    | -    | -    | -     | 0    | 1    | 
|its_mac     | (A*B)'      | 30     | 18     | -      | -      | 32     | 0    | 0    | -    | -    | -     | 0    | 1    | 
|its_mac     | (A*B)'      | 30     | 18     | -      | -      | 32     | 0    | 0    | -    | -    | -     | 0    | 1    | 
|its_mac     | (A*B)'      | 30     | 18     | -      | -      | 32     | 0    | 0    | -    | -    | -     | 0    | 1    | 
|its_mac     | (A*B)'      | 30     | 18     | -      | -      | 32     | 0    | 0    | -    | -    | -     | 0    | 1    | 
|its_mac     | (A*B)'      | 30     | 18     | -      | -      | 32     | 0    | 0    | -    | -    | -     | 0    | 1    | 
|its_mac     | (A*B)'      | 30     | 18     | -      | -      | 32     | 0    | 0    | -    | -    | -     | 0    | 1    | 
|its_mac     | (A*B)'      | 30     | 18     | -      | -      | 32     | 0    | 0    | -    | -    | -     | 0    | 1    | 
|its_mac     | (A*B)'      | 30     | 18     | -      | -      | 32     | 0    | 0    | -    | -    | -     | 0    | 1    | 
+------------+-------------+--------+--------+--------+--------+--------+------+------+------+------+-------+------+------+


Report BlackBoxes: 
+-+--------------+----------+
| |BlackBox name |Instances |
+-+--------------+----------+
+-+--------------+----------+

Report Cell Usage: 
+------+----------+------+
|      |Cell      |Count |
+------+----------+------+
|1     |BUFG      |     1|
|2     |CARRY4    |   186|
|3     |DSP48E1   |     9|
|4     |LUT1      |    25|
|5     |LUT2      |   282|
|6     |LUT3      |   311|
|7     |LUT4      |   366|
|8     |LUT5      |   203|
|9     |LUT6      |  2672|
|10    |MUXF7     |   816|
|11    |MUXF8     |   408|
|12    |RAM128X1D |    64|
|13    |RAM32M    |     3|
|14    |RAM64M    |  1706|
|15    |RAM64X1D  |   446|
|16    |RAMB36E1  |     4|
|20    |FDCE      |   822|
|21    |FDPE      |     3|
|22    |FDRE      |  1664|
|23    |IBUF      |    55|
|24    |OBUF      |    43|
+------+----------+------+
---------------------------------------------------------------------------------
Finished Writing Synthesis Report : Time (s): cpu = 00:00:54 ; elapsed = 00:00:56 . Memory (MB): peak = 1910.578 ; gain = 832.516
---------------------------------------------------------------------------------
Synthesis finished with 0 errors, 0 critical warnings and 1 warnings.
Synthesis Optimization Runtime : Time (s): cpu = 00:00:45 ; elapsed = 00:00:53 . Memory (MB): peak = 1910.578 ; gain = 725.234
Synthesis Optimization Complete : Time (s): cpu = 00:00:54 ; elapsed = 00:00:56 . Memory (MB): peak = 1910.578 ; gain = 832.516
INFO: [Project 1-571] Translating synthesized netlist
Netlist sorting complete. Time (s): cpu = 00:00:00 ; elapsed = 00:00:00.112 . Memory (MB): peak = 1910.578 ; gain = 0.000
INFO: [Netlist 29-17] Analyzing 3642 Unisim elements for replacement
INFO: [Netlist 29-28] Unisim Transformation completed in 1 CPU seconds
INFO: [Project 1-570] Preparing netlist for logic optimization
INFO: [Opt 31-138] Pushed 0 inverter(s) to 0 load pin(s).
Netlist sorting complete. Time (s): cpu = 00:00:00 ; elapsed = 00:00:00.008 . Memory (MB): peak = 1910.578 ; gain = 0.000
INFO: [Project 1-111] Unisim Transformation Summary:
  A total of 2219 instances were transformed.
  RAM128X1D => RAM128X1D (MUXF7(x2), RAMD64E(x4)): 64 instances
  RAM32M => RAM32M (RAMD32(x6), RAMS32(x2)): 3 instances
  RAM64M => RAM64M (RAMD64E(x4)): 1706 instances
  RAM64X1D => RAM64X1D (RAMD64E(x2)): 446 instances

Synth Design complete | Checksum: a6c7d479
INFO: [Common 17-83] Releasing license: Synthesis
41 Infos, 9 Warnings, 4 Critical Warnings and 0 Errors encountered.
synth_design completed successfully
synth_design: Time (s): cpu = 00:01:01 ; elapsed = 00:01:05 . Memory (MB): peak = 1910.578 ; gain = 1287.715
INFO: [runtcl-6] Synthesis results are not added to the cache due to CRITICAL_WARNING
Write ShapeDB Complete: Time (s): cpu = 00:00:00 ; elapsed = 00:00:00.037 . Memory (MB): peak = 1910.578 ; gain = 0.000
INFO: [Common 17-1381] The checkpoint 'D:/WorkSpace/its_vvc/synth/its_vvc_synth/its_vvc_synth.runs/synth_1/its_top.dcp' has been generated.
INFO: [Vivado 12-24828] Executing command : report_utilization -file its_top_utilization_synth.rpt -pb its_top_utilization_synth.pb
INFO: [Common 17-206] Exiting Vivado at Thu Jun  4 14:00:12 2026...
[Thu Jun  4 14:00:13 2026] synth_1 finished
wait_on_runs: Time (s): cpu = 00:00:01 ; elapsed = 00:01:20 . Memory (MB): peak = 626.285 ; gain = 0.000
# open_run synth_1
Design is defaulting to impl run constrset: constrs_1
Design is defaulting to synth run part: xc7a200tfbg484-1
INFO: [Device 21-403] Loading part xc7a200tfbg484-1
INFO: [Device 21-9227] Part: xc7a200tfbg484-1 does not have CEAM library.
Netlist sorting complete. Time (s): cpu = 00:00:00 ; elapsed = 00:00:00.053 . Memory (MB): peak = 1088.855 ; gain = 0.000
INFO: [Netlist 29-17] Analyzing 3642 Unisim elements for replacement
INFO: [Netlist 29-28] Unisim Transformation completed in 1 CPU seconds
INFO: [Project 1-479] Netlist was created with Vivado 2024.1
INFO: [Project 1-570] Preparing netlist for logic optimization
Parsing XDC File [D:/WorkSpace/its_vvc/synth/timing.xdc]
CRITICAL WARNING: [Constraints 18-602] set_input_delay: list contains '1' objects of types '(port)' other than the types '(input port,internal pin)' supported by the constraint. These objects will not be used for this constraint. Please review the object list and ensure unsupported object types are removed. [D:/WorkSpace/its_vvc/synth/timing.xdc:10]
CRITICAL WARNING: [Constraints 18-602] set_input_delay: list contains '1' objects of types '(port)' other than the types '(input port,internal pin)' supported by the constraint. These objects will not be used for this constraint. Please review the object list and ensure unsupported object types are removed. [D:/WorkSpace/its_vvc/synth/timing.xdc:11]
CRITICAL WARNING: [Constraints 18-602] set_output_delay: list contains '1' objects of types '(port)' other than the types '(output port,internal pin)' supported by the constraint. These objects will not be used for this constraint. Please review the object list and ensure unsupported object types are removed. [D:/WorkSpace/its_vvc/synth/timing.xdc:14]
CRITICAL WARNING: [Constraints 18-602] set_output_delay: list contains '1' objects of types '(port)' other than the types '(output port,internal pin)' supported by the constraint. These objects will not be used for this constraint. Please review the object list and ensure unsupported object types are removed. [D:/WorkSpace/its_vvc/synth/timing.xdc:15]
Finished Parsing XDC File [D:/WorkSpace/its_vvc/synth/timing.xdc]
INFO: [Opt 31-138] Pushed 0 inverter(s) to 0 load pin(s).
Netlist sorting complete. Time (s): cpu = 00:00:00 ; elapsed = 00:00:00.004 . Memory (MB): peak = 1274.414 ; gain = 0.000
INFO: [Project 1-111] Unisim Transformation Summary:
  A total of 2219 instances were transformed.
  RAM128X1D => RAM128X1D (MUXF7(x2), RAMD64E(x4)): 64 instances
  RAM32M => RAM32M (RAMD32(x6), RAMS32(x2)): 3 instances
  RAM64M => RAM64M (RAMD64E(x4)): 1706 instances
  RAM64X1D => RAM64X1D (RAMD64E(x2)): 446 instances

open_run: Time (s): cpu = 00:00:07 ; elapsed = 00:00:08 . Memory (MB): peak = 1274.414 ; gain = 648.129
# report_utilization -file utilization_report.rpt
# report_timing_summary -file timing_report.rpt
CRITICAL WARNING: [Constraints 18-602] set_input_delay: list contains '1' objects of types '(port)' other than the types '(input port,internal pin)' supported by the constraint. These objects will not be used for this constraint. Please review the object list and ensure unsupported object types are removed.
CRITICAL WARNING: [Constraints 18-602] set_input_delay: list contains '1' objects of types '(port)' other than the types '(input port,internal pin)' supported by the constraint. These objects will not be used for this constraint. Please review the object list and ensure unsupported object types are removed.
CRITICAL WARNING: [Constraints 18-602] set_output_delay: list contains '1' objects of types '(port)' other than the types '(output port,internal pin)' supported by the constraint. These objects will not be used for this constraint. Please review the object list and ensure unsupported object types are removed.
CRITICAL WARNING: [Constraints 18-602] set_output_delay: list contains '1' objects of types '(port)' other than the types '(output port,internal pin)' supported by the constraint. These objects will not be used for this constraint. Please review the object list and ensure unsupported object types are removed.
INFO: [Timing 38-35] Done setting XDC timing constraints.
INFO: [Timing 38-91] UpdateTimingParams: Speed grade: -1, Delay Type: min_max.
INFO: [Timing 38-191] Multithreading enabled for timing update using a maximum of 2 CPUs
report_timing_summary: Time (s): cpu = 00:00:11 ; elapsed = 00:00:09 . Memory (MB): peak = 1999.523 ; gain = 725.109
# report_power -file power_report.rpt
Command: report_power -file power_report.rpt
Running Vector-less Activity Propagation...

Finished Running Vector-less Activity Propagation
0 Infos, 0 Warnings, 0 Critical Warnings and 0 Errors encountered.
report_power completed successfully
# puts "========================================"
========================================
# puts "Synthesis Complete"
Synthesis Complete
# puts "========================================"
========================================
# puts "Utilization report: utilization_report.rpt"
Utilization report: utilization_report.rpt
# puts "Timing report: timing_report.rpt"
Timing report: timing_report.rpt
# puts "Power report: power_report.rpt"
Power report: power_report.rpt
# close_project
INFO: [Common 17-206] Exiting Vivado at Thu Jun  4 14:00:33 2026...
